[523.1690]   API 1000 run
[523.1960]   API 1001 run
[523.3610]   API 1002 run
[524.1800]   API 1000 run
[524.1910]   API 1001 run
[524.2520]   API 1002 run
[564.2540]   API 7 run
[565.0760]   API 1000 run
[573.8230]   API 1001 run
[578.7560]   API 1002 run
[638.8990]   API 1000 run
[638.9210]   API 1001 run
[638.9900]   API 1002 run
[648.2050]   API 7 run
[648.4230]   API 1000 run
[649.3510]   API 1001 run
[652.0970]   API 1002 run
[673.6110]   API 1000 run
[673.6220]   API 1001 run
[673.6810]   API 1002 run
[674.3230]   API 7 run
[674.5050]   API 1000 run
[674.5190]   API 1001 run
[674.5780]   API 1002 run
[676.5200]   API 1000 run
[676.5300]   API 1001 run
[676.5830]   API 1002 run
[677.1410]   API 7 run
[677.2890]   API 1000 run
[677.2990]   API 1001 run
[677.3580]   API 1002 run
[679.1860]   API 1000 run
[679.1960]   API 1001 run
[679.2510]   API 1002 run
[679.8110]   API 7 run
[679.9570]   API 1000 run
[679.9740]   API 1001 run
[680.0320]   API 1002 run
[681.9050]   API 1000 run
[681.9150]   API 1001 run
[681.9670]   API 1002 run
[682.5180]   API 7 run
[682.6680]   API 1000 run
[682.6780]   API 1001 run
[682.7350]   API 1002 run
[685.2830]   API 1000 run
[685.2950]   API 1001 run
[685.3540]   API 1002 run
[687.3960]   API 7 run
[687.7830]   API 7 run
[688.1630]   API 7 run
[690.2610]   API 7 run
[691.1410]   API 1000 run
[691.1540]   API 1001 run
[691.2200]   API 1002 run
[693.6980]   API 1000 run
[693.7080]   API 1001 run
[693.7630]   API 1002 run
[694.0070]   API 1000 run
[694.0170]   API 1001 run
[694.0650]   API 1002 run
[694.3050]   API 1000 run
[694.3150]   API 1001 run
[694.3630]   API 1002 run
[694.5910]   API 1000 run
[694.6010]   API 1001 run
[694.6480]   API 1002 run
[694.8660]   API 1000 run
[694.8750]   API 1001 run
[694.9230]   API 1002 run
[695.1570]   API 1000 run
[695.1670]   API 1001 run
[695.2170]   API 1002 run
[695.4370]   API 1000 run
[695.4470]   API 1001 run
[695.5180]   API 1002 run
[695.7270]   API 1000 run
[695.7370]   API 1001 run
[695.7870]   API 1002 run
[696.0000]   API 1000 run
[696.0090]   API 1001 run
[696.0580]   API 1002 run
[696.2930]   API 1000 run
[696.3020]   API 1001 run
[696.3500]   API 1002 run
[696.5640]   API 1000 run
[696.5740]   API 1001 run
[696.6210]   API 1002 run
[696.8420]   API 1000 run
[696.8510]   API 1001 run
[696.9000]   API 1002 run
[697.1280]   API 1000 run
[697.1380]   API 1001 run
[697.1870]   API 1002 run
[697.4020]   API 1000 run
[697.4110]   API 1001 run
[697.4580]   API 1002 run
[697.6700]   API 1000 run
[697.6800]   API 1001 run
[697.7270]   API 1002 run
[697.9390]   API 1000 run
[697.9490]   API 1001 run
[697.9960]   API 1002 run
[698.2470]   API 1000 run
[698.2560]   API 1001 run
[698.3060]   API 1002 run
[698.5200]   API 1000 run
[698.5290]   API 1001 run
[698.5760]   API 1002 run
[698.7860]   API 1000 run
[698.7950]   API 1001 run
[698.8430]   API 1002 run
[699.0530]   API 1000 run
[699.0620]   API 1001 run
[699.1270]   API 1002 run
[699.3520]   API 1000 run
[699.3620]   API 1001 run
[699.4080]   API 1002 run
[699.6380]   API 1000 run
[699.6470]   API 1001 run
[699.6970]   API 1002 run
[699.9120]   API 1000 run
[699.9210]   API 1001 run
[699.9680]   API 1002 run
[700.1980]   API 1000 run
[700.2090]   API 1001 run
[700.2580]   API 1002 run
[700.4720]   API 1000 run
[700.4820]   API 1001 run
[700.5290]   API 1002 run
[700.7410]   API 1000 run
[700.7510]   API 1001 run
[700.7980]   API 1002 run
[701.0060]   API 1000 run
[701.0150]   API 1001 run
[701.0720]   API 1002 run
[701.2990]   API 1000 run
[701.3100]   API 1001 run
[701.3580]   API 1002 run
[701.5690]   API 1000 run
[701.5790]   API 1001 run
[701.6260]   API 1002 run
[701.8440]   API 1000 run
[701.8540]   API 1001 run
[701.9000]   API 1002 run
[702.1290]   API 1000 run
[702.1390]   API 1001 run
[702.1880]   API 1002 run
[702.4050]   API 1000 run
[702.4150]   API 1001 run
[702.4610]   API 1002 run
[702.6830]   API 1000 run
[702.6930]   API 1001 run
[702.7400]   API 1002 run
[702.9490]   API 1000 run
[702.9590]   API 1001 run
[703.0060]   API 1002 run
[703.2390]   API 1000 run
[703.2480]   API 1001 run
[703.2960]   API 1002 run
[703.5200]   API 1000 run
[703.5290]   API 1001 run
[703.6320]   API 1002 run
[703.9250]   API 1000 run
[703.9360]   API 1001 run
[703.9890]   API 1002 run
[704.2340]   API 1000 run
[704.2440]   API 1001 run
[704.2950]   API 1002 run
[704.5080]   API 1000 run
[704.5170]   API 1001 run
[704.5660]   API 1002 run
[704.7770]   API 1000 run
[704.7860]   API 1001 run
[704.8330]   API 1002 run
[705.0450]   API 1000 run
[705.0540]   API 1001 run
[705.1020]   API 1002 run
[705.3340]   API 1000 run
[705.3430]   API 1001 run
[705.3990]   API 1002 run
[705.6200]   API 1000 run
[705.6300]   API 1001 run
[705.6780]   API 1002 run
[705.8870]   API 1000 run
[705.8980]   API 1001 run
[705.9460]   API 1002 run
[706.1740]   API 1000 run
[706.1830]   API 1001 run
[706.2340]   API 1002 run
[706.4480]   API 1000 run
[706.4570]   API 1001 run
[706.5050]   API 1002 run
[706.7140]   API 1000 run
[706.7230]   API 1001 run
[706.7710]   API 1002 run
[706.9870]   API 1000 run
[706.9960]   API 1001 run
[707.0440]   API 1002 run
[707.2730]   API 1000 run
[707.2820]   API 1001 run
[707.3300]   API 1002 run
[707.5560]   API 1000 run
[707.5660]   API 1001 run
[707.6180]   API 1002 run
[707.8300]   API 1000 run
[707.8390]   API 1001 run
[707.8890]   API 1002 run
[708.1000]   API 1000 run
[708.1250]   API 1001 run
[708.1740]   API 1002 run
[708.3970]   API 1000 run
[708.4070]   API 1001 run
[708.4540]   API 1002 run
[708.6650]   API 1000 run
[708.6740]   API 1001 run
[708.7210]   API 1002 run
[708.9330]   API 1000 run
[708.9430]   API 1001 run
[708.9950]   API 1002 run
[709.2220]   API 1000 run
[709.2310]   API 1001 run
[709.2810]   API 1002 run
[709.4930]   API 1000 run
[709.5020]   API 1001 run
[709.5490]   API 1002 run
[709.7620]   API 1000 run
[709.7710]   API 1001 run
[709.8180]   API 1002 run
[710.0340]   API 1000 run
[710.0430]   API 1001 run
[710.0920]   API 1002 run
[710.3180]   API 1000 run
[710.3270]   API 1001 run
[710.3760]   API 1002 run
[710.5840]   API 1000 run
[710.5960]   API 1001 run
[710.6440]   API 1002 run
[710.8550]   API 1000 run
[710.8640]   API 1001 run
[710.9120]   API 1002 run
[711.1390]   API 1000 run
[711.1490]   API 1001 run
[711.1980]   API 1002 run
[711.4220]   API 1000 run
[711.4310]   API 1001 run
[711.4830]   API 1002 run
[711.7070]   API 1000 run
[711.7170]   API 1001 run
[711.7660]   API 1002 run
[711.9710]   API 1000 run
[711.9800]   API 1001 run
[712.0270]   API 1002 run
[712.2440]   API 1000 run
[712.2530]   API 1001 run
[712.3020]   API 1002 run
[712.5040]   API 1000 run
[712.5140]   API 1001 run
[712.5680]   API 1002 run
[712.7760]   API 1000 run
[712.7850]   API 1001 run
[712.8330]   API 1002 run
[713.0360]   API 1000 run
[713.0450]   API 1001 run
[713.0920]   API 1002 run
[713.3110]   API 1000 run
[713.3210]   API 1001 run
[713.3690]   API 1002 run
[713.5700]   API 1000 run
[713.5790]   API 1001 run
[713.6260]   API 1002 run
[713.8260]   API 1000 run
[713.8360]   API 1001 run
[713.8820]   API 1002 run
[714.0910]   API 1000 run
[714.1000]   API 1001 run
[714.1650]   API 1002 run
[714.3700]   API 1000 run
[714.3790]   API 1001 run
[714.4260]   API 1002 run
[714.6280]   API 1000 run
[714.6370]   API 1001 run
[714.6840]   API 1002 run
[714.8840]   API 1000 run
[714.8930]   API 1001 run
[714.9400]   API 1002 run
[715.1580]   API 1000 run
[715.1680]   API 1001 run
[715.2170]   API 1002 run
[715.4260]   API 1000 run
[715.4350]   API 1001 run
[715.4830]   API 1002 run
[715.6950]   API 1000 run
[715.7080]   API 1001 run
[715.7570]   API 1002 run
[715.9580]   API 1000 run
[715.9670]   API 1001 run
[716.0200]   API 1002 run
[716.2400]   API 1000 run
[716.2490]   API 1001 run
[716.2970]   API 1002 run
[716.4990]   API 1000 run
[716.5090]   API 1001 run
[716.5560]   API 1002 run
[716.7620]   API 1000 run
[716.7710]   API 1001 run
[716.8190]   API 1002 run
[717.0300]   API 1000 run
[717.0390]   API 1001 run
[717.0870]   API 1002 run
[717.3040]   API 1000 run
[717.3130]   API 1001 run
[717.3620]   API 1002 run
[717.5620]   API 1000 run
[717.5710]   API 1001 run
[717.6180]   API 1002 run
[717.8180]   API 1000 run
[717.8270]   API 1001 run
[717.8740]   API 1002 run
[718.0730]   API 1000 run
[718.0820]   API 1001 run
[718.1440]   API 1002 run
[718.3570]   API 1000 run
[718.3660]   API 1001 run
[718.4140]   API 1002 run
[718.6170]   API 1000 run
[718.6260]   API 1001 run
[718.6740]   API 1002 run
[718.8740]   API 1000 run
[718.8840]   API 1001 run
[718.9310]   API 1002 run
[719.1500]   API 1000 run
[719.1600]   API 1001 run
[719.2090]   API 1002 run
[719.4150]   API 1000 run
[719.4240]   API 1001 run
[719.4720]   API 1002 run
[719.6950]   API 1000 run
[719.7050]   API 1001 run
[719.7540]   API 1002 run
[719.9540]   API 1000 run
[719.9630]   API 1001 run
[720.0110]   API 1002 run
[720.2290]   API 1000 run
[720.2400]   API 1001 run
[720.2880]   API 1002 run
[720.4920]   API 1000 run
[720.5010]   API 1001 run
[720.5490]   API 1002 run
[720.7480]   API 1000 run
[720.7580]   API 1001 run
[720.8060]   API 1002 run
[721.0120]   API 1000 run
[721.0220]   API 1001 run
[721.0690]   API 1002 run
[721.2910]   API 1000 run
[721.3010]   API 1001 run
[721.3490]   API 1002 run
[721.5480]   API 1000 run
[721.5570]   API 1001 run
[721.6050]   API 1002 run
[721.8040]   API 1000 run
[721.8130]   API 1001 run
[721.8610]   API 1002 run
[722.0610]   API 1000 run
[722.0710]   API 1001 run
[722.1340]   API 1002 run
[722.3490]   API 1000 run
[722.3590]   API 1001 run
[722.4060]   API 1002 run
[722.6080]   API 1000 run
[722.6170]   API 1001 run
[722.6640]   API 1002 run
[722.8720]   API 1000 run
[722.8810]   API 1001 run
[722.9270]   API 1002 run
[723.1450]   API 1000 run
[723.1540]   API 1001 run
[723.2040]   API 1002 run
[723.4060]   API 1000 run
[723.4150]   API 1001 run
[723.4630]   API 1002 run
[723.6880]   API 1000 run
[723.6980]   API 1001 run
[723.7470]   API 1002 run
[723.9470]   API 1000 run
[723.9560]   API 1001 run
[724.0030]   API 1002 run
[724.2200]   API 1000 run
[724.2300]   API 1001 run
[724.2790]   API 1002 run
[724.4830]   API 1000 run
[724.4930]   API 1001 run
[724.5400]   API 1002 run
[724.7380]   API 1000 run
[724.7480]   API 1001 run
[724.7950]   API 1002 run
[724.9930]   API 1000 run
[725.0080]   API 1001 run
[725.0550]   API 1002 run
[725.2750]   API 1000 run
[725.2840]   API 1001 run
[725.3320]   API 1002 run
[725.5310]   API 1000 run
[725.5400]   API 1001 run
[725.5880]   API 1002 run
[725.7860]   API 1000 run
[725.7960]   API 1001 run
[725.8430]   API 1002 run
[726.0460]   API 1000 run
[726.0550]   API 1001 run
[726.1020]   API 1002 run
[726.3240]   API 1000 run
[726.3330]   API 1001 run
[726.3820]   API 1002 run
[726.5890]   API 1000 run
[726.5980]   API 1001 run
[726.6470]   API 1002 run
[726.8490]   API 1000 run
[726.8580]   API 1001 run
[726.9040]   API 1002 run
[727.1170]   API 1000 run
[727.1270]   API 1001 run
[727.1760]   API 1002 run
[727.3800]   API 1000 run
[727.3890]   API 1001 run
[727.4380]   API 1002 run
[727.6550]   API 1000 run
[727.6650]   API 1001 run
[727.7130]   API 1002 run
[727.9190]   API 1000 run
[727.9290]   API 1001 run
[727.9770]   API 1002 run
[728.1930]   API 1000 run
[728.2020]   API 1001 run
[728.2510]   API 1002 run
[728.4580]   API 1000 run
[728.4670]   API 1001 run
[728.5140]   API 1002 run
[728.7230]   API 1000 run
[728.7320]   API 1001 run
[728.7800]   API 1002 run
[728.9780]   API 1000 run
[728.9870]   API 1001 run
[729.0340]   API 1002 run
[729.2610]   API 1000 run
[729.2700]   API 1001 run
[729.3170]   API 1002 run
[729.5180]   API 1000 run
[729.5270]   API 1001 run
[729.5740]   API 1002 run
[729.7780]   API 1000 run
[729.7870]   API 1001 run
[729.8340]   API 1002 run
[730.0360]   API 1000 run
[730.0450]   API 1001 run
[730.0920]   API 1002 run
[730.3100]   API 1000 run
[730.3190]   API 1001 run
[730.3660]   API 1002 run
[730.5740]   API 1000 run
[730.5840]   API 1001 run
[730.6320]   API 1002 run
[730.8320]   API 1000 run
[730.8410]   API 1001 run
[730.8880]   API 1002 run
[731.0870]   API 1000 run
[731.0960]   API 1001 run
[731.1590]   API 1002 run
[731.3620]   API 1000 run
[731.3720]   API 1001 run
[731.4210]   API 1002 run
[731.6370]   API 1000 run
[731.6460]   API 1001 run
[731.6950]   API 1002 run
[731.9030]   API 1000 run
[731.9120]   API 1001 run
[731.9580]   API 1002 run
[732.1760]   API 1000 run
[732.1850]   API 1001 run
[732.2340]   API 1002 run
[732.4370]   API 1000 run
[732.4470]   API 1001 run
[732.4940]   API 1002 run
[732.6930]   API 1000 run
[732.7020]   API 1001 run
[732.7500]   API 1002 run
[732.9480]   API 1000 run
[732.9580]   API 1001 run
[733.0040]   API 1002 run
[733.2320]   API 1000 run
[733.2480]   API 1001 run
[733.2970]   API 1002 run
[733.4990]   API 1000 run
[733.5080]   API 1001 run
[733.5550]   API 1002 run
[733.7540]   API 1000 run
[733.7640]   API 1001 run
[733.8110]   API 1002 run
[734.0120]   API 1000 run
[734.0220]   API 1001 run
[734.0690]   API 1002 run
[734.2870]   API 1000 run
[734.2960]   API 1001 run
[734.3450]   API 1002 run
[734.5460]   API 1000 run
[734.5550]   API 1001 run
[734.6020]   API 1002 run
[734.8080]   API 1000 run
[734.8170]   API 1001 run
[734.8640]   API 1002 run
[735.0640]   API 1000 run
[735.0740]   API 1001 run
[735.1360]   API 1002 run
[735.3420]   API 1000 run
[735.3520]   API 1001 run
[735.3980]   API 1002 run
[735.6110]   API 1000 run
[735.6200]   API 1001 run
[735.6690]   API 1002 run
[735.8700]   API 1000 run
[735.8800]   API 1001 run
[735.9270]   API 1002 run
[736.1500]   API 1000 run
[736.1590]   API 1001 run
[736.2080]   API 1002 run
[736.4110]   API 1000 run
[736.4200]   API 1001 run
[736.4680]   API 1002 run
[736.6740]   API 1000 run
[736.6840]   API 1001 run
[736.7310]   API 1002 run
[736.9310]   API 1000 run
[736.9410]   API 1001 run
[736.9870]   API 1002 run
[737.2030]   API 1000 run
[737.2130]   API 1001 run
[737.2610]   API 1002 run
[737.4710]   API 1000 run
[737.4800]   API 1001 run
[737.5270]   API 1002 run
[737.7270]   API 1000 run
[737.7360]   API 1001 run
[737.7830]   API 1002 run
[737.9810]   API 1000 run
[737.9900]   API 1001 run
[738.0380]   API 1002 run
[738.2540]   API 1000 run
[738.2630]   API 1001 run
[738.3100]   API 1002 run
[738.5110]   API 1000 run
[738.5210]   API 1001 run
[738.5690]   API 1002 run
[738.7790]   API 1000 run
[738.7880]   API 1001 run
[738.8360]   API 1002 run
[739.0360]   API 1000 run
[739.0460]   API 1001 run
[739.0950]   API 1002 run
[739.3110]   API 1000 run
[739.3200]   API 1001 run
[739.3700]   API 1002 run
[739.5810]   API 1000 run
[739.5900]   API 1001 run
[739.6420]   API 1002 run
[739.8430]   API 1000 run
[739.8530]   API 1001 run
[739.8990]   API 1002 run
[740.1270]   API 1000 run
[740.1360]   API 1001 run
[740.1850]   API 1002 run
[740.3930]   API 1000 run
[740.4030]   API 1001 run
[740.4490]   API 1002 run
[740.6490]   API 1000 run
[740.6580]   API 1001 run
[740.7040]   API 1002 run
[740.9040]   API 1000 run
[740.9130]   API 1001 run
[740.9610]   API 1002 run
[741.1810]   API 1000 run
[741.1910]   API 1001 run
[741.2390]   API 1002 run
[741.4410]   API 1000 run
[741.4500]   API 1001 run
[741.5030]   API 1002 run
[741.7030]   API 1000 run
[741.7120]   API 1001 run
[741.7590]   API 1002 run
[741.9610]   API 1000 run
[741.9700]   API 1001 run
[742.0180]   API 1002 run
[742.2320]   API 1000 run
[742.2420]   API 1001 run
[742.2890]   API 1002 run
[742.4910]   API 1000 run
[742.5000]   API 1001 run
[742.5480]   API 1002 run
[742.7490]   API 1000 run
[742.7580]   API 1001 run
[742.8060]   API 1002 run
[743.0140]   API 1000 run
[743.0240]   API 1001 run
[743.0700]   API 1002 run
[743.2880]   API 1000 run
[743.2980]   API 1001 run
[743.3450]   API 1002 run
[743.5660]   API 1000 run
[743.5760]   API 1001 run
[743.6270]   API 1002 run
[743.8280]   API 1000 run
[743.8380]   API 1001 run
[743.8850]   API 1002 run
[744.0840]   API 1000 run
[744.0930]   API 1001 run
[744.1550]   API 1002 run
[744.3710]   API 1000 run
[744.3810]   API 1001 run
[744.4280]   API 1002 run
[744.6280]   API 1000 run
[744.6370]   API 1001 run
[744.6830]   API 1002 run
[744.8830]   API 1000 run
[744.8920]   API 1001 run
[744.9380]   API 1002 run
[745.1550]   API 1000 run
[745.1650]   API 1001 run
[745.2140]   API 1002 run
[745.4170]   API 1000 run
[745.4270]   API 1001 run
[745.4730]   API 1002 run
[745.6800]   API 1000 run
[745.6890]   API 1001 run
[745.7370]   API 1002 run
[745.9390]   API 1000 run
[745.9490]   API 1001 run
[745.9960]   API 1002 run
[746.2120]   API 1000 run
[746.2220]   API 1001 run
[746.2700]   API 1002 run
[746.4720]   API 1000 run
[746.4820]   API 1001 run
[746.5300]   API 1002 run
[746.7300]   API 1000 run
[746.7390]   API 1001 run
[746.7870]   API 1002 run
[747.0010]   API 1000 run
[747.0100]   API 1001 run
[747.0580]   API 1002 run
[747.2740]   API 1000 run
[747.2830]   API 1001 run
[747.3340]   API 1002 run
[747.5510]   API 1000 run
[747.5600]   API 1001 run
[747.6090]   API 1002 run
[747.8100]   API 1000 run
[747.8190]   API 1001 run
[747.8660]   API 1002 run
[748.0650]   API 1000 run
[748.0740]   API 1001 run
[748.1350]   API 1002 run
[748.3500]   API 1000 run
[748.3600]   API 1001 run
[748.4070]   API 1002 run
[748.6080]   API 1000 run
[748.6170]   API 1001 run
[748.6640]   API 1002 run
[748.8630]   API 1000 run
[748.8730]   API 1001 run
[748.9190]   API 1002 run
[749.1410]   API 1000 run
[749.1510]   API 1001 run
[749.1990]   API 1002 run
[749.4030]   API 1000 run
[749.4120]   API 1001 run
[749.4600]   API 1002 run
[749.6600]   API 1000 run
[749.6700]   API 1001 run
[749.7230]   API 1002 run
[749.9230]   API 1000 run
[749.9340]   API 1001 run
[749.9810]   API 1002 run
[750.1990]   API 1000 run
[750.2080]   API 1001 run
[750.2560]   API 1002 run
[750.4640]   API 1000 run
[750.4730]   API 1001 run
[750.5210]   API 1002 run
[750.7210]   API 1000 run
[750.7300]   API 1001 run
[750.7780]   API 1002 run
[750.9820]   API 1000 run
[750.9910]   API 1001 run
[751.0370]   API 1002 run
[751.2600]   API 1000 run
[751.2690]   API 1001 run
[751.3170]   API 1002 run
[751.5470]   API 1000 run
[751.5560]   API 1001 run
[751.6050]   API 1002 run
[751.8090]   API 1000 run
[751.8180]   API 1001 run
[751.8650]   API 1002 run
[752.0650]   API 1000 run
[752.0740]   API 1001 run
[752.1360]   API 1002 run
[752.3410]   API 1000 run
[752.3510]   API 1001 run
[752.3980]   API 1002 run
[752.6030]   API 1000 run
[752.6130]   API 1001 run
[752.6620]   API 1002 run
[752.8630]   API 1000 run
[752.8720]   API 1001 run
[752.9190]   API 1002 run
[753.1360]   API 1000 run
[753.1460]   API 1001 run
[753.1950]   API 1002 run
[753.3980]   API 1000 run
[753.4070]   API 1001 run
[753.4550]   API 1002 run
[753.6550]   API 1000 run
[753.6640]   API 1001 run
[753.7130]   API 1002 run
[753.9250]   API 1000 run
[753.9340]   API 1001 run
[753.9820]   API 1002 run
[754.1960]   API 1000 run
[754.2060]   API 1001 run
[754.2550]   API 1002 run
[754.4570]   API 1000 run
[754.4660]   API 1001 run
[754.5130]   API 1002 run
[754.7160]   API 1000 run
[754.7260]   API 1001 run
[754.7740]   API 1002 run
[754.9740]   API 1000 run
[754.9830]   API 1001 run
[755.0300]   API 1002 run
[755.2540]   API 1000 run
[755.2640]   API 1001 run
[755.3120]   API 1002 run
[755.5290]   API 1000 run
[755.5380]   API 1001 run
[755.5900]   API 1002 run
[755.7920]   API 1000 run
[755.8020]   API 1001 run
[755.8490]   API 1002 run
[756.0490]   API 1000 run
[756.0580]   API 1001 run
[756.1230]   API 1002 run
[756.3260]   API 1000 run
[756.3360]   API 1001 run
[756.3850]   API 1002 run
[756.5910]   API 1000 run
[756.6000]   API 1001 run
[756.6490]   API 1002 run
[756.8510]   API 1000 run
[756.8620]   API 1001 run
[756.9080]   API 1002 run
[757.1250]   API 1000 run
[757.1340]   API 1001 run
[757.1830]   API 1002 run
[758.5220]   API 1000 run
[758.5320]   API 1001 run
[758.5870]   API 1002 run
[758.7970]   API 1000 run
[758.8060]   API 1001 run
[758.8570]   API 1002 run
[759.0710]   API 1000 run
[759.0810]   API 1001 run
[759.1530]   API 1002 run
[759.3590]   API 1000 run
[759.3680]   API 1001 run
[759.4160]   API 1002 run
[759.6310]   API 1000 run
[759.6410]   API 1001 run
[759.6910]   API 1002 run
[759.8940]   API 1000 run
[759.9030]   API 1001 run
[759.9500]   API 1002 run
[760.1670]   API 1000 run
[760.1770]   API 1001 run
[760.2260]   API 1002 run
[760.4290]   API 1000 run
[760.4380]   API 1001 run
[760.4850]   API 1002 run
[760.6950]   API 1000 run
[760.7040]   API 1001 run
[760.7520]   API 1002 run
[760.9520]   API 1000 run
[760.9620]   API 1001 run
[761.0100]   API 1002 run
[761.2280]   API 1000 run
[761.2370]   API 1001 run
[761.2860]   API 1002 run
[761.4870]   API 1000 run
[761.4960]   API 1001 run
[761.5440]   API 1002 run
[761.7470]   API 1000 run
[761.7560]   API 1001 run
[761.8030]   API 1002 run
[762.0190]   API 1000 run
[762.0280]   API 1001 run
[762.0760]   API 1002 run
[762.2930]   API 1000 run
[762.3030]   API 1001 run
[762.3500]   API 1002 run
[762.5610]   API 1000 run
[762.5700]   API 1001 run
[762.6180]   API 1002 run
[762.8170]   API 1000 run
[762.8260]   API 1001 run
[762.8740]   API 1002 run
[763.0740]   API 1000 run
[763.0830]   API 1001 run
[763.1450]   API 1002 run
[763.3590]   API 1000 run
[763.3680]   API 1001 run
[763.4160]   API 1002 run
[763.6340]   API 1000 run
[763.6440]   API 1001 run
[763.6930]   API 1002 run
[763.9140]   API 1000 run
[763.9240]   API 1001 run
[763.9720]   API 1002 run
[764.1910]   API 1000 run
[764.2010]   API 1001 run
[764.2500]   API 1002 run
[764.4530]   API 1000 run
[764.4620]   API 1001 run
[764.5100]   API 1002 run
[764.7220]   API 1000 run
[764.7310]   API 1001 run
[764.7790]   API 1002 run
[764.9780]   API 1000 run
[764.9870]   API 1001 run
[765.0340]   API 1002 run
[765.3010]   API 1000 run
[765.3110]   API 1001 run
[765.3570]   API 1002 run
[765.5650]   API 1000 run
[765.5740]   API 1001 run
[765.6180]   API 1002 run
[765.8190]   API 1000 run
[765.8290]   API 1001 run
[765.8730]   API 1002 run
[766.0780]   API 1000 run
[766.0890]   API 1001 run
[766.1520]   API 1002 run
[766.3570]   API 1000 run
[766.3660]   API 1001 run
[766.4140]   API 1002 run
[766.6150]   API 1000 run
[766.6240]   API 1001 run
[766.6710]   API 1002 run
[766.8720]   API 1000 run
[766.8810]   API 1001 run
[766.9270]   API 1002 run
[767.1440]   API 1000 run
[767.1540]   API 1001 run
[767.2030]   API 1002 run
[767.4050]   API 1000 run
[767.4140]   API 1001 run
[767.4680]   API 1002 run
[767.6860]   API 1000 run
[767.6960]   API 1001 run
[767.7440]   API 1002 run
[767.9440]   API 1000 run
[767.9530]   API 1001 run
[768.0000]   API 1002 run
[768.2180]   API 1000 run
[768.2270]   API 1001 run
[768.2780]   API 1002 run
[768.4800]   API 1000 run
[768.4890]   API 1001 run
[768.5360]   API 1002 run
[768.7370]   API 1000 run
[768.7460]   API 1001 run
[768.7950]   API 1002 run
[769.0080]   API 1000 run
[769.0180]   API 1001 run
[769.0660]   API 1002 run
[769.2860]   API 1000 run
[769.2950]   API 1001 run
[769.3440]   API 1002 run
[769.5460]   API 1000 run
[769.5550]   API 1001 run
[769.6030]   API 1002 run
[769.8030]   API 1000 run
[769.8120]   API 1001 run
[769.8580]   API 1002 run
[770.0590]   API 1000 run
[770.0690]   API 1001 run
[770.1330]   API 1002 run
[770.3450]   API 1000 run
[770.3550]   API 1001 run
[770.4020]   API 1002 run
[770.6050]   API 1000 run
[770.6140]   API 1001 run
[770.6620]   API 1002 run
[770.8630]   API 1000 run
[770.8730]   API 1001 run
[770.9200]   API 1002 run
[771.1360]   API 1000 run
[771.1460]   API 1001 run
[771.1940]   API 1002 run
[771.3980]   API 1000 run
[771.4070]   API 1001 run
[771.4540]   API 1002 run
[771.6780]   API 1000 run
[771.6880]   API 1001 run
[771.7370]   API 1002 run
[771.9370]   API 1000 run
[771.9460]   API 1001 run
[771.9940]   API 1002 run
[772.2130]   API 1000 run
[772.2260]   API 1001 run
[772.2840]   API 1002 run
[772.4870]   API 1000 run
[772.4970]   API 1001 run
[772.5450]   API 1002 run
[772.7450]   API 1000 run
[772.7540]   API 1001 run
[772.8020]   API 1002 run
[773.0090]   API 1000 run
[773.0190]   API 1001 run
[773.0670]   API 1002 run
[773.2870]   API 1000 run
[773.2960]   API 1001 run
[773.3450]   API 1002 run
[773.5460]   API 1000 run
[773.5550]   API 1001 run
[773.6020]   API 1002 run
[773.8030]   API 1000 run
[773.8130]   API 1001 run
[773.8590]   API 1002 run
[774.0640]   API 1000 run
[774.0730]   API 1001 run
[774.1350]   API 1002 run
[774.3470]   API 1000 run
[774.3560]   API 1001 run
[774.4030]   API 1002 run
[774.6030]   API 1000 run
[774.6140]   API 1001 run
[774.6620]   API 1002 run
[774.8630]   API 1000 run
[774.8730]   API 1001 run
[774.9190]   API 1002 run
[775.1370]   API 1000 run
[775.1460]   API 1001 run
[775.1970]   API 1002 run
[775.4010]   API 1000 run
[775.4110]   API 1001 run
[775.4570]   API 1002 run
[775.6720]   API 1000 run
[775.6820]   API 1001 run
[775.7430]   API 1002 run
[775.9450]   API 1000 run
[775.9540]   API 1001 run
[776.0010]   API 1002 run
[776.2200]   API 1000 run
[776.2290]   API 1001 run
[776.2780]   API 1002 run
[776.4800]   API 1000 run
[776.4900]   API 1001 run
[776.5380]   API 1002 run
[776.7390]   API 1000 run
[776.7480]   API 1001 run
[776.7960]   API 1002 run
[776.9960]   API 1000 run
[777.0050]   API 1001 run
[777.0520]   API 1002 run
[777.2760]   API 1000 run
[777.2850]   API 1001 run
[777.3350]   API 1002 run
[777.5360]   API 1000 run
[777.5450]   API 1001 run
[777.5920]   API 1002 run
[777.7920]   API 1000 run
[777.8020]   API 1001 run
[777.8490]   API 1002 run
[778.0530]   API 1000 run
[778.0620]   API 1001 run
[778.1230]   API 1002 run
[778.3290]   API 1000 run
[778.3380]   API 1001 run
[778.3840]   API 1002 run
[778.5920]   API 1000 run
[778.6020]   API 1001 run
[778.6500]   API 1002 run
[778.8530]   API 1000 run
[778.8630]   API 1001 run
[778.9090]   API 1002 run
[779.1320]   API 1000 run
[779.1410]   API 1001 run
[779.1910]   API 1002 run
[779.3950]   API 1000 run
[779.4050]   API 1001 run
[779.4520]   API 1002 run
[779.6660]   API 1000 run
[779.6750]   API 1001 run
[779.7230]   API 1002 run
[779.9320]   API 1000 run
[779.9410]   API 1001 run
[779.9890]   API 1002 run
[780.2060]   API 1000 run
[780.2160]   API 1001 run
[780.2630]   API 1002 run
[780.4670]   API 1000 run
[780.4770]   API 1001 run
[780.5240]   API 1002 run
[780.7250]   API 1000 run
[780.7350]   API 1001 run
[780.7820]   API 1002 run
[780.9810]   API 1000 run
[780.9910]   API 1001 run
[781.0380]   API 1002 run
[781.2660]   API 1000 run
[781.2750]   API 1001 run
[781.3230]   API 1002 run
[781.5260]   API 1000 run
[781.5350]   API 1001 run
[781.5810]   API 1002 run
[781.7810]   API 1000 run
[781.7900]   API 1001 run
[781.8360]   API 1002 run
[782.0410]   API 1000 run
[782.0500]   API 1001 run
[782.0970]   API 1002 run
[782.3140]   API 1000 run
[782.3230]   API 1001 run
[782.3710]   API 1002 run
[782.5840]   API 1000 run
[782.5970]   API 1001 run
[782.6450]   API 1002 run
[782.8460]   API 1000 run
[782.8550]   API 1001 run
[782.9010]   API 1002 run
[783.1180]   API 1000 run
[783.1270]   API 1001 run
[783.1760]   API 1002 run
[783.3800]   API 1000 run
[783.3910]   API 1001 run
[783.4380]   API 1002 run
[783.6490]   API 1000 run
[783.6590]   API 1001 run
[783.7080]   API 1002 run
[783.9080]   API 1000 run
[783.9230]   API 1001 run
[783.9710]   API 1002 run
[784.1910]   API 1000 run
[784.2000]   API 1001 run
[784.2480]   API 1002 run
[784.4510]   API 1000 run
[784.4600]   API 1001 run
[784.5070]   API 1002 run
[784.7100]   API 1000 run
[784.7190]   API 1001 run
[784.7650]   API 1002 run
[784.9650]   API 1000 run
[784.9750]   API 1001 run
[785.0210]   API 1002 run
[785.2360]   API 1000 run
[785.2460]   API 1001 run
[785.2940]   API 1002 run
[785.5050]   API 1000 run
[785.5150]   API 1001 run
[785.5630]   API 1002 run
[785.7630]   API 1000 run
[785.7720]   API 1001 run
[785.8190]   API 1002 run
[786.0280]   API 1000 run
[786.0370]   API 1001 run
[786.0850]   API 1002 run
[786.3050]   API 1000 run
[786.3140]   API 1001 run
[786.3610]   API 1002 run
[786.5610]   API 1000 run
[786.5700]   API 1001 run
[786.6170]   API 1002 run
[786.8270]   API 1000 run
[786.8360]   API 1001 run
[786.8840]   API 1002 run
[787.0830]   API 1000 run
[787.0920]   API 1001 run
[787.1540]   API 1002 run
[787.3600]   API 1000 run
[787.3710]   API 1001 run
[787.4170]   API 1002 run
[787.6310]   API 1000 run
[787.6400]   API 1001 run
[787.6880]   API 1002 run
[787.8890]   API 1000 run
[787.8980]   API 1001 run
[787.9450]   API 1002 run
[788.1690]   API 1000 run
[788.1790]   API 1001 run
[788.2280]   API 1002 run
[788.4350]   API 1000 run
[788.4450]   API 1001 run
[788.4920]   API 1002 run
[788.6910]   API 1000 run
[788.7000]   API 1001 run
[788.7480]   API 1002 run
[788.9490]   API 1000 run
[788.9580]   API 1001 run
[789.0060]   API 1002 run
[789.2230]   API 1000 run
[789.2330]   API 1001 run
[789.2810]   API 1002 run
[789.4990]   API 1000 run
[789.5080]   API 1001 run
[789.5570]   API 1002 run
[789.7560]   API 1000 run
[789.7660]   API 1001 run
[789.8130]   API 1002 run
[790.0160]   API 1000 run
[790.0260]   API 1001 run
[790.0720]   API 1002 run
[790.2900]   API 1000 run
[790.2990]   API 1001 run
[790.3470]   API 1002 run
[790.5490]   API 1000 run
[790.5590]   API 1001 run
[790.6060]   API 1002 run
[790.8140]   API 1000 run
[790.8230]   API 1001 run
[790.8710]   API 1002 run
[791.0720]   API 1000 run
[791.0810]   API 1001 run
[791.1430]   API 1002 run
[791.3480]   API 1000 run
[791.3570]   API 1001 run
[791.4050]   API 1002 run
[791.6190]   API 1000 run
[791.6280]   API 1001 run
[791.6760]   API 1002 run
[791.8790]   API 1000 run
[791.8880]   API 1001 run
[791.9360]   API 1002 run
[792.1510]   API 1000 run
[792.1670]   API 1001 run
[792.2160]   API 1002 run
[792.4230]   API 1000 run
[792.4320]   API 1001 run
[792.4800]   API 1002 run
[792.6800]   API 1000 run
[792.6900]   API 1001 run
[792.7370]   API 1002 run
[792.9420]   API 1000 run
[792.9520]   API 1001 run
[793.0000]   API 1002 run
[793.2180]   API 1000 run
[793.2270]   API 1001 run
[793.2760]   API 1002 run
[793.4770]   API 1000 run
[793.4860]   API 1001 run
[793.5350]   API 1002 run
[793.7410]   API 1000 run
[793.7500]   API 1001 run
[793.7970]   API 1002 run
[794.0000]   API 1000 run
[794.0120]   API 1001 run
[794.0590]   API 1002 run
[794.2760]   API 1000 run
[794.2850]   API 1001 run
[794.3330]   API 1002 run
[794.5340]   API 1000 run
[794.5440]   API 1001 run
[794.5910]   API 1002 run
[794.8040]   API 1000 run
[794.8150]   API 1001 run
[794.8730]   API 1002 run
[795.0890]   API 1000 run
[795.1190]   API 1001 run
[795.1690]   API 1002 run
[795.3760]   API 1000 run
[795.3850]   API 1001 run
[795.4320]   API 1002 run
[795.6920]   API 1000 run
[795.7020]   API 1001 run
[795.7570]   API 1002 run
[795.9620]   API 1000 run
[795.9720]   API 1001 run
[796.0190]   API 1002 run
[796.2380]   API 1000 run
[796.2470]   API 1001 run
[796.2960]   API 1002 run
[796.5160]   API 1000 run
[796.5250]   API 1001 run
[796.5730]   API 1002 run
[796.7740]   API 1000 run
[796.7830]   API 1001 run
[796.8300]   API 1002 run
[797.0310]   API 1000 run
[797.0400]   API 1001 run
[797.0880]   API 1002 run
[797.3090]   API 1000 run
[797.3180]   API 1001 run
[797.3660]   API 1002 run
[797.5680]   API 1000 run
[797.5780]   API 1001 run
[797.6260]   API 1002 run
[797.8320]   API 1000 run
[797.8410]   API 1001 run
[797.8890]   API 1002 run
[798.0930]   API 1000 run
[798.1200]   API 1001 run
[798.1690]   API 1002 run
[798.3730]   API 1000 run
[798.3830]   API 1001 run
[798.4290]   API 1002 run
[798.6300]   API 1000 run
[798.6390]   API 1001 run
[798.6880]   API 1002 run
[798.8890]   API 1000 run
[798.8980]   API 1001 run
[798.9450]   API 1002 run
[799.1690]   API 1000 run
[799.1780]   API 1001 run
[799.2260]   API 1002 run
[799.4330]   API 1000 run
[799.4420]   API 1001 run
[799.4890]   API 1002 run
[799.7070]   API 1000 run
[799.7160]   API 1001 run
[799.7650]   API 1002 run
[799.9740]   API 1000 run
[799.9830]   API 1001 run
[800.0330]   API 1002 run
[800.2520]   API 1000 run
[800.2610]   API 1001 run
[800.3100]   API 1002 run
[800.5110]   API 1000 run
[800.5270]   API 1001 run
[800.5750]   API 1002 run
[800.7790]   API 1000 run
[800.7880]   API 1001 run
[800.8350]   API 1002 run
[801.0350]   API 1000 run
[801.0440]   API 1001 run
[801.0910]   API 1002 run
[801.3110]   API 1000 run
[801.3210]   API 1001 run
[801.3690]   API 1002 run
[801.5690]   API 1000 run
[801.5780]   API 1001 run
[801.6260]   API 1002 run
[801.8260]   API 1000 run
[801.8350]   API 1001 run
[801.9170]   API 1002 run
[802.1930]   API 1000 run
[802.2020]   API 1001 run
[802.2530]   API 1002 run
[802.4680]   API 1000 run
[802.4780]   API 1001 run
[802.5250]   API 1002 run
[802.7300]   API 1000 run
[802.7390]   API 1001 run
[802.7870]   API 1002 run
[802.9920]   API 1000 run
[803.0020]   API 1001 run
[803.0500]   API 1002 run
[803.2710]   API 1000 run
[803.2810]   API 1001 run
[803.3290]   API 1002 run
[803.5650]   API 1000 run
[803.5740]   API 1001 run
[803.6260]   API 1002 run
[803.8290]   API 1000 run
[803.8380]   API 1001 run
[803.8860]   API 1002 run
[804.0890]   API 1000 run
[804.0980]   API 1001 run
[804.1620]   API 1002 run
[804.3680]   API 1000 run
[804.3770]   API 1001 run
[804.4230]   API 1002 run
[804.6270]   API 1000 run
[804.6370]   API 1001 run
[804.6820]   API 1002 run
[804.8920]   API 1000 run
[804.9010]   API 1001 run
[804.9480]   API 1002 run
[805.1690]   API 1000 run
[805.1790]   API 1001 run
[805.2290]   API 1002 run
[805.4330]   API 1000 run
[805.4420]   API 1001 run
[805.4880]   API 1002 run
[805.6950]   API 1000 run
[805.7040]   API 1001 run
[805.7520]   API 1002 run
[805.9550]   API 1000 run
[805.9660]   API 1001 run
[806.0120]   API 1002 run
[806.2460]   API 1000 run
[806.2550]   API 1001 run
[806.3040]   API 1002 run
[806.5060]   API 1000 run
[806.5150]   API 1001 run
[806.5620]   API 1002 run
[806.7640]   API 1000 run
[806.7730]   API 1001 run
[806.8210]   API 1002 run
[807.0280]   API 1000 run
[807.0380]   API 1001 run
[807.0850]   API 1002 run
[807.3030]   API 1000 run
[807.3160]   API 1001 run
[807.3660]   API 1002 run
[807.5850]   API 1000 run
[807.5940]   API 1001 run
[807.6460]   API 1002 run
[807.8490]   API 1000 run
[807.8580]   API 1001 run
[807.9070]   API 1002 run
[808.1240]   API 1000 run
[808.1330]   API 1001 run
[808.1840]   API 1002 run
[808.3910]   API 1000 run
[808.4000]   API 1001 run
[808.4490]   API 1002 run
[808.6490]   API 1000 run
[808.6580]   API 1001 run
[808.7050]   API 1002 run
[808.9070]   API 1000 run
[808.9220]   API 1001 run
[808.9700]   API 1002 run
[809.1860]   API 1000 run
[809.1960]   API 1001 run
[809.2450]   API 1002 run
[809.4470]   API 1000 run
[809.4560]   API 1001 run
[809.5050]   API 1002 run
[809.7070]   API 1000 run
[809.7160]   API 1001 run
[809.7630]   API 1002 run
[809.9610]   API 1000 run
[809.9700]   API 1001 run
[810.0170]   API 1002 run
[810.2340]   API 1000 run
[810.2430]   API 1001 run
[810.2910]   API 1002 run
[810.5070]   API 1000 run
[810.5160]   API 1001 run
[810.5640]   API 1002 run
[810.7670]   API 1000 run
[810.7760]   API 1001 run
[810.8230]   API 1002 run
[811.0250]   API 1000 run
[811.0350]   API 1001 run
[811.0820]   API 1002 run
[811.3000]   API 1000 run
[811.3100]   API 1001 run
[811.3600]   API 1002 run
[811.5750]   API 1000 run
[811.5840]   API 1001 run
[811.6350]   API 1002 run
[811.8440]   API 1000 run
[811.8540]   API 1001 run
[811.9010]   API 1002 run
[812.1170]   API 1000 run
[812.1270]   API 1001 run
[812.1750]   API 1002 run
[812.3800]   API 1000 run
[812.3890]   API 1001 run
[812.4370]   API 1002 run
[812.6390]   API 1000 run
[812.6480]   API 1001 run
[812.6950]   API 1002 run
[812.8940]   API 1000 run
[812.9030]   API 1001 run
[812.9500]   API 1002 run
[813.1780]   API 1000 run
[813.1880]   API 1001 run
[813.2370]   API 1002 run
[813.4390]   API 1000 run
[813.4480]   API 1001 run
[813.4950]   API 1002 run
[813.6970]   API 1000 run
[813.7060]   API 1001 run
[813.7550]   API 1002 run
[813.9630]   API 1000 run
[813.9720]   API 1001 run
[814.0200]   API 1002 run
[814.2350]   API 1000 run
[814.2440]   API 1001 run
[814.2920]   API 1002 run
[814.5030]   API 1000 run
[814.5120]   API 1001 run
[814.5590]   API 1002 run
[814.7620]   API 1000 run
[814.7710]   API 1001 run
[814.8180]   API 1002 run
[815.0200]   API 1000 run
[815.0290]   API 1001 run
[815.0760]   API 1002 run
[815.2960]   API 1000 run
[815.3060]   API 1001 run
[815.3530]   API 1002 run
[815.5700]   API 1000 run
[815.5790]   API 1001 run
[815.6320]   API 1002 run
[815.8440]   API 1000 run
[815.8530]   API 1001 run
[815.9040]   API 1002 run
[816.1230]   API 1000 run
[816.1320]   API 1001 run
[816.1810]   API 1002 run
[816.3870]   API 1000 run
[816.3960]   API 1001 run
[816.4430]   API 1002 run
[816.6440]   API 1000 run
[816.6530]   API 1001 run
[816.7010]   API 1002 run
[816.9030]   API 1000 run
[816.9130]   API 1001 run
[816.9600]   API 1002 run
[817.1810]   API 1000 run
[817.1960]   API 1001 run
[817.2510]   API 1002 run
[817.4600]   API 1000 run
[817.4690]   API 1001 run
[817.5170]   API 1002 run
[817.7200]   API 1000 run
[817.7290]   API 1001 run
[817.7770]   API 1002 run
[817.9860]   API 1000 run
[817.9950]   API 1001 run
[818.0430]   API 1002 run
[818.2660]   API 1000 run
[818.2760]   API 1001 run
[818.3240]   API 1002 run
[818.5280]   API 1000 run
[818.5380]   API 1001 run
[818.5850]   API 1002 run
[818.7940]   API 1000 run
[818.8030]   API 1001 run
[818.8510]   API 1002 run
[819.0550]   API 1000 run
[819.0670]   API 1001 run
[819.1320]   API 1002 run
[819.3430]   API 1000 run
[819.3520]   API 1001 run
[819.4000]   API 1002 run
[819.6130]   API 1000 run
[819.6220]   API 1001 run
[819.6720]   API 1002 run
[819.8780]   API 1000 run
[819.8870]   API 1001 run
[819.9350]   API 1002 run
[820.1640]   API 1000 run
[820.1740]   API 1001 run
[820.2240]   API 1002 run
[820.4330]   API 1000 run
[820.4420]   API 1001 run
[820.4900]   API 1002 run
[820.6960]   API 1000 run
[820.7060]   API 1001 run
[820.7610]   API 1002 run
[820.9670]   API 1000 run
[820.9760]   API 1001 run
[821.0250]   API 1002 run
[821.2490]   API 1000 run
[821.2590]   API 1001 run
[821.3090]   API 1002 run
[821.5270]   API 1000 run
[821.5360]   API 1001 run
[821.5850]   API 1002 run
[821.7920]   API 1000 run
[821.8010]   API 1001 run
[821.8540]   API 1002 run
[822.0660]   API 1000 run
[822.0760]   API 1001 run
[822.1420]   API 1002 run
[822.3550]   API 1000 run
[822.3640]   API 1001 run
[822.4140]   API 1002 run
[822.6200]   API 1000 run
[822.6290]   API 1001 run
[822.6800]   API 1002 run
[822.8920]   API 1000 run
[822.9010]   API 1001 run
[822.9510]   API 1002 run
[823.1710]   API 1000 run
[823.1800]   API 1001 run
[823.2300]   API 1002 run
[823.4340]   API 1000 run
[823.4440]   API 1001 run
[823.4910]   API 1002 run
[823.7090]   API 1000 run
[823.7180]   API 1001 run
[823.7660]   API 1002 run
[823.9670]   API 1000 run
[823.9760]   API 1001 run
[824.0230]   API 1002 run
[824.2560]   API 1000 run
[824.2650]   API 1001 run
[824.3160]   API 1002 run
[824.5180]   API 1000 run
[824.5270]   API 1001 run
[824.5750]   API 1002 run
[824.7760]   API 1000 run
[824.7860]   API 1001 run
[824.8330]   API 1002 run
[825.0330]   API 1000 run
[825.0430]   API 1001 run
[825.0900]   API 1002 run
[825.3090]   API 1000 run
[825.3180]   API 1001 run
[825.3660]   API 1002 run
[825.6030]   API 1000 run
[825.6120]   API 1001 run
[825.6580]   API 1002 run
[825.8420]   API 1000 run
[825.8510]   API 1001 run
[825.8970]   API 1002 run
[913.9510]   API 1000 run
[914.0250]   API 1001 run
[914.2010]   API 1002 run
[1018.8480]   API 1000 run
[1018.8600]   API 1001 run
[1018.9530]   API 1002 run
[1019.6710]   API 7 run
[1020.1490]   API 1000 run
[1020.1680]   API 1001 run
[1020.2470]   API 1002 run
[1027.5490]   API 1000 run
[1027.5590]   API 1001 run
[1027.6190]   API 1002 run
[1027.8000]   API 1000 run
[1027.8101]   API 1001 run
[1027.8590]   API 1002 run
[1029.6071]   API 1000 run
[1029.6180]   API 1001 run
[1029.6860]   API 1002 run
[1094.7030]   API 1000 run
[1094.7140]   API 1001 run
[1094.7700]   API 1002 run
[1095.1230]   API 1000 run
[1095.1340]   API 1001 run
[1095.1890]   API 1002 run
[1095.6210]   API 7 run
[1096.2510]   API 1000 run
[1096.2620]   API 1001 run
[1096.3260]   API 1002 run
[1098.4510]   API 1000 run
[1098.4600]   API 1001 run
[1098.5150]   API 1002 run
[1102.9730]   API 1000 run
[1102.9860]   API 1001 run
[1103.0520]   API 1002 run
[1107.7330]   API 1000 run
[1107.7510]   API 1001 run
[1107.8140]   API 1002 run
[1112.0840]   API 1000 run
[1112.1230]   API 1001 run
[1112.2100]   API 1002 run
[1816.0890]   API 1000 run
[1816.1021]   API 1001 run
[1816.1801]   API 1002 run
[1820.8409]   API 3 run
[1821.0470]   API 1000 run
[1821.0750]   API 1001 run
[1821.1460]   API 1002 run
[1821.2590]   API 7 run
[1822.1210]   API 22 run
[1822.2950]   API 1000 run
[1822.3090]   API 1001 run
[2093.4851]   PRESENT START 1
[2096.8250]   SOCKET END 0
[2096.8250]   API 1002 run
[2096.8259]   CYCLE End 1
[2096.8420]   API 3 run
[2096.8940]   API 1000 run
[2096.9050]   API 1001 run
[2096.9719]   API 1002 run
[2097.0381]   API 7 run
[2098.1030]   API 22 run
[2098.1411]   API 1000 run
[2098.1531]   API 1001 run
[2098.7351]   API 3000 run
[2102.0110]   PRESENT END 2
[2369.7351]   PRESENT START 1
[2372.1311]   SOCKET END 0
[2372.1321]   API 1002 run
[2372.1321]   CYCLE End 1
[2372.1499]   API 3 run
[2372.2090]   API 1000 run
[2372.2200]   API 1001 run
[2372.2859]   API 1002 run
[2372.3530]   API 7 run
[2372.9150]   API 22 run
[2372.9590]   API 1000 run
[2372.9709]   API 1001 run
[2374.3411]   API 3000 run
[2375.7991]   PRESENT END 2
[2645.5071]   PRESENT START 1
[2647.8669]   SOCKET END 0
[2647.8679]   API 1002 run
[2647.8689]   CYCLE End 1
[2647.8899]   API 3 run
[2647.9551]   API 1000 run
[2647.9661]   API 1001 run
[2648.0491]   API 1002 run
[2648.1179]   API 7 run
[2648.7070]   API 22 run
[2648.7451]   API 1000 run
[2648.7571]   API 1001 run
[2649.9500]   API 3000 run
[2651.3811]   PRESENT END 2
[2922.3550]   PRESENT START 1
[2924.5901]   SOCKET END 0
[2924.5901]   API 1002 run
[2924.5901]   CYCLE End 1
[2924.6089]   API 3 run
[2924.6689]   API 1000 run
[2924.6799]   API 1001 run
[2924.7549]   API 1002 run
[2924.8240]   API 7 run
[2925.3589]   API 22 run
[2925.3979]   API 1000 run
[2925.4099]   API 1001 run
[2926.8401]   API 3000 run
[2928.1570]   PRESENT END 2
[3197.3879]   PRESENT START 1
[3200.6870]   SOCKET END 0
[3200.6880]   API 1002 run
[3200.6880]   CYCLE End 1
[3200.7080]   API 3 run
[3200.7739]   API 1000 run
[3200.7859]   API 1001 run
[3200.8491]   API 1002 run
[3200.9160]   API 7 run
[3201.2920]   API 22 run
[3201.3291]   API 1000 run
[3201.3420]   API 1001 run
[3202.0210]   API 3000 run
[3203.3960]   PRESENT END 2
[3473.1050]   PRESENT START 1
[3475.4519]   SOCKET END 0
[3475.4519]   API 1002 run
[3475.4529]   CYCLE End 1
[3475.4729]   API 3 run
[3475.5481]   API 1000 run
[3475.5601]   API 1001 run
[3475.6289]   API 1002 run
[3475.6980]   API 7 run
[3476.2671]   API 22 run
[3476.3140]   API 1000 run
[3476.3259]   API 1001 run
[3477.7900]   API 3000 run
[3479.0901]   PRESENT END 2
[3748.3081]   PRESENT START 1
[3750.5930]   SOCKET END 0
[3750.5930]   API 1002 run
[3750.5940]   CYCLE End 1
[3750.6140]   API 3 run
[3750.6780]   API 1000 run
[3750.6899]   API 1001 run
[3750.7549]   API 1002 run
[3750.8250]   API 7 run
[3751.3789]   API 22 run
[3751.4170]   API 1000 run
[3751.4331]   API 1001 run
[3753.0449]   API 3000 run
[3754.3860]   PRESENT END 2
[4024.5811]   PRESENT START 1
[4026.9121]   SOCKET END 0
[4026.9121]   API 1002 run
[4026.9131]   CYCLE End 1
[4026.9341]   API 3 run
[4027.0120]   API 1000 run
[4027.0229]   API 1001 run
[4027.0901]   API 1002 run
[4027.1589]   API 7 run
[4027.7261]   API 22 run
[4027.7639]   API 1000 run
[4027.7759]   API 1001 run
[4029.2581]   API 3000 run
[4030.5610]   PRESENT END 2
[4300.4600]   PRESENT START 1
[4303.6880]   SOCKET END 0
[4303.6880]   API 1002 run
[4303.6890]   CYCLE End 1
[4303.7100]   API 3 run
[4303.7798]   API 1000 run
[4303.7910]   API 1001 run
[4303.8569]   API 1002 run
[4303.9292]   API 7 run
[4304.9839]   API 22 run
[4305.0239]   API 1000 run
[4305.0361]   API 1001 run
[4305.1650]   API 3000 run
[4306.5000]   PRESENT END 2
[4576.9541]   PRESENT START 1
[4579.3618]   SOCKET END 0
[4579.3628]   API 1002 run
[4579.3638]   CYCLE End 1
[4579.3838]   API 3 run
[4579.4541]   API 1000 run
[4579.4658]   API 1001 run
[4579.5928]   API 1002 run
[4579.6572]   API 7 run
[4580.2192]   API 22 run
[4580.2710]   API 1000 run
[4580.2852]   API 1001 run
[4581.7178]   API 3000 run
[4583.0679]   PRESENT END 2
[4854.0239]   PRESENT START 1
[4856.4341]   SOCKET END 0
[4856.4351]   API 1002 run
[4856.4360]   CYCLE End 1
[4856.4590]   API 3 run
[4856.5591]   API 1000 run
[4856.5732]   API 1001 run
[4856.6450]   API 1002 run
[4856.7148]   API 7 run
[4857.2969]   API 22 run
[4857.3398]   API 1000 run
[4857.3540]   API 1001 run
[4858.7202]   API 3000 run
[4860.1191]   PRESENT END 2
[5130.5898]   PRESENT START 1
[5133.8501]   SOCKET END 0
[5133.8501]   API 1002 run
[5133.8511]   CYCLE End 1
[5133.8711]   API 3 run
[5133.9712]   API 1000 run
[5133.9868]   API 1001 run
[5134.0610]   API 1002 run
[5134.1362]   API 7 run
[5135.0151]   API 22 run
[5135.0591]   API 1000 run
[5135.0718]   API 1001 run
[5135.3799]   API 3000 run
[5136.6968]   PRESENT END 2
[5408.0928]   PRESENT START 1
[5411.3428]   SOCKET END 0
[5411.3428]   API 1002 run
[5411.3442]   CYCLE End 1
[5411.3638]   API 3 run
[5411.4448]   API 1000 run
[5411.4580]   API 1001 run
[5411.5449]   API 1002 run
[5411.6152]   API 7 run
[5412.4399]   API 22 run
[5412.4829]   API 1000 run
[5412.4971]   API 1001 run
[5412.8032]   API 3000 run
[5414.1089]   PRESENT END 2
[5684.8799]   PRESENT START 1
[5688.1372]   SOCKET END 0
[5688.1372]   API 1002 run
[5688.1382]   CYCLE End 1
[5688.1582]   API 3 run
[5688.2520]   API 1000 run
[5688.2671]   API 1001 run
[5688.3408]   API 1002 run
[5688.4121]   API 7 run
[5689.2041]   API 3000 run
[5689.2051]   API 22 run
[5689.2510]   API 1000 run
[5689.2832]   API 1001 run
[5690.6299]   PRESENT END 2
[5961.3032]   PRESENT START 1
[5964.6450]   SOCKET END 0
[5964.6450]   API 1002 run
[5964.6460]   CYCLE End 1
[5964.6680]   API 3 run
[5964.7598]   API 1000 run
[5964.7729]   API 1001 run
[5964.8491]   API 1002 run
[5964.9351]   API 7 run
[5965.6792]   API 3000 run
[5965.9761]   API 22 run
[5966.0171]   API 1000 run
[5966.0298]   API 1001 run
[5967.2490]   PRESENT END 2
[6239.0620]   PRESENT START 1
[6242.2969]   SOCKET END 0
[6242.2969]   API 1002 run
[6242.2979]   CYCLE End 1
[6242.3179]   API 3 run
[6242.4038]   API 1000 run
[6242.4160]   API 1001 run
[6242.4902]   API 1002 run
[6242.5601]   API 7 run
[6243.3838]   API 3000 run
[6243.4810]   API 22 run
[6243.5259]   API 1000 run
[6243.5391]   API 1001 run
[6244.7798]   PRESENT END 2
[6515.2700]   PRESENT START 1
[6518.5952]   SOCKET END 0
[6518.5952]   API 1002 run
[6518.5962]   CYCLE End 1
[6518.6182]   API 3 run
[6518.7109]   API 1000 run
[6518.7261]   API 1001 run
[6518.7959]   API 1002 run
[6518.8818]   API 7 run
[6519.6821]   API 3000 run
[6519.8379]   API 22 run
[6519.8921]   API 1000 run
[6519.9058]   API 1001 run
[6521.1040]   PRESENT END 2
[6793.3960]   PRESENT START 1
[6797.9531]   SOCKET END 0
[6797.9531]   API 3000 run
[6797.9531]   API 1002 run
[6797.9541]   CYCLE End 1
[6797.9780]   API 3 run
[6798.0811]   API 1000 run
[6798.0952]   API 1001 run
[6798.1641]   API 1002 run
[6798.2441]   API 7 run
[6798.6909]   API 22 run
[6798.7329]   API 1000 run
[6798.7461]   API 1001 run
[6799.3911]   PRESENT END 2
[7071.1050]   PRESENT START 1
[7074.3359]   SOCKET END 0
[7074.3359]   API 1002 run
[7074.3369]   CYCLE End 1
[7074.3579]   API 3 run
[7074.4590]   API 1000 run
[7074.4741]   API 1001 run
[7074.5420]   API 1002 run
[7074.6152]   API 7 run
[7075.5171]   API 22 run
[7075.5610]   API 3000 run
[7075.5620]   API 1000 run
[7075.5762]   API 1001 run
[7076.9609]   PRESENT END 2
[7347.8301]   PRESENT START 1
[7351.1812]   SOCKET END 0
[7351.1812]   API 1002 run
[7351.1821]   CYCLE End 1
[7351.2051]   API 3 run
[7351.3018]   API 1000 run
[7351.3159]   API 1001 run
[7351.3828]   API 1002 run
[7351.4541]   API 7 run
[7352.3501]   API 3000 run
[7352.5142]   API 22 run
[7352.5498]   API 1000 run
[7352.5630]   API 1001 run
[7353.7861]   PRESENT END 2
[7625.8140]   PRESENT START 1
[7629.0151]   SOCKET END 0
[7629.0151]   API 1002 run
[7629.0171]   CYCLE End 1
[7629.0391]   API 3 run
[7629.1250]   API 1000 run
[7629.1382]   API 1001 run
[7629.2090]   API 1002 run
[7629.2808]   API 7 run
[7630.1548]   API 22 run
[7630.1982]   API 1000 run
[7630.2100]   API 1001 run
[7630.2300]   API 3000 run
[7631.6782]   PRESENT END 2
[7903.4790]   PRESENT START 1
[7907.3081]   SOCKET END 0
[7907.3081]   API 1002 run
[7907.3101]   CYCLE End 1
[7907.3320]   API 3 run
[7907.4248]   API 1000 run
[7907.4399]   API 1001 run
[7907.5259]   API 1002 run
[7907.6011]   API 7 run
[7907.9229]   API 3000 run
[7908.1958]   API 22 run
[7908.2339]   API 1000 run
[7908.2480]   API 1001 run
[7909.4590]   PRESENT END 2
[8182.4312]   PRESENT START 1
[8185.9570]   SOCKET END 0
[8185.9580]   API 1002 run
[8185.9590]   CYCLE End 1
[8185.9810]   API 3 run
[8186.0732]   API 1000 run
[8186.0972]   API 1001 run
[8186.1689]   API 1002 run
[8186.2451]   API 7 run
[8186.9648]   API 3000 run
[8187.0752]   API 22 run
[8187.1152]   API 1000 run
[8187.1289]   API 1001 run
[8188.4409]   PRESENT END 2
[8459.1660]   PRESENT START 1
[8461.4951]   SOCKET END 0
[8461.4951]   API 1002 run
[8461.4961]   CYCLE End 1
[8461.5166]   API 3 run
[8461.6025]   API 1000 run
[8461.6162]   API 1001 run
[8461.6885]   API 1002 run
[8461.7607]   API 7 run
[8462.3574]   API 22 run
[8462.3994]   API 1000 run
[8462.4170]   API 1001 run
[8463.6533]   API 3000 run
[8465.0742]   PRESENT END 2
[8734.9150]   PRESENT START 1
[8737.3281]   SOCKET END 0
[8737.3281]   API 1002 run
[8737.3291]   CYCLE End 1
[8737.3486]   API 3 run
[8737.4414]   API 1000 run
[8737.4541]   API 1001 run
[8737.5264]   API 1002 run
[8737.6104]   API 7 run
[8738.1895]   API 22 run
[8738.2363]   API 1000 run
[8738.2480]   API 1001 run
[8739.4062]   API 3000 run
[8740.9160]   PRESENT END 2
[9012.7803]   PRESENT START 1
[9015.1143]   SOCKET END 0
[9015.1143]   API 1002 run
[9015.1152]   CYCLE End 1
[9015.1377]   API 3 run
[9015.2314]   API 1000 run
[9015.2432]   API 1001 run
[9015.3174]   API 1002 run
[9015.3906]   API 7 run
[9016.0342]   API 22 run
[9016.0801]   API 1000 run
[9016.0928]   API 1001 run
[9017.3301]   API 3000 run
[9018.7607]   PRESENT END 2
[9291.7266]   PRESENT START 1
[9295.8291]   SOCKET END 0
[9295.8291]   API 1002 run
[9295.8301]   CYCLE End 1
[9295.8525]   API 3 run
[9295.9521]   API 1000 run
[9295.9648]   API 1001 run
[9296.0352]   API 1002 run
[9296.1094]   API 7 run
[9296.2109]   API 3000 run
[9296.6299]   API 22 run
[9296.6689]   API 1000 run
[9296.6816]   API 1001 run
[9297.6514]   PRESENT END 2
[9568.6475]   PRESENT START 1
[9570.8818]   SOCKET END 0
[9570.8818]   API 1002 run
[9570.8828]   CYCLE End 1
[9570.9053]   API 3 run
[9570.9932]   API 1000 run
[9571.0059]   API 1001 run
[9571.0762]   API 1002 run
[9571.1475]   API 7 run
[9571.7744]   API 22 run
[9571.8213]   API 1000 run
[9571.8350]   API 1001 run
[9573.0840]   API 3000 run
[9574.4697]   PRESENT END 2
[9844.5850]   PRESENT START 1
[9846.9570]   SOCKET END 0
[9846.9580]   API 1002 run
[9846.9590]   CYCLE End 1
[9846.9814]   API 3 run
[9847.0742]   API 1000 run
[9847.0889]   API 1001 run
[9847.1621]   API 1002 run
[9847.2354]   API 7 run
[9847.8682]   API 22 run
[9847.9150]   API 1000 run
[9847.9287]   API 1001 run
[9849.0967]   API 3000 run
[9850.5371]   PRESENT END 2
[10120.9746]   PRESENT START 1
[10123.3203]   SOCKET END 0
[10123.3203]   API 1002 run
[10123.3213]   CYCLE End 1
[10123.3438]   API 3 run
[10123.4307]   API 1000 run
[10123.4463]   API 1001 run
[10123.5342]   API 1002 run
[10123.6074]   API 7 run
[10124.1953]   API 22 run
[10124.2402]   API 1000 run
[10124.2529]   API 1001 run
[10125.3838]   API 3000 run
[10126.8135]   PRESENT END 2
[10399.2803]   PRESENT START 1
[10403.0498]   SOCKET END 0
[10403.0498]   API 1002 run
[10403.0508]   CYCLE End 1
[10403.0752]   API 3 run
[10403.1670]   API 1000 run
[10403.1816]   API 1001 run
[10403.2480]   API 1002 run
[10403.3193]   API 7 run
[10403.7637]   API 22 run
[10403.8203]   API 1000 run
[10403.8340]   API 1001 run
[10403.8428]   API 3000 run
[10405.5352]   PRESENT END 2
[10678.7246]   PRESENT START 1
[10681.1631]   SOCKET END 0
[10681.1641]   API 1002 run
[10681.1650]   CYCLE End 1
[10681.1885]   API 3 run
[10681.8574]   API 1000 run
[10681.8721]   API 1001 run
[10681.9463]   API 1002 run
[10682.0146]   API 7 run
[10682.4102]   API 22 run
[10682.7646]   API 3000 run
[10682.9043]   API 1000 run
[10682.9736]   API 1001 run
[10684.5898]   PRESENT END 2
[10955.8350]   PRESENT START 1
[10958.0605]   SOCKET END 0
[10958.0605]   API 1002 run
[10958.0615]   CYCLE End 1
[10958.0820]   API 3 run
[10958.1611]   API 1000 run
[10958.1738]   API 1001 run
[10958.2422]   API 1002 run
[10958.3096]   API 7 run
[10958.8945]   API 22 run
[10958.9336]   API 1000 run
[10958.9482]   API 1001 run
[10959.5654]   API 3000 run
[10961.4775]   PRESENT END 2
[11231.3965]   PRESENT START 1
[11233.7852]   SOCKET END 0
[11233.7852]   API 1002 run
[11233.7861]   CYCLE End 1
[11233.8066]   API 3 run
[11233.8867]   API 1000 run
[11233.9004]   API 1001 run
[11233.9678]   API 1002 run
[11234.0410]   API 7 run
[11234.5732]   API 22 run
[11234.6143]   API 1000 run
[11234.6260]   API 1001 run
[11235.0928]   API 3000 run
[11237.2373]   PRESENT END 2
[11508.6035]   PRESENT START 1
[11511.8555]   SOCKET END 0
[11511.8555]   API 1002 run
[11511.8564]   CYCLE End 1
[11511.8789]   API 3 run
[11511.9688]   API 1000 run
[11511.9814]   API 1001 run
[11512.0518]   API 1002 run
[11512.1230]   API 7 run
[11512.6582]   API 3000 run
[11512.8750]   API 22 run
[11512.9150]   API 1000 run
[11512.9287]   API 1001 run
[11514.3213]   PRESENT END 2
[11786.0293]   PRESENT START 1
[11788.3818]   SOCKET END 0
[11788.3818]   API 1002 run
[11788.3838]   CYCLE End 1
[11788.4062]   API 3 run
[11788.4854]   API 1000 run
[11788.4971]   API 1001 run
[11788.5654]   API 1002 run
[11788.6514]   API 7 run
[11789.2373]   API 22 run
[11789.2764]   API 1000 run
[11789.2891]   API 1001 run
[11789.6230]   API 3000 run
[11791.9023]   PRESENT END 2
[12063.5117]   PRESENT START 1
[12065.9336]   SOCKET END 0
[12065.9346]   API 1002 run
[12065.9346]   CYCLE End 1
[12065.9590]   API 3 run
[12066.0391]   API 1000 run
[12066.0518]   API 1001 run
[12066.1221]   API 1002 run
[12066.1895]   API 7 run
[12066.7822]   API 22 run
[12066.8223]   API 1000 run
[12066.8350]   API 1001 run
[12067.5098]   API 3000 run
[12069.6768]   PRESENT END 2
[12340.7373]   PRESENT START 1
[12343.0459]   SOCKET END 0
[12343.0469]   API 1002 run
[12343.0479]   CYCLE End 1
[12343.0703]   API 3 run
[12343.1572]   API 1000 run
[12343.1689]   API 1001 run
[12343.2422]   API 1002 run
[12343.3105]   API 7 run
[12343.9004]   API 22 run
[12343.9443]   API 1000 run
[12343.9570]   API 1001 run
[12344.7803]   API 3000 run
[12346.5410]   PRESENT END 2
[12616.8828]   PRESENT START 1
[12620.2373]   SOCKET END 0
[12620.2373]   API 1002 run
[12620.2383]   CYCLE End 1
[12620.2578]   API 3 run
[12620.3369]   API 1000 run
[12620.3486]   API 1001 run
[12620.3906]   API 3000 run
[12620.4248]   API 1002 run
[12620.4990]   API 7 run
[12621.3477]   API 22 run
[12621.4023]   API 1000 run
[12621.4180]   API 1001 run
[12622.8877]   PRESENT END 2
[12895.8721]   PRESENT START 1
[12898.0674]   SOCKET END 0
[12898.0674]   API 1002 run
[12898.0684]   CYCLE End 1
[12898.0908]   API 3 run
[12898.1758]   API 1000 run
[12898.1895]   API 1001 run
[12898.2588]   API 1002 run
[12898.3262]   API 7 run
[12898.9287]   API 22 run
[12898.9688]   API 1000 run
[12898.9814]   API 1001 run
[12899.8848]   API 3000 run
[12901.8223]   PRESENT END 2
[13174.3672]   PRESENT START 1
[13176.7920]   SOCKET END 0
[13176.7930]   API 1002 run
[13176.7939]   CYCLE End 1
[13176.8164]   API 3 run
[13176.9033]   API 1000 run
[13176.9150]   API 1001 run
[13176.9863]   API 1002 run
[13177.0547]   API 7 run
[13177.6543]   API 22 run
[13177.6973]   API 1000 run
[13177.7100]   API 1001 run
[13178.3174]   API 3000 run
[13180.3145]   PRESENT END 2
[13449.7959]   PRESENT START 1
[13452.0908]   SOCKET END 0
[13452.0908]   API 1002 run
[13452.0918]   CYCLE End 1
[13452.1133]   API 3 run
[13452.1982]   API 1000 run
[13452.2109]   API 1001 run
[13452.2812]   API 1002 run
[13452.3486]   API 7 run
[13452.9316]   API 22 run
[13452.9736]   API 1000 run
[13452.9873]   API 1001 run
[13453.3281]   API 3000 run
[13455.4863]   PRESENT END 2
[13727.6768]   PRESENT START 1
[13731.0400]   SOCKET END 0
[13731.0400]   API 1002 run
[13731.0410]   CYCLE End 1
[13731.0645]   API 3 run
[13731.1562]   API 1000 run
[13731.1709]   API 1001 run
[13731.2412]   API 1002 run
[13731.3115]   API 7 run
[13731.7529]   API 3000 run
[13732.4209]   API 22 run
[13732.4717]   API 1000 run
[13732.4873]   API 1001 run
[13733.9082]   PRESENT END 2
[14007.4102]   PRESENT START 1
[14009.8613]   SOCKET END 0
[14009.8623]   API 1002 run
[14009.8633]   CYCLE End 1
[14009.8857]   API 3 run
[14009.9893]   API 1000 run
[14010.0039]   API 1001 run
[14010.0742]   API 1002 run
[14010.1465]   API 7 run
[14010.7510]   API 22 run
[14010.7930]   API 1000 run
[14010.8047]   API 1001 run
[14011.7168]   API 3000 run
[14013.3662]   PRESENT END 2
[14284.4297]   PRESENT START 1
[14286.7012]   SOCKET END 0
[14286.7012]   API 1002 run
[14286.7021]   CYCLE End 1
[14286.7236]   API 3 run
[14286.8066]   API 1000 run
[14286.8203]   API 1001 run
[14286.8896]   API 1002 run
[14286.9609]   API 7 run
[14287.5986]   API 22 run
[14287.6416]   API 1000 run
[14287.6553]   API 1001 run
[14288.4570]   API 3000 run
[14290.1602]   PRESENT END 2
[14562.4277]   PRESENT START 1
[14564.8467]   SOCKET END 0
[14564.8467]   API 1002 run
[14564.8477]   CYCLE End 1
[14564.8691]   API 3 run
[14564.9600]   API 1000 run
[14564.9717]   API 1001 run
[14565.0459]   API 1002 run
[14565.1279]   API 7 run
[14565.6924]   API 22 run
[14565.7354]   API 1000 run
[14565.7480]   API 1001 run
[14566.7510]   API 3000 run
[14568.4473]   PRESENT END 2
[14840.0830]   PRESENT START 1
[14843.3262]   SOCKET END 0
[14843.3262]   API 1002 run
[14843.3271]   CYCLE End 1
[14843.3477]   API 3 run
[14843.4385]   API 1000 run
[14843.4541]   API 1001 run
[14843.5479]   API 1002 run
[14843.6240]   API 7 run
[14844.4365]   API 3000 run
[14844.6162]   API 22 run
[14844.6670]   API 1000 run
[14844.6816]   API 1001 run
[14846.0713]   PRESENT END 2
[15120.2051]   PRESENT START 1
[15122.6328]   SOCKET END 0
[15122.6338]   API 1002 run
[15122.6348]   CYCLE End 1
[15122.6582]   API 3 run
[15122.7432]   API 1000 run
[15122.7559]   API 1001 run
[15122.8379]   API 1002 run
[15122.9072]   API 7 run
[15123.4609]   API 22 run
[15123.5293]   API 1000 run
[15123.5420]   API 1001 run
[15124.2939]   API 3000 run
[15125.9756]   PRESENT END 2
[15397.3291]   PRESENT START 1
[15399.6113]   SOCKET END 0
[15399.6113]   API 1002 run
[15399.6123]   CYCLE End 1
[15399.6328]   API 3 run
[15399.7197]   API 1000 run
[15399.7334]   API 1001 run
[15399.8047]   API 1002 run
[15399.8740]   API 7 run
[15400.4873]   API 22 run
[15400.5293]   API 1000 run
[15400.5410]   API 1001 run
[15401.7100]   API 3000 run
[15403.3359]   PRESENT END 2
[15674.4336]   PRESENT START 1
[15676.8691]   SOCKET END 0
[15676.8691]   API 1002 run
[15676.8701]   CYCLE End 1
[15676.8906]   API 3 run
[15676.9775]   API 1000 run
[15676.9912]   API 1001 run
[15677.0654]   API 1002 run
[15677.1367]   API 7 run
[15677.6846]   API 22 run
[15677.7266]   API 1000 run
[15677.7393]   API 1001 run
[15678.6436]   API 3000 run
[15680.4873]   PRESENT END 2
[15951.0146]   PRESENT START 1
[15954.1143]   SOCKET END 0
[15954.1143]   API 1002 run
[15954.1152]   CYCLE End 1
[15954.1357]   API 3 run
[15954.2158]   API 1000 run
[15954.2285]   API 1001 run
[15954.2979]   API 1002 run
[15954.3721]   API 7 run
[15955.1279]   API 3000 run
[15955.1865]   API 22 run
[15955.2227]   API 1000 run
[15955.2354]   API 1001 run
[15956.6709]   PRESENT END 2
[16230.5439]   PRESENT START 1
[16233.0254]   SOCKET END 0
[16233.0264]   API 1002 run
[16233.0273]   CYCLE End 1
[16233.0488]   API 3 run
[16233.1406]   API 1000 run
[16233.1562]   API 1001 run
[16233.2275]   API 1002 run
[16233.2988]   API 7 run
[16233.8428]   API 22 run
[16233.8828]   API 1000 run
[16233.8965]   API 1001 run
[16234.8691]   API 3000 run
[16236.4971]   PRESENT END 2
[16509.3066]   PRESENT START 1
[16511.6758]   SOCKET END 0
[16511.6758]   API 1002 run
[16511.6777]   CYCLE End 1
[16511.6973]   API 3 run
[16511.7871]   API 1000 run
[16511.8027]   API 1001 run
[16511.8770]   API 1002 run
[16511.9473]   API 7 run
[16512.5352]   API 22 run
[16512.5742]   API 1000 run
[16512.5879]   API 1001 run
[16513.4355]   API 3000 run
[16515.1133]   PRESENT END 2
[16787.0117]   PRESENT START 1
[16789.3672]   SOCKET END 0
[16789.3672]   API 1002 run
[16789.3672]   CYCLE End 1
[16789.3926]   API 3 run
[16789.4844]   API 1000 run
[16789.4961]   API 1001 run
[16789.5684]   API 1002 run
[16789.6387]   API 7 run
[16790.1875]   API 22 run
[16790.2285]   API 1000 run
[16790.2402]   API 1001 run
[16791.1074]   API 3000 run
[16792.7637]   PRESENT END 2
[17063.9434]   PRESENT START 1
[17068.1953]   API 3000 run
[17068.2930]   SOCKET END 0
[17068.2949]   API 1002 run
[17068.2949]   CYCLE End 1
[17068.3164]   API 3 run
[17068.4160]   API 1000 run
[17068.4277]   API 1001 run
[17068.5000]   API 1002 run
[17068.5762]   API 7 run
[17069.0762]   API 22 run
[17069.1152]   API 1000 run
[17069.1328]   API 1001 run
[17069.7285]   PRESENT END 2
[17342.2402]   PRESENT START 1
[17344.5098]   SOCKET END 0
[17344.5098]   API 1002 run
[17344.5117]   CYCLE End 1
[17344.5312]   API 3 run
[17344.6152]   API 1000 run
[17344.6406]   API 1001 run
[17344.7109]   API 1002 run
[17344.7754]   API 7 run
[17345.3477]   API 22 run
[17345.4023]   API 1000 run
[17345.4160]   API 1001 run
[17346.3145]   API 3000 run
[17347.9844]   PRESENT END 2
[17619.1934]   PRESENT START 1
[17621.5684]   SOCKET END 0
[17621.5684]   API 1002 run
[17621.5703]   CYCLE End 1
[17621.5918]   API 3 run
[17621.6738]   API 1000 run
[17621.6855]   API 1001 run
[17621.7539]   API 1002 run
[17621.8242]   API 7 run
[17622.3672]   API 22 run
[17622.4238]   API 1000 run
[17622.4375]   API 1001 run
[17623.2070]   API 3000 run
[17624.9121]   PRESENT END 2
[17897.9180]   PRESENT START 1
[17900.1172]   SOCKET END 0
[17900.1191]   API 1002 run
[17900.1191]   CYCLE End 1
[17900.1406]   API 3 run
[17900.2246]   API 1000 run
[17900.2383]   API 1001 run
[17900.3086]   API 1002 run
[17900.3965]   API 7 run
[17900.9531]   API 22 run
[17900.9941]   API 1000 run
[17901.0059]   API 1001 run
[17902.0957]   API 3000 run
[17903.5586]   PRESENT END 2
[18175.8516]   PRESENT START 1
[18179.1836]   SOCKET END 0
[18179.1836]   API 1002 run
[18179.1836]   CYCLE End 1
[18179.2070]   API 3 run
[18179.2930]   API 1000 run
[18179.3047]   API 1001 run
[18179.3887]   API 1002 run
[18179.4551]   API 7 run
[18179.8965]   API 3000 run
[18180.2246]   API 22 run
[18180.2617]   API 1000 run
[18180.2754]   API 1001 run
[18181.6660]   PRESENT END 2
[18455.6367]   PRESENT START 1
[18457.9922]   SOCKET END 0
[18457.9922]   API 1002 run
[18457.9941]   CYCLE End 1
[18458.0156]   API 3 run
[18458.0957]   API 1000 run
[18458.1074]   API 1001 run
[18458.1758]   API 1002 run
[18458.2461]   API 7 run
[18458.8184]   API 22 run
[18458.8672]   API 1000 run
[18458.8828]   API 1001 run
[18459.6074]   API 3000 run
[18461.3770]   PRESENT END 2
[18733.2344]   PRESENT START 1
[18735.6230]   SOCKET END 0
[18735.6230]   API 1002 run
[18735.6230]   CYCLE End 1
[18735.6504]   API 3 run
[18735.7520]   API 1000 run
[18735.7676]   API 1001 run
[18735.8398]   API 1002 run
[18735.9160]   API 7 run
[18736.4941]   API 22 run
[18736.5352]   API 1000 run
[18736.5508]   API 1001 run
[18737.5957]   API 3000 run
[18739.2773]   PRESENT END 2
[19011.6582]   PRESENT START 1
[19014.0723]   SOCKET END 0
[19014.0723]   API 1002 run
[19014.0723]   CYCLE End 1
[19014.0957]   API 3 run
[19014.1914]   API 1000 run
[19014.2031]   API 1001 run
[19014.2773]   API 1002 run
[19014.3633]   API 7 run
[19014.9414]   API 22 run
[19014.9844]   API 1000 run
[19014.9961]   API 1001 run
[19015.7715]   API 3000 run
[19017.5352]   PRESENT END 2
[19290.1602]   PRESENT START 1
[19293.3281]   SOCKET END 0
[19293.3281]   API 1002 run
[19293.3281]   CYCLE End 1
[19293.3496]   API 3 run
[19293.4395]   API 1000 run
[19293.4512]   API 1001 run
[19293.5234]   API 1002 run
[19293.5918]   API 7 run
[19293.9980]   API 22 run
[19294.0352]   API 1000 run
[19294.0488]   API 1001 run
[19294.2598]   API 3000 run
[19295.8730]   PRESENT END 2
[19568.9355]   PRESENT START 1
[19571.3438]   SOCKET END 0
[19571.3438]   API 1002 run
[19571.3457]   CYCLE End 1
[19571.3672]   API 3 run
[19571.4551]   API 1000 run
[19571.4707]   API 1001 run
[19571.5527]   API 1002 run
[19571.6191]   API 7 run
[19572.1875]   API 22 run
[19572.2363]   API 1000 run
[19572.2480]   API 1001 run
[19573.0957]   API 3000 run
[19574.8047]   PRESENT END 2
[19847.6191]   PRESENT START 1
[19849.8711]   SOCKET END 0
[19849.8711]   API 1002 run
[19849.8730]   CYCLE End 1
[19849.8965]   API 3 run
[19849.9883]   API 1000 run
[19850.0039]   API 1001 run
[19850.0723]   API 1002 run
[19850.1406]   API 7 run
[19850.7324]   API 22 run
[19850.7734]   API 1000 run
[19850.7871]   API 1001 run
[19851.7207]   API 3000 run
[19853.3281]   PRESENT END 2
[20125.7832]   PRESENT START 1
[20128.1680]   SOCKET END 0
[20128.1680]   API 1002 run
[20128.1680]   CYCLE End 1
[20128.1914]   API 3 run
[20128.2871]   API 1000 run
[20128.3008]   API 1001 run
[20128.3711]   API 1002 run
[20128.4395]   API 7 run
[20129.0430]   API 22 run
[20129.0801]   API 1000 run
[20129.0938]   API 1001 run
[20129.6328]   API 3000 run
[20131.6680]   PRESENT END 2
[20403.3066]   PRESENT START 1
[20406.7754]   SOCKET END 0
[20406.7754]   API 1002 run
[20406.7754]   CYCLE End 1
[20406.8008]   API 3 run
[20406.8926]   API 1000 run
[20406.9082]   API 1001 run
[20406.9805]   API 1002 run
[20407.0527]   API 7 run
[20407.5762]   API 3000 run
[20407.8594]   API 22 run
[20407.9004]   API 1000 run
[20407.9160]   API 1001 run
[20409.3047]   PRESENT END 2
[20682.8086]   PRESENT START 1
[20685.0801]   SOCKET END 0
[20685.0820]   API 1002 run
[20685.0820]   CYCLE End 1
[20685.1035]   API 3 run
[20685.1875]   API 1000 run
[20685.1992]   API 1001 run
[20685.2852]   API 1002 run
[20685.3555]   API 7 run
[20685.9238]   API 22 run
[20685.9727]   API 1000 run
[20685.9863]   API 1001 run
[20686.6973]   API 3000 run
[20688.5391]   PRESENT END 2
[20959.9961]   PRESENT START 1
[20962.4102]   SOCKET END 0
[20962.4121]   API 1002 run
[20962.4121]   CYCLE End 1
[20962.4316]   API 3 run
[20962.5156]   API 1000 run
[20962.5273]   API 1001 run
[20962.6016]   API 1002 run
[20962.6797]   API 7 run
[20963.2773]   API 22 run
[20963.3203]   API 1000 run
[20963.3340]   API 1001 run
[20964.0098]   API 3000 run
[20965.8867]   PRESENT END 2
[21236.9902]   PRESENT START 1
[21239.1621]   SOCKET END 0
[21239.1621]   API 1002 run
[21239.1641]   CYCLE End 1
[21239.1836]   API 3 run
[21239.2852]   API 1000 run
[21239.3008]   API 1001 run
[21239.3770]   API 1002 run
[21239.4434]   API 7 run
[21240.0449]   API 22 run
[21240.0840]   API 1000 run
[21240.0996]   API 1001 run
[21241.3496]   API 3000 run
[21243.0000]   PRESENT END 2
[21514.9277]   PRESENT START 1
[21518.2832]   SOCKET END 0
[21518.2832]   API 1002 run
[21518.2832]   CYCLE End 1
[21518.3086]   API 3 run
[21518.3965]   API 1000 run
[21518.4082]   API 1001 run
[21518.4805]   API 1002 run
[21518.5527]   API 7 run
[21518.8379]   API 3000 run
[21519.3105]   API 22 run
[21519.3516]   API 1000 run
[21519.3672]   API 1001 run
[21520.7363]   PRESENT END 2
[21793.2871]   PRESENT START 1
[21795.5762]   SOCKET END 0
[21795.5762]   API 1002 run
[21795.5781]   CYCLE End 1
[21795.5996]   API 3 run
[21795.6816]   API 1000 run
[21795.6934]   API 1001 run
[21795.7637]   API 1002 run
[21795.8340]   API 7 run
[21796.4082]   API 22 run
[21796.4570]   API 1000 run
[21796.4727]   API 1001 run
[21797.3711]   API 3000 run
[21798.9492]   PRESENT END 2
[22071.8730]   PRESENT START 1
[22074.2637]   SOCKET END 0
[22074.2637]   API 1002 run
[22074.2637]   CYCLE End 1
[22074.2871]   API 3 run
[22074.3770]   API 1000 run
[22074.3926]   API 1001 run
[22074.4648]   API 1002 run
[22074.5371]   API 7 run
[22075.1191]   API 22 run
[22075.1602]   API 1000 run
[22075.1738]   API 1001 run
[22076.0332]   API 3000 run
[22077.8242]   PRESENT END 2
[22350.2500]   PRESENT START 1
[22352.6836]   SOCKET END 0
[22352.6836]   API 1002 run
[22352.6836]   CYCLE End 1
[22352.7031]   API 3 run
[22352.7930]   API 1000 run
[22352.8047]   API 1001 run
[22352.8770]   API 1002 run
[22352.9473]   API 7 run
[22353.5273]   API 22 run
[22353.5684]   API 1000 run
[22353.5801]   API 1001 run
[22354.1973]   API 3000 run
[22356.0840]   PRESENT END 2
[22627.4277]   PRESENT START 1
[22630.6562]   SOCKET END 0
[22630.6562]   API 1002 run
[22630.6582]   CYCLE End 1
[22630.6777]   API 3 run
[22630.7617]   API 1000 run
[22630.7754]   API 1001 run
[22630.8457]   API 1002 run
[22630.9160]   API 7 run
[22631.4375]   API 3000 run
[22631.7246]   API 22 run
[22631.7656]   API 1000 run
[22631.7793]   API 1001 run
[22633.1191]   PRESENT END 2
[22906.7832]   PRESENT START 1
[22909.1797]   SOCKET END 0
[22909.1816]   API 1002 run
[22909.1836]   CYCLE End 1
[22909.2031]   API 3 run
[22909.2891]   API 1000 run
[22909.3047]   API 1001 run
[22909.3711]   API 1002 run
[22909.4434]   API 7 run
[22910.0195]   API 22 run
[22910.0684]   API 1000 run
[22910.0840]   API 1001 run
[22911.0039]   API 3000 run
[22912.4922]   PRESENT END 2
[23184.7148]   PRESENT START 1
[23186.8887]   SOCKET END 0
[23186.8906]   API 1002 run
[23186.8926]   CYCLE End 1
[23186.9121]   API 3 run
[23186.9922]   API 1000 run
[23187.0039]   API 1001 run
[23187.0723]   API 1002 run
[23187.1562]   API 7 run
[23187.7441]   API 22 run
[23187.7832]   API 1000 run
[23187.7988]   API 1001 run
[23188.7246]   API 3000 run
[23190.2871]   PRESENT END 2
[23462.2793]   PRESENT START 1
[23464.6836]   SOCKET END 0
[23464.6836]   API 1002 run
[23464.6855]   CYCLE End 1
[23464.7070]   API 3 run
[23464.7852]   API 1000 run
[23464.7988]   API 1001 run
[23464.8691]   API 1002 run
[23464.9395]   API 7 run
[23465.5000]   API 22 run
[23465.5391]   API 1000 run
[23465.5527]   API 1001 run
[23466.3281]   API 3000 run
[23468.1035]   PRESENT END 2
[23741.4004]   PRESENT START 1
[23744.6719]   SOCKET END 0
[23744.6719]   API 1002 run
[23744.6719]   CYCLE End 1
[23744.6953]   API 3 run
[23744.7832]   API 1000 run
[23744.7969]   API 1001 run
[23744.8672]   API 1002 run
[23744.9434]   API 7 run
[23745.3633]   API 22 run
[23745.4043]   API 1000 run
[23745.4160]   API 1001 run
[23745.7324]   API 3000 run
[23747.4004]   PRESENT END 2
[24019.1504]   PRESENT START 1
[24021.5156]   SOCKET END 0
[24021.5156]   API 1002 run
[24021.5156]   CYCLE End 1
[24021.5391]   API 3 run
[24021.6172]   API 1000 run
[24021.6328]   API 1001 run
[24021.6992]   API 1002 run
[24021.7676]   API 7 run
[24022.3652]   API 22 run
[24022.4160]   API 1000 run
[24022.4277]   API 1001 run
[24023.1719]   API 3000 run
[24024.9141]   PRESENT END 2
[24297.5762]   PRESENT START 1
[24299.9844]   SOCKET END 0
[24299.9844]   API 1002 run
[24299.9863]   CYCLE End 1
[24300.0078]   API 3 run
[24300.0996]   API 1000 run
[24300.1133]   API 1001 run
[24300.1875]   API 1002 run
[24300.2578]   API 7 run
[24300.8223]   API 22 run
[24300.8594]   API 1000 run
[24300.8770]   API 1001 run
[24301.8965]   API 3000 run
[24303.6230]   PRESENT END 2
[24575.4102]   PRESENT START 1
[24577.6191]   SOCKET END 0
[24577.6191]   API 1002 run
[24577.6211]   CYCLE End 1
[24577.6445]   API 3 run
[24577.7285]   API 1000 run
[24577.7402]   API 1001 run
[24577.8125]   API 1002 run
[24577.8809]   API 7 run
[24578.4609]   API 22 run
[24578.5000]   API 1000 run
[24578.5117]   API 1001 run
[24579.7441]   API 3000 run
[24581.3945]   PRESENT END 2
[24852.7539]   PRESENT START 1
[24856.6094]   SOCKET END 0
[24856.6094]   API 1002 run
[24856.6113]   CYCLE End 1
[24856.6328]   API 3 run
[24856.6895]   API 3000 run
[24856.7246]   API 1000 run
[24856.7441]   API 1001 run
[24856.8184]   API 1002 run
[24856.8906]   API 7 run
[24857.3887]   API 22 run
[24857.4277]   API 1000 run
[24857.4414]   API 1001 run
[24858.5605]   PRESENT END 2
[25133.2480]   PRESENT START 1
[25135.5078]   SOCKET END 0
[25135.5098]   API 1002 run
[25135.5117]   CYCLE End 1
[25135.5312]   API 3 run
[25135.6191]   API 1000 run
[25135.6328]   API 1001 run
[25135.7031]   API 1002 run
[25135.7715]   API 7 run
[25136.3848]   API 22 run
[25136.4238]   API 1000 run
[25136.4355]   API 1001 run
[25137.5352]   API 3000 run
[25139.1758]   PRESENT END 2
[25411.9062]   PRESENT START 1
[25414.3203]   SOCKET END 0
[25414.3203]   API 1002 run
[25414.3203]   CYCLE End 1
[25414.3418]   API 3 run
[25414.4336]   API 1000 run
[25414.4473]   API 1001 run
[25414.5195]   API 1002 run
[25414.5879]   API 7 run
[25415.2207]   API 22 run
[25415.2598]   API 1000 run
[25415.2715]   API 1001 run
[25416.0312]   API 3000 run
[25417.8418]   PRESENT END 2
[25690.3320]   PRESENT START 1
[25692.7383]   SOCKET END 0
[25692.7383]   API 1002 run
[25692.7402]   CYCLE End 1
[25692.7598]   API 3 run
[25692.8477]   API 1000 run
[25692.8594]   API 1001 run
[25692.9316]   API 1002 run
[25693.0000]   API 7 run
[25693.6055]   API 22 run
[25693.6484]   API 1000 run
[25693.6602]   API 1001 run
[25694.3926]   API 3000 run
[25696.1992]   PRESENT END 2
[25969.7598]   PRESENT START 1
[25973.0527]   SOCKET END 0
[25973.0527]   API 1002 run
[25973.0527]   CYCLE End 1
[25973.0762]   API 3 run
[25973.1699]   API 1000 run
[25973.1836]   API 1001 run
[25973.2559]   API 1002 run
[25973.3262]   API 7 run
[25973.7207]   API 3000 run
[25974.1191]   API 22 run
[25974.1621]   API 1000 run
[25974.1758]   API 1001 run
[25975.5684]   PRESENT END 2
[26248.2480]   PRESENT START 1
[26250.6562]   SOCKET END 0
[26250.6562]   API 1002 run
[26250.6582]   CYCLE End 1
[26250.6797]   API 3 run
[26250.7754]   API 1000 run
[26250.7930]   API 1001 run
[26250.8672]   API 1002 run
[26250.9395]   API 7 run
[26251.5352]   API 22 run
[26251.5801]   API 1000 run
[26251.5918]   API 1001 run
[26252.2051]   API 3000 run
[26254.0879]   PRESENT END 2
[26527.4902]   PRESENT START 1
[26529.8281]   SOCKET END 0
[26529.8281]   API 1002 run
[26529.8281]   CYCLE End 1
[26529.8496]   API 3 run
[26529.9473]   API 1000 run
[26529.9609]   API 1001 run
[26530.0488]   API 1002 run
[26530.1191]   API 7 run
[26530.6641]   API 22 run
[26530.7031]   API 1000 run
[26530.7168]   API 1001 run
[26531.3848]   API 3000 run
[26533.2754]   PRESENT END 2
[26805.8398]   PRESENT START 1
[26808.2363]   SOCKET END 0
[26808.2383]   API 1002 run
[26808.2402]   CYCLE End 1
[26808.2598]   API 3 run
[26808.3438]   API 1000 run
[26808.3555]   API 1001 run
[26808.4277]   API 1002 run
[26808.5078]   API 7 run
[26809.0840]   API 22 run
[26809.1270]   API 1000 run
[26809.1406]   API 1001 run
[26809.5996]   API 3000 run
[26811.7871]   PRESENT END 2
[27083.4082]   PRESENT START 1
[27086.7500]   SOCKET END 0
[27086.7500]   API 1002 run
[27086.7520]   CYCLE End 1
[27086.7715]   API 3 run
[27086.8516]   API 1000 run
[27086.8633]   API 1001 run
[27086.9375]   API 1002 run
[27087.0234]   API 7 run
[27087.2676]   API 3000 run
[27087.7949]   API 22 run
[27087.8359]   API 1000 run
[27087.8477]   API 1001 run
[27089.4043]   PRESENT END 2
[27364.2109]   PRESENT START 1
[27366.3965]   SOCKET END 0
[27366.3965]   API 1002 run
[27366.3965]   CYCLE End 1
[27366.4180]   API 3 run
[27366.5000]   API 1000 run
[27366.5117]   API 1001 run
[27366.5840]   API 1002 run
[27366.6523]   API 7 run
[27367.2480]   API 22 run
[27367.2930]   API 1000 run
[27367.3047]   API 1001 run
[27368.0723]   API 3000 run
[27369.9023]   PRESENT END 2
[27642.9141]   PRESENT START 1
[27645.3086]   SOCKET END 0
[27645.3086]   API 1002 run
[27645.3086]   CYCLE End 1
[27645.3281]   API 3 run
[27645.4121]   API 1000 run
[27645.4238]   API 1001 run
[27645.5078]   API 1002 run
[27645.5645]   API 7 run
[27646.1445]   API 22 run
[27646.1816]   API 1000 run
[27646.1953]   API 1001 run
[27646.6016]   API 3000 run
[27648.8105]   PRESENT END 2
[27922.4707]   PRESENT START 1
[27924.7520]   SOCKET END 0
[27924.7520]   API 1002 run
[27924.7520]   CYCLE End 1
[27924.7734]   API 3 run
[27924.8555]   API 1000 run
[27924.8672]   API 1001 run
[27924.9512]   API 1002 run
[27925.0215]   API 7 run
[27925.5840]   API 22 run
[27925.6230]   API 1000 run
[27925.6367]   API 1001 run
[27926.3203]   API 3000 run
[27928.1602]   PRESENT END 2
[28201.3398]   PRESENT START 1
[28204.6328]   SOCKET END 0
[28204.6328]   API 1002 run
[28204.6367]   CYCLE End 1
[28204.6562]   API 3 run
[28204.7402]   API 1000 run
[28204.7520]   API 1001 run
[28204.8203]   API 1002 run
[28204.8926]   API 7 run
[28205.1797]   API 3000 run
[28205.7148]   API 22 run
[28205.7520]   API 1000 run
[28205.7676]   API 1001 run
[28207.1328]   PRESENT END 2
[28483.5918]   PRESENT START 1
[28486.0352]   SOCKET END 0
[28486.0352]   API 1002 run
[28486.0371]   CYCLE End 1
[28486.0586]   API 3 run
[28486.1406]   API 1000 run
[28486.1523]   API 1001 run
[28486.2285]   API 1002 run
[28486.3047]   API 7 run
[28486.8594]   API 22 run
[28486.9004]   API 1000 run
[28486.9277]   API 1001 run
[28487.3828]   API 3000 run
[28489.4688]   PRESENT END 2
[28760.8047]   PRESENT START 1
[28763.1914]   SOCKET END 0
[28763.1914]   API 1002 run
[28763.1934]   CYCLE End 1
[28763.2168]   API 3 run
[28763.3008]   API 1000 run
[28763.3125]   API 1001 run
[28763.3887]   API 1002 run
[28763.4629]   API 7 run
[28764.0605]   API 22 run
[28764.1133]   API 1000 run
[28764.1289]   API 1001 run
[28764.5039]   API 3000 run
[28766.6172]   PRESENT END 2
[29038.6484]   PRESENT START 1
[29040.8594]   SOCKET END 0
[29040.8594]   API 1002 run
[29040.8594]   CYCLE End 1
[29040.8945]   API 3 run
[29040.9785]   API 1000 run
[29040.9922]   API 1001 run
[29041.0684]   API 1002 run
[29041.1406]   API 7 run
[29041.6797]   API 22 run
[29041.7207]   API 1000 run
[29041.7324]   API 1001 run
[29042.5234]   API 3000 run
[29044.2207]   PRESENT END 2
[29316.5078]   PRESENT START 1
[29319.8320]   SOCKET END 0
[29319.8320]   API 1002 run
[29319.8320]   CYCLE End 1
[29319.8555]   API 3 run
[29319.9473]   API 1000 run
[29319.9629]   API 1001 run
[29320.0391]   API 1002 run
[29320.1113]   API 7 run
[29320.3848]   API 3000 run
[29320.8516]   API 22 run
[29320.9082]   API 1000 run
[29320.9199]   API 1001 run
[29322.3066]   PRESENT END 2
[29595.4883]   PRESENT START 1
[29597.8418]   SOCKET END 0
[29597.8438]   API 1002 run
[29597.8438]   CYCLE End 1
[29597.9180]   API 3 run
[29598.0059]   API 1000 run
[29598.0195]   API 1001 run
[29598.0957]   API 1002 run
[29598.1680]   API 7 run
[29598.6914]   API 22 run
[29598.7324]   API 1000 run
[29598.7441]   API 1001 run
[29599.3125]   API 3000 run
[29600.8926]   PRESENT END 2
[29875.0039]   PRESENT START 1
[29877.3965]   SOCKET END 0
[29877.3965]   API 1002 run
[29877.3965]   CYCLE End 1
[29877.4238]   API 3 run
[29877.5078]   API 1000 run
[29877.5195]   API 1001 run
[29877.5957]   API 1002 run
[29877.6699]   API 7 run
[29878.2637]   API 22 run
[29878.3164]   API 1000 run
[29878.3301]   API 1001 run
[29879.1035]   API 3000 run
[29880.8438]   PRESENT END 2
[30154.8887]   PRESENT START 1
[30157.4395]   SOCKET END 0
[30157.4395]   API 1002 run
[30157.4395]   CYCLE End 1
[30157.4629]   API 3 run
[30157.5605]   API 1000 run
[30157.5762]   API 1001 run
[30157.6523]   API 1002 run
[30157.7285]   API 7 run
[30158.3105]   API 22 run
[30158.3516]   API 1000 run
[30158.3652]   API 1001 run
[30158.5625]   API 3000 run
[30160.8086]   PRESENT END 2
[30434.4805]   PRESENT START 1
[30437.8086]   API 3000 run
[30437.9922]   SOCKET END 0
[30437.9941]   API 1002 run
[30437.9961]   CYCLE End 1
[30438.0156]   API 3 run
[30438.1113]   API 1000 run
[30438.1289]   API 1001 run
[30438.2012]   API 1002 run
[30438.2754]   API 7 run
[30439.0117]   API 22 run
[30439.0566]   API 1000 run
[30439.0684]   API 1001 run
[30440.3223]   PRESENT END 2
[30713.6973]   PRESENT START 1
[30715.9395]   SOCKET END 0
[30715.9395]   API 1002 run
[30715.9395]   CYCLE End 1
[30715.9648]   API 3 run
[30716.0723]   API 1000 run
[30716.0879]   API 1001 run
[30716.1660]   API 1002 run
[30716.2422]   API 7 run
[30716.7832]   API 22 run
[30716.8438]   API 1000 run
[30716.8594]   API 1001 run
[30717.3418]   API 3000 run
[30719.3125]   PRESENT END 2
[30991.1289]   PRESENT START 1
[30993.5645]   SOCKET END 0
[30993.5664]   API 1002 run
[30993.5684]   CYCLE End 1
[30993.5898]   API 3 run
[30993.6758]   API 1000 run
[30993.6875]   API 1001 run
[30993.7637]   API 1002 run
[30993.8516]   API 7 run
[30994.3457]   API 22 run
[30994.4004]   API 1000 run
[30994.4141]   API 1001 run
[30994.6836]   API 3000 run
[30996.8906]   PRESENT END 2
[31270.7969]   PRESENT START 1
[31273.1562]   SOCKET END 0
[31273.1562]   API 1002 run
[31273.1582]   CYCLE End 1
[31273.1797]   API 3 run
[31273.2637]   API 1000 run
[31273.2754]   API 1001 run
[31273.3516]   API 1002 run
[31273.4238]   API 7 run
[31273.9941]   API 22 run
[31274.0352]   API 1000 run
[31274.0508]   API 1001 run
[31274.0645]   API 3000 run
[31276.5762]   PRESENT END 2
[31550.0020]   PRESENT START 1
[31553.2832]   API 3000 run
[31553.3398]   SOCKET END 0
[31553.3418]   API 1002 run
[31553.3438]   CYCLE End 1
[31553.3848]   API 3 run
[31553.4766]   API 1000 run
[31553.4922]   API 1001 run
[31553.5664]   API 1002 run
[31553.6426]   API 7 run
[31554.0645]   API 22 run
[31554.1152]   API 1000 run
[31554.1289]   API 1001 run
[31555.8320]   PRESENT END 2
[31828.9238]   PRESENT START 1
[31831.2871]   SOCKET END 0
[31831.2871]   API 1002 run
[31831.2891]   CYCLE End 1
[31832.2539]   API 3000 run
[31835.9277]   PRESENT END 2
