[465.4020]   API 1000 run
[465.4270]   API 1001 run
[465.5870]   API 1002 run
[466.6140]   API 1000 run
[466.6250]   API 1001 run
[466.6940]   API 1002 run
[507.0940]   API 7 run
[507.9360]   API 1000 run
[516.9260]   API 1001 run
[521.9520]   API 1002 run
[582.8180]   API 1000 run
[582.8370]   API 1001 run
[582.9090]   API 1002 run
[592.7280]   API 7 run
[592.9520]   API 1000 run
[594.0210]   API 1001 run
[596.6500]   API 1002 run
[618.7040]   API 1000 run
[618.7150]   API 1001 run
[618.7840]   API 1002 run
[619.5880]   API 7 run
[619.7690]   API 1000 run
[619.7830]   API 1001 run
[619.8500]   API 1002 run
[622.4150]   API 1000 run
[622.4260]   API 1001 run
[622.4880]   API 1002 run
[623.2500]   API 7 run
[623.4000]   API 1000 run
[623.4100]   API 1001 run
[623.4730]   API 1002 run
[625.9570]   API 1000 run
[625.9670]   API 1001 run
[626.0310]   API 1002 run
[626.7750]   API 7 run
[626.9200]   API 1000 run
[626.9390]   API 1001 run
[627.0010]   API 1002 run
[629.4550]   API 1000 run
[629.4650]   API 1001 run
[629.5420]   API 1002 run
[630.2940]   API 7 run
[630.4460]   API 1000 run
[630.4570]   API 1001 run
[630.5410]   API 1002 run
[633.7020]   API 1000 run
[633.7130]   API 1001 run
[633.7800]   API 1002 run
[636.1500]   API 7 run
[636.5430]   API 7 run
[636.9070]   API 7 run
[639.6870]   API 7 run
[640.5770]   API 1000 run
[640.5900]   API 1001 run
[640.6640]   API 1002 run
[644.7000]   API 1000 run
[644.7100]   API 1001 run
[644.7700]   API 1002 run
[645.2020]   API 1000 run
[645.2120]   API 1001 run
[645.2630]   API 1002 run
[645.7170]   API 1000 run
[645.7400]   API 1001 run
[645.7990]   API 1002 run
[646.2130]   API 1000 run
[646.2230]   API 1001 run
[646.2760]   API 1002 run
[646.6990]   API 1000 run
[646.7080]   API 1001 run
[646.7610]   API 1002 run
[647.1600]   API 1000 run
[647.1690]   API 1001 run
[647.2200]   API 1002 run
[647.6610]   API 1000 run
[647.6710]   API 1001 run
[647.7230]   API 1002 run
[648.1260]   API 1000 run
[648.1350]   API 1001 run
[648.1850]   API 1002 run
[648.6040]   API 1000 run
[648.6140]   API 1001 run
[648.6670]   API 1002 run
[649.0660]   API 1000 run
[649.0760]   API 1001 run
[649.1260]   API 1002 run
[649.5400]   API 1000 run
[649.5500]   API 1001 run
[649.6030]   API 1002 run
[650.0250]   API 1000 run
[650.0350]   API 1001 run
[650.0880]   API 1002 run
[650.4910]   API 1000 run
[650.5150]   API 1001 run
[650.5670]   API 1002 run
[651.3040]   API 1000 run
[651.3130]   API 1001 run
[651.3650]   API 1002 run
[651.7960]   API 1000 run
[651.8050]   API 1001 run
[651.8570]   API 1002 run
[652.2630]   API 1000 run
[652.2730]   API 1001 run
[652.3250]   API 1002 run
[652.7540]   API 1000 run
[652.7630]   API 1001 run
[652.8160]   API 1002 run
[653.2210]   API 1000 run
[653.2300]   API 1001 run
[653.2820]   API 1002 run
[653.7060]   API 1000 run
[653.7160]   API 1001 run
[653.7750]   API 1002 run
[654.1800]   API 1000 run
[654.1900]   API 1001 run
[654.2400]   API 1002 run
[654.6550]   API 1000 run
[654.6640]   API 1001 run
[654.7150]   API 1002 run
[655.1220]   API 1000 run
[655.1320]   API 1001 run
[655.1830]   API 1002 run
[655.5960]   API 1000 run
[655.6060]   API 1001 run
[655.6570]   API 1002 run
[656.0520]   API 1000 run
[656.0620]   API 1001 run
[656.1130]   API 1002 run
[656.5250]   API 1000 run
[656.5350]   API 1001 run
[656.5870]   API 1002 run
[656.9850]   API 1000 run
[656.9940]   API 1001 run
[657.0450]   API 1002 run
[657.4440]   API 1000 run
[657.4530]   API 1001 run
[657.5270]   API 1002 run
[657.9520]   API 1000 run
[657.9620]   API 1001 run
[658.0260]   API 1002 run
[658.4220]   API 1000 run
[658.4320]   API 1001 run
[658.4950]   API 1002 run
[658.9020]   API 1000 run
[658.9110]   API 1001 run
[658.9630]   API 1002 run
[659.3560]   API 1000 run
[659.3660]   API 1001 run
[659.4170]   API 1002 run
[659.8350]   API 1000 run
[659.8450]   API 1001 run
[659.8950]   API 1002 run
[660.2980]   API 1000 run
[660.3080]   API 1001 run
[660.3610]   API 1002 run
[660.7820]   API 1000 run
[660.7910]   API 1001 run
[660.8430]   API 1002 run
[661.2550]   API 1000 run
[661.2640]   API 1001 run
[661.3150]   API 1002 run
[661.7370]   API 1000 run
[661.7460]   API 1001 run
[661.7950]   API 1002 run
[662.1980]   API 1000 run
[662.2070]   API 1001 run
[662.2570]   API 1002 run
[662.6740]   API 1000 run
[662.6840]   API 1001 run
[662.7360]   API 1002 run
[663.1390]   API 1000 run
[663.1480]   API 1001 run
[663.1980]   API 1002 run
[663.6110]   API 1000 run
[663.6200]   API 1001 run
[663.6730]   API 1002 run
[664.0770]   API 1000 run
[664.0860]   API 1001 run
[664.1370]   API 1002 run
[664.5480]   API 1000 run
[664.5570]   API 1001 run
[664.6110]   API 1002 run
[665.0210]   API 1000 run
[665.0300]   API 1001 run
[665.0800]   API 1002 run
[665.4780]   API 1000 run
[665.5010]   API 1001 run
[665.5540]   API 1002 run
[665.9680]   API 1000 run
[665.9780]   API 1001 run
[666.0290]   API 1002 run
[666.4270]   API 1000 run
[666.4370]   API 1001 run
[666.5020]   API 1002 run
[666.9010]   API 1000 run
[666.9100]   API 1001 run
[666.9620]   API 1002 run
[667.3770]   API 1000 run
[667.3860]   API 1001 run
[667.4380]   API 1002 run
[667.8550]   API 1000 run
[667.8650]   API 1001 run
[667.9160]   API 1002 run
[668.3180]   API 1000 run
[668.3270]   API 1001 run
[668.3770]   API 1002 run
[668.7980]   API 1000 run
[668.8070]   API 1001 run
[668.8610]   API 1002 run
[669.2570]   API 1000 run
[669.2670]   API 1001 run
[669.3180]   API 1002 run
[669.7900]   API 1000 run
[669.8020]   API 1001 run
[669.8600]   API 1002 run
[670.2610]   API 1000 run
[670.2710]   API 1001 run
[670.3220]   API 1002 run
[670.7390]   API 1000 run
[670.7490]   API 1001 run
[670.8000]   API 1002 run
[671.1950]   API 1000 run
[671.2050]   API 1001 run
[671.2560]   API 1002 run
[671.6710]   API 1000 run
[671.6800]   API 1001 run
[671.7320]   API 1002 run
[672.1330]   API 1000 run
[672.1430]   API 1001 run
[672.1940]   API 1002 run
[672.6130]   API 1000 run
[672.6220]   API 1001 run
[672.6750]   API 1002 run
[673.0780]   API 1000 run
[673.0880]   API 1001 run
[673.1390]   API 1002 run
[673.5490]   API 1000 run
[673.5590]   API 1001 run
[673.6210]   API 1002 run
[674.0320]   API 1000 run
[674.0410]   API 1001 run
[674.0950]   API 1002 run
[674.5040]   API 1000 run
[674.5140]   API 1001 run
[674.5660]   API 1002 run
[674.9800]   API 1000 run
[674.9890]   API 1001 run
[675.0420]   API 1002 run
[675.4360]   API 1000 run
[675.4460]   API 1001 run
[675.5130]   API 1002 run
[675.9020]   API 1000 run
[675.9120]   API 1001 run
[675.9620]   API 1002 run
[676.3510]   API 1000 run
[676.3610]   API 1001 run
[676.4110]   API 1002 run
[676.8120]   API 1000 run
[676.8210]   API 1001 run
[676.8730]   API 1002 run
[677.8550]   API 1000 run
[677.8660]   API 1001 run
[677.9310]   API 1002 run
[678.3180]   API 1000 run
[678.3280]   API 1001 run
[678.3790]   API 1002 run
[678.7860]   API 1000 run
[678.7950]   API 1001 run
[678.8460]   API 1002 run
[679.2360]   API 1000 run
[679.2450]   API 1001 run
[679.2950]   API 1002 run
[679.6950]   API 1000 run
[679.7050]   API 1001 run
[679.7570]   API 1002 run
[680.1560]   API 1000 run
[680.1660]   API 1001 run
[680.2170]   API 1002 run
[680.6170]   API 1000 run
[680.6270]   API 1001 run
[680.6770]   API 1002 run
[681.0690]   API 1000 run
[681.0790]   API 1001 run
[681.1280]   API 1002 run
[681.5280]   API 1000 run
[681.5380]   API 1001 run
[681.5910]   API 1002 run
[682.0060]   API 1000 run
[682.0160]   API 1001 run
[682.0700]   API 1002 run
[682.4650]   API 1000 run
[682.4740]   API 1001 run
[682.5410]   API 1002 run
[682.9390]   API 1000 run
[682.9480]   API 1001 run
[682.9990]   API 1002 run
[683.3890]   API 1000 run
[683.3990]   API 1001 run
[683.4500]   API 1002 run
[683.8540]   API 1000 run
[683.8630]   API 1001 run
[683.9260]   API 1002 run
[684.3170]   API 1000 run
[684.3270]   API 1001 run
[684.3800]   API 1002 run
[684.7850]   API 1000 run
[684.7940]   API 1001 run
[684.8480]   API 1002 run
[685.2550]   API 1000 run
[685.2640]   API 1001 run
[685.3150]   API 1002 run
[685.7300]   API 1000 run
[685.7400]   API 1001 run
[685.7960]   API 1002 run
[686.1970]   API 1000 run
[686.2070]   API 1001 run
[686.2580]   API 1002 run
[686.6680]   API 1000 run
[686.6780]   API 1001 run
[686.7310]   API 1002 run
[687.1220]   API 1000 run
[687.1320]   API 1001 run
[687.1850]   API 1002 run
[687.6010]   API 1000 run
[687.6110]   API 1001 run
[687.6660]   API 1002 run
[688.0550]   API 1000 run
[688.0640]   API 1001 run
[688.1170]   API 1002 run
[688.5280]   API 1000 run
[688.5370]   API 1001 run
[688.5890]   API 1002 run
[688.9760]   API 1000 run
[688.9860]   API 1001 run
[689.0370]   API 1002 run
[689.4260]   API 1000 run
[689.4350]   API 1001 run
[689.5000]   API 1002 run
[689.9240]   API 1000 run
[689.9340]   API 1001 run
[689.9910]   API 1002 run
[690.3770]   API 1000 run
[690.3870]   API 1001 run
[690.4380]   API 1002 run
[690.8480]   API 1000 run
[690.8570]   API 1001 run
[690.9080]   API 1002 run
[691.2930]   API 1000 run
[691.3020]   API 1001 run
[691.3550]   API 1002 run
[691.7620]   API 1000 run
[691.7720]   API 1001 run
[691.8240]   API 1002 run
[692.2190]   API 1000 run
[692.2280]   API 1001 run
[692.2800]   API 1002 run
[692.6890]   API 1000 run
[692.6990]   API 1001 run
[692.7500]   API 1002 run
[693.1450]   API 1000 run
[693.1540]   API 1001 run
[693.2070]   API 1002 run
[693.6190]   API 1000 run
[693.6300]   API 1001 run
[693.6880]   API 1002 run
[694.0900]   API 1000 run
[694.0990]   API 1001 run
[694.1530]   API 1002 run
[694.5660]   API 1000 run
[694.5750]   API 1001 run
[694.6290]   API 1002 run
[695.0280]   API 1000 run
[695.0370]   API 1001 run
[695.0900]   API 1002 run
[695.4790]   API 1000 run
[695.4880]   API 1001 run
[695.5570]   API 1002 run
[695.9610]   API 1000 run
[695.9700]   API 1001 run
[696.0230]   API 1002 run
[696.4130]   API 1000 run
[696.4220]   API 1001 run
[696.4970]   API 1002 run
[696.9000]   API 1000 run
[696.9100]   API 1001 run
[696.9670]   API 1002 run
[697.3630]   API 1000 run
[697.3720]   API 1001 run
[697.4280]   API 1002 run
[697.8650]   API 1000 run
[697.8750]   API 1001 run
[697.9380]   API 1002 run
[698.3460]   API 1000 run
[698.3550]   API 1001 run
[698.4120]   API 1002 run
[698.8220]   API 1000 run
[698.8310]   API 1001 run
[698.8880]   API 1002 run
[699.2880]   API 1000 run
[699.3040]   API 1001 run
[699.3580]   API 1002 run
[699.7660]   API 1000 run
[699.7750]   API 1001 run
[699.8310]   API 1002 run
[700.2310]   API 1000 run
[700.2410]   API 1001 run
[700.2940]   API 1002 run
[700.7060]   API 1000 run
[700.7160]   API 1001 run
[700.7690]   API 1002 run
[701.1590]   API 1000 run
[701.1680]   API 1001 run
[701.2210]   API 1002 run
[701.6570]   API 1000 run
[701.6710]   API 1001 run
[701.7380]   API 1002 run
[702.1460]   API 1000 run
[702.1560]   API 1001 run
[702.2130]   API 1002 run
[702.6320]   API 1000 run
[702.6410]   API 1001 run
[702.6990]   API 1002 run
[703.1060]   API 1000 run
[703.1150]   API 1001 run
[703.1700]   API 1002 run
[703.5830]   API 1000 run
[703.5930]   API 1001 run
[703.6490]   API 1002 run
[704.0480]   API 1000 run
[704.0570]   API 1001 run
[704.1140]   API 1002 run
[704.5260]   API 1000 run
[704.5350]   API 1001 run
[704.5910]   API 1002 run
[704.9870]   API 1000 run
[704.9960]   API 1001 run
[705.0470]   API 1002 run
[705.4360]   API 1000 run
[705.4450]   API 1001 run
[705.5110]   API 1002 run
[705.9290]   API 1000 run
[705.9390]   API 1001 run
[705.9930]   API 1002 run
[706.3810]   API 1000 run
[706.3900]   API 1001 run
[706.4420]   API 1002 run
[706.8580]   API 1000 run
[706.8680]   API 1001 run
[706.9210]   API 1002 run
[707.3100]   API 1000 run
[707.3200]   API 1001 run
[707.3700]   API 1002 run
[707.7760]   API 1000 run
[707.7850]   API 1001 run
[707.8370]   API 1002 run
[708.3330]   API 1000 run
[708.3450]   API 1001 run
[708.3960]   API 1002 run
[708.7950]   API 1000 run
[708.8050]   API 1001 run
[708.8560]   API 1002 run
[709.2530]   API 1000 run
[709.2620]   API 1001 run
[709.3130]   API 1002 run
[709.7310]   API 1000 run
[709.7410]   API 1001 run
[709.7990]   API 1002 run
[710.2020]   API 1000 run
[710.2120]   API 1001 run
[710.2660]   API 1002 run
[710.6780]   API 1000 run
[710.6870]   API 1001 run
[710.7400]   API 1002 run
[711.1280]   API 1000 run
[711.1370]   API 1001 run
[711.1880]   API 1002 run
[711.6040]   API 1000 run
[711.6130]   API 1001 run
[711.6670]   API 1002 run
[712.0560]   API 1000 run
[712.0660]   API 1001 run
[712.1180]   API 1002 run
[712.5260]   API 1000 run
[712.5350]   API 1001 run
[712.5880]   API 1002 run
[712.9780]   API 1000 run
[712.9870]   API 1001 run
[713.0370]   API 1002 run
[713.4260]   API 1000 run
[713.4360]   API 1001 run
[713.4880]   API 1002 run
[713.9140]   API 1000 run
[713.9290]   API 1001 run
[713.9850]   API 1002 run
[714.3820]   API 1000 run
[714.3910]   API 1001 run
[714.4420]   API 1002 run
[714.8550]   API 1000 run
[714.8640]   API 1001 run
[714.9160]   API 1002 run
[715.3040]   API 1000 run
[715.3130]   API 1001 run
[715.3660]   API 1002 run
[715.7760]   API 1000 run
[715.7860]   API 1001 run
[715.8380]   API 1002 run
[716.2220]   API 1000 run
[716.2310]   API 1001 run
[716.2820]   API 1002 run
[716.6990]   API 1000 run
[716.7080]   API 1001 run
[716.7590]   API 1002 run
[717.1420]   API 1000 run
[717.1520]   API 1001 run
[717.2020]   API 1002 run
[717.6190]   API 1000 run
[717.6300]   API 1001 run
[717.6890]   API 1002 run
[718.0860]   API 1000 run
[718.0960]   API 1001 run
[718.1490]   API 1002 run
[718.5510]   API 1000 run
[718.5600]   API 1001 run
[718.6120]   API 1002 run
[719.0110]   API 1000 run
[719.0200]   API 1001 run
[719.0720]   API 1002 run
[719.4560]   API 1000 run
[719.4660]   API 1001 run
[719.5320]   API 1002 run
[719.9270]   API 1000 run
[719.9360]   API 1001 run
[719.9870]   API 1002 run
[720.3730]   API 1000 run
[720.3820]   API 1001 run
[720.4340]   API 1002 run
[720.8420]   API 1000 run
[720.8510]   API 1001 run
[720.9030]   API 1002 run
[721.3030]   API 1000 run
[721.3130]   API 1001 run
[721.3630]   API 1002 run
[721.7790]   API 1000 run
[721.7890]   API 1001 run
[721.8430]   API 1002 run
[722.2380]   API 1000 run
[722.2470]   API 1001 run
[722.2970]   API 1002 run
[722.7040]   API 1000 run
[722.7130]   API 1001 run
[722.7730]   API 1002 run
[723.1640]   API 1000 run
[723.1730]   API 1001 run
[723.2230]   API 1002 run
[723.6320]   API 1000 run
[723.6410]   API 1001 run
[723.6940]   API 1002 run
[724.0860]   API 1000 run
[724.0950]   API 1001 run
[724.1440]   API 1002 run
[724.5510]   API 1000 run
[724.5610]   API 1001 run
[724.6130]   API 1002 run
[725.0000]   API 1000 run
[725.0090]   API 1001 run
[725.0590]   API 1002 run
[725.4460]   API 1000 run
[725.4550]   API 1001 run
[725.5250]   API 1002 run
[725.9530]   API 1000 run
[725.9630]   API 1001 run
[726.0230]   API 1002 run
[726.4170]   API 1000 run
[726.4270]   API 1001 run
[726.4790]   API 1002 run
[726.8810]   API 1000 run
[726.8910]   API 1001 run
[726.9430]   API 1002 run
[727.3320]   API 1000 run
[727.3420]   API 1001 run
[727.3940]   API 1002 run
[727.7980]   API 1000 run
[727.8080]   API 1001 run
[727.8640]   API 1002 run
[728.2460]   API 1000 run
[728.2560]   API 1001 run
[728.3120]   API 1002 run
[728.7220]   API 1000 run
[728.7320]   API 1001 run
[728.7850]   API 1002 run
[729.1700]   API 1000 run
[729.1790]   API 1001 run
[729.2290]   API 1002 run
[729.6460]   API 1000 run
[729.6550]   API 1001 run
[729.7120]   API 1002 run
[730.1030]   API 1000 run
[730.1120]   API 1001 run
[730.1630]   API 1002 run
[730.5760]   API 1000 run
[730.5850]   API 1001 run
[730.6390]   API 1002 run
[731.0390]   API 1000 run
[731.0480]   API 1001 run
[731.1000]   API 1002 run
[731.5070]   API 1000 run
[731.5160]   API 1001 run
[731.5700]   API 1002 run
[731.9660]   API 1000 run
[731.9750]   API 1001 run
[732.0250]   API 1002 run
[732.4110]   API 1000 run
[732.4210]   API 1001 run
[732.4720]   API 1002 run
[732.8820]   API 1000 run
[732.8920]   API 1001 run
[732.9440]   API 1002 run
[733.3410]   API 1000 run
[733.3510]   API 1001 run
[733.4020]   API 1002 run
[733.8420]   API 1000 run
[733.8520]   API 1001 run
[733.9060]   API 1002 run
[734.2970]   API 1000 run
[734.3060]   API 1001 run
[734.3570]   API 1002 run
[734.7640]   API 1000 run
[734.7730]   API 1001 run
[734.8270]   API 1002 run
[735.2190]   API 1000 run
[735.2290]   API 1001 run
[735.2800]   API 1002 run
[735.6870]   API 1000 run
[735.6960]   API 1001 run
[735.7490]   API 1002 run
[736.1410]   API 1000 run
[736.1500]   API 1001 run
[736.2020]   API 1002 run
[736.6060]   API 1000 run
[736.6160]   API 1001 run
[736.6700]   API 1002 run
[737.0620]   API 1000 run
[737.0710]   API 1001 run
[737.1240]   API 1002 run
[737.5220]   API 1000 run
[737.5320]   API 1001 run
[737.5830]   API 1002 run
[738.0040]   API 1000 run
[738.0150]   API 1001 run
[738.0680]   API 1002 run
[738.4590]   API 1000 run
[738.4680]   API 1001 run
[738.5320]   API 1002 run
[738.9200]   API 1000 run
[738.9290]   API 1001 run
[738.9820]   API 1002 run
[739.3700]   API 1000 run
[739.3800]   API 1001 run
[739.4310]   API 1002 run
[739.8340]   API 1000 run
[739.8440]   API 1001 run
[739.8950]   API 1002 run
[740.2940]   API 1000 run
[740.3040]   API 1001 run
[740.3550]   API 1002 run
[740.7570]   API 1000 run
[740.7660]   API 1001 run
[740.8280]   API 1002 run
[741.2180]   API 1000 run
[741.2270]   API 1001 run
[741.2760]   API 1002 run
[741.6940]   API 1000 run
[741.7030]   API 1001 run
[741.7570]   API 1002 run
[742.1450]   API 1000 run
[742.1550]   API 1001 run
[742.2070]   API 1002 run
[742.6100]   API 1000 run
[742.6190]   API 1001 run
[742.6790]   API 1002 run
[743.0630]   API 1000 run
[743.0720]   API 1001 run
[743.1240]   API 1002 run
[743.5300]   API 1000 run
[743.5390]   API 1001 run
[743.5920]   API 1002 run
[743.9800]   API 1000 run
[743.9890]   API 1001 run
[744.0390]   API 1002 run
[744.4290]   API 1000 run
[744.4390]   API 1001 run
[744.4880]   API 1002 run
[744.8900]   API 1000 run
[744.9000]   API 1001 run
[744.9560]   API 1002 run
[745.3470]   API 1000 run
[745.3560]   API 1001 run
[745.4060]   API 1002 run
[745.8620]   API 1000 run
[745.8710]   API 1001 run
[745.9240]   API 1002 run
[746.3110]   API 1000 run
[746.3200]   API 1001 run
[746.3710]   API 1002 run
[746.7780]   API 1000 run
[746.7870]   API 1001 run
[746.8370]   API 1002 run
[747.2220]   API 1000 run
[747.2310]   API 1001 run
[747.2830]   API 1002 run
[747.6980]   API 1000 run
[747.7070]   API 1001 run
[747.7600]   API 1002 run
[748.1430]   API 1000 run
[748.1520]   API 1001 run
[748.2030]   API 1002 run
[748.6140]   API 1000 run
[748.6230]   API 1001 run
[748.6750]   API 1002 run
[749.0630]   API 1000 run
[749.0720]   API 1001 run
[749.1240]   API 1002 run
[749.5230]   API 1000 run
[749.5330]   API 1001 run
[749.5850]   API 1002 run
[750.0050]   API 1000 run
[750.0150]   API 1001 run
[750.0690]   API 1002 run
[750.4550]   API 1000 run
[750.4650]   API 1001 run
[750.5300]   API 1002 run
[750.9260]   API 1000 run
[750.9360]   API 1001 run
[750.9870]   API 1002 run
[751.3690]   API 1000 run
[751.3790]   API 1001 run
[751.4300]   API 1002 run
[751.8380]   API 1000 run
[751.8470]   API 1001 run
[751.8990]   API 1002 run
[752.2950]   API 1000 run
[752.3040]   API 1001 run
[752.3550]   API 1002 run
[752.7580]   API 1000 run
[752.7670]   API 1001 run
[752.8190]   API 1002 run
[753.2060]   API 1000 run
[753.2160]   API 1001 run
[753.2670]   API 1002 run
[753.6840]   API 1000 run
[753.6940]   API 1001 run
[753.7480]   API 1002 run
[754.1420]   API 1000 run
[754.1510]   API 1001 run
[754.2020]   API 1002 run
[754.6250]   API 1000 run
[754.6340]   API 1001 run
[754.6870]   API 1002 run
[755.0810]   API 1000 run
[755.0910]   API 1001 run
[755.1420]   API 1002 run
[755.5480]   API 1000 run
[755.5580]   API 1001 run
[755.6090]   API 1002 run
[755.9970]   API 1000 run
[756.0070]   API 1001 run
[756.0580]   API 1002 run
[756.4470]   API 1000 run
[756.4560]   API 1001 run
[756.5220]   API 1002 run
[756.9140]   API 1000 run
[756.9230]   API 1001 run
[756.9810]   API 1002 run
[757.3700]   API 1000 run
[757.3790]   API 1001 run
[757.4290]   API 1002 run
[757.8440]   API 1000 run
[757.8530]   API 1001 run
[757.9080]   API 1002 run
[758.2990]   API 1000 run
[758.3080]   API 1001 run
[758.3590]   API 1002 run
[758.7670]   API 1000 run
[758.7760]   API 1001 run
[758.8280]   API 1002 run
[759.2140]   API 1000 run
[759.2230]   API 1001 run
[759.2740]   API 1002 run
[759.6870]   API 1000 run
[759.6970]   API 1001 run
[759.7490]   API 1002 run
[760.1340]   API 1000 run
[760.1430]   API 1001 run
[760.1930]   API 1002 run
[760.5980]   API 1000 run
[760.6070]   API 1001 run
[760.6580]   API 1002 run
[761.0440]   API 1000 run
[761.0530]   API 1001 run
[761.1040]   API 1002 run
[761.5070]   API 1000 run
[761.5170]   API 1001 run
[761.5690]   API 1002 run
[761.9850]   API 1000 run
[761.9950]   API 1001 run
[762.0500]   API 1002 run
[762.4370]   API 1000 run
[762.4470]   API 1001 run
[762.5140]   API 1002 run
[762.9070]   API 1000 run
[762.9160]   API 1001 run
[762.9670]   API 1002 run
[763.3610]   API 1000 run
[763.3700]   API 1001 run
[763.4200]   API 1002 run
[763.8270]   API 1000 run
[763.8370]   API 1001 run
[763.8890]   API 1002 run
[764.2800]   API 1000 run
[764.2900]   API 1001 run
[764.3400]   API 1002 run
[764.7500]   API 1000 run
[764.7600]   API 1001 run
[764.8130]   API 1002 run
[765.2210]   API 1000 run
[765.2310]   API 1001 run
[765.2830]   API 1002 run
[765.7000]   API 1000 run
[765.7090]   API 1001 run
[765.7700]   API 1002 run
[766.1610]   API 1000 run
[766.1700]   API 1001 run
[766.2210]   API 1002 run
[766.6300]   API 1000 run
[766.6400]   API 1001 run
[766.6870]   API 1002 run
[767.0760]   API 1000 run
[767.0850]   API 1001 run
[767.1370]   API 1002 run
[767.5490]   API 1000 run
[767.5580]   API 1001 run
[767.6110]   API 1002 run
[768.0060]   API 1000 run
[768.0150]   API 1001 run
[768.0660]   API 1002 run
[768.4520]   API 1000 run
[768.4610]   API 1001 run
[768.5250]   API 1002 run
[768.9260]   API 1000 run
[768.9360]   API 1001 run
[768.9860]   API 1002 run
[769.3750]   API 1000 run
[769.3850]   API 1001 run
[769.4360]   API 1002 run
[769.8620]   API 1000 run
[769.8710]   API 1001 run
[769.9370]   API 1002 run
[770.3300]   API 1000 run
[770.3400]   API 1001 run
[770.3910]   API 1002 run
[770.7940]   API 1000 run
[770.8040]   API 1001 run
[770.8550]   API 1002 run
[771.2450]   API 1000 run
[771.2550]   API 1001 run
[771.3120]   API 1002 run
[771.7150]   API 1000 run
[771.7250]   API 1001 run
[771.7760]   API 1002 run
[772.1680]   API 1000 run
[772.1770]   API 1001 run
[772.2280]   API 1002 run
[772.6350]   API 1000 run
[772.6450]   API 1001 run
[772.6960]   API 1002 run
[773.0820]   API 1000 run
[773.0910]   API 1001 run
[773.1410]   API 1002 run
[773.5470]   API 1000 run
[773.5570]   API 1001 run
[773.6170]   API 1002 run
[774.0300]   API 1000 run
[774.0400]   API 1001 run
[774.0930]   API 1002 run
[774.4830]   API 1000 run
[774.5070]   API 1001 run
[774.5590]   API 1002 run
[774.9470]   API 1000 run
[774.9570]   API 1001 run
[775.0080]   API 1002 run
[775.4000]   API 1000 run
[775.4090]   API 1001 run
[775.4600]   API 1002 run
[775.8680]   API 1000 run
[775.8780]   API 1001 run
[775.9280]   API 1002 run
[776.3200]   API 1000 run
[776.3300]   API 1001 run
[776.3810]   API 1002 run
[776.7890]   API 1000 run
[776.7980]   API 1001 run
[776.8480]   API 1002 run
[777.2330]   API 1000 run
[777.2430]   API 1001 run
[777.2920]   API 1002 run
[777.7080]   API 1000 run
[777.7170]   API 1001 run
[777.7720]   API 1002 run
[778.1580]   API 1000 run
[778.1670]   API 1001 run
[778.2180]   API 1002 run
[778.6320]   API 1000 run
[778.6420]   API 1001 run
[778.6930]   API 1002 run
[779.0870]   API 1000 run
[779.0960]   API 1001 run
[779.1460]   API 1002 run
[779.5480]   API 1000 run
[779.5580]   API 1001 run
[779.6090]   API 1002 run
[780.0020]   API 1000 run
[780.0120]   API 1001 run
[780.0630]   API 1002 run
[780.4470]   API 1000 run
[780.4560]   API 1001 run
[780.5200]   API 1002 run
[780.9210]   API 1000 run
[780.9310]   API 1001 run
[780.9820]   API 1002 run
[781.3670]   API 1000 run
[781.3760]   API 1001 run
[781.4250]   API 1002 run
[781.8560]   API 1000 run
[781.8660]   API 1001 run
[781.9320]   API 1002 run
[782.3180]   API 1000 run
[782.3280]   API 1001 run
[782.3780]   API 1002 run
[782.7830]   API 1000 run
[782.7930]   API 1001 run
[782.8440]   API 1002 run
[783.2490]   API 1000 run
[783.2590]   API 1001 run
[783.3090]   API 1002 run
[783.7090]   API 1000 run
[783.7190]   API 1001 run
[783.7730]   API 1002 run
[784.1650]   API 1000 run
[784.1740]   API 1001 run
[784.2250]   API 1002 run
[784.6230]   API 1000 run
[784.6320]   API 1001 run
[784.6850]   API 1002 run
[785.0750]   API 1000 run
[785.0840]   API 1001 run
[785.1350]   API 1002 run
[785.5340]   API 1000 run
[785.5440]   API 1001 run
[785.6010]   API 1002 run
[786.0130]   API 1000 run
[786.0220]   API 1001 run
[786.0760]   API 1002 run
[786.4690]   API 1000 run
[786.4950]   API 1001 run
[786.5480]   API 1002 run
[786.9360]   API 1000 run
[786.9460]   API 1001 run
[786.9960]   API 1002 run
[787.3850]   API 1000 run
[787.3950]   API 1001 run
[787.4460]   API 1002 run
[787.8470]   API 1000 run
[787.8570]   API 1001 run
[787.9090]   API 1002 run
[788.3050]   API 1000 run
[788.3140]   API 1001 run
[788.3650]   API 1002 run
[788.7660]   API 1000 run
[788.7760]   API 1001 run
[788.8280]   API 1002 run
[789.2180]   API 1000 run
[789.2280]   API 1001 run
[789.2790]   API 1002 run
[789.6960]   API 1000 run
[789.7060]   API 1001 run
[789.7630]   API 1002 run
[790.1520]   API 1000 run
[790.1620]   API 1001 run
[790.2130]   API 1002 run
[790.6280]   API 1000 run
[790.6380]   API 1001 run
[790.6890]   API 1002 run
[791.0780]   API 1000 run
[791.0870]   API 1001 run
[791.1370]   API 1002 run
[791.5480]   API 1000 run
[791.5570]   API 1001 run
[791.6110]   API 1002 run
[791.9990]   API 1000 run
[792.0090]   API 1001 run
[792.0590]   API 1002 run
[792.4470]   API 1000 run
[792.4560]   API 1001 run
[792.5210]   API 1002 run
[792.9220]   API 1000 run
[792.9310]   API 1001 run
[792.9820]   API 1002 run
[793.3680]   API 1000 run
[793.3780]   API 1001 run
[793.4280]   API 1002 run
[793.8580]   API 1000 run
[793.8680]   API 1001 run
[793.9210]   API 1002 run
[794.3100]   API 1000 run
[794.3190]   API 1001 run
[794.3710]   API 1002 run
[794.7760]   API 1000 run
[794.7860]   API 1001 run
[794.8380]   API 1002 run
[795.2300]   API 1000 run
[795.2390]   API 1001 run
[795.2900]   API 1002 run
[795.6980]   API 1000 run
[795.7070]   API 1001 run
[795.7580]   API 1002 run
[796.1500]   API 1000 run
[796.1590]   API 1001 run
[796.2110]   API 1002 run
[796.6090]   API 1000 run
[796.6190]   API 1001 run
[796.6710]   API 1002 run
[797.0620]   API 1000 run
[797.0720]   API 1001 run
[797.1230]   API 1002 run
[797.5350]   API 1000 run
[797.5440]   API 1001 run
[797.5960]   API 1002 run
[798.0080]   API 1000 run
[798.0180]   API 1001 run
[798.0730]   API 1002 run
[798.4570]   API 1000 run
[798.4670]   API 1001 run
[798.5320]   API 1002 run
[798.9270]   API 1000 run
[798.9360]   API 1001 run
[798.9870]   API 1002 run
[799.3700]   API 1000 run
[799.3800]   API 1001 run
[799.4350]   API 1002 run
[799.8380]   API 1000 run
[799.8530]   API 1001 run
[799.9050]   API 1002 run
[800.2960]   API 1000 run
[800.3060]   API 1001 run
[800.3550]   API 1002 run
[800.7630]   API 1000 run
[800.7730]   API 1001 run
[800.8250]   API 1002 run
[801.2170]   API 1000 run
[801.2260]   API 1001 run
[801.2760]   API 1002 run
[801.6860]   API 1000 run
[801.6950]   API 1001 run
[801.7510]   API 1002 run
[802.1460]   API 1000 run
[802.1550]   API 1001 run
[802.2160]   API 1002 run
[802.6210]   API 1000 run
[802.6310]   API 1001 run
[802.6820]   API 1002 run
[803.0750]   API 1000 run
[803.0840]   API 1001 run
[803.1350]   API 1002 run
[803.5420]   API 1000 run
[803.5530]   API 1001 run
[803.6050]   API 1002 run
[803.9920]   API 1000 run
[804.0010]   API 1001 run
[804.0520]   API 1002 run
[804.4410]   API 1000 run
[804.4510]   API 1001 run
[804.5180]   API 1002 run
[804.9160]   API 1000 run
[804.9260]   API 1001 run
[804.9760]   API 1002 run
[805.3670]   API 1000 run
[805.3760]   API 1001 run
[805.4270]   API 1002 run
[805.8550]   API 1000 run
[805.8650]   API 1001 run
[805.9200]   API 1002 run
[806.3130]   API 1000 run
[806.3220]   API 1001 run
[806.3730]   API 1002 run
[806.7810]   API 1000 run
[806.7900]   API 1001 run
[806.8430]   API 1002 run
[807.2380]   API 1000 run
[807.2480]   API 1001 run
[807.2990]   API 1002 run
[807.7060]   API 1000 run
[807.7160]   API 1001 run
[807.7670]   API 1002 run
[808.1570]   API 1000 run
[808.1660]   API 1001 run
[808.2180]   API 1002 run
[808.6280]   API 1000 run
[808.6380]   API 1001 run
[808.6920]   API 1002 run
[809.0820]   API 1000 run
[809.0920]   API 1001 run
[809.1440]   API 1002 run
[809.7250]   API 1000 run
[809.7350]   API 1001 run
[809.7870]   API 1002 run
[810.1790]   API 1000 run
[810.1890]   API 1001 run
[810.2350]   API 1002 run
[810.6490]   API 1000 run
[810.6590]   API 1001 run
[810.7100]   API 1002 run
[811.1030]   API 1000 run
[811.1130]   API 1001 run
[811.1640]   API 1002 run
[811.5670]   API 1000 run
[811.5760]   API 1001 run
[811.6290]   API 1002 run
[812.0310]   API 1000 run
[812.0400]   API 1001 run
[812.0920]   API 1002 run
[812.4830]   API 1000 run
[812.5060]   API 1001 run
[812.5660]   API 1002 run
[812.9610]   API 1000 run
[812.9710]   API 1001 run
[813.0220]   API 1002 run
[813.4120]   API 1000 run
[813.4220]   API 1001 run
[813.4750]   API 1002 run
[813.9000]   API 1000 run
[813.9100]   API 1001 run
[813.9650]   API 1002 run
[814.3560]   API 1000 run
[814.3710]   API 1001 run
[814.4210]   API 1002 run
[814.8310]   API 1000 run
[814.8410]   API 1001 run
[814.8940]   API 1002 run
[815.2840]   API 1000 run
[815.2940]   API 1001 run
[815.3440]   API 1002 run
[815.7490]   API 1000 run
[815.7580]   API 1001 run
[815.8110]   API 1002 run
[816.2000]   API 1000 run
[816.2090]   API 1001 run
[816.2600]   API 1002 run
[816.6690]   API 1000 run
[816.6780]   API 1001 run
[816.7290]   API 1002 run
[817.1210]   API 1000 run
[817.1300]   API 1001 run
[817.1810]   API 1002 run
[817.5870]   API 1000 run
[817.5970]   API 1001 run
[817.6690]   API 1002 run
[818.0620]   API 1000 run
[818.0720]   API 1001 run
[818.1230]   API 1002 run
[818.5300]   API 1000 run
[818.5390]   API 1001 run
[818.5930]   API 1002 run
[818.9800]   API 1000 run
[818.9890]   API 1001 run
[819.0390]   API 1002 run
[819.4350]   API 1000 run
[819.4450]   API 1001 run
[819.5100]   API 1002 run
[819.9000]   API 1000 run
[819.9100]   API 1001 run
[819.9610]   API 1002 run
[820.3500]   API 1000 run
[820.3600]   API 1001 run
[820.4100]   API 1002 run
[820.8200]   API 1000 run
[820.8300]   API 1001 run
[820.8820]   API 1002 run
[821.2680]   API 1000 run
[821.2770]   API 1001 run
[821.3270]   API 1002 run
[821.7590]   API 1000 run
[821.7680]   API 1001 run
[821.8240]   API 1002 run
[822.2120]   API 1000 run
[822.2210]   API 1001 run
[822.2720]   API 1002 run
[822.6790]   API 1000 run
[822.6880]   API 1001 run
[822.7390]   API 1002 run
[823.1280]   API 1000 run
[823.1370]   API 1001 run
[823.1870]   API 1002 run
[823.5950]   API 1000 run
[823.6040]   API 1001 run
[823.6560]   API 1002 run
[824.0540]   API 1000 run
[824.0630]   API 1001 run
[824.1140]   API 1002 run
[824.5120]   API 1000 run
[824.5220]   API 1001 run
[824.5750]   API 1002 run
[824.9700]   API 1000 run
[824.9790]   API 1001 run
[825.0310]   API 1002 run
[825.4140]   API 1000 run
[825.4230]   API 1001 run
[825.4730]   API 1002 run
[825.8970]   API 1000 run
[825.9080]   API 1001 run
[825.9640]   API 1002 run
[826.3570]   API 1000 run
[826.3660]   API 1001 run
[826.4170]   API 1002 run
[826.8240]   API 1000 run
[826.8340]   API 1001 run
[826.8850]   API 1002 run
[827.2760]   API 1000 run
[827.2860]   API 1001 run
[827.3370]   API 1002 run
[827.7370]   API 1000 run
[827.7470]   API 1001 run
[827.7980]   API 1002 run
[828.1880]   API 1000 run
[828.1980]   API 1001 run
[828.2480]   API 1002 run
[828.6490]   API 1000 run
[828.6640]   API 1001 run
[828.7160]   API 1002 run
[829.1080]   API 1000 run
[829.1170]   API 1001 run
[829.1700]   API 1002 run
[829.5710]   API 1000 run
[829.5810]   API 1001 run
[829.6480]   API 1002 run
[830.0490]   API 1000 run
[830.0590]   API 1001 run
[830.1120]   API 1002 run
[830.5210]   API 1000 run
[830.5310]   API 1001 run
[830.5860]   API 1002 run
[830.9740]   API 1000 run
[830.9840]   API 1001 run
[831.0350]   API 1002 run
[831.4380]   API 1000 run
[831.4470]   API 1001 run
[831.5130]   API 1002 run
[831.9030]   API 1000 run
[831.9130]   API 1001 run
[831.9640]   API 1002 run
[832.3550]   API 1000 run
[832.3650]   API 1001 run
[832.4230]   API 1002 run
[832.8240]   API 1000 run
[832.8340]   API 1001 run
[832.8840]   API 1002 run
[833.2890]   API 1000 run
[833.2990]   API 1001 run
[833.3500]   API 1002 run
[833.8700]   API 1000 run
[833.8790]   API 1001 run
[833.9420]   API 1002 run
[834.3340]   API 1000 run
[834.3490]   API 1001 run
[834.4260]   API 1002 run
[834.8840]   API 1000 run
[834.8930]   API 1001 run
[834.9460]   API 1002 run
[835.3330]   API 1000 run
[835.3430]   API 1001 run
[835.3940]   API 1002 run
[835.7990]   API 1000 run
[835.8090]   API 1001 run
[835.8620]   API 1002 run
[836.2530]   API 1000 run
[836.2630]   API 1001 run
[836.3130]   API 1002 run
[836.7190]   API 1000 run
[836.7290]   API 1001 run
[836.7790]   API 1002 run
[837.1630]   API 1000 run
[837.1720]   API 1001 run
[837.2280]   API 1002 run
[837.6530]   API 1000 run
[837.6620]   API 1001 run
[837.7170]   API 1002 run
[838.1100]   API 1000 run
[838.1190]   API 1001 run
[838.1710]   API 1002 run
[838.5760]   API 1000 run
[838.5860]   API 1001 run
[838.6400]   API 1002 run
[839.0300]   API 1000 run
[839.0400]   API 1001 run
[839.0910]   API 1002 run
[839.4990]   API 1000 run
[839.5080]   API 1001 run
[839.5720]   API 1002 run
[839.9740]   API 1000 run
[839.9840]   API 1001 run
[840.0500]   API 1002 run
[840.4270]   API 1000 run
[840.4360]   API 1001 run
[840.5020]   API 1002 run
[840.9040]   API 1000 run
[840.9130]   API 1001 run
[840.9640]   API 1002 run
[841.3540]   API 1000 run
[841.3640]   API 1001 run
[841.4140]   API 1002 run
[841.8420]   API 1000 run
[841.8520]   API 1001 run
[841.9060]   API 1002 run
[842.2990]   API 1000 run
[842.3090]   API 1001 run
[842.3590]   API 1002 run
[842.7610]   API 1000 run
[842.7700]   API 1001 run
[842.8220]   API 1002 run
[843.2180]   API 1000 run
[843.2340]   API 1001 run
[843.2840]   API 1002 run
[843.6870]   API 1000 run
[843.6970]   API 1001 run
[843.7490]   API 1002 run
[844.1420]   API 1000 run
[844.1520]   API 1001 run
[844.2030]   API 1002 run
[844.6070]   API 1000 run
[844.6170]   API 1001 run
[844.6700]   API 1002 run
[845.0560]   API 1000 run
[845.0650]   API 1001 run
[845.1160]   API 1002 run
[845.5220]   API 1000 run
[845.5320]   API 1001 run
[845.5840]   API 1002 run
[845.9960]   API 1000 run
[846.0060]   API 1001 run
[846.0600]   API 1002 run
[846.4510]   API 1000 run
[846.4600]   API 1001 run
[846.5290]   API 1002 run
[846.9200]   API 1000 run
[846.9300]   API 1001 run
[846.9800]   API 1002 run
[847.3690]   API 1000 run
[847.3780]   API 1001 run
[847.4300]   API 1002 run
[847.8380]   API 1000 run
[847.8480]   API 1001 run
[847.8980]   API 1002 run
[848.2890]   API 1000 run
[848.2990]   API 1001 run
[848.3490]   API 1002 run
[848.7570]   API 1000 run
[848.7660]   API 1001 run
[848.8190]   API 1002 run
[849.2050]   API 1000 run
[849.2140]   API 1001 run
[849.2650]   API 1002 run
[849.6830]   API 1000 run
[849.6920]   API 1001 run
[849.7550]   API 1002 run
[850.1470]   API 1000 run
[850.1570]   API 1001 run
[850.2100]   API 1002 run
[850.6290]   API 1000 run
[850.6380]   API 1001 run
[850.6910]   API 1002 run
[851.0840]   API 1000 run
[851.0930]   API 1001 run
[851.1440]   API 1002 run
[851.5460]   API 1000 run
[851.5560]   API 1001 run
[851.6090]   API 1002 run
[852.0010]   API 1000 run
[852.0110]   API 1001 run
[852.0610]   API 1002 run
[852.4460]   API 1000 run
[852.4550]   API 1001 run
[852.5190]   API 1002 run
[852.9260]   API 1000 run
[852.9360]   API 1001 run
[852.9870]   API 1002 run
[853.3780]   API 1000 run
[853.3880]   API 1001 run
[853.4390]   API 1002 run
[853.8750]   API 1000 run
[853.8850]   API 1001 run
[853.9390]   API 1002 run
[854.3320]   API 1000 run
[854.3410]   API 1001 run
[854.3950]   API 1002 run
[854.8050]   API 1000 run
[854.8150]   API 1001 run
[854.8670]   API 1002 run
[855.2700]   API 1000 run
[855.2800]   API 1001 run
[855.3320]   API 1002 run
[855.7340]   API 1000 run
[855.7430]   API 1001 run
[855.8020]   API 1002 run
[856.1970]   API 1000 run
[856.2060]   API 1001 run
[856.2580]   API 1002 run
[856.6570]   API 1000 run
[856.6670]   API 1001 run
[856.7190]   API 1002 run
[857.1100]   API 1000 run
[857.1190]   API 1001 run
[857.1700]   API 1002 run
[857.5700]   API 1000 run
[857.5850]   API 1001 run
[857.6520]   API 1002 run
[858.0510]   API 1000 run
[858.0610]   API 1001 run
[858.1140]   API 1002 run
[858.5200]   API 1000 run
[858.5300]   API 1001 run
[858.5830]   API 1002 run
[858.9690]   API 1000 run
[858.9790]   API 1001 run
[859.0280]   API 1002 run
[859.4170]   API 1000 run
[859.4260]   API 1001 run
[859.4790]   API 1002 run
[859.8840]   API 1000 run
[859.8940]   API 1001 run
[859.9440]   API 1002 run
[860.3510]   API 1000 run
[860.3600]   API 1001 run
[860.4100]   API 1002 run
[860.8120]   API 1000 run
[860.8210]   API 1001 run
[860.8740]   API 1002 run
[861.2630]   API 1000 run
[861.2730]   API 1001 run
[861.3220]   API 1002 run
[861.7390]   API 1000 run
[861.7490]   API 1001 run
[861.8040]   API 1002 run
[862.1910]   API 1000 run
[862.2000]   API 1001 run
[862.2520]   API 1002 run
[862.6640]   API 1000 run
[862.6740]   API 1001 run
[862.7270]   API 1002 run
[863.1110]   API 1000 run
[863.1210]   API 1001 run
[863.1710]   API 1002 run
[863.5760]   API 1000 run
[863.5850]   API 1001 run
[863.6370]   API 1002 run
[864.0230]   API 1000 run
[864.0330]   API 1001 run
[864.0830]   API 1002 run
[864.4730]   API 1000 run
[864.4820]   API 1001 run
[864.5500]   API 1002 run
[864.9510]   API 1000 run
[864.9620]   API 1001 run
[865.0130]   API 1002 run
[865.3970]   API 1000 run
[865.4070]   API 1001 run
[865.4570]   API 1002 run
[865.8830]   API 1000 run
[865.8930]   API 1001 run
[865.9480]   API 1002 run
[866.3360]   API 1000 run
[866.3460]   API 1001 run
[866.3960]   API 1002 run
[866.8040]   API 1000 run
[866.8140]   API 1001 run
[866.8650]   API 1002 run
[867.2580]   API 1000 run
[867.2670]   API 1001 run
[867.3220]   API 1002 run
[867.7270]   API 1000 run
[867.7370]   API 1001 run
[867.7940]   API 1002 run
[868.1810]   API 1000 run
[868.1900]   API 1001 run
[868.2400]   API 1002 run
[868.6500]   API 1000 run
[868.6590]   API 1001 run
[868.7090]   API 1002 run
[869.0980]   API 1000 run
[869.1080]   API 1001 run
[869.1590]   API 1002 run
[869.5650]   API 1000 run
[869.5750]   API 1001 run
[869.6380]   API 1002 run
[870.0390]   API 1000 run
[870.0490]   API 1001 run
[870.1020]   API 1002 run
[870.5040]   API 1000 run
[870.5140]   API 1001 run
[870.5690]   API 1002 run
[870.9670]   API 1000 run
[870.9760]   API 1001 run
[871.0270]   API 1002 run
[871.4170]   API 1000 run
[871.4260]   API 1001 run
[871.4880]   API 1002 run
[871.9250]   API 1000 run
[871.9340]   API 1001 run
[871.9850]   API 1002 run
[872.2600]   API 1000 run
[872.2690]   API 1001 run
[872.3200]   API 1002 run
[959.7590]   API 1000 run
[959.8380]   API 1001 run
[960.0010]   API 1002 run
[1205.3210]   API 1000 run
[1205.3340]   API 1001 run
[1205.4050]   API 1002 run
[1206.3120]   API 7 run
[1206.8311]   API 1000 run
[1206.8530]   API 1001 run
[1206.9280]   API 1002 run
[1213.5070]   API 1000 run
[1213.5170]   API 1001 run
[1213.5740]   API 1002 run
[1213.8450]   API 1000 run
[1213.8540]   API 1001 run
[1213.9050]   API 1002 run
[1215.9780]   API 1000 run
[1215.9930]   API 1001 run
[1216.1219]   API 1002 run
[1269.7030]   API 1000 run
[1269.7140]   API 1001 run
[1269.7830]   API 1002 run
[1270.1639]   API 1000 run
[1270.1740]   API 1001 run
[1270.2300]   API 1002 run
[1270.8550]   API 7 run
[1271.5120]   API 1000 run
[1271.5229]   API 1001 run
[1271.5880]   API 1002 run
[1274.3300]   API 1000 run
[1274.3400]   API 1001 run
[1274.4041]   API 1002 run
[1279.1790]   API 1000 run
[1279.1910]   API 1001 run
[1279.2679]   API 1002 run
[1284.6510]   API 1000 run
[1284.6680]   API 1001 run
[1284.7419]   API 1002 run
[1289.2180]   API 1000 run
[1289.2410]   API 1001 run
[1289.3370]   API 1002 run
[1997.1210]   API 1000 run
[1997.1331]   API 1001 run
[1997.2120]   API 1002 run
[2000.2450]   API 3 run
[2000.4561]   API 1000 run
[2000.4680]   API 1001 run
[2000.5410]   API 1002 run
[2000.8101]   API 7 run
[2001.7209]   API 22 run
[2001.8990]   API 1000 run
[2001.9120]   API 1001 run
[2004.7760]   SOCKET END 0
[2004.7760]   API 1002 run
[2004.7770]   CYCLE End 1
[2004.7900]   API 3 run
[2004.8220]   API 1000 run
[2004.8320]   API 1001 run
[2004.8910]   API 1002 run
[2005.0400]   API 7 run
[2005.2990]   API 22 run
[2005.3290]   API 1000 run
[2005.3400]   API 1001 run
[2007.2640]   SOCKET END 0
[2007.2640]   API 1002 run
[2007.2640]   CYCLE End 1
[2007.2750]   API 3 run
[2007.3030]   API 1000 run
[2007.3130]   API 1001 run
[2007.3740]   API 1002 run
[2235.1111]   PRESENT START 1
[2235.1389]   API 7 run
[2235.6101]   API 22 run
[2235.6709]   API 1000 run
[2235.6851]   API 1001 run
[2237.6809]   SOCKET END 0
[2237.6809]   API 1002 run
[2237.6809]   CYCLE End 1
[2237.6951]   API 3 run
[2237.7361]   API 1000 run
[2237.7451]   API 1001 run
[2237.8040]   API 1002 run
[2240.1069]   API 3000 run
[2242.5920]   PRESENT END 2
[2464.2690]   PRESENT START 1
[2464.2891]   API 7 run
[2464.8391]   API 22 run
[2464.8921]   API 1000 run
[2464.9060]   API 1001 run
[2466.9351]   SOCKET END 0
[2466.9351]   API 1002 run
[2466.9351]   CYCLE End 1
[2466.9500]   API 3 run
[2466.9900]   API 1000 run
[2467.0000]   API 1001 run
[2467.0630]   API 1002 run
[2468.3159]   API 3000 run
[2469.6021]   PRESENT END 2
[2694.8081]   PRESENT START 1
[2694.8350]   API 7 run
[2695.3120]   API 22 run
[2695.3589]   API 1000 run
[2695.3740]   API 1001 run
[2697.3369]   SOCKET END 0
[2697.3369]   API 1002 run
[2697.3379]   CYCLE End 1
[2697.3660]   API 3 run
[2697.3989]   API 1000 run
[2697.4199]   API 1001 run
[2697.4880]   API 1002 run
[2698.8201]   API 3000 run
[2699.8440]   PRESENT END 2
[2930.2170]   PRESENT START 1
[2930.2400]   API 7 run
[2930.6841]   API 22 run
[2930.7300]   API 1000 run
[2930.7439]   API 1001 run
[2932.6890]   SOCKET END 0
[2932.6890]   API 1002 run
[2932.6890]   CYCLE End 1
[2932.7061]   API 3 run
[2932.7371]   API 1000 run
[2932.7471]   API 1001 run
[2932.8049]   API 1002 run
[2934.1909]   API 3000 run
[2935.1660]   PRESENT END 2
[3164.3870]   PRESENT START 1
[3164.4180]   API 7 run
[3164.9080]   API 22 run
[3164.9700]   API 1000 run
[3164.9851]   API 1001 run
[3166.9790]   SOCKET END 0
[3166.9790]   API 1002 run
[3166.9800]   CYCLE End 1
[3166.9951]   API 3 run
[3167.0381]   API 1000 run
[3167.0481]   API 1001 run
[3167.1089]   API 1002 run
[3168.4839]   API 3000 run
[3169.5530]   PRESENT END 2
[3396.3181]   PRESENT START 1
[3396.3550]   API 7 run
[3396.7981]   API 22 run
[3396.8440]   API 1000 run
[3396.8579]   API 1001 run
[3398.8330]   SOCKET END 0
[3398.8340]   API 1002 run
[3398.8340]   CYCLE End 1
[3398.8479]   API 3 run
[3398.8860]   API 1000 run
[3398.8960]   API 1001 run
[3398.9561]   API 1002 run
[3400.5969]   API 3000 run
[3401.5400]   PRESENT END 2
[3628.4751]   PRESENT START 1
[3628.5039]   API 7 run
[3628.9500]   API 22 run
[3628.9971]   API 1000 run
[3629.0120]   API 1001 run
[3630.9851]   SOCKET END 0
[3630.9851]   API 1002 run
[3630.9851]   CYCLE End 1
[3630.9980]   API 3 run
[3631.0320]   API 1000 run
[3631.0420]   API 1001 run
[3631.1030]   API 1002 run
[3632.7771]   API 3000 run
[3633.7681]   PRESENT END 2
[3861.1250]   PRESENT START 1
[3861.1560]   API 7 run
[3861.6499]   API 22 run
[3861.7019]   API 1000 run
[3861.7170]   API 1001 run
[3863.7061]   SOCKET END 0
[3863.7061]   API 1002 run
[3863.7061]   CYCLE End 1
[3863.7200]   API 3 run
[3863.7539]   API 1000 run
[3863.7629]   API 1001 run
[3863.8240]   API 1002 run
[3865.3259]   API 3000 run
[3866.4121]   PRESENT END 2
[4095.0879]   PRESENT START 1
[4095.1230]   API 7 run
[4095.6011]   API 22 run
[4095.6641]   API 1000 run
[4095.6790]   API 1001 run
[4097.7051]   SOCKET END 0
[4097.7051]   API 1002 run
[4097.7061]   CYCLE End 1
[4097.7192]   API 3 run
[4097.7578]   API 1000 run
[4097.7681]   API 1001 run
[4097.8291]   API 1002 run
[4099.2759]   API 3000 run
[4100.3408]   PRESENT END 2
[4327.3818]   PRESENT START 1
[4327.4170]   API 7 run
[4327.8501]   API 22 run
[4327.8960]   API 1000 run
[4327.9092]   API 1001 run
[4329.9150]   SOCKET END 0
[4329.9160]   API 1002 run
[4329.9160]   CYCLE End 1
[4329.9292]   API 3 run
[4329.9639]   API 1000 run
[4329.9741]   API 1001 run
[4330.0342]   API 1002 run
[4331.6548]   API 3000 run
[4332.6338]   PRESENT END 2
[4559.4819]   PRESENT START 1
[4559.5171]   API 7 run
[4559.9580]   API 22 run
[4560.0049]   API 1000 run
[4560.0181]   API 1001 run
[4562.0151]   SOCKET END 0
[4562.0151]   API 1002 run
[4562.0151]   CYCLE End 1
[4562.0288]   API 3 run
[4562.0630]   API 1000 run
[4562.0732]   API 1001 run
[4562.1401]   API 1002 run
[4563.7559]   API 3000 run
[4564.7568]   PRESENT END 2
[4792.2490]   PRESENT START 1
[4792.2930]   API 7 run
[4792.7832]   API 22 run
[4792.8369]   API 1000 run
[4792.8521]   API 1001 run
[4794.8921]   SOCKET END 0
[4794.8921]   API 1002 run
[4794.8921]   CYCLE End 1
[4794.9072]   API 3 run
[4794.9521]   API 1000 run
[4794.9619]   API 1001 run
[4795.0229]   API 1002 run
[4796.2490]   API 3000 run
[4797.3379]   PRESENT END 2
[5025.4858]   PRESENT START 1
[5025.5190]   API 7 run
[5025.9829]   API 22 run
[5026.0342]   API 1000 run
[5026.0562]   API 1001 run
[5028.0469]   SOCKET END 0
[5028.0469]   API 1002 run
[5028.0469]   CYCLE End 1
[5028.0630]   API 3 run
[5028.0991]   API 1000 run
[5028.1099]   API 1001 run
[5028.1689]   API 1002 run
[5029.4409]   API 3000 run
[5030.4229]   PRESENT END 2
[5257.9868]   PRESENT START 1
[5258.0288]   API 7 run
[5258.5439]   API 22 run
[5258.5972]   API 1000 run
[5258.6128]   API 1001 run
[5260.5889]   SOCKET END 0
[5260.5889]   API 1002 run
[5260.5889]   CYCLE End 1
[5260.6050]   API 3 run
[5260.6460]   API 1000 run
[5260.6558]   API 1001 run
[5260.7158]   API 1002 run
[5261.9600]   API 3000 run
[5262.9351]   PRESENT END 2
[5492.5391]   PRESENT START 1
[5492.5752]   API 7 run
[5493.0532]   API 22 run
[5493.1030]   API 1000 run
[5493.1201]   API 1001 run
[5495.1382]   SOCKET END 0
[5495.1382]   API 1002 run
[5495.1382]   CYCLE End 1
[5495.1538]   API 3 run
[5495.1948]   API 1000 run
[5495.2051]   API 1001 run
[5495.2651]   API 1002 run
[5496.5762]   API 3000 run
[5497.6528]   PRESENT END 2
[5724.8838]   PRESENT START 1
[5724.9170]   API 7 run
[5725.4058]   API 22 run
[5725.4580]   API 1000 run
[5725.4731]   API 1001 run
[5727.4849]   SOCKET END 0
[5727.4849]   API 1002 run
[5727.4858]   CYCLE End 1
[5727.5010]   API 3 run
[5727.5420]   API 1000 run
[5727.5518]   API 1001 run
[5727.6128]   API 1002 run
[5728.9380]   API 3000 run
[5730.0190]   PRESENT END 2
[5957.1318]   PRESENT START 1
[5957.1572]   API 7 run
[5957.6030]   API 22 run
[5957.6621]   API 1000 run
[5957.6768]   API 1001 run
[5959.6299]   SOCKET END 0
[5959.6299]   API 1002 run
[5959.6299]   CYCLE End 1
[5959.6450]   API 3 run
[5959.6870]   API 1000 run
[5959.6968]   API 1001 run
[5959.7490]   API 1002 run
[5961.0791]   API 3000 run
[5962.0942]   PRESENT END 2
[6189.6260]   PRESENT START 1
[6189.7051]   API 7 run
[6190.3301]   API 22 run
[6190.3882]   API 1000 run
[6190.4048]   API 1001 run
[6192.4502]   SOCKET END 0
[6192.4502]   API 1002 run
[6192.4502]   CYCLE End 1
[6192.4668]   API 3 run
[6192.5059]   API 1000 run
[6192.5161]   API 1001 run
[6192.5732]   API 1002 run
[6193.6011]   API 3000 run
[6194.6802]   PRESENT END 2
[6423.6528]   PRESENT START 1
[6423.6890]   API 7 run
[6424.1802]   API 22 run
[6424.2329]   API 1000 run
[6424.2690]   API 1001 run
[6426.2842]   SOCKET END 0
[6426.2852]   API 1002 run
[6426.2852]   CYCLE End 1
[6426.2998]   API 3 run
[6426.3472]   API 1000 run
[6426.3579]   API 1001 run
[6426.4170]   API 1002 run
[6427.6611]   API 3000 run
[6428.7041]   PRESENT END 2
[6658.2358]   PRESENT START 1
[6658.2729]   API 7 run
[6658.7212]   API 22 run
[6658.7700]   API 1000 run
[6658.7832]   API 1001 run
[6660.7349]   SOCKET END 0
[6660.7349]   API 1002 run
[6660.7358]   CYCLE End 1
[6660.7490]   API 3 run
[6660.7842]   API 1000 run
[6660.7939]   API 1001 run
[6660.8481]   API 1002 run
[6662.2441]   API 3000 run
[6663.2690]   PRESENT END 2
[6891.7139]   PRESENT START 1
[6891.7432]   API 7 run
[6892.1812]   API 22 run
[6892.2422]   API 1000 run
[6892.2559]   API 1001 run
[6894.2222]   SOCKET END 0
[6894.2231]   API 1002 run
[6894.2231]   CYCLE End 1
[6894.2490]   API 3 run
[6894.2852]   API 1000 run
[6894.2949]   API 1001 run
[6894.3628]   API 1002 run
[6895.6909]   API 3000 run
[6896.6348]   PRESENT END 2
[7125.5688]   PRESENT START 1
[7125.6011]   API 7 run
[7126.0840]   API 22 run
[7126.1328]   API 1000 run
[7126.1470]   API 1001 run
[7128.1201]   SOCKET END 0
[7128.1201]   API 1002 run
[7128.1201]   CYCLE End 1
[7128.1338]   API 3 run
[7128.1670]   API 1000 run
[7128.1758]   API 1001 run
[7128.2451]   API 1002 run
[7129.6660]   API 3000 run
[7130.7012]   PRESENT END 2
[7359.8848]   PRESENT START 1
[7359.9531]   API 7 run
[7360.5352]   API 22 run
[7360.5928]   API 1000 run
[7360.6089]   API 1001 run
[7362.6240]   SOCKET END 0
[7362.6240]   API 1002 run
[7362.6240]   CYCLE End 1
[7362.6382]   API 3 run
[7362.6758]   API 1000 run
[7362.6870]   API 1001 run
[7362.7402]   API 1002 run
[7364.2178]   API 3000 run
[7365.2378]   PRESENT END 2
[7592.8652]   PRESENT START 1
[7592.8989]   API 7 run
[7593.3589]   API 22 run
[7593.4048]   API 1000 run
[7593.4199]   API 1001 run
[7595.3779]   SOCKET END 0
[7595.3779]   API 1002 run
[7595.3779]   CYCLE End 1
[7595.3931]   API 3 run
[7595.4282]   API 1000 run
[7595.4380]   API 1001 run
[7595.5322]   API 1002 run
[7597.1489]   API 3000 run
[7598.0869]   PRESENT END 2
[7826.0679]   PRESENT START 1
[7826.0869]   API 7 run
[7826.5439]   API 22 run
[7826.6001]   API 1000 run
[7826.6162]   API 1001 run
[7828.5742]   SOCKET END 0
[7828.5752]   API 1002 run
[7828.5752]   CYCLE End 1
[7828.5889]   API 3 run
[7828.6201]   API 1000 run
[7828.6299]   API 1001 run
[7828.6841]   API 1002 run
[7830.2310]   API 3000 run
[7831.2378]   PRESENT END 2
[8060.0908]   PRESENT START 1
[8060.1201]   API 7 run
[8060.6138]   API 22 run
[8060.6729]   API 1000 run
[8060.6880]   API 1001 run
[8062.6719]   SOCKET END 0
[8062.6719]   API 1002 run
[8062.6729]   CYCLE End 1
[8062.6870]   API 3 run
[8062.7241]   API 1000 run
[8062.7329]   API 1001 run
[8062.7891]   API 1002 run
[8064.3110]   API 3000 run
[8065.3970]   PRESENT END 2
[8294.0527]   PRESENT START 1
[8294.0781]   API 7 run
[8294.5332]   API 22 run
[8294.5801]   API 1000 run
[8294.5938]   API 1001 run
[8296.5400]   SOCKET END 0
[8296.5400]   API 1002 run
[8296.5400]   CYCLE End 1
[8296.5537]   API 3 run
[8296.5869]   API 1000 run
[8296.5967]   API 1001 run
[8296.6514]   API 1002 run
[8298.3662]   API 3000 run
[8299.3525]   PRESENT END 2
[8526.8076]   PRESENT START 1
[8526.8398]   API 7 run
[8527.3047]   API 22 run
[8527.3506]   API 1000 run
[8527.3662]   API 1001 run
[8529.3291]   SOCKET END 0
[8529.3291]   API 1002 run
[8529.3291]   CYCLE End 1
[8529.3438]   API 3 run
[8529.3760]   API 1000 run
[8529.3857]   API 1001 run
[8529.4414]   API 1002 run
[8531.0938]   API 3000 run
[8532.1387]   PRESENT END 2
[8761.4941]   PRESENT START 1
[8761.5186]   API 7 run
[8762.0107]   API 22 run
[8762.0586]   API 1000 run
[8762.0742]   API 1001 run
[8764.0850]   SOCKET END 0
[8764.0850]   API 1002 run
[8764.0859]   CYCLE End 1
[8764.1035]   API 3 run
[8764.1660]   API 1000 run
[8764.1768]   API 1001 run
[8764.2363]   API 1002 run
[8765.8535]   API 3000 run
[8767.0322]   PRESENT END 2
[8995.1738]   PRESENT START 1
[8995.2051]   API 7 run
[8995.6748]   API 22 run
[8995.7285]   API 1000 run
[8995.7441]   API 1001 run
[8997.7441]   SOCKET END 0
[8997.7441]   API 1002 run
[8997.7451]   CYCLE End 1
[8997.7588]   API 3 run
[8997.7959]   API 1000 run
[8997.8057]   API 1001 run
[8997.8643]   API 1002 run
[8999.4004]   API 3000 run
[9000.4473]   PRESENT END 2
[9228.8164]   PRESENT START 1
[9228.8584]   API 7 run
[9229.3193]   API 22 run
[9229.3662]   API 1000 run
[9229.3799]   API 1001 run
[9231.3623]   SOCKET END 0
[9231.3623]   API 1002 run
[9231.3633]   CYCLE End 1
[9231.3770]   API 3 run
[9231.4111]   API 1000 run
[9231.4209]   API 1001 run
[9231.4785]   API 1002 run
[9232.9688]   API 3000 run
[9233.9111]   PRESENT END 2
[9463.6133]   PRESENT START 1
[9463.6523]   API 7 run
[9464.0996]   API 22 run
[9464.1543]   API 1000 run
[9464.1689]   API 1001 run
[9466.1221]   SOCKET END 0
[9466.1221]   API 1002 run
[9466.1221]   CYCLE End 1
[9466.1367]   API 3 run
[9466.1719]   API 1000 run
[9466.1807]   API 1001 run
[9466.2422]   API 1002 run
[9467.8838]   API 3000 run
[9468.8506]   PRESENT END 2
[9697.0928]   PRESENT START 1
[9697.1094]   API 7 run
[9697.5908]   API 22 run
[9697.6504]   API 1000 run
[9697.6660]   API 1001 run
[9699.6328]   SOCKET END 0
[9699.6328]   API 1002 run
[9699.6338]   CYCLE End 1
[9699.6475]   API 3 run
[9699.6797]   API 1000 run
[9699.6904]   API 1001 run
[9699.7480]   API 1002 run
[9701.3369]   API 3000 run
[9702.4092]   PRESENT END 2
[9930.9473]   PRESENT START 1
[9930.9756]   API 7 run
[9931.4502]   API 22 run
[9931.5078]   API 1000 run
[9931.5234]   API 1001 run
[9933.4756]   SOCKET END 0
[9933.4756]   API 1002 run
[9933.4766]   CYCLE End 1
[9933.4922]   API 3 run
[9933.5254]   API 1000 run
[9933.5352]   API 1001 run
[9933.5928]   API 1002 run
[9935.2490]   API 3000 run
[9936.2217]   PRESENT END 2
[10166.2539]   PRESENT START 1
[10166.2822]   API 7 run
[10166.7383]   API 22 run
[10166.7861]   API 1000 run
[10166.7998]   API 1001 run
[10168.7607]   SOCKET END 0
[10168.7607]   API 1002 run
[10168.7617]   CYCLE End 1
[10168.7764]   API 3 run
[10168.8076]   API 1000 run
[10168.8184]   API 1001 run
[10168.8760]   API 1002 run
[10170.2363]   API 3000 run
[10171.2588]   PRESENT END 2
[10399.2510]   PRESENT START 1
[10399.2842]   API 7 run
[10399.7686]   API 22 run
[10399.8174]   API 1000 run
[10399.8320]   API 1001 run
[10401.8066]   SOCKET END 0
[10401.8066]   API 1002 run
[10401.8076]   CYCLE End 1
[10401.8223]   API 3 run
[10401.8584]   API 1000 run
[10401.8682]   API 1001 run
[10401.9268]   API 1002 run
[10403.2656]   API 3000 run
[10404.3311]   PRESENT END 2
[10633.7656]   PRESENT START 1
[10633.7881]   API 7 run
[10634.2881]   API 22 run
[10634.3379]   API 1000 run
[10634.3535]   API 1001 run
[10636.3232]   SOCKET END 0
[10636.3232]   API 1002 run
[10636.3242]   CYCLE End 1
[10636.3379]   API 3 run
[10636.3721]   API 1000 run
[10636.3818]   API 1001 run
[10636.4385]   API 1002 run
[10637.7656]   API 3000 run
[10638.8047]   PRESENT END 2
[10867.3789]   PRESENT START 1
[10867.4131]   API 7 run
[10867.8486]   API 22 run
[10867.9043]   API 1000 run
[10867.9180]   API 1001 run
[10869.8926]   SOCKET END 0
[10869.8926]   API 1002 run
[10869.8936]   CYCLE End 1
[10869.9082]   API 3 run
[10869.9434]   API 1000 run
[10869.9531]   API 1001 run
[10870.0088]   API 1002 run
[10871.3789]   API 3000 run
[10872.3096]   PRESENT END 2
[11103.3789]   PRESENT START 1
[11103.4453]   API 7 run
[11104.0195]   API 22 run
[11104.0898]   API 1000 run
[11104.1064]   API 1001 run
[11106.1943]   SOCKET END 0
[11106.1943]   API 1002 run
[11106.1953]   CYCLE End 1
[11106.2090]   API 3 run
[11106.2441]   API 1000 run
[11106.2539]   API 1001 run
[11106.3154]   API 1002 run
[11107.5742]   API 3000 run
[11108.6055]   PRESENT END 2
[11336.0430]   PRESENT START 1
[11336.0947]   API 7 run
[11336.5674]   API 22 run
[11336.6162]   API 1000 run
[11336.6309]   API 1001 run
[11338.6299]   SOCKET END 0
[11338.6299]   API 1002 run
[11338.6309]   CYCLE End 1
[11338.6445]   API 3 run
[11338.6816]   API 1000 run
[11338.6924]   API 1001 run
[11338.7529]   API 1002 run
[11340.3936]   API 3000 run
[11341.4561]   PRESENT END 2
[11570.9736]   PRESENT START 1
[11571.0127]   API 7 run
[11571.4453]   API 22 run
[11571.4932]   API 1000 run
[11571.5068]   API 1001 run
[11573.4658]   SOCKET END 0
[11573.4658]   API 1002 run
[11573.4658]   CYCLE End 1
[11573.4814]   API 3 run
[11573.5176]   API 1000 run
[11573.5293]   API 1001 run
[11573.5850]   API 1002 run
[11575.2910]   API 3000 run
[11576.2725]   PRESENT END 2
[11805.7871]   PRESENT START 1
[11805.8213]   API 7 run
[11806.2725]   API 22 run
[11806.3301]   API 1000 run
[11806.3438]   API 1001 run
[11808.2998]   SOCKET END 0
[11808.2998]   API 1002 run
[11808.3008]   CYCLE End 1
[11808.3154]   API 3 run
[11808.3486]   API 1000 run
[11808.3594]   API 1001 run
[11808.4180]   API 1002 run
[11810.1211]   API 3000 run
[11811.1221]   PRESENT END 2
[12039.2090]   PRESENT START 1
[12039.2383]   API 7 run
[12039.7031]   API 22 run
[12039.7539]   API 1000 run
[12039.7695]   API 1001 run
[12041.7314]   SOCKET END 0
[12041.7314]   API 1002 run
[12041.7314]   CYCLE End 1
[12041.7451]   API 3 run
[12041.7861]   API 1000 run
[12041.7959]   API 1001 run
[12041.8525]   API 1002 run
[12043.2490]   API 3000 run
[12044.3408]   PRESENT END 2
[12272.7285]   PRESENT START 1
[12272.7637]   API 7 run
[12273.2539]   API 22 run
[12273.3047]   API 1000 run
[12273.3213]   API 1001 run
[12275.2734]   SOCKET END 0
[12275.2734]   API 1002 run
[12275.2734]   CYCLE End 1
[12275.2891]   API 3 run
[12275.3252]   API 1000 run
[12275.3350]   API 1001 run
[12275.3945]   API 1002 run
[12276.7529]   API 3000 run
[12277.8193]   PRESENT END 2
[12506.4990]   PRESENT START 1
[12506.5361]   API 7 run
[12506.9912]   API 22 run
[12507.0400]   API 1000 run
[12507.0547]   API 1001 run
[12509.0146]   SOCKET END 0
[12509.0146]   API 1002 run
[12509.0146]   CYCLE End 1
[12509.0283]   API 3 run
[12509.0684]   API 1000 run
[12509.0781]   API 1001 run
[12509.1357]   API 1002 run
[12510.4229]   API 3000 run
[12511.3057]   PRESENT END 2
[12740.9229]   PRESENT START 1
[12740.9629]   API 7 run
[12741.3975]   API 22 run
[12741.4434]   API 1000 run
[12741.4658]   API 1001 run
[12743.4111]   SOCKET END 0
[12743.4111]   API 1002 run
[12743.4121]   CYCLE End 1
[12743.4268]   API 3 run
[12743.4609]   API 1000 run
[12743.4707]   API 1001 run
[12743.5303]   API 1002 run
[12744.9844]   API 3000 run
[12745.9395]   PRESENT END 2
[12976.6133]   PRESENT START 1
[12976.6396]   API 7 run
[12977.1328]   API 22 run
[12977.1807]   API 1000 run
[12977.1973]   API 1001 run
[12979.1592]   SOCKET END 0
[12979.1592]   API 1002 run
[12979.1602]   CYCLE End 1
[12979.1738]   API 3 run
[12979.2100]   API 1000 run
[12979.2197]   API 1001 run
[12979.2803]   API 1002 run
[12980.9785]   API 3000 run
[12982.0713]   PRESENT END 2
[13209.2031]   PRESENT START 1
[13209.2354]   API 7 run
[13209.7021]   API 22 run
[13209.7490]   API 1000 run
[13209.7627]   API 1001 run
[13211.7061]   SOCKET END 0
[13211.7061]   API 1002 run
[13211.7061]   CYCLE End 1
[13211.7217]   API 3 run
[13211.7549]   API 1000 run
[13211.7646]   API 1001 run
[13211.8242]   API 1002 run
[13213.3809]   API 3000 run
[13214.3613]   PRESENT END 2
[13444.3789]   PRESENT START 1
[13444.4102]   API 7 run
[13444.8691]   API 22 run
[13444.9170]   API 1000 run
[13444.9307]   API 1001 run
[13446.9043]   SOCKET END 0
[13446.9043]   API 1002 run
[13446.9043]   CYCLE End 1
[13446.9180]   API 3 run
[13446.9619]   API 1000 run
[13446.9717]   API 1001 run
[13447.0332]   API 1002 run
[13448.7520]   API 3000 run
[13449.7627]   PRESENT END 2
[13678.7510]   PRESENT START 1
[13678.7891]   API 7 run
[13679.2783]   API 22 run
[13679.3281]   API 1000 run
[13679.3428]   API 1001 run
[13681.3252]   SOCKET END 0
[13681.3252]   API 1002 run
[13681.3252]   CYCLE End 1
[13681.3379]   API 3 run
[13681.3799]   API 1000 run
[13681.3896]   API 1001 run
[13681.4482]   API 1002 run
[13683.1035]   API 3000 run
[13684.1699]   PRESENT END 2
[13913.3555]   PRESENT START 1
[13913.3965]   API 7 run
[13913.9062]   API 22 run
[13913.9697]   API 1000 run
[13913.9863]   API 1001 run
[13915.9883]   SOCKET END 0
[13915.9883]   API 1002 run
[13915.9883]   CYCLE End 1
[13916.0039]   API 3 run
[13916.0371]   API 1000 run
[13916.0469]   API 1001 run
[13916.1064]   API 1002 run
[13917.8213]   API 3000 run
[13918.8965]   PRESENT END 2
[14148.1162]   PRESENT START 1
[14148.1484]   API 7 run
[14148.6113]   API 22 run
[14148.6592]   API 1000 run
[14148.6748]   API 1001 run
[14150.6738]   SOCKET END 0
[14150.6738]   API 1002 run
[14150.6748]   CYCLE End 1
[14150.6895]   API 3 run
[14150.7246]   API 1000 run
[14150.7354]   API 1001 run
[14150.7930]   API 1002 run
[14152.2773]   API 3000 run
[14153.2021]   PRESENT END 2
[14383.2441]   PRESENT START 1
[14383.2764]   API 7 run
[14383.7305]   API 22 run
[14383.7783]   API 1000 run
[14383.7930]   API 1001 run
[14385.7676]   SOCKET END 0
[14385.7686]   API 1002 run
[14385.7686]   CYCLE End 1
[14385.7832]   API 3 run
[14385.8174]   API 1000 run
[14385.8281]   API 1001 run
[14385.8867]   API 1002 run
[14387.3984]   API 3000 run
[14388.3701]   PRESENT END 2
[14617.5234]   PRESENT START 1
[14617.5518]   API 7 run
[14618.0498]   API 22 run
[14618.1006]   API 1000 run
[14618.1162]   API 1001 run
[14620.0840]   SOCKET END 0
[14620.0840]   API 1002 run
[14620.0840]   CYCLE End 1
[14620.0996]   API 3 run
[14620.1338]   API 1000 run
[14620.1592]   API 1001 run
[14620.2178]   API 1002 run
[14621.9023]   API 3000 run
[14622.9668]   PRESENT END 2
[14851.5742]   PRESENT START 1
[14851.6104]   API 7 run
[14852.0615]   API 22 run
[14852.1084]   API 1000 run
[14852.1230]   API 1001 run
[14854.0859]   SOCKET END 0
[14854.0859]   API 1002 run
[14854.0859]   CYCLE End 1
[14854.0996]   API 3 run
[14854.1338]   API 1000 run
[14854.1445]   API 1001 run
[14854.2041]   API 1002 run
[14855.7920]   API 3000 run
[14856.6709]   PRESENT END 2
[15086.3691]   PRESENT START 1
[15086.4092]   API 7 run
[15086.8906]   API 22 run
[15086.9414]   API 1000 run
[15086.9570]   API 1001 run
[15088.9121]   SOCKET END 0
[15088.9121]   API 1002 run
[15088.9121]   CYCLE End 1
[15088.9258]   API 3 run
[15088.9580]   API 1000 run
[15088.9678]   API 1001 run
[15089.0225]   API 1002 run
[15090.7031]   API 3000 run
[15091.7256]   PRESENT END 2
[15320.6289]   PRESENT START 1
[15320.6689]   API 7 run
[15321.1621]   API 22 run
[15321.2139]   API 1000 run
[15321.2285]   API 1001 run
[15323.2070]   SOCKET END 0
[15323.2070]   API 1002 run
[15323.2070]   CYCLE End 1
[15323.2217]   API 3 run
[15323.2588]   API 1000 run
[15323.2676]   API 1001 run
[15323.3281]   API 1002 run
[15325.0420]   API 3000 run
[15326.1133]   PRESENT END 2
[15555.3574]   PRESENT START 1
[15555.3877]   API 7 run
[15555.8721]   API 22 run
[15555.9248]   API 1000 run
[15555.9414]   API 1001 run
[15557.9277]   SOCKET END 0
[15557.9277]   API 1002 run
[15557.9277]   CYCLE End 1
[15557.9424]   API 3 run
[15557.9766]   API 1000 run
[15557.9873]   API 1001 run
[15558.0498]   API 1002 run
[15559.7793]   API 3000 run
[15561.6709]   PRESENT END 2
[15790.2080]   PRESENT START 1
[15790.2363]   API 7 run
[15790.6914]   API 22 run
[15790.7480]   API 1000 run
[15790.7617]   API 1001 run
[15792.7061]   SOCKET END 0
[15792.7061]   API 1002 run
[15792.7061]   CYCLE End 1
[15792.7207]   API 3 run
[15792.7549]   API 1000 run
[15792.7646]   API 1001 run
[15792.8252]   API 1002 run
[15794.3613]   API 3000 run
[15795.2383]   PRESENT END 2
[16024.5586]   PRESENT START 1
[16024.5889]   API 7 run
[16025.0713]   API 22 run
[16025.1191]   API 1000 run
[16025.1348]   API 1001 run
[16027.1797]   SOCKET END 0
[16027.1797]   API 1002 run
[16027.1807]   CYCLE End 1
[16027.1953]   API 3 run
[16027.2314]   API 1000 run
[16027.2412]   API 1001 run
[16027.2969]   API 1002 run
[16028.8438]   API 3000 run
[16029.8184]   PRESENT END 2
[16259.9307]   PRESENT START 1
[16259.9580]   API 7 run
[16260.4424]   API 22 run
[16260.4961]   API 1000 run
[16260.5117]   API 1001 run
[16262.4766]   SOCKET END 0
[16262.4766]   API 1002 run
[16262.4775]   CYCLE End 1
[16262.4932]   API 3 run
[16262.5303]   API 1000 run
[16262.5400]   API 1001 run
[16262.5947]   API 1002 run
[16264.3408]   API 3000 run
[16265.4229]   PRESENT END 2
[16494.1094]   PRESENT START 1
[16494.1406]   API 7 run
[16494.5859]   API 22 run
[16494.6328]   API 1000 run
[16494.6445]   API 1001 run
[16496.5703]   SOCKET END 0
[16496.5703]   API 1002 run
[16496.5723]   CYCLE End 1
[16496.5840]   API 3 run
[16496.6172]   API 1000 run
[16496.6270]   API 1001 run
[16496.6797]   API 1002 run
[16498.3711]   API 3000 run
[16499.2598]   PRESENT END 2
[16729.8984]   PRESENT START 1
[16729.9297]   API 7 run
[16730.3828]   API 22 run
[16730.4375]   API 1000 run
[16730.4512]   API 1001 run
[16732.3828]   SOCKET END 0
[16732.3828]   API 1002 run
[16732.3828]   CYCLE End 1
[16732.3965]   API 3 run
[16732.4297]   API 1000 run
[16732.4375]   API 1001 run
[16732.4922]   API 1002 run
[16734.2051]   API 3000 run
[16735.1934]   PRESENT END 2
[16963.4043]   PRESENT START 1
[16963.4316]   API 7 run
[16963.9258]   API 22 run
[16963.9766]   API 1000 run
[16963.9922]   API 1001 run
[16965.9648]   SOCKET END 0
[16965.9648]   API 1002 run
[16965.9648]   CYCLE End 1
[16965.9805]   API 3 run
[16966.0156]   API 1000 run
[16966.0234]   API 1001 run
[16966.0781]   API 1002 run
[16967.8379]   API 3000 run
[16968.9180]   PRESENT END 2
[17200.1484]   PRESENT START 1
[17200.1914]   API 7 run
[17200.6445]   API 22 run
[17200.6895]   API 1000 run
[17200.7031]   API 1001 run
[17202.7559]   SOCKET END 0
[17202.7559]   API 1002 run
[17202.7578]   CYCLE End 1
[17202.7812]   API 3 run
[17202.8203]   API 1000 run
[17202.8281]   API 1001 run
[17202.8887]   API 1002 run
[17204.3320]   API 3000 run
[17205.3320]   PRESENT END 2
[17433.0547]   PRESENT START 1
[17433.0859]   API 7 run
[17433.5156]   API 22 run
[17433.5645]   API 1000 run
[17433.5762]   API 1001 run
[17435.5195]   SOCKET END 0
[17435.5195]   API 1002 run
[17435.5195]   CYCLE End 1
[17435.5352]   API 3 run
[17435.5723]   API 1000 run
[17435.5801]   API 1001 run
[17435.6348]   API 1002 run
[17437.3281]   API 3000 run
[17438.2930]   PRESENT END 2
[17669.1836]   PRESENT START 1
[17669.2188]   API 7 run
[17669.6758]   API 22 run
[17669.7285]   API 1000 run
[17669.7402]   API 1001 run
[17671.6797]   SOCKET END 0
[17671.6797]   API 1002 run
[17671.6797]   CYCLE End 1
[17671.6934]   API 3 run
[17671.7266]   API 1000 run
[17671.7363]   API 1001 run
[17671.8086]   API 1002 run
[17673.4160]   API 3000 run
[17674.4043]   PRESENT END 2
[17902.9238]   PRESENT START 1
[17902.9492]   API 7 run
[17903.4277]   API 22 run
[17903.4785]   API 1000 run
[17903.4922]   API 1001 run
[17905.4609]   SOCKET END 0
[17905.4609]   API 1002 run
[17905.4609]   CYCLE End 1
[17905.4766]   API 3 run
[17905.5078]   API 1000 run
[17905.5176]   API 1001 run
[17905.5762]   API 1002 run
[17907.2598]   API 3000 run
[17908.3359]   PRESENT END 2
[18137.7480]   PRESENT START 1
[18137.7793]   API 7 run
[18138.2402]   API 22 run
[18138.2852]   API 1000 run
[18138.3027]   API 1001 run
[18140.2500]   SOCKET END 0
[18140.2500]   API 1002 run
[18140.2500]   CYCLE End 1
[18140.2637]   API 3 run
[18140.2969]   API 1000 run
[18140.3066]   API 1001 run
[18140.3594]   API 1002 run
[18142.1074]   API 3000 run
[18143.0527]   PRESENT END 2
[18374.5430]   PRESENT START 1
[18374.5723]   API 7 run
[18375.0391]   API 22 run
[18375.0879]   API 1000 run
[18375.1016]   API 1001 run
[18377.0449]   SOCKET END 0
[18377.0449]   API 1002 run
[18377.0469]   CYCLE End 1
[18377.0605]   API 3 run
[18377.0918]   API 1000 run
[18377.1016]   API 1001 run
[18377.1562]   API 1002 run
[18378.8086]   API 3000 run
[18379.8008]   PRESENT END 2
[18610.1445]   PRESENT START 1
[18610.1758]   API 7 run
[18610.6367]   API 22 run
[18610.6914]   API 1000 run
[18610.7266]   API 1001 run
[18612.6641]   SOCKET END 0
[18612.6641]   API 1002 run
[18612.6641]   CYCLE End 1
[18612.6797]   API 3 run
[18612.7246]   API 1000 run
[18612.7363]   API 1001 run
[18612.7930]   API 1002 run
[18614.3691]   API 3000 run
[18615.4238]   PRESENT END 2
[18844.0840]   PRESENT START 1
[18844.1172]   API 7 run
[18844.5781]   API 22 run
[18844.6230]   API 1000 run
[18844.6406]   API 1001 run
[18846.5801]   SOCKET END 0
[18846.5801]   API 1002 run
[18846.5801]   CYCLE End 1
[18846.5938]   API 3 run
[18846.6309]   API 1000 run
[18846.6406]   API 1001 run
[18846.6934]   API 1002 run
[18848.3633]   API 3000 run
[18849.3848]   PRESENT END 2
[19079.4102]   PRESENT START 1
[19079.4492]   API 7 run
[19079.9648]   API 22 run
[19080.0176]   API 1000 run
[19080.0332]   API 1001 run
[19082.0352]   SOCKET END 0
[19082.0352]   API 1002 run
[19082.0352]   CYCLE End 1
[19082.0488]   API 3 run
[19082.0879]   API 1000 run
[19082.0977]   API 1001 run
[19082.1523]   API 1002 run
[19083.7285]   API 3000 run
[19084.8086]   PRESENT END 2
[19316.0176]   PRESENT START 1
[19316.0586]   API 7 run
[19316.5234]   API 22 run
[19316.5703]   API 1000 run
[19316.5840]   API 1001 run
[19318.5449]   SOCKET END 0
[19318.5449]   API 1002 run
[19318.5449]   CYCLE End 1
[19318.5586]   API 3 run
[19318.5918]   API 1000 run
[19318.6035]   API 1001 run
[19318.6602]   API 1002 run
[19320.4121]   API 3000 run
[19321.5840]   PRESENT END 2
[19552.9453]   PRESENT START 1
[19552.9727]   API 7 run
[19553.3984]   API 22 run
[19553.4512]   API 1000 run
[19553.4688]   API 1001 run
[19555.4238]   SOCKET END 0
[19555.4238]   API 1002 run
[19555.4238]   CYCLE End 1
[19555.4355]   API 3 run
[19555.4688]   API 1000 run
[19555.4805]   API 1001 run
[19555.5312]   API 1002 run
[19557.3379]   API 3000 run
[19558.3965]   PRESENT END 2
[19788.2344]   PRESENT START 1
[19788.2559]   API 7 run
[19788.7031]   API 22 run
[19788.7480]   API 1000 run
[19788.7617]   API 1001 run
[19790.7363]   SOCKET END 0
[19790.7363]   API 1002 run
[19790.7363]   CYCLE End 1
[19790.7559]   API 3 run
[19790.7930]   API 1000 run
[19790.8047]   API 1001 run
[19790.8594]   API 1002 run
[19792.4277]   API 3000 run
[19793.4766]   PRESENT END 2
[20021.6660]   PRESENT START 1
[20021.6992]   API 7 run
[20022.1074]   API 22 run
[20022.1484]   API 1000 run
[20022.1621]   API 1001 run
[20024.1211]   SOCKET END 0
[20024.1211]   API 1002 run
[20024.1230]   CYCLE End 1
[20024.1367]   API 3 run
[20024.1641]   API 1000 run
[20024.1719]   API 1001 run
[20024.2285]   API 1002 run
[20026.0801]   API 3000 run
[20027.1562]   PRESENT END 2
[20257.8633]   PRESENT START 1
[20257.8984]   API 7 run
[20258.3438]   API 22 run
[20258.3906]   API 1000 run
[20258.4043]   API 1001 run
[20260.4043]   SOCKET END 0
[20260.4043]   API 1002 run
[20260.4043]   CYCLE End 1
[20260.4316]   API 3 run
[20260.4629]   API 1000 run
[20260.4727]   API 1001 run
[20260.5293]   API 1002 run
[20262.2227]   API 3000 run
[20263.3047]   PRESENT END 2
[20492.7480]   PRESENT START 1
[20492.7773]   API 7 run
[20493.2207]   API 22 run
[20493.2754]   API 1000 run
[20493.2871]   API 1001 run
[20495.2793]   SOCKET END 0
[20495.2793]   API 1002 run
[20495.2793]   CYCLE End 1
[20495.3047]   API 3 run
[20495.3359]   API 1000 run
[20495.3457]   API 1001 run
[20495.4082]   API 1002 run
[20497.1270]   API 3000 run
[20498.2285]   PRESENT END 2
[20729.2031]   PRESENT START 1
[20729.2324]   API 7 run
[20729.6562]   API 22 run
[20729.7012]   API 1000 run
[20729.7168]   API 1001 run
[20731.6621]   SOCKET END 0
[20731.6621]   API 1002 run
[20731.6621]   CYCLE End 1
[20731.6777]   API 3 run
[20731.7031]   API 1000 run
[20731.7168]   API 1001 run
[20731.7715]   API 1002 run
[20733.3105]   API 3000 run
[20734.2109]   PRESENT END 2
[20964.2363]   PRESENT START 1
[20964.2637]   API 7 run
[20964.6953]   API 22 run
[20964.7402]   API 1000 run
[20964.7520]   API 1001 run
[20966.7070]   SOCKET END 0
[20966.7070]   API 1002 run
[20966.7070]   CYCLE End 1
[20966.7363]   API 3 run
[20966.7637]   API 1000 run
[20966.7715]   API 1001 run
[20966.8320]   API 1002 run
[20968.5430]   API 3000 run
[20970.3086]   PRESENT END 2
[21199.3320]   PRESENT START 1
[21199.3711]   API 7 run
[21199.8477]   API 22 run
[21199.8945]   API 1000 run
[21199.9082]   API 1001 run
[21201.8789]   SOCKET END 0
[21201.8789]   API 1002 run
[21201.8809]   CYCLE End 1
[21201.9004]   API 3 run
[21201.9297]   API 1000 run
[21201.9395]   API 1001 run
[21202.0000]   API 1002 run
[21203.7207]   API 3000 run
[21204.7793]   PRESENT END 2
[21435.2109]   PRESENT START 1
[21435.2402]   API 7 run
[21435.6523]   API 22 run
[21435.6953]   API 1000 run
[21435.7109]   API 1001 run
[21437.6562]   SOCKET END 0
[21437.6562]   API 1002 run
[21437.6562]   CYCLE End 1
[21437.6719]   API 3 run
[21437.6992]   API 1000 run
[21437.7109]   API 1001 run
[21437.7676]   API 1002 run
[21439.3887]   API 3000 run
[21440.3086]   PRESENT END 2
[21670.6875]   PRESENT START 1
[21670.7129]   API 7 run
[21671.1074]   API 22 run
[21671.1504]   API 1000 run
[21671.1641]   API 1001 run
[21673.0918]   SOCKET END 0
[21673.0918]   API 1002 run
[21673.0918]   CYCLE End 1
[21673.1035]   API 3 run
[21673.1328]   API 1000 run
[21673.1406]   API 1001 run
[21673.1973]   API 1002 run
[21675.0195]   API 3000 run
[21676.0156]   PRESENT END 2
[21905.1953]   PRESENT START 1
[21905.2246]   API 7 run
[21905.6680]   API 22 run
[21905.7129]   API 1000 run
[21905.7285]   API 1001 run
[21907.7012]   SOCKET END 0
[21907.7012]   API 1002 run
[21907.7012]   CYCLE End 1
[21907.7148]   API 3 run
[21907.7402]   API 1000 run
[21907.7520]   API 1001 run
[21907.8086]   API 1002 run
[21909.1992]   API 3000 run
[21910.2754]   PRESENT END 2
[22142.3711]   PRESENT START 1
[22142.4004]   API 7 run
[22142.8262]   API 22 run
[22142.8711]   API 1000 run
[22142.8848]   API 1001 run
[22144.8281]   SOCKET END 0
[22144.8281]   API 1002 run
[22144.8281]   CYCLE End 1
[22144.8398]   API 3 run
[22144.8672]   API 1000 run
[22144.8789]   API 1001 run
[22144.9316]   API 1002 run
[22146.3809]   API 3000 run
[22147.4121]   PRESENT END 2
[22377.3887]   PRESENT START 1
[22377.4160]   API 7 run
[22377.8281]   API 22 run
[22377.8672]   API 1000 run
[22377.8828]   API 1001 run
[22379.8203]   SOCKET END 0
[22379.8203]   API 1002 run
[22379.8203]   CYCLE End 1
[22379.8301]   API 3 run
[22379.8555]   API 1000 run
[22379.8770]   API 1001 run
[22379.9355]   API 1002 run
[22381.3633]   API 3000 run
[22382.2441]   PRESENT END 2
[22613.2598]   PRESENT START 1
[22613.2871]   API 7 run
[22613.7207]   API 22 run
[22613.7637]   API 1000 run
[22613.7754]   API 1001 run
[22615.7168]   SOCKET END 0
[22615.7168]   API 1002 run
[22615.7168]   CYCLE End 1
[22615.7305]   API 3 run
[22615.7598]   API 1000 run
[22615.7715]   API 1001 run
[22615.8281]   API 1002 run
[22617.4473]   API 3000 run
[22618.3965]   PRESENT END 2
[22848.4512]   PRESENT START 1
[22848.4746]   API 7 run
[22848.8926]   API 22 run
[22848.9316]   API 1000 run
[22848.9434]   API 1001 run
[22850.8984]   SOCKET END 0
[22850.8984]   API 1002 run
[22850.9004]   CYCLE End 1
[22850.9121]   API 3 run
[22850.9375]   API 1000 run
[22850.9473]   API 1001 run
[22851.0000]   API 1002 run
[22852.8398]   API 3000 run
[22853.9219]   PRESENT END 2
[23085.6660]   PRESENT START 1
[23085.7031]   API 7 run
[23086.4648]   API 22 run
[23086.5273]   API 1000 run
[23086.5449]   API 1001 run
[23088.5078]   SOCKET END 0
[23088.5078]   API 1002 run
[23088.5098]   CYCLE End 1
[23088.5312]   API 3 run
[23088.5703]   API 1000 run
[23088.5801]   API 1001 run
[23088.6367]   API 1002 run
[23090.0391]   API 3000 run
[23090.9961]   PRESENT END 2
[23321.5898]   PRESENT START 1
[23321.6289]   API 7 run
[23322.0859]   API 22 run
[23322.1328]   API 1000 run
[23322.1484]   API 1001 run
[23324.0957]   SOCKET END 0
[23324.0977]   API 1002 run
[23324.0977]   CYCLE End 1
[23324.1113]   API 3 run
[23324.1484]   API 1000 run
[23324.1562]   API 1001 run
[23324.2070]   API 1002 run
[23325.9766]   API 3000 run
[23326.9434]   PRESENT END 2
[23558.1035]   PRESENT START 1
[23558.1309]   API 7 run
[23558.6074]   API 22 run
[23558.6680]   API 1000 run
[23558.6836]   API 1001 run
[23560.6523]   SOCKET END 0
[23560.6543]   API 1002 run
[23560.6543]   CYCLE End 1
[23560.6680]   API 3 run
[23560.7129]   API 1000 run
[23560.7227]   API 1001 run
[23560.7754]   API 1002 run
[23562.3398]   API 3000 run
[23563.3320]   PRESENT END 2
[23795.4355]   PRESENT START 1
[23795.4648]   API 7 run
[23795.9375]   API 22 run
[23795.9883]   API 1000 run
[23796.0020]   API 1001 run
[23797.9688]   SOCKET END 0
[23797.9688]   API 1002 run
[23797.9688]   CYCLE End 1
[23797.9844]   API 3 run
[23798.0176]   API 1000 run
[23798.0273]   API 1001 run
[23798.0820]   API 1002 run
[23799.8770]   API 3000 run
[23800.8027]   PRESENT END 2
[24030.0762]   PRESENT START 1
[24030.1016]   API 7 run
[24030.5840]   API 22 run
[24030.6328]   API 1000 run
[24030.6484]   API 1001 run
[24032.6133]   SOCKET END 0
[24032.6133]   API 1002 run
[24032.6133]   CYCLE End 1
[24032.6328]   API 3 run
[24032.6719]   API 1000 run
[24032.6816]   API 1001 run
[24032.7363]   API 1002 run
[24034.3398]   API 3000 run
[24035.2754]   PRESENT END 2
[24264.0156]   PRESENT START 1
[24264.0488]   API 7 run
[24264.5156]   API 22 run
[24264.5645]   API 1000 run
[24264.5762]   API 1001 run
[24266.5566]   SOCKET END 0
[24266.5566]   API 1002 run
[24266.5586]   CYCLE End 1
[24266.5723]   API 3 run
[24266.6074]   API 1000 run
[24266.6172]   API 1001 run
[24266.6719]   API 1002 run
[24268.3574]   API 3000 run
[24269.3477]   PRESENT END 2
[24501.4199]   PRESENT START 1
[24501.4648]   API 7 run
[24501.9336]   API 22 run
[24501.9922]   API 1000 run
[24502.0059]   API 1001 run
[24503.9707]   SOCKET END 0
[24503.9707]   API 1002 run
[24503.9707]   CYCLE End 1
[24503.9844]   API 3 run
[24504.0195]   API 1000 run
[24504.0273]   API 1001 run
[24504.0840]   API 1002 run
[24505.7832]   API 3000 run
[24506.8633]   PRESENT END 2
[24739.1973]   PRESENT START 1
[24739.2305]   API 7 run
[24739.6797]   API 22 run
[24739.7285]   API 1000 run
[24739.7402]   API 1001 run
[24741.7070]   SOCKET END 0
[24741.7070]   API 1002 run
[24741.7070]   CYCLE End 1
[24741.7227]   API 3 run
[24741.7559]   API 1000 run
[24741.7637]   API 1001 run
[24741.8203]   API 1002 run
[24743.4844]   API 3000 run
[24744.4707]   PRESENT END 2
[24973.5039]   PRESENT START 1
[24973.5352]   API 7 run
[24974.0078]   API 22 run
[24974.0566]   API 1000 run
[24974.0703]   API 1001 run
[24976.0176]   SOCKET END 0
[24976.0176]   API 1002 run
[24976.0176]   CYCLE End 1
[24976.0664]   API 3 run
[24976.0996]   API 1000 run
[24976.1074]   API 1001 run
[24976.1660]   API 1002 run
[24977.8242]   API 3000 run
[24980.8594]   PRESENT END 2
[25208.5820]   PRESENT START 1
[25208.6230]   API 7 run
[25209.1074]   API 22 run
[25209.1562]   API 1000 run
[25209.1699]   API 1001 run
[25211.1484]   SOCKET END 0
[25211.1484]   API 1002 run
[25211.1484]   CYCLE End 1
[25211.1660]   API 3 run
[25211.2012]   API 1000 run
[25211.2129]   API 1001 run
[25211.2676]   API 1002 run
[25213.0254]   API 3000 run
[25214.4160]   PRESENT END 2
[25445.8555]   PRESENT START 1
[25445.8828]   API 7 run
[25446.3125]   API 22 run
[25446.3633]   API 1000 run
[25446.3789]   API 1001 run
[25448.6973]   SOCKET END 0
[25448.6973]   API 1002 run
[25448.6973]   CYCLE End 1
[25448.7129]   API 3 run
[25448.7441]   API 1000 run
[25448.7520]   API 1001 run
[25448.8086]   API 1002 run
[25450.2148]   API 3000 run
[25451.2070]   PRESENT END 2
[25682.8574]   PRESENT START 1
[25682.8926]   API 7 run
[25683.3145]   API 22 run
[25683.3555]   API 1000 run
[25683.3672]   API 1001 run
[25685.3047]   SOCKET END 0
[25685.3047]   API 1002 run
[25685.3047]   CYCLE End 1
[25685.3164]   API 3 run
[25685.3457]   API 1000 run
[25685.3555]   API 1001 run
[25685.4199]   API 1002 run
[25687.1367]   API 3000 run
[25688.0098]   PRESENT END 2
[25915.7441]   PRESENT START 1
[25915.7715]   API 7 run
[25916.2051]   API 22 run
[25916.2520]   API 1000 run
[25916.2676]   API 1001 run
[25918.2441]   SOCKET END 0
[25918.2441]   API 1002 run
[25918.2441]   CYCLE End 1
[25918.2578]   API 3 run
[25918.2891]   API 1000 run
[25918.3008]   API 1001 run
[25918.3555]   API 1002 run
[25920.0898]   API 3000 run
[25921.0605]   PRESENT END 2
[26150.3945]   PRESENT START 1
[26150.4316]   API 7 run
[26150.8809]   API 22 run
[26150.9238]   API 1000 run
[26150.9395]   API 1001 run
[26152.9355]   SOCKET END 0
[26152.9355]   API 1002 run
[26152.9355]   CYCLE End 1
[26152.9492]   API 3 run
[26152.9824]   API 1000 run
[26152.9922]   API 1001 run
[26153.0469]   API 1002 run
[26154.6133]   API 3000 run
[26155.6230]   PRESENT END 2
[26387.2832]   PRESENT START 1
[26387.3164]   API 7 run
[26387.7598]   API 22 run
[26387.8164]   API 1000 run
[26387.8281]   API 1001 run
[26389.7754]   SOCKET END 0
[26389.7754]   API 1002 run
[26389.7754]   CYCLE End 1
[26389.7871]   API 3 run
[26389.8223]   API 1000 run
[26389.8320]   API 1001 run
[26389.8887]   API 1002 run
[26391.4473]   API 3000 run
[26392.4023]   PRESENT END 2
[26624.4258]   PRESENT START 1
[26624.4570]   API 7 run
[26624.8809]   API 22 run
[26624.9258]   API 1000 run
[26624.9395]   API 1001 run
[26626.8848]   SOCKET END 0
[26626.8848]   API 1002 run
[26626.8848]   CYCLE End 1
[26626.9004]   API 3 run
[26626.9316]   API 1000 run
[26626.9414]   API 1001 run
[26626.9961]   API 1002 run
[26628.6992]   API 3000 run
[26629.5898]   PRESENT END 2
[26859.5352]   PRESENT START 1
[26859.5723]   API 7 run
[26859.9844]   API 22 run
[26860.0273]   API 1000 run
[26860.0391]   API 1001 run
[26862.0605]   SOCKET END 0
[26862.0605]   API 1002 run
[26862.0605]   CYCLE End 1
[26862.0723]   API 3 run
[26862.1035]   API 1000 run
[26862.1113]   API 1001 run
[26862.1738]   API 1002 run
[26863.7441]   API 3000 run
[26864.6113]   PRESENT END 2
[27094.5117]   PRESENT START 1
[27094.5586]   API 7 run
[27094.9688]   API 22 run
[27095.0117]   API 1000 run
[27095.0273]   API 1001 run
[27097.0156]   SOCKET END 0
[27097.0156]   API 1002 run
[27097.0156]   CYCLE End 1
[27097.0273]   API 3 run
[27097.0684]   API 1000 run
[27097.0781]   API 1001 run
[27097.1367]   API 1002 run
[27099.6191]   API 3000 run
[27100.6133]   PRESENT END 2
[27331.4844]   PRESENT START 1
[27331.5176]   API 7 run
[27331.9316]   API 22 run
[27331.9844]   API 1000 run
[27331.9980]   API 1001 run
[27333.9316]   SOCKET END 0
[27333.9316]   API 1002 run
[27333.9316]   CYCLE End 1
[27333.9434]   API 3 run
[27333.9766]   API 1000 run
[27333.9844]   API 1001 run
[27334.0391]   API 1002 run
[27335.7559]   API 3000 run
[27336.6270]   PRESENT END 2
[27567.7832]   PRESENT START 1
[27567.8203]   API 7 run
[27568.2422]   API 22 run
[27568.2832]   API 1000 run
[27568.2988]   API 1001 run
[27570.2578]   SOCKET END 0
[27570.2578]   API 1002 run
[27570.2578]   CYCLE End 1
[27570.2715]   API 3 run
[27570.3008]   API 1000 run
[27570.3125]   API 1001 run
[27570.3809]   API 1002 run
[27571.9609]   API 3000 run
[27572.8438]   PRESENT END 2
[27802.7012]   PRESENT START 1
[27802.7363]   API 7 run
[27803.1445]   API 22 run
[27803.1875]   API 1000 run
[27803.1992]   API 1001 run
[27805.1641]   SOCKET END 0
[27805.1641]   API 1002 run
[27805.1641]   CYCLE End 1
[27805.1797]   API 3 run
[27805.2070]   API 1000 run
[27805.2188]   API 1001 run
[27805.2715]   API 1002 run
[27807.0059]   API 3000 run
[27807.9512]   PRESENT END 2
[28038.6523]   PRESENT START 1
[28038.6914]   API 7 run
[28039.0957]   API 22 run
[28039.1406]   API 1000 run
[28039.1523]   API 1001 run
[28041.0879]   SOCKET END 0
[28041.0879]   API 1002 run
[28041.0879]   CYCLE End 1
[28041.1016]   API 3 run
[28041.1309]   API 1000 run
[28041.1406]   API 1001 run
[28041.1934]   API 1002 run
[28042.9043]   API 3000 run
[28043.7793]   PRESENT END 2
[28276.1230]   PRESENT START 1
[28276.1602]   API 7 run
[28276.5840]   API 22 run
[28276.6406]   API 1000 run
[28276.6543]   API 1001 run
[28278.6113]   SOCKET END 0
[28278.6113]   API 1002 run
[28278.6113]   CYCLE End 1
[28278.6270]   API 3 run
[28278.6562]   API 1000 run
[28278.6641]   API 1001 run
[28278.7207]   API 1002 run
[28280.0645]   API 3000 run
[28280.9902]   PRESENT END 2
[28512.0801]   PRESENT START 1
[28512.1191]   API 7 run
[28512.5391]   API 22 run
[28512.5840]   API 1000 run
[28512.5977]   API 1001 run
[28514.5469]   SOCKET END 0
[28514.5469]   API 1002 run
[28514.5488]   CYCLE End 1
[28514.5605]   API 3 run
[28514.5879]   API 1000 run
[28514.5996]   API 1001 run
[28514.6543]   API 1002 run
[28515.9609]   API 3000 run
[28516.8359]   PRESENT END 2
[28746.7344]   PRESENT START 1
[28746.7637]   API 7 run
[28747.1680]   API 22 run
[28747.2109]   API 1000 run
[28747.2246]   API 1001 run
[28749.1562]   SOCKET END 0
[28749.1562]   API 1002 run
[28749.1562]   CYCLE End 1
[28749.1719]   API 3 run
[28749.1992]   API 1000 run
[28749.2109]   API 1001 run
[28749.2754]   API 1002 run
[28750.6289]   API 3000 run
[28751.4980]   PRESENT END 2
[28983.0918]   PRESENT START 1
[28983.1328]   API 7 run
[28983.5703]   API 22 run
[28983.6113]   API 1000 run
[28983.6289]   API 1001 run
[28985.5762]   SOCKET END 0
[28985.5762]   API 1002 run
[28985.5762]   CYCLE End 1
[28985.5996]   API 3 run
[28985.6406]   API 1000 run
[28985.6484]   API 1001 run
[28985.7031]   API 1002 run
[28987.1680]   API 3000 run
[28988.1191]   PRESENT END 2
[29219.6836]   PRESENT START 1
[29219.7363]   API 7 run
[29220.1543]   API 22 run
[29220.1973]   API 1000 run
[29220.2129]   API 1001 run
[29222.1836]   SOCKET END 0
[29222.1836]   API 1002 run
[29222.1836]   CYCLE End 1
[29223.9688]   API 3000 run
[29224.9512]   PRESENT END 2
