[472.7960]   API 1000 run
[472.8240]   API 1001 run
[472.9950]   API 1002 run
[473.9350]   API 1000 run
[473.9450]   API 1001 run
[474.0090]   API 1002 run
[513.5730]   API 7 run
[514.4340]   API 1000 run
[523.2400]   API 1001 run
[528.2460]   API 1002 run
[578.0470]   API 1000 run
[578.0650]   API 1001 run
[578.1280]   API 1002 run
[587.1060]   API 7 run
[587.3290]   API 1000 run
[588.3270]   API 1001 run
[591.2250]   API 1002 run
[605.8130]   API 1000 run
[605.8240]   API 1001 run
[605.8820]   API 1002 run
[606.4460]   API 7 run
[606.6150]   API 1000 run
[606.6310]   API 1001 run
[606.6910]   API 1002 run
[608.2380]   API 1000 run
[608.2490]   API 1001 run
[608.3030]   API 1002 run
[608.8010]   API 7 run
[608.9500]   API 1000 run
[608.9600]   API 1001 run
[609.0330]   API 1002 run
[610.5180]   API 1000 run
[610.5280]   API 1001 run
[610.5810]   API 1002 run
[611.0820]   API 7 run
[611.2260]   API 1000 run
[611.2440]   API 1001 run
[611.3020]   API 1002 run
[612.7900]   API 1000 run
[612.8000]   API 1001 run
[612.8540]   API 1002 run
[613.3610]   API 7 run
[613.5300]   API 1000 run
[613.5400]   API 1001 run
[613.6000]   API 1002 run
[615.7380]   API 1000 run
[615.7490]   API 1001 run
[615.8110]   API 1002 run
[617.7260]   API 7 run
[618.1140]   API 7 run
[618.4780]   API 7 run
[621.1520]   API 7 run
[622.0540]   API 1000 run
[622.0680]   API 1001 run
[622.1390]   API 1002 run
[624.8260]   API 1000 run
[624.8360]   API 1001 run
[624.8920]   API 1002 run
[625.2490]   API 1000 run
[625.2580]   API 1001 run
[625.3090]   API 1002 run
[625.6470]   API 1000 run
[625.6570]   API 1001 run
[625.7100]   API 1002 run
[626.0360]   API 1000 run
[626.0450]   API 1001 run
[626.0950]   API 1002 run
[626.4120]   API 1000 run
[626.4220]   API 1001 run
[626.4690]   API 1002 run
[626.7750]   API 1000 run
[626.7840]   API 1001 run
[626.8310]   API 1002 run
[627.1640]   API 1000 run
[627.1740]   API 1001 run
[627.2230]   API 1002 run
[627.5380]   API 1000 run
[627.5480]   API 1001 run
[627.5950]   API 1002 run
[627.9000]   API 1000 run
[627.9100]   API 1001 run
[627.9560]   API 1002 run
[628.2830]   API 1000 run
[628.2920]   API 1001 run
[628.3400]   API 1002 run
[628.6500]   API 1000 run
[628.6600]   API 1001 run
[628.7080]   API 1002 run
[629.0350]   API 1000 run
[629.0440]   API 1001 run
[629.0940]   API 1002 run
[629.4020]   API 1000 run
[629.4120]   API 1001 run
[629.4590]   API 1002 run
[629.7840]   API 1000 run
[629.7930]   API 1001 run
[629.8440]   API 1002 run
[630.1660]   API 1000 run
[630.1750]   API 1001 run
[630.2250]   API 1002 run
[630.5290]   API 1000 run
[630.5380]   API 1001 run
[630.5870]   API 1002 run
[630.9100]   API 1000 run
[630.9190]   API 1001 run
[630.9690]   API 1002 run
[631.2930]   API 1000 run
[631.3020]   API 1001 run
[631.3510]   API 1002 run
[631.6550]   API 1000 run
[631.6650]   API 1001 run
[631.7130]   API 1002 run
[632.0340]   API 1000 run
[632.0430]   API 1001 run
[632.0930]   API 1002 run
[632.3990]   API 1000 run
[632.4080]   API 1001 run
[632.4560]   API 1002 run
[632.7630]   API 1000 run
[632.7720]   API 1001 run
[632.8210]   API 1002 run
[633.1450]   API 1000 run
[633.1550]   API 1001 run
[633.2040]   API 1002 run
[633.5210]   API 1000 run
[633.5310]   API 1001 run
[633.5820]   API 1002 run
[633.8890]   API 1000 run
[633.8980]   API 1001 run
[633.9450]   API 1002 run
[634.2740]   API 1000 run
[634.2830]   API 1001 run
[634.3350]   API 1002 run
[634.6380]   API 1000 run
[634.6470]   API 1001 run
[634.7030]   API 1002 run
[635.0020]   API 1000 run
[635.0250]   API 1001 run
[635.0770]   API 1002 run
[635.3900]   API 1000 run
[635.4000]   API 1001 run
[635.4460]   API 1002 run
[635.7510]   API 1000 run
[635.7600]   API 1001 run
[635.8080]   API 1002 run
[636.1250]   API 1000 run
[636.1340]   API 1001 run
[636.1820]   API 1002 run
[636.4940]   API 1000 run
[636.5030]   API 1001 run
[636.5510]   API 1002 run
[636.8650]   API 1000 run
[636.8740]   API 1001 run
[636.9230]   API 1002 run
[637.2460]   API 1000 run
[637.2560]   API 1001 run
[637.3030]   API 1002 run
[637.6270]   API 1000 run
[637.6360]   API 1001 run
[637.6860]   API 1002 run
[637.9880]   API 1000 run
[637.9980]   API 1001 run
[638.0610]   API 1002 run
[638.3680]   API 1000 run
[638.3780]   API 1001 run
[638.4250]   API 1002 run
[638.7380]   API 1000 run
[638.7480]   API 1001 run
[638.7950]   API 1002 run
[639.1150]   API 1000 run
[639.1240]   API 1001 run
[639.1730]   API 1002 run
[639.4770]   API 1000 run
[639.4860]   API 1001 run
[639.5330]   API 1002 run
[639.8440]   API 1000 run
[639.8530]   API 1001 run
[639.9020]   API 1002 run
[640.2230]   API 1000 run
[640.2320]   API 1001 run
[640.2810]   API 1002 run
[640.5920]   API 1000 run
[640.6010]   API 1001 run
[640.6500]   API 1002 run
[640.9570]   API 1000 run
[640.9660]   API 1001 run
[641.0280]   API 1002 run
[641.3360]   API 1000 run
[641.3460]   API 1001 run
[641.3950]   API 1002 run
[641.7140]   API 1000 run
[641.7230]   API 1001 run
[641.7710]   API 1002 run
[642.0940]   API 1000 run
[642.1030]   API 1001 run
[642.1520]   API 1002 run
[642.4610]   API 1000 run
[642.4700]   API 1001 run
[642.5210]   API 1002 run
[642.8230]   API 1000 run
[642.8330]   API 1001 run
[642.8800]   API 1002 run
[643.2020]   API 1000 run
[643.2110]   API 1001 run
[643.2590]   API 1002 run
[643.5640]   API 1000 run
[643.5730]   API 1001 run
[643.6200]   API 1002 run
[643.9260]   API 1000 run
[643.9360]   API 1001 run
[643.9850]   API 1002 run
[644.3120]   API 1000 run
[644.3210]   API 1001 run
[644.3730]   API 1002 run
[644.6750]   API 1000 run
[644.6840]   API 1001 run
[644.7320]   API 1002 run
[645.0540]   API 1000 run
[645.0630]   API 1001 run
[645.1130]   API 1002 run
[645.4180]   API 1000 run
[645.4270]   API 1001 run
[645.4740]   API 1002 run
[645.7900]   API 1000 run
[645.7990]   API 1001 run
[645.8480]   API 1002 run
[646.1750]   API 1000 run
[646.1840]   API 1001 run
[646.2320]   API 1002 run
[647.8520]   API 1000 run
[647.8620]   API 1001 run
[647.9230]   API 1002 run
[648.2530]   API 1000 run
[648.2620]   API 1001 run
[648.3120]   API 1002 run
[648.6200]   API 1000 run
[648.6300]   API 1001 run
[648.6770]   API 1002 run
[648.9900]   API 1000 run
[648.9990]   API 1001 run
[649.0650]   API 1002 run
[649.3770]   API 1000 run
[649.3860]   API 1001 run
[649.4340]   API 1002 run
[649.7720]   API 1000 run
[649.7810]   API 1001 run
[649.8320]   API 1002 run
[650.1580]   API 1000 run
[650.1670]   API 1001 run
[650.2160]   API 1002 run
[650.5150]   API 1000 run
[650.5250]   API 1001 run
[650.5720]   API 1002 run
[650.8750]   API 1000 run
[650.8850]   API 1001 run
[650.9320]   API 1002 run
[651.2500]   API 1000 run
[651.2590]   API 1001 run
[651.3100]   API 1002 run
[651.6130]   API 1000 run
[651.6220]   API 1001 run
[651.6710]   API 1002 run
[651.9730]   API 1000 run
[651.9820]   API 1001 run
[652.0460]   API 1002 run
[652.3510]   API 1000 run
[652.3600]   API 1001 run
[652.4070]   API 1002 run
[652.7040]   API 1000 run
[652.7140]   API 1001 run
[652.7610]   API 1002 run
[653.0820]   API 1000 run
[653.0910]   API 1001 run
[653.1400]   API 1002 run
[653.4470]   API 1000 run
[653.4560]   API 1001 run
[653.5140]   API 1002 run
[653.8200]   API 1000 run
[653.8290]   API 1001 run
[653.8760]   API 1002 run
[654.2030]   API 1000 run
[654.2120]   API 1001 run
[654.2610]   API 1002 run
[654.5620]   API 1000 run
[654.5730]   API 1001 run
[654.6190]   API 1002 run
[654.9160]   API 1000 run
[654.9260]   API 1001 run
[654.9730]   API 1002 run
[655.3070]   API 1000 run
[655.3170]   API 1001 run
[655.3670]   API 1002 run
[655.6680]   API 1000 run
[655.6780]   API 1001 run
[655.7250]   API 1002 run
[656.0380]   API 1000 run
[656.0470]   API 1001 run
[656.0960]   API 1002 run
[656.4040]   API 1000 run
[656.4140]   API 1001 run
[656.4620]   API 1002 run
[656.7590]   API 1000 run
[656.7690]   API 1001 run
[656.8180]   API 1002 run
[657.1340]   API 1000 run
[657.1440]   API 1001 run
[657.1960]   API 1002 run
[657.5240]   API 1000 run
[657.5340]   API 1001 run
[657.5870]   API 1002 run
[657.8890]   API 1000 run
[657.8980]   API 1001 run
[657.9450]   API 1002 run
[658.2610]   API 1000 run
[658.2700]   API 1001 run
[658.3200]   API 1002 run
[658.6250]   API 1000 run
[658.6340]   API 1001 run
[658.6810]   API 1002 run
[658.9790]   API 1000 run
[658.9880]   API 1001 run
[659.0500]   API 1002 run
[659.3630]   API 1000 run
[659.3720]   API 1001 run
[659.4250]   API 1002 run
[659.7290]   API 1000 run
[659.7380]   API 1001 run
[659.7850]   API 1002 run
[660.0990]   API 1000 run
[660.1080]   API 1001 run
[660.1570]   API 1002 run
[660.4620]   API 1000 run
[660.4710]   API 1001 run
[660.5200]   API 1002 run
[660.8170]   API 1000 run
[660.8270]   API 1001 run
[660.8740]   API 1002 run
[661.1960]   API 1000 run
[661.2060]   API 1001 run
[661.2550]   API 1002 run
[661.5760]   API 1000 run
[661.5850]   API 1001 run
[661.6350]   API 1002 run
[661.9350]   API 1000 run
[661.9450]   API 1001 run
[661.9940]   API 1002 run
[662.3090]   API 1000 run
[662.3190]   API 1001 run
[662.3670]   API 1002 run
[662.6710]   API 1000 run
[662.6800]   API 1001 run
[662.7270]   API 1002 run
[663.0490]   API 1000 run
[663.0590]   API 1001 run
[663.1080]   API 1002 run
[663.4110]   API 1000 run
[663.4210]   API 1001 run
[663.4680]   API 1002 run
[663.7700]   API 1000 run
[663.7790]   API 1001 run
[663.8290]   API 1002 run
[664.1430]   API 1000 run
[664.1520]   API 1001 run
[664.2040]   API 1002 run
[664.5030]   API 1000 run
[664.5120]   API 1001 run
[664.5590]   API 1002 run
[664.8710]   API 1000 run
[664.8800]   API 1001 run
[664.9280]   API 1002 run
[665.2450]   API 1000 run
[665.2550]   API 1001 run
[665.3020]   API 1002 run
[665.6170]   API 1000 run
[665.6260]   API 1001 run
[665.6760]   API 1002 run
[665.9830]   API 1000 run
[665.9920]   API 1001 run
[666.0580]   API 1002 run
[666.3630]   API 1000 run
[666.3720]   API 1001 run
[666.4190]   API 1002 run
[666.7220]   API 1000 run
[666.7310]   API 1001 run
[666.7780]   API 1002 run
[667.1000]   API 1000 run
[667.1090]   API 1001 run
[667.1600]   API 1002 run
[667.4580]   API 1000 run
[667.4670]   API 1001 run
[667.5140]   API 1002 run
[667.8130]   API 1000 run
[667.8220]   API 1001 run
[667.8700]   API 1002 run
[668.1910]   API 1000 run
[668.2010]   API 1001 run
[668.2490]   API 1002 run
[668.5520]   API 1000 run
[668.5670]   API 1001 run
[668.6140]   API 1002 run
[668.9140]   API 1000 run
[668.9240]   API 1001 run
[668.9710]   API 1002 run
[669.2930]   API 1000 run
[669.3020]   API 1001 run
[669.3520]   API 1002 run
[669.6630]   API 1000 run
[669.6720]   API 1001 run
[669.7210]   API 1002 run
[670.0370]   API 1000 run
[670.0470]   API 1001 run
[670.0960]   API 1002 run
[670.4020]   API 1000 run
[670.4120]   API 1001 run
[670.4600]   API 1002 run
[670.7650]   API 1000 run
[670.7750]   API 1001 run
[670.8280]   API 1002 run
[671.1400]   API 1000 run
[671.1490]   API 1001 run
[671.2000]   API 1002 run
[671.5050]   API 1000 run
[671.5140]   API 1001 run
[671.5630]   API 1002 run
[671.8610]   API 1000 run
[671.8700]   API 1001 run
[671.9200]   API 1002 run
[672.2360]   API 1000 run
[672.2480]   API 1001 run
[672.2960]   API 1002 run
[672.6090]   API 1000 run
[672.6180]   API 1001 run
[672.6670]   API 1002 run
[672.9630]   API 1000 run
[672.9720]   API 1001 run
[673.0370]   API 1002 run
[673.3450]   API 1000 run
[673.3540]   API 1001 run
[673.4030]   API 1002 run
[673.7280]   API 1000 run
[673.7370]   API 1001 run
[673.7860]   API 1002 run
[674.1030]   API 1000 run
[674.1130]   API 1001 run
[674.1640]   API 1002 run
[674.4690]   API 1000 run
[674.4780]   API 1001 run
[674.5260]   API 1002 run
[674.8310]   API 1000 run
[674.8400]   API 1001 run
[674.8880]   API 1002 run
[675.2060]   API 1000 run
[675.2160]   API 1001 run
[675.2640]   API 1002 run
[675.5730]   API 1000 run
[675.5820]   API 1001 run
[675.6330]   API 1002 run
[675.9290]   API 1000 run
[675.9380]   API 1001 run
[675.9860]   API 1002 run
[676.3140]   API 1000 run
[676.3240]   API 1001 run
[676.3730]   API 1002 run
[676.6780]   API 1000 run
[676.6870]   API 1001 run
[676.7350]   API 1002 run
[677.0470]   API 1000 run
[677.0570]   API 1001 run
[677.1060]   API 1002 run
[677.4060]   API 1000 run
[677.4150]   API 1001 run
[677.4640]   API 1002 run
[677.7800]   API 1000 run
[677.7890]   API 1001 run
[677.8380]   API 1002 run
[678.1660]   API 1000 run
[678.1750]   API 1001 run
[678.2240]   API 1002 run
[678.5240]   API 1000 run
[678.5340]   API 1001 run
[678.5810]   API 1002 run
[678.8840]   API 1000 run
[678.8940]   API 1001 run
[678.9410]   API 1002 run
[679.2570]   API 1000 run
[679.2670]   API 1001 run
[679.3190]   API 1002 run
[679.6170]   API 1000 run
[679.6260]   API 1001 run
[679.6740]   API 1002 run
[679.9790]   API 1000 run
[679.9940]   API 1001 run
[680.0560]   API 1002 run
[680.3600]   API 1000 run
[680.3690]   API 1001 run
[680.4170]   API 1002 run
[680.7150]   API 1000 run
[680.7250]   API 1001 run
[680.7720]   API 1002 run
[681.0920]   API 1000 run
[681.1010]   API 1001 run
[681.1500]   API 1002 run
[681.4520]   API 1000 run
[681.4620]   API 1001 run
[681.5190]   API 1002 run
[681.8220]   API 1000 run
[681.8310]   API 1001 run
[681.8830]   API 1002 run
[682.2160]   API 1000 run
[682.2250]   API 1001 run
[682.2790]   API 1002 run
[682.5770]   API 1000 run
[682.5860]   API 1001 run
[682.6330]   API 1002 run
[682.9310]   API 1000 run
[682.9400]   API 1001 run
[682.9870]   API 1002 run
[683.3090]   API 1000 run
[683.3190]   API 1001 run
[683.3680]   API 1002 run
[683.6640]   API 1000 run
[683.6740]   API 1001 run
[683.7200]   API 1002 run
[684.0420]   API 1000 run
[684.0510]   API 1001 run
[684.1000]   API 1002 run
[684.4080]   API 1000 run
[684.4170]   API 1001 run
[684.4670]   API 1002 run
[684.7610]   API 1000 run
[684.7710]   API 1001 run
[684.8210]   API 1002 run
[685.1350]   API 1000 run
[685.1440]   API 1001 run
[685.1940]   API 1002 run
[685.5060]   API 1000 run
[685.5160]   API 1001 run
[685.5670]   API 1002 run
[685.8750]   API 1000 run
[685.8840]   API 1001 run
[685.9310]   API 1002 run
[686.2490]   API 1000 run
[686.2580]   API 1001 run
[686.3070]   API 1002 run
[686.6140]   API 1000 run
[686.6230]   API 1001 run
[686.6700]   API 1002 run
[686.9680]   API 1000 run
[686.9770]   API 1001 run
[687.0410]   API 1002 run
[687.3450]   API 1000 run
[687.3550]   API 1001 run
[687.4030]   API 1002 run
[687.7140]   API 1000 run
[687.7230]   API 1001 run
[687.7700]   API 1002 run
[688.0880]   API 1000 run
[688.0970]   API 1001 run
[688.1470]   API 1002 run
[688.4460]   API 1000 run
[688.4560]   API 1001 run
[688.5030]   API 1002 run
[688.8070]   API 1000 run
[688.8160]   API 1001 run
[688.8640]   API 1002 run
[689.1820]   API 1000 run
[689.1910]   API 1001 run
[689.2400]   API 1002 run
[689.5530]   API 1000 run
[689.5620]   API 1001 run
[689.6120]   API 1002 run
[689.9190]   API 1000 run
[689.9280]   API 1001 run
[689.9760]   API 1002 run
[690.2910]   API 1000 run
[690.3010]   API 1001 run
[690.3480]   API 1002 run
[690.6470]   API 1000 run
[690.6560]   API 1001 run
[690.7030]   API 1002 run
[691.0230]   API 1000 run
[691.0330]   API 1001 run
[691.0830]   API 1002 run
[691.3860]   API 1000 run
[691.3950]   API 1001 run
[691.4490]   API 1002 run
[691.7520]   API 1000 run
[691.7620]   API 1001 run
[691.8110]   API 1002 run
[692.1200]   API 1000 run
[692.1290]   API 1001 run
[692.1800]   API 1002 run
[692.4780]   API 1000 run
[692.4870]   API 1001 run
[692.5340]   API 1002 run
[692.8380]   API 1000 run
[692.8480]   API 1001 run
[692.8950]   API 1002 run
[693.2150]   API 1000 run
[693.2240]   API 1001 run
[693.2730]   API 1002 run
[693.5900]   API 1000 run
[693.5990]   API 1001 run
[693.6490]   API 1002 run
[693.9550]   API 1000 run
[693.9640]   API 1001 run
[694.0300]   API 1002 run
[694.3320]   API 1000 run
[694.3420]   API 1001 run
[694.3890]   API 1002 run
[694.6890]   API 1000 run
[694.6980]   API 1001 run
[694.7450]   API 1002 run
[695.0650]   API 1000 run
[695.0740]   API 1001 run
[695.1230]   API 1002 run
[695.4310]   API 1000 run
[695.4400]   API 1001 run
[695.4880]   API 1002 run
[695.7830]   API 1000 run
[695.7930]   API 1001 run
[695.8400]   API 1002 run
[696.1630]   API 1000 run
[696.1720]   API 1001 run
[696.2210]   API 1002 run
[696.5240]   API 1000 run
[696.5330]   API 1001 run
[696.5800]   API 1002 run
[696.8780]   API 1000 run
[696.8870]   API 1001 run
[696.9340]   API 1002 run
[697.2660]   API 1000 run
[697.2750]   API 1001 run
[697.3240]   API 1002 run
[697.6350]   API 1000 run
[697.6450]   API 1001 run
[697.6960]   API 1002 run
[697.9950]   API 1000 run
[698.0040]   API 1001 run
[698.0680]   API 1002 run
[698.3790]   API 1000 run
[698.3880]   API 1001 run
[698.4370]   API 1002 run
[698.7370]   API 1000 run
[698.7460]   API 1001 run
[698.7930]   API 1002 run
[699.1140]   API 1000 run
[699.1230]   API 1001 run
[699.1720]   API 1002 run
[699.4750]   API 1000 run
[699.4840]   API 1001 run
[699.5330]   API 1002 run
[699.8300]   API 1000 run
[699.8390]   API 1001 run
[699.8860]   API 1002 run
[700.2070]   API 1000 run
[700.2160]   API 1001 run
[700.2640]   API 1002 run
[700.5700]   API 1000 run
[700.5790]   API 1001 run
[700.6280]   API 1002 run
[700.9330]   API 1000 run
[700.9430]   API 1001 run
[700.9900]   API 1002 run
[701.3060]   API 1000 run
[701.3160]   API 1001 run
[701.3650]   API 1002 run
[701.6820]   API 1000 run
[701.6910]   API 1001 run
[701.7400]   API 1002 run
[702.0580]   API 1000 run
[702.0670]   API 1001 run
[702.1170]   API 1002 run
[702.4180]   API 1000 run
[702.4280]   API 1001 run
[702.4750]   API 1002 run
[702.7770]   API 1000 run
[702.7860]   API 1001 run
[702.8420]   API 1002 run
[703.1550]   API 1000 run
[703.1650]   API 1001 run
[703.2140]   API 1002 run
[703.5150]   API 1000 run
[703.5240]   API 1001 run
[703.5710]   API 1002 run
[703.8780]   API 1000 run
[703.8880]   API 1001 run
[703.9360]   API 1002 run
[704.2510]   API 1000 run
[704.2600]   API 1001 run
[704.3090]   API 1002 run
[704.6070]   API 1000 run
[704.6160]   API 1001 run
[704.6630]   API 1002 run
[704.9760]   API 1000 run
[704.9860]   API 1001 run
[705.0520]   API 1002 run
[705.3720]   API 1000 run
[705.3810]   API 1001 run
[705.4300]   API 1002 run
[705.7420]   API 1000 run
[705.7520]   API 1001 run
[705.8010]   API 1002 run
[706.1220]   API 1000 run
[706.1320]   API 1001 run
[706.1820]   API 1002 run
[706.4810]   API 1000 run
[706.4900]   API 1001 run
[706.5380]   API 1002 run
[706.8560]   API 1000 run
[706.8650]   API 1001 run
[706.9130]   API 1002 run
[707.2290]   API 1000 run
[707.2380]   API 1001 run
[707.2870]   API 1002 run
[707.5860]   API 1000 run
[707.5950]   API 1001 run
[707.6420]   API 1002 run
[707.9450]   API 1000 run
[707.9550]   API 1001 run
[708.0020]   API 1002 run
[708.3200]   API 1000 run
[708.3300]   API 1001 run
[708.3780]   API 1002 run
[708.6850]   API 1000 run
[708.6940]   API 1001 run
[708.7420]   API 1002 run
[709.0620]   API 1000 run
[709.0720]   API 1001 run
[709.1210]   API 1002 run
[709.4210]   API 1000 run
[709.4310]   API 1001 run
[709.4790]   API 1002 run
[709.7890]   API 1000 run
[709.7980]   API 1001 run
[709.8470]   API 1002 run
[710.1720]   API 1000 run
[710.1810]   API 1001 run
[710.2300]   API 1002 run
[710.5370]   API 1000 run
[710.5470]   API 1001 run
[710.5940]   API 1002 run
[710.8940]   API 1000 run
[710.9030]   API 1001 run
[710.9500]   API 1002 run
[711.2740]   API 1000 run
[711.2840]   API 1001 run
[711.3330]   API 1002 run
[711.6320]   API 1000 run
[711.6410]   API 1001 run
[711.6890]   API 1002 run
[711.9880]   API 1000 run
[711.9970]   API 1001 run
[712.0590]   API 1002 run
[712.3720]   API 1000 run
[712.3820]   API 1001 run
[712.4300]   API 1002 run
[712.7290]   API 1000 run
[712.7380]   API 1001 run
[712.7850]   API 1002 run
[713.0980]   API 1000 run
[713.1070]   API 1001 run
[713.1550]   API 1002 run
[713.4590]   API 1000 run
[713.4690]   API 1001 run
[713.5290]   API 1002 run
[713.8300]   API 1000 run
[713.8390]   API 1001 run
[713.8880]   API 1002 run
[714.2650]   API 1000 run
[714.2770]   API 1001 run
[714.3360]   API 1002 run
[714.6510]   API 1000 run
[714.6600]   API 1001 run
[714.7040]   API 1002 run
[715.0010]   API 1000 run
[715.0260]   API 1001 run
[715.0740]   API 1002 run
[715.3770]   API 1000 run
[715.3860]   API 1001 run
[715.4330]   API 1002 run
[715.7360]   API 1000 run
[715.7450]   API 1001 run
[715.7920]   API 1002 run
[716.1080]   API 1000 run
[716.1180]   API 1001 run
[716.1670]   API 1002 run
[716.4720]   API 1000 run
[716.4820]   API 1001 run
[716.5280]   API 1002 run
[716.8320]   API 1000 run
[716.8410]   API 1001 run
[716.8890]   API 1002 run
[717.2070]   API 1000 run
[717.2170]   API 1001 run
[717.2660]   API 1002 run
[717.5750]   API 1000 run
[717.5840]   API 1001 run
[717.6330]   API 1002 run
[717.9390]   API 1000 run
[717.9480]   API 1001 run
[717.9940]   API 1002 run
[718.3190]   API 1000 run
[718.3280]   API 1001 run
[718.3760]   API 1002 run
[718.6750]   API 1000 run
[718.6840]   API 1001 run
[718.7310]   API 1002 run
[719.0630]   API 1000 run
[719.0720]   API 1001 run
[719.1220]   API 1002 run
[719.4230]   API 1000 run
[719.4320]   API 1001 run
[719.4780]   API 1002 run
[719.7770]   API 1000 run
[719.7860]   API 1001 run
[719.8340]   API 1002 run
[720.1640]   API 1000 run
[720.1730]   API 1001 run
[720.2210]   API 1002 run
[720.5230]   API 1000 run
[720.5320]   API 1001 run
[720.5800]   API 1002 run
[720.8930]   API 1000 run
[720.9020]   API 1001 run
[720.9560]   API 1002 run
[721.2740]   API 1000 run
[721.2830]   API 1001 run
[721.3310]   API 1002 run
[721.6420]   API 1000 run
[721.6510]   API 1001 run
[721.7000]   API 1002 run
[722.0300]   API 1000 run
[722.0400]   API 1001 run
[722.0910]   API 1002 run
[722.3930]   API 1000 run
[722.4020]   API 1001 run
[722.4530]   API 1002 run
[722.7570]   API 1000 run
[722.7660]   API 1001 run
[722.8130]   API 1002 run
[723.1320]   API 1000 run
[723.1420]   API 1001 run
[723.1920]   API 1002 run
[723.4920]   API 1000 run
[723.5010]   API 1001 run
[723.5470]   API 1002 run
[723.8510]   API 1000 run
[723.8610]   API 1001 run
[723.9090]   API 1002 run
[724.2340]   API 1000 run
[724.2440]   API 1001 run
[724.2920]   API 1002 run
[724.5940]   API 1000 run
[724.6030]   API 1001 run
[724.6500]   API 1002 run
[724.9480]   API 1000 run
[724.9570]   API 1001 run
[725.0170]   API 1002 run
[725.3270]   API 1000 run
[725.3360]   API 1001 run
[725.3880]   API 1002 run
[725.7000]   API 1000 run
[725.7090]   API 1001 run
[725.7640]   API 1002 run
[726.0850]   API 1000 run
[726.0940]   API 1001 run
[726.1430]   API 1002 run
[726.4460]   API 1000 run
[726.4570]   API 1001 run
[726.5040]   API 1002 run
[726.8030]   API 1000 run
[726.8130]   API 1001 run
[726.8600]   API 1002 run
[727.1770]   API 1000 run
[727.1860]   API 1001 run
[727.2350]   API 1002 run
[727.5400]   API 1000 run
[727.5490]   API 1001 run
[727.5960]   API 1002 run
[727.9060]   API 1000 run
[727.9150]   API 1001 run
[727.9640]   API 1002 run
[728.2780]   API 1000 run
[728.2870]   API 1001 run
[728.3360]   API 1002 run
[728.6410]   API 1000 run
[728.6500]   API 1001 run
[728.6970]   API 1002 run
[728.9960]   API 1000 run
[729.0190]   API 1001 run
[729.0690]   API 1002 run
[729.3690]   API 1000 run
[729.3790]   API 1001 run
[729.4250]   API 1002 run
[729.7480]   API 1000 run
[729.7590]   API 1001 run
[729.8080]   API 1002 run
[730.1270]   API 1000 run
[730.1370]   API 1001 run
[730.1850]   API 1002 run
[730.4880]   API 1000 run
[730.4980]   API 1001 run
[730.5440]   API 1002 run
[730.8480]   API 1000 run
[730.8570]   API 1001 run
[730.9060]   API 1002 run
[731.2220]   API 1000 run
[731.2320]   API 1001 run
[731.2800]   API 1002 run
[731.5880]   API 1000 run
[731.5990]   API 1001 run
[731.6460]   API 1002 run
[731.9510]   API 1000 run
[731.9600]   API 1001 run
[732.0220]   API 1002 run
[732.3250]   API 1000 run
[732.3340]   API 1001 run
[732.3810]   API 1002 run
[732.6810]   API 1000 run
[732.6900]   API 1001 run
[732.7370]   API 1002 run
[733.0590]   API 1000 run
[733.0690]   API 1001 run
[733.1180]   API 1002 run
[733.4230]   API 1000 run
[733.4330]   API 1001 run
[733.4800]   API 1002 run
[733.7920]   API 1000 run
[733.8010]   API 1001 run
[733.8500]   API 1002 run
[734.1720]   API 1000 run
[734.1820]   API 1001 run
[734.2300]   API 1002 run
[734.5300]   API 1000 run
[734.5390]   API 1001 run
[734.5860]   API 1002 run
[734.8840]   API 1000 run
[734.8930]   API 1001 run
[734.9400]   API 1002 run
[735.2710]   API 1000 run
[735.2800]   API 1001 run
[735.3300]   API 1002 run
[735.6300]   API 1000 run
[735.6390]   API 1001 run
[735.6860]   API 1002 run
[735.9900]   API 1000 run
[735.9990]   API 1001 run
[736.0670]   API 1002 run
[736.3690]   API 1000 run
[736.3780]   API 1001 run
[736.4270]   API 1002 run
[736.7230]   API 1000 run
[736.7320]   API 1001 run
[736.7790]   API 1002 run
[737.1000]   API 1000 run
[737.1100]   API 1001 run
[737.1640]   API 1002 run
[737.4640]   API 1000 run
[737.4740]   API 1001 run
[737.5310]   API 1002 run
[737.8350]   API 1000 run
[737.8450]   API 1001 run
[737.8940]   API 1002 run
[738.2180]   API 1000 run
[738.2280]   API 1001 run
[738.2760]   API 1002 run
[738.5770]   API 1000 run
[738.5860]   API 1001 run
[738.6330]   API 1002 run
[738.9290]   API 1000 run
[738.9390]   API 1001 run
[738.9850]   API 1002 run
[739.3210]   API 1000 run
[739.3300]   API 1001 run
[739.3790]   API 1002 run
[739.6770]   API 1000 run
[739.6860]   API 1001 run
[739.7330]   API 1002 run
[740.0460]   API 1000 run
[740.0560]   API 1001 run
[740.1040]   API 1002 run
[740.4090]   API 1000 run
[740.4180]   API 1001 run
[740.4680]   API 1002 run
[740.7620]   API 1000 run
[740.7710]   API 1001 run
[740.8180]   API 1002 run
[741.1380]   API 1000 run
[741.1480]   API 1001 run
[741.1980]   API 1002 run
[741.5130]   API 1000 run
[741.5230]   API 1001 run
[741.5760]   API 1002 run
[741.8770]   API 1000 run
[741.8860]   API 1001 run
[741.9350]   API 1002 run
[742.2510]   API 1000 run
[742.2610]   API 1001 run
[742.3100]   API 1002 run
[742.6150]   API 1000 run
[742.6240]   API 1001 run
[742.6720]   API 1002 run
[742.9780]   API 1000 run
[742.9870]   API 1001 run
[743.0510]   API 1002 run
[743.3520]   API 1000 run
[743.3620]   API 1001 run
[743.4090]   API 1002 run
[743.7120]   API 1000 run
[743.7220]   API 1001 run
[743.7680]   API 1002 run
[744.0830]   API 1000 run
[744.0930]   API 1001 run
[744.1420]   API 1002 run
[744.4420]   API 1000 run
[744.4510]   API 1001 run
[744.4980]   API 1002 run
[744.8080]   API 1000 run
[744.8170]   API 1001 run
[744.8650]   API 1002 run
[745.1840]   API 1000 run
[745.1940]   API 1001 run
[745.2430]   API 1002 run
[745.5490]   API 1000 run
[745.5590]   API 1001 run
[745.6100]   API 1002 run
[745.9160]   API 1000 run
[745.9250]   API 1001 run
[745.9730]   API 1002 run
[746.2900]   API 1000 run
[746.2990]   API 1001 run
[746.3470]   API 1002 run
[746.6530]   API 1000 run
[746.6620]   API 1001 run
[746.7090]   API 1002 run
[747.0270]   API 1000 run
[747.0360]   API 1001 run
[747.0850]   API 1002 run
[747.3860]   API 1000 run
[747.3950]   API 1001 run
[747.4440]   API 1002 run
[747.7390]   API 1000 run
[747.7480]   API 1001 run
[747.7950]   API 1002 run
[748.1160]   API 1000 run
[748.1250]   API 1001 run
[748.1750]   API 1002 run
[748.4790]   API 1000 run
[748.4950]   API 1001 run
[748.5420]   API 1002 run
[748.8400]   API 1000 run
[748.8490]   API 1001 run
[748.8960]   API 1002 run
[749.2190]   API 1000 run
[749.2280]   API 1001 run
[749.2760]   API 1002 run
[749.5880]   API 1000 run
[749.5970]   API 1001 run
[749.6490]   API 1002 run
[749.9460]   API 1000 run
[749.9550]   API 1001 run
[750.0250]   API 1002 run
[750.3300]   API 1000 run
[750.3390]   API 1001 run
[750.3870]   API 1002 run
[750.6900]   API 1000 run
[750.6990]   API 1001 run
[750.7460]   API 1002 run
[751.0680]   API 1000 run
[751.0780]   API 1001 run
[751.1260]   API 1002 run
[751.4250]   API 1000 run
[751.4350]   API 1001 run
[751.4840]   API 1002 run
[751.7780]   API 1000 run
[751.7870]   API 1001 run
[751.8350]   API 1002 run
[752.1560]   API 1000 run
[752.1650]   API 1001 run
[752.2140]   API 1002 run
[752.5190]   API 1000 run
[752.5280]   API 1001 run
[752.5780]   API 1002 run
[752.8750]   API 1000 run
[752.8840]   API 1001 run
[752.9330]   API 1002 run
[753.2550]   API 1000 run
[753.2640]   API 1001 run
[753.3120]   API 1002 run
[753.6260]   API 1000 run
[753.6360]   API 1001 run
[753.6850]   API 1002 run
[753.9890]   API 1000 run
[753.9990]   API 1001 run
[754.0610]   API 1002 run
[754.3790]   API 1000 run
[754.3880]   API 1001 run
[754.4350]   API 1002 run
[754.7330]   API 1000 run
[754.7420]   API 1001 run
[754.7890]   API 1002 run
[755.1040]   API 1000 run
[755.1140]   API 1001 run
[755.1620]   API 1002 run
[755.4660]   API 1000 run
[755.4760]   API 1001 run
[755.5250]   API 1002 run
[755.8200]   API 1000 run
[755.8290]   API 1001 run
[755.8790]   API 1002 run
[756.1980]   API 1000 run
[756.2070]   API 1001 run
[756.2580]   API 1002 run
[756.5630]   API 1000 run
[756.5730]   API 1001 run
[756.6220]   API 1002 run
[756.9200]   API 1000 run
[756.9290]   API 1001 run
[756.9760]   API 1002 run
[757.2960]   API 1000 run
[757.3050]   API 1001 run
[757.3540]   API 1002 run
[757.6720]   API 1000 run
[757.6810]   API 1001 run
[757.7300]   API 1002 run
[758.0550]   API 1000 run
[758.0640]   API 1001 run
[758.1160]   API 1002 run
[758.4190]   API 1000 run
[758.4290]   API 1001 run
[758.4760]   API 1002 run
[758.7810]   API 1000 run
[758.7910]   API 1001 run
[758.8380]   API 1002 run
[759.1550]   API 1000 run
[759.1650]   API 1001 run
[759.2150]   API 1002 run
[759.5120]   API 1000 run
[759.5210]   API 1001 run
[759.5700]   API 1002 run
[759.8780]   API 1000 run
[759.8930]   API 1001 run
[759.9400]   API 1002 run
[760.2660]   API 1000 run
[760.2750]   API 1001 run
[760.3240]   API 1002 run
[760.6250]   API 1000 run
[760.6340]   API 1001 run
[760.6810]   API 1002 run
[760.9840]   API 1000 run
[760.9930]   API 1001 run
[761.0570]   API 1002 run
[761.3570]   API 1000 run
[761.3660]   API 1001 run
[761.4150]   API 1002 run
[761.7240]   API 1000 run
[761.7340]   API 1001 run
[761.7820]   API 1002 run
[762.1130]   API 1000 run
[762.1230]   API 1001 run
[762.1720]   API 1002 run
[762.4720]   API 1000 run
[762.4810]   API 1001 run
[762.5290]   API 1002 run
[762.8270]   API 1000 run
[762.8370]   API 1001 run
[762.8840]   API 1002 run
[763.2100]   API 1000 run
[763.2190]   API 1001 run
[763.2660]   API 1002 run
[763.5670]   API 1000 run
[763.5760]   API 1001 run
[763.6240]   API 1002 run
[763.9280]   API 1000 run
[763.9370]   API 1001 run
[763.9850]   API 1002 run
[764.3080]   API 1000 run
[764.3180]   API 1001 run
[764.3680]   API 1002 run
[764.6650]   API 1000 run
[764.6750]   API 1001 run
[764.7220]   API 1002 run
[765.0410]   API 1000 run
[765.0510]   API 1001 run
[765.1010]   API 1002 run
[765.4010]   API 1000 run
[765.4100]   API 1001 run
[765.4580]   API 1002 run
[765.7760]   API 1000 run
[765.7860]   API 1001 run
[765.8340]   API 1002 run
[766.1600]   API 1000 run
[766.1700]   API 1001 run
[766.2180]   API 1002 run
[766.5180]   API 1000 run
[766.5280]   API 1001 run
[766.5750]   API 1002 run
[766.8710]   API 1000 run
[766.8800]   API 1001 run
[766.9270]   API 1002 run
[767.2490]   API 1000 run
[767.2580]   API 1001 run
[767.3060]   API 1002 run
[767.6160]   API 1000 run
[767.6260]   API 1001 run
[767.6740]   API 1002 run
[767.9690]   API 1000 run
[767.9780]   API 1001 run
[768.0410]   API 1002 run
[768.3500]   API 1000 run
[768.3590]   API 1001 run
[768.4060]   API 1002 run
[768.7060]   API 1000 run
[768.7150]   API 1001 run
[768.7630]   API 1002 run
[769.0770]   API 1000 run
[769.0860]   API 1001 run
[769.1370]   API 1002 run
[769.4450]   API 1000 run
[769.4540]   API 1001 run
[769.5110]   API 1002 run
[769.8160]   API 1000 run
[769.8250]   API 1001 run
[769.8750]   API 1002 run
[770.1910]   API 1000 run
[770.2000]   API 1001 run
[770.2490]   API 1002 run
[770.5550]   API 1000 run
[770.5640]   API 1001 run
[770.6120]   API 1002 run
[770.9110]   API 1000 run
[770.9200]   API 1001 run
[770.9680]   API 1002 run
[771.2890]   API 1000 run
[771.3040]   API 1001 run
[771.3510]   API 1002 run
[771.6570]   API 1000 run
[771.6670]   API 1001 run
[771.7140]   API 1002 run
[772.0300]   API 1000 run
[772.0390]   API 1001 run
[772.0890]   API 1002 run
[772.3900]   API 1000 run
[772.3990]   API 1001 run
[772.4460]   API 1002 run
[772.7510]   API 1000 run
[772.7610]   API 1001 run
[772.8080]   API 1002 run
[773.1250]   API 1000 run
[773.1340]   API 1001 run
[773.1830]   API 1002 run
[773.4980]   API 1000 run
[773.5070]   API 1001 run
[773.5590]   API 1002 run
[773.8630]   API 1000 run
[773.8730]   API 1001 run
[773.9220]   API 1002 run
[774.2350]   API 1000 run
[774.2440]   API 1001 run
[774.2930]   API 1002 run
[774.5940]   API 1000 run
[774.6030]   API 1001 run
[774.6490]   API 1002 run
[774.9550]   API 1000 run
[774.9640]   API 1001 run
[775.0290]   API 1002 run
[775.3400]   API 1000 run
[775.3490]   API 1001 run
[775.3960]   API 1002 run
[775.6960]   API 1000 run
[775.7050]   API 1001 run
[775.7520]   API 1002 run
[776.0710]   API 1000 run
[776.0800]   API 1001 run
[776.1290]   API 1002 run
[776.4270]   API 1000 run
[776.4370]   API 1001 run
[776.4830]   API 1002 run
[776.7800]   API 1000 run
[776.7890]   API 1001 run
[776.8360]   API 1002 run
[777.1660]   API 1000 run
[777.1760]   API 1001 run
[777.2260]   API 1002 run
[777.5380]   API 1000 run
[777.5480]   API 1001 run
[777.5980]   API 1002 run
[777.8980]   API 1000 run
[777.9070]   API 1001 run
[777.9540]   API 1002 run
[778.2810]   API 1000 run
[778.2900]   API 1001 run
[778.3380]   API 1002 run
[778.6370]   API 1000 run
[778.6460]   API 1001 run
[778.6920]   API 1002 run
[778.9950]   API 1000 run
[779.0180]   API 1001 run
[779.0740]   API 1002 run
[779.3770]   API 1000 run
[779.3870]   API 1001 run
[779.4330]   API 1002 run
[779.7330]   API 1000 run
[779.7420]   API 1001 run
[779.7890]   API 1002 run
[780.1110]   API 1000 run
[780.1200]   API 1001 run
[780.1680]   API 1002 run
[780.4690]   API 1000 run
[780.4780]   API 1001 run
[780.5260]   API 1002 run
[780.8310]   API 1000 run
[780.8400]   API 1001 run
[780.8880]   API 1002 run
[781.2070]   API 1000 run
[781.2170]   API 1001 run
[781.2670]   API 1002 run
[781.5760]   API 1000 run
[781.5850]   API 1001 run
[781.6360]   API 1002 run
[781.9370]   API 1000 run
[781.9460]   API 1001 run
[781.9930]   API 1002 run
[782.3160]   API 1000 run
[782.3250]   API 1001 run
[782.3740]   API 1002 run
[782.6740]   API 1000 run
[782.6890]   API 1001 run
[782.7360]   API 1002 run
[783.0490]   API 1000 run
[783.0580]   API 1001 run
[783.1070]   API 1002 run
[783.4120]   API 1000 run
[783.4210]   API 1001 run
[783.4680]   API 1002 run
[783.7660]   API 1000 run
[783.7750]   API 1001 run
[783.8210]   API 1002 run
[784.1340]   API 1000 run
[784.1430]   API 1001 run
[784.1910]   API 1002 run
[784.5000]   API 1000 run
[784.5090]   API 1001 run
[784.5560]   API 1002 run
[784.8640]   API 1000 run
[784.8730]   API 1001 run
[784.9210]   API 1002 run
[785.2350]   API 1000 run
[785.2450]   API 1001 run
[785.2930]   API 1002 run
[785.6120]   API 1000 run
[785.6210]   API 1001 run
[785.6700]   API 1002 run
[785.9700]   API 1000 run
[785.9790]   API 1001 run
[786.0450]   API 1002 run
[786.3510]   API 1000 run
[786.3610]   API 1001 run
[786.4070]   API 1002 run
[786.7180]   API 1000 run
[786.7270]   API 1001 run
[786.7740]   API 1002 run
[787.0920]   API 1000 run
[787.1010]   API 1001 run
[787.1490]   API 1002 run
[787.4490]   API 1000 run
[787.4610]   API 1001 run
[787.5080]   API 1002 run
[787.8110]   API 1000 run
[787.8200]   API 1001 run
[787.8680]   API 1002 run
[788.1840]   API 1000 run
[788.1930]   API 1001 run
[788.2410]   API 1002 run
[788.5480]   API 1000 run
[788.5570]   API 1001 run
[788.6060]   API 1002 run
[788.9100]   API 1000 run
[788.9190]   API 1001 run
[788.9670]   API 1002 run
[789.2850]   API 1000 run
[789.2950]   API 1001 run
[789.3430]   API 1002 run
[789.6530]   API 1000 run
[789.6620]   API 1001 run
[789.7140]   API 1002 run
[790.0320]   API 1000 run
[790.0420]   API 1001 run
[790.0900]   API 1002 run
[790.3990]   API 1000 run
[790.4090]   API 1001 run
[790.4560]   API 1002 run
[790.7550]   API 1000 run
[790.7640]   API 1001 run
[790.8110]   API 1002 run
[791.1300]   API 1000 run
[791.1400]   API 1001 run
[791.1880]   API 1002 run
[791.4880]   API 1000 run
[791.4970]   API 1001 run
[791.5470]   API 1002 run
[791.8400]   API 1000 run
[791.8500]   API 1001 run
[791.8970]   API 1002 run
[792.2260]   API 1000 run
[792.2350]   API 1001 run
[792.2870]   API 1002 run
[792.5860]   API 1000 run
[792.5950]   API 1001 run
[792.6450]   API 1002 run
[792.9430]   API 1000 run
[792.9520]   API 1001 run
[793.0000]   API 1002 run
[793.3260]   API 1000 run
[793.3360]   API 1001 run
[793.3870]   API 1002 run
[793.6980]   API 1000 run
[793.7070]   API 1001 run
[793.7570]   API 1002 run
[794.0790]   API 1000 run
[794.0940]   API 1001 run
[794.1450]   API 1002 run
[794.4450]   API 1000 run
[794.4540]   API 1001 run
[794.5020]   API 1002 run
[794.8010]   API 1000 run
[794.8100]   API 1001 run
[794.8580]   API 1002 run
[795.1780]   API 1000 run
[795.1880]   API 1001 run
[795.2360]   API 1002 run
[795.5360]   API 1000 run
[795.5460]   API 1001 run
[795.5930]   API 1002 run
[795.8900]   API 1000 run
[795.9000]   API 1001 run
[795.9470]   API 1002 run
[796.2800]   API 1000 run
[796.2900]   API 1001 run
[796.3390]   API 1002 run
[796.6410]   API 1000 run
[796.6510]   API 1001 run
[796.6970]   API 1002 run
[796.9940]   API 1000 run
[797.0160]   API 1001 run
[797.0660]   API 1002 run
[797.3720]   API 1000 run
[797.3810]   API 1001 run
[797.4290]   API 1002 run
[797.7420]   API 1000 run
[797.7510]   API 1001 run
[797.8010]   API 1002 run
[798.1220]   API 1000 run
[798.1320]   API 1001 run
[798.1840]   API 1002 run
[798.4910]   API 1000 run
[798.5000]   API 1001 run
[798.5470]   API 1002 run
[798.8430]   API 1000 run
[798.8530]   API 1001 run
[798.8990]   API 1002 run
[799.2170]   API 1000 run
[799.2270]   API 1001 run
[799.2740]   API 1002 run
[799.5770]   API 1000 run
[799.5860]   API 1001 run
[799.6340]   API 1002 run
[799.9370]   API 1000 run
[799.9460]   API 1001 run
[799.9950]   API 1002 run
[800.3150]   API 1000 run
[800.3240]   API 1001 run
[800.3720]   API 1002 run
[800.6780]   API 1000 run
[800.6870]   API 1001 run
[800.7360]   API 1002 run
[801.0490]   API 1000 run
[801.0580]   API 1001 run
[801.1060]   API 1002 run
[801.4060]   API 1000 run
[801.4150]   API 1001 run
[801.4620]   API 1002 run
[801.7870]   API 1000 run
[801.7960]   API 1001 run
[801.8460]   API 1002 run
[802.1640]   API 1000 run
[802.1730]   API 1001 run
[802.2210]   API 1002 run
[802.5240]   API 1000 run
[802.5340]   API 1001 run
[802.5810]   API 1002 run
[802.8810]   API 1000 run
[802.8900]   API 1001 run
[802.9390]   API 1002 run
[803.2560]   API 1000 run
[803.2660]   API 1001 run
[803.3150]   API 1002 run
[803.6220]   API 1000 run
[803.6310]   API 1001 run
[803.6790]   API 1002 run
[803.9810]   API 1000 run
[803.9900]   API 1001 run
[804.0540]   API 1002 run
[804.3540]   API 1000 run
[804.3630]   API 1001 run
[804.4120]   API 1002 run
[804.7110]   API 1000 run
[804.7200]   API 1001 run
[804.7670]   API 1002 run
[805.0880]   API 1000 run
[805.0970]   API 1001 run
[805.1470]   API 1002 run
[805.4700]   API 1000 run
[805.4800]   API 1001 run
[805.5380]   API 1002 run
[805.7510]   API 1000 run
[805.7610]   API 1001 run
[805.8080]   API 1002 run
[895.1150]   API 1000 run
[895.1970]   API 1001 run
[895.4090]   API 1002 run
[1047.7640]   API 1000 run
[1047.7750]   API 1001 run
[1047.8459]   API 1002 run
[1048.4760]   API 7 run
[1048.9110]   API 1000 run
[1048.9280]   API 1001 run
[1049.0260]   API 1002 run
[1052.6410]   API 1000 run
[1052.6510]   API 1001 run
[1052.7090]   API 1002 run
[1052.9380]   API 1000 run
[1052.9480]   API 1001 run
[1053.0129]   API 1002 run
[1054.8950]   API 1000 run
[1054.9100]   API 1001 run
[1055.0630]   API 1002 run
[1112.4840]   API 1000 run
[1112.4950]   API 1001 run
[1112.5570]   API 1002 run
[1112.9590]   API 1000 run
[1112.9690]   API 1001 run
[1113.0520]   API 1002 run
[1113.6150]   API 7 run
[1114.3280]   API 1000 run
[1114.3390]   API 1001 run
[1114.4030]   API 1002 run
[1116.2120]   API 1000 run
[1116.2230]   API 1001 run
[1116.2800]   API 1002 run
[1120.2690]   API 1000 run
[1120.2800]   API 1001 run
[1120.3530]   API 1002 run
[1123.5649]   API 1000 run
[1123.5830]   API 1001 run
[1123.6410]   API 1002 run
[1127.5389]   API 1000 run
[1127.5690]   API 1001 run
[1127.6580]   API 1002 run
[1499.6560]   API 1000 run
[1499.6680]   API 1001 run
[1499.7371]   API 1002 run
[1502.2130]   API 3 run
[1502.4030]   API 1000 run
[1502.4150]   API 1001 run
[1502.4840]   API 1002 run
[1502.7010]   API 7 run
[1503.5850]   API 22 run
[1503.7560]   API 1000 run
[1503.7690]   API 1001 run
[1505.8130]   SOCKET END 0
[1505.8130]   API 1002 run
[1505.8130]   CYCLE End 1
[1505.8250]   API 3 run
[1505.8571]   API 1000 run
[1505.8669]   API 1001 run
[1505.9210]   API 1002 run
[1506.0649]   API 7 run
[1506.3580]   API 22 run
[1506.3870]   API 1000 run
[1506.3979]   API 1001 run
[1507.8440]   SOCKET END 0
[1507.8440]   API 1002 run
[1507.8440]   CYCLE End 1
[1507.8540]   API 3 run
[1507.8770]   API 1000 run
[1507.8860]   API 1001 run
[1507.9399]   API 1002 run
[1945.2020]   PRESENT START 1
[1945.2290]   API 7 run
[1945.4830]   API 22 run
[1945.5450]   API 1000 run
[1945.5580]   API 1001 run
[1947.0129]   SOCKET END 0
[1947.0129]   API 1002 run
[1947.0129]   CYCLE End 1
[1947.0240]   API 3 run
[1947.0490]   API 1000 run
[1947.0590]   API 1001 run
[1947.1121]   API 1002 run
[1950.2560]   API 3000 run
[1952.8120]   PRESENT END 2
[2388.6831]   PRESENT START 1
[2388.7061]   API 7 run
[2389.0869]   API 22 run
[2389.1250]   API 1000 run
[2389.1379]   API 1001 run
[2390.6260]   SOCKET END 0
[2390.6260]   API 1002 run
[2390.6260]   CYCLE End 1
[2390.6370]   API 3 run
[2390.6641]   API 1000 run
[2390.6741]   API 1001 run
[2390.7271]   API 1002 run
[2392.8201]   API 3000 run
[2394.4839]   PRESENT END 2
[2833.3660]   PRESENT START 1
[2833.4021]   API 7 run
[2833.8081]   API 22 run
[2833.8511]   API 1000 run
[2833.8650]   API 1001 run
[2835.4131]   SOCKET END 0
[2835.4141]   API 1002 run
[2835.4141]   CYCLE End 1
[2835.4260]   API 3 run
[2835.4551]   API 1000 run
[2835.4641]   API 1001 run
[2835.5161]   API 1002 run
[2837.6660]   API 3000 run
[2839.2830]   PRESENT END 2
[3277.2129]   PRESENT START 1
[3277.2329]   API 7 run
[3277.7061]   API 22 run
[3277.7510]   API 1000 run
[3277.7661]   API 1001 run
[3279.3621]   SOCKET END 0
[3279.3621]   API 1002 run
[3279.3630]   CYCLE End 1
[3279.3799]   API 3 run
[3279.4309]   API 1000 run
[3279.4431]   API 1001 run
[3279.5049]   API 1002 run
[3281.6870]   API 3000 run
[3283.2229]   PRESENT END 2
[3722.7520]   PRESENT START 1
[3722.7810]   API 7 run
[3723.2620]   API 22 run
[3723.3191]   API 1000 run
[3723.3350]   API 1001 run
[3724.8821]   SOCKET END 0
[3724.8821]   API 1002 run
[3724.8821]   CYCLE End 1
[3724.9089]   API 3 run
[3724.9570]   API 1000 run
[3724.9670]   API 1001 run
[3725.0210]   API 1002 run
[3727.1189]   API 3000 run
[3728.6121]   PRESENT END 2
[4165.9702]   PRESENT START 1
[4166.0068]   API 7 run
[4166.5439]   API 22 run
[4166.5918]   API 1000 run
[4166.6069]   API 1001 run
[4168.1958]   SOCKET END 0
[4168.1958]   API 1002 run
[4168.1968]   CYCLE End 1
[4168.2109]   API 3 run
[4168.2510]   API 1000 run
[4168.2612]   API 1001 run
[4168.3140]   API 1002 run
[4170.2300]   API 3000 run
[4171.7788]   PRESENT END 2
[4610.6709]   PRESENT START 1
[4610.6992]   API 7 run
[4611.1958]   API 22 run
[4611.2441]   API 1000 run
[4611.2588]   API 1001 run
[4612.8218]   SOCKET END 0
[4612.8218]   API 1002 run
[4612.8218]   CYCLE End 1
[4612.8359]   API 3 run
[4612.8848]   API 1000 run
[4612.8940]   API 1001 run
[4612.9492]   API 1002 run
[4615.0151]   API 3000 run
[4616.5161]   PRESENT END 2
[5054.6968]   PRESENT START 1
[5054.7222]   API 7 run
[5055.2012]   API 22 run
[5055.2480]   API 1000 run
[5055.2642]   API 1001 run
[5056.8262]   SOCKET END 0
[5056.8262]   API 1002 run
[5056.8262]   CYCLE End 1
[5056.8398]   API 3 run
[5056.8740]   API 1000 run
[5056.8828]   API 1001 run
[5056.9380]   API 1002 run
[5059.1079]   API 3000 run
[5060.6470]   PRESENT END 2
[5500.2808]   PRESENT START 1
[5500.3169]   API 7 run
[5500.7378]   API 22 run
[5500.7891]   API 1000 run
[5500.8198]   API 1001 run
[5502.3428]   SOCKET END 0
[5502.3428]   API 1002 run
[5502.3428]   CYCLE End 1
[5502.3608]   API 3 run
[5502.3940]   API 1000 run
[5502.4028]   API 1001 run
[5502.4570]   API 1002 run
[5504.5630]   API 3000 run
[5506.1641]   PRESENT END 2
[5945.0811]   PRESENT START 1
[5945.1089]   API 7 run
[5945.5742]   API 22 run
[5945.6191]   API 1000 run
[5945.6338]   API 1001 run
[5947.2031]   SOCKET END 0
[5947.2031]   API 1002 run
[5947.2041]   CYCLE End 1
[5947.2168]   API 3 run
[5947.2500]   API 1000 run
[5947.2598]   API 1001 run
[5947.3140]   API 1002 run
[5949.3301]   API 3000 run
[5951.2559]   PRESENT END 2
[6390.7202]   PRESENT START 1
[6390.7490]   API 7 run
[6391.2402]   API 22 run
[6391.2871]   API 1000 run
[6391.3008]   API 1001 run
[6392.8652]   SOCKET END 0
[6392.8662]   API 1002 run
[6392.8662]   CYCLE End 1
[6392.8789]   API 3 run
[6392.9102]   API 1000 run
[6392.9189]   API 1001 run
[6392.9722]   API 1002 run
[6395.0898]   API 3000 run
[6396.5811]   PRESENT END 2
[6835.3262]   PRESENT START 1
[6835.3501]   API 7 run
[6835.8218]   API 22 run
[6835.8682]   API 1000 run
[6835.8828]   API 1001 run
[6837.4570]   SOCKET END 0
[6837.4570]   API 1002 run
[6837.4580]   CYCLE End 1
[6837.4722]   API 3 run
[6837.5151]   API 1000 run
[6837.5249]   API 1001 run
[6837.5801]   API 1002 run
[6839.7300]   API 3000 run
[6841.2119]   PRESENT END 2
[7281.6802]   PRESENT START 1
[7281.7090]   API 7 run
[7282.1621]   API 22 run
[7282.2041]   API 1000 run
[7282.2280]   API 1001 run
[7283.7690]   SOCKET END 0
[7283.7690]   API 1002 run
[7283.7700]   CYCLE End 1
[7283.7822]   API 3 run
[7283.8140]   API 1000 run
[7283.8232]   API 1001 run
[7283.8760]   API 1002 run
[7285.9810]   API 3000 run
[7287.3081]   PRESENT END 2
[7727.5781]   PRESENT START 1
[7727.6030]   API 7 run
[7728.0640]   API 22 run
[7728.1099]   API 1000 run
[7728.1240]   API 1001 run
[7729.6641]   SOCKET END 0
[7729.6650]   API 1002 run
[7729.6650]   CYCLE End 1
[7729.6792]   API 3 run
[7729.7251]   API 1000 run
[7729.7349]   API 1001 run
[7729.7910]   API 1002 run
[7731.9551]   API 3000 run
[7733.3042]   PRESENT END 2
[8172.5601]   PRESENT START 1
[8172.5811]   API 7 run
[8173.0581]   API 22 run
[8173.1050]   API 1000 run
[8173.1211]   API 1001 run
[8174.6748]   SOCKET END 0
[8174.6748]   API 1002 run
[8174.6758]   CYCLE End 1
[8174.6899]   API 3 run
[8174.7358]   API 1000 run
[8174.7461]   API 1001 run
[8174.8032]   API 1002 run
[8176.9521]   API 3000 run
[8178.3838]   PRESENT END 2
[8617.9336]   PRESENT START 1
[8617.9756]   API 7 run
[8618.4365]   API 22 run
[8618.4805]   API 1000 run
[8618.4941]   API 1001 run
[8620.0391]   SOCKET END 0
[8620.0391]   API 1002 run
[8620.0391]   CYCLE End 1
[8620.0518]   API 3 run
[8620.0830]   API 1000 run
[8620.0986]   API 1001 run
[8620.1514]   API 1002 run
[8622.2393]   API 3000 run
[8623.6104]   PRESENT END 2
[9064.2305]   PRESENT START 1
[9064.2549]   API 7 run
[9064.7461]   API 22 run
[9064.7939]   API 1000 run
[9064.8086]   API 1001 run
[9066.3740]   SOCKET END 0
[9066.3750]   API 1002 run
[9066.3750]   CYCLE End 1
[9066.3887]   API 3 run
[9066.4316]   API 1000 run
[9066.4424]   API 1001 run
[9066.4961]   API 1002 run
[9068.5898]   API 3000 run
[9069.9873]   PRESENT END 2
[9509.7363]   PRESENT START 1
[9509.7686]   API 7 run
[9510.2119]   API 22 run
[9510.2529]   API 1000 run
[9510.2656]   API 1001 run
[9511.7949]   SOCKET END 0
[9511.7949]   API 1002 run
[9511.7949]   CYCLE End 1
[9511.8076]   API 3 run
[9511.8379]   API 1000 run
[9511.8477]   API 1001 run
[9511.9023]   API 1002 run
[9513.9580]   API 3000 run
[9515.3691]   PRESENT END 2
[9957.3506]   PRESENT START 1
[9957.3672]   API 7 run
[9957.8613]   API 22 run
[9957.9082]   API 1000 run
[9957.9229]   API 1001 run
[9959.4746]   SOCKET END 0
[9959.4746]   API 1002 run
[9959.4746]   CYCLE End 1
[9959.4893]   API 3 run
[9959.5195]   API 1000 run
[9959.5381]   API 1001 run
[9959.5889]   API 1002 run
[9961.7529]   API 3000 run
[9963.1494]   PRESENT END 2
[10403.8311]   PRESENT START 1
[10403.8652]   API 7 run
[10404.3145]   API 22 run
[10404.3584]   API 1000 run
[10404.3730]   API 1001 run
[10405.9414]   SOCKET END 0
[10405.9414]   API 1002 run
[10405.9424]   CYCLE End 1
[10405.9541]   API 3 run
[10405.9873]   API 1000 run
[10405.9961]   API 1001 run
[10406.0508]   API 1002 run
[10408.1133]   API 3000 run
[10409.4395]   PRESENT END 2
[10851.1562]   PRESENT START 1
[10851.1865]   API 7 run
[10851.6611]   API 22 run
[10851.7188]   API 1000 run
[10851.7344]   API 1001 run
[10853.2998]   SOCKET END 0
[10853.2998]   API 1002 run
[10853.2998]   CYCLE End 1
[10853.3145]   API 3 run
[10853.3447]   API 1000 run
[10853.3555]   API 1001 run
[10853.4238]   API 1002 run
[10855.4180]   API 3000 run
[10856.8779]   PRESENT END 2
[11296.9854]   PRESENT START 1
[11297.0137]   API 7 run
[11297.4629]   API 22 run
[11297.5166]   API 1000 run
[11297.5312]   API 1001 run
[11299.0645]   SOCKET END 0
[11299.0645]   API 1002 run
[11299.0654]   CYCLE End 1
[11299.0771]   API 3 run
[11299.1104]   API 1000 run
[11299.1279]   API 1001 run
[11299.1797]   API 1002 run
[11301.1289]   API 3000 run
[11302.5127]   PRESENT END 2
[11744.7910]   PRESENT START 1
[11744.8193]   API 7 run
[11745.2900]   API 22 run
[11745.3350]   API 1000 run
[11745.3486]   API 1001 run
[11746.8965]   SOCKET END 0
[11746.8965]   API 1002 run
[11746.8965]   CYCLE End 1
[11746.9092]   API 3 run
[11746.9502]   API 1000 run
[11746.9600]   API 1001 run
[11747.0117]   API 1002 run
[11749.1797]   API 3000 run
[11750.6475]   PRESENT END 2
[12191.8994]   PRESENT START 1
[12191.9277]   API 7 run
[12192.3916]   API 22 run
[12192.4346]   API 1000 run
[12192.4492]   API 1001 run
[12194.0146]   SOCKET END 0
[12194.0146]   API 1002 run
[12194.0146]   CYCLE End 1
[12194.0283]   API 3 run
[12194.0596]   API 1000 run
[12194.0703]   API 1001 run
[12194.1230]   API 1002 run
[12196.2246]   API 3000 run
[12197.3291]   PRESENT END 2
[12639.5664]   PRESENT START 1
[12639.6123]   API 7 run
[12640.0527]   API 22 run
[12640.0996]   API 1000 run
[12640.1152]   API 1001 run
[12641.7383]   SOCKET END 0
[12641.7383]   API 1002 run
[12641.7383]   CYCLE End 1
[12641.7520]   API 3 run
[12641.7842]   API 1000 run
[12641.7939]   API 1001 run
[12641.8467]   API 1002 run
[12643.9414]   API 3000 run
[12645.1172]   PRESENT END 2
[13086.3662]   PRESENT START 1
[13086.4092]   API 7 run
[13086.9180]   API 22 run
[13086.9736]   API 1000 run
[13086.9902]   API 1001 run
[13088.5947]   SOCKET END 0
[13088.5947]   API 1002 run
[13088.5957]   CYCLE End 1
[13088.6084]   API 3 run
[13088.6445]   API 1000 run
[13088.6553]   API 1001 run
[13088.7070]   API 1002 run
[13090.7461]   API 3000 run
[13092.3623]   PRESENT END 2
[13534.2070]   PRESENT START 1
[13534.2373]   API 7 run
[13534.7158]   API 22 run
[13534.7617]   API 1000 run
[13534.7773]   API 1001 run
[13536.3096]   SOCKET END 0
[13536.3096]   API 1002 run
[13536.3096]   CYCLE End 1
[13536.3232]   API 3 run
[13536.3535]   API 1000 run
[13536.3643]   API 1001 run
[13536.4160]   API 1002 run
[13538.5029]   API 3000 run
[13539.9697]   PRESENT END 2
[13981.9307]   PRESENT START 1
[13981.9512]   API 7 run
[13982.4072]   API 22 run
[13982.4678]   API 1000 run
[13982.4824]   API 1001 run
[13984.0352]   SOCKET END 0
[13984.0352]   API 1002 run
[13984.0361]   CYCLE End 1
[13984.0508]   API 3 run
[13984.0869]   API 1000 run
[13984.0957]   API 1001 run
[13984.1484]   API 1002 run
[13986.3184]   API 3000 run
[13987.7354]   PRESENT END 2
[14430.6133]   PRESENT START 1
[14430.6406]   API 7 run
[14431.0820]   API 22 run
[14431.1240]   API 1000 run
[14431.1377]   API 1001 run
[14432.6699]   SOCKET END 0
[14432.6699]   API 1002 run
[14432.6699]   CYCLE End 1
[14432.6826]   API 3 run
[14432.7139]   API 1000 run
[14432.7236]   API 1001 run
[14432.7764]   API 1002 run
[14434.9473]   API 3000 run
[14436.2363]   PRESENT END 2
[14877.3154]   PRESENT START 1
[14877.3506]   API 7 run
[14877.8584]   API 22 run
[14877.9160]   API 1000 run
[14877.9307]   API 1001 run
[14879.5010]   SOCKET END 0
[14879.5010]   API 1002 run
[14879.5010]   CYCLE End 1
[14879.5146]   API 3 run
[14879.5537]   API 1000 run
[14879.5635]   API 1001 run
[14879.6143]   API 1002 run
[14881.7197]   API 3000 run
[14883.2490]   PRESENT END 2
[15327.0791]   PRESENT START 1
[15327.1133]   API 7 run
[15327.5732]   API 22 run
[15327.6191]   API 1000 run
[15327.6338]   API 1001 run
[15329.1768]   SOCKET END 0
[15329.1768]   API 1002 run
[15329.1768]   CYCLE End 1
[15329.1895]   API 3 run
[15329.2197]   API 1000 run
[15329.2305]   API 1001 run
[15329.2842]   API 1002 run
[15331.2559]   API 3000 run
[15332.6934]   PRESENT END 2
[15774.5293]   PRESENT START 1
[15774.5518]   API 7 run
[15775.0771]   API 22 run
[15775.1240]   API 1000 run
[15775.1396]   API 1001 run
[15776.7080]   SOCKET END 0
[15776.7080]   API 1002 run
[15776.7090]   CYCLE End 1
[15776.7217]   API 3 run
[15776.7568]   API 1000 run
[15776.7656]   API 1001 run
[15776.8203]   API 1002 run
[15778.9238]   API 3000 run
[15780.4590]   PRESENT END 2
[16223.4453]   PRESENT START 1
[16223.4746]   API 7 run
[16223.9189]   API 22 run
[16223.9639]   API 1000 run
[16223.9785]   API 1001 run
[16225.5430]   SOCKET END 0
[16225.5430]   API 1002 run
[16225.5439]   CYCLE End 1
[16225.5566]   API 3 run
[16225.5898]   API 1000 run
[16225.5996]   API 1001 run
[16225.6523]   API 1002 run
[16227.7627]   API 3000 run
[16229.2344]   PRESENT END 2
[16670.5078]   PRESENT START 1
[16670.5371]   API 7 run
[16671.0273]   API 22 run
[16671.0820]   API 1000 run
[16671.0977]   API 1001 run
[16672.6680]   SOCKET END 0
[16672.6680]   API 1002 run
[16672.6680]   CYCLE End 1
[16672.6816]   API 3 run
[16672.7148]   API 1000 run
[16672.7246]   API 1001 run
[16672.7793]   API 1002 run
[16674.8848]   API 3000 run
[16676.4160]   PRESENT END 2
[17121.0195]   PRESENT START 1
[17121.0488]   API 7 run
[17121.5449]   API 22 run
[17121.5918]   API 1000 run
[17121.6055]   API 1001 run
[17123.1719]   SOCKET END 0
[17123.1719]   API 1002 run
[17123.1719]   CYCLE End 1
[17123.1836]   API 3 run
[17123.2168]   API 1000 run
[17123.2266]   API 1001 run
[17123.2793]   API 1002 run
[17125.2480]   API 3000 run
[17126.6758]   PRESENT END 2
[17568.4727]   PRESENT START 1
[17568.5059]   API 7 run
[17568.9785]   API 22 run
[17569.0215]   API 1000 run
[17569.0352]   API 1001 run
[17570.6074]   SOCKET END 0
[17570.6074]   API 1002 run
[17570.6074]   CYCLE End 1
[17570.6211]   API 3 run
[17570.6562]   API 1000 run
[17570.6641]   API 1001 run
[17570.7207]   API 1002 run
[17572.8047]   API 3000 run
[17574.2520]   PRESENT END 2
[18016.5684]   PRESENT START 1
[18016.5996]   API 7 run
[18017.0840]   API 22 run
[18017.1328]   API 1000 run
[18017.1484]   API 1001 run
[18018.7285]   SOCKET END 0
[18018.7285]   API 1002 run
[18018.7285]   CYCLE End 1
[18018.7402]   API 3 run
[18018.7754]   API 1000 run
[18018.7832]   API 1001 run
[18018.8398]   API 1002 run
[18020.9473]   API 3000 run
[18022.3652]   PRESENT END 2
[18467.2930]   PRESENT START 1
[18467.3223]   API 7 run
[18467.7891]   API 22 run
[18467.8438]   API 1000 run
[18467.8594]   API 1001 run
[18469.4082]   SOCKET END 0
[18469.4082]   API 1002 run
[18469.4082]   CYCLE End 1
[18469.4238]   API 3 run
[18469.4609]   API 1000 run
[18469.4707]   API 1001 run
[18469.5469]   API 1002 run
[18471.6602]   API 3000 run
[18473.2891]   PRESENT END 2
[18915.1328]   PRESENT START 1
[18915.1562]   API 7 run
[18915.6523]   API 22 run
[18915.6992]   API 1000 run
[18915.7168]   API 1001 run
[18917.3008]   SOCKET END 0
[18917.3008]   API 1002 run
[18917.3008]   CYCLE End 1
[18917.3145]   API 3 run
[18917.3477]   API 1000 run
[18917.3594]   API 1001 run
[18917.4121]   API 1002 run
[18919.4434]   API 3000 run
[18920.8320]   PRESENT END 2
[19364.5840]   PRESENT START 1
[19364.6152]   API 7 run
[19365.0957]   API 22 run
[19365.1406]   API 1000 run
[19365.1562]   API 1001 run
[19366.7383]   SOCKET END 0
[19366.7383]   API 1002 run
[19366.7383]   CYCLE End 1
[19366.7520]   API 3 run
[19366.7832]   API 1000 run
[19366.7949]   API 1001 run
[19366.8477]   API 1002 run
[19368.9570]   API 3000 run
[19370.2480]   PRESENT END 2
[19814.3926]   PRESENT START 1
[19814.4043]   API 7 run
[19814.8789]   API 22 run
[19814.9277]   API 1000 run
[19814.9414]   API 1001 run
[19816.4961]   SOCKET END 0
[19816.4961]   API 1002 run
[19816.4961]   CYCLE End 1
[19816.5078]   API 3 run
[19816.5449]   API 1000 run
[19816.5527]   API 1001 run
[19816.6035]   API 1002 run
[19819.2324]   API 3000 run
[19820.8105]   PRESENT END 2
[20263.4004]   PRESENT START 1
[20263.4316]   API 7 run
[20263.8633]   API 22 run
[20263.9121]   API 1000 run
[20263.9277]   API 1001 run
[20265.4609]   SOCKET END 0
[20265.4609]   API 1002 run
[20265.4629]   CYCLE End 1
[20265.4746]   API 3 run
[20265.5195]   API 1000 run
[20265.5273]   API 1001 run
[20265.5840]   API 1002 run
[20267.6914]   API 3000 run
[20269.0703]   PRESENT END 2
[20712.3926]   PRESENT START 1
[20712.4258]   API 7 run
[20712.8711]   API 22 run
[20712.9180]   API 1000 run
[20712.9316]   API 1001 run
[20714.5137]   SOCKET END 0
[20714.5137]   API 1002 run
[20714.5156]   CYCLE End 1
[20714.5273]   API 3 run
[20714.5684]   API 1000 run
[20714.5801]   API 1001 run
[20714.6328]   API 1002 run
[20717.1113]   API 3000 run
[20718.6523]   PRESENT END 2
[21163.4160]   PRESENT START 1
[21163.4531]   API 7 run
[21163.9082]   API 22 run
[21163.9512]   API 1000 run
[21163.9668]   API 1001 run
[21165.5293]   SOCKET END 0
[21165.5312]   API 1002 run
[21165.5312]   CYCLE End 1
[21165.5449]   API 3 run
[21165.5801]   API 1000 run
[21165.5879]   API 1001 run
[21165.6445]   API 1002 run
[21167.8770]   API 3000 run
[21169.2266]   PRESENT END 2
[21611.9199]   API 7 run
[21611.9238]   PRESENT START 1
[21612.3828]   API 22 run
[21612.4277]   API 1000 run
[21612.4434]   API 1001 run
[21613.9883]   SOCKET END 0
[21613.9883]   API 1002 run
[21613.9883]   CYCLE End 1
[21614.0039]   API 3 run
[21614.0352]   API 1000 run
[21614.0469]   API 1001 run
[21614.1113]   API 1002 run
[21616.5488]   API 3000 run
[21618.0234]   PRESENT END 2
[22062.1895]   PRESENT START 1
[22062.2129]   API 7 run
[22062.6758]   API 22 run
[22062.7207]   API 1000 run
[22062.7441]   API 1001 run
[22064.2969]   SOCKET END 0
[22064.2969]   API 1002 run
[22064.2969]   CYCLE End 1
[22064.3105]   API 3 run
[22064.3438]   API 1000 run
[22064.3555]   API 1001 run
[22064.4082]   API 1002 run
[22066.4551]   API 3000 run
[22068.1543]   PRESENT END 2
[22512.0156]   PRESENT START 1
[22512.0195]   API 7 run
[22512.4609]   API 22 run
[22512.5020]   API 1000 run
[22512.5156]   API 1001 run
[22514.0762]   SOCKET END 0
[22514.0762]   API 1002 run
[22514.0762]   CYCLE End 1
[22514.0879]   API 3 run
[22514.1191]   API 1000 run
[22514.1328]   API 1001 run
[22514.1836]   API 1002 run
[22516.4492]   API 3000 run
[22517.9961]   PRESENT END 2
[22961.2031]   PRESENT START 1
[22961.2344]   API 7 run
[22961.7402]   API 22 run
[22961.7832]   API 1000 run
[22961.7988]   API 1001 run
[22963.3652]   SOCKET END 0
[22963.3652]   API 1002 run
[22963.3652]   CYCLE End 1
[22963.3809]   API 3 run
[22963.4199]   API 1000 run
[22963.4277]   API 1001 run
[22963.4785]   API 1002 run
[22965.4395]   API 3000 run
[22966.8301]   PRESENT END 2
[23412.1230]   PRESENT START 1
[23412.1426]   API 7 run
[23412.5645]   API 22 run
[23412.6035]   API 1000 run
[23412.6172]   API 1001 run
[23414.1680]   SOCKET END 0
[23414.1680]   API 1002 run
[23414.1680]   CYCLE End 1
[23414.1797]   API 3 run
[23414.2070]   API 1000 run
[23414.2207]   API 1001 run
[23414.2715]   API 1002 run
[23416.3418]   API 3000 run
[23417.8105]   PRESENT END 2
[23859.6094]   PRESENT START 1
[23859.6230]   API 7 run
[23860.0977]   API 22 run
[23860.1445]   API 1000 run
[23860.1602]   API 1001 run
[23861.6953]   SOCKET END 0
[23861.6953]   API 1002 run
[23861.6953]   CYCLE End 1
[23861.7109]   API 3 run
[23861.7520]   API 1000 run
[23861.7637]   API 1001 run
[23861.8184]   API 1002 run
[23863.7285]   API 3000 run
[23865.1895]   PRESENT END 2
[24311.0918]   PRESENT START 1
[24311.1289]   API 7 run
[24311.5449]   API 22 run
[24311.5840]   API 1000 run
[24311.5996]   API 1001 run
[24313.1328]   SOCKET END 0
[24313.1328]   API 1002 run
[24313.1328]   CYCLE End 1
[24313.1445]   API 3 run
[24313.1719]   API 1000 run
[24313.1797]   API 1001 run
[24313.2324]   API 1002 run
[24315.3457]   API 3000 run
[24316.9434]   PRESENT END 2
[24761.1953]   PRESENT START 1
[24761.2207]   API 7 run
[24761.6699]   API 22 run
[24761.7129]   API 1000 run
[24761.7285]   API 1001 run
[24763.2734]   SOCKET END 0
[24763.2734]   API 1002 run
[24763.2754]   CYCLE End 1
[24763.2871]   API 3 run
[24763.3145]   API 1000 run
[24763.3242]   API 1001 run
[24763.3770]   API 1002 run
[24765.3008]   API 3000 run
[24766.7520]   PRESENT END 2
[25210.2832]   PRESENT START 1
[25210.3047]   API 7 run
[25210.7168]   API 22 run
[25210.7559]   API 1000 run
[25210.7695]   API 1001 run
[25212.3086]   SOCKET END 0
[25212.3086]   API 1002 run
[25212.3086]   CYCLE End 1
[25212.3203]   API 3 run
[25212.3457]   API 1000 run
[25212.3555]   API 1001 run
[25212.4082]   API 1002 run
[25214.8926]   API 3000 run
[25216.4082]   PRESENT END 2
[25660.5801]   PRESENT START 1
[25660.6074]   API 7 run
[25661.1016]   API 22 run
[25661.1484]   API 1000 run
[25661.1621]   API 1001 run
[25662.7129]   SOCKET END 0
[25662.7129]   API 1002 run
[25662.7129]   CYCLE End 1
[25662.7266]   API 3 run
[25662.7598]   API 1000 run
[25662.7754]   API 1001 run
[25662.8301]   API 1002 run
[25664.9492]   API 3000 run
[25666.3281]   PRESENT END 2
[26111.3926]   PRESENT START 1
[26111.4160]   API 7 run
[26111.9316]   API 22 run
[26111.9824]   API 1000 run
[26111.9980]   API 1001 run
[26113.5605]   SOCKET END 0
[26113.5605]   API 1002 run
[26113.5625]   CYCLE End 1
[26113.5762]   API 3 run
[26113.6133]   API 1000 run
[26113.6230]   API 1001 run
[26113.6777]   API 1002 run
[26116.1406]   API 3000 run
[26117.6875]   PRESENT END 2
[26561.1680]   PRESENT START 1
[26561.2109]   API 7 run
[26561.6680]   API 22 run
[26561.7129]   API 1000 run
[26561.7285]   API 1001 run
[26563.2734]   SOCKET END 0
[26563.2734]   API 1002 run
[26563.2734]   CYCLE End 1
[26563.2871]   API 3 run
[26563.3184]   API 1000 run
[26563.3281]   API 1001 run
[26563.3848]   API 1002 run
[26565.3281]   API 3000 run
[26566.8047]   PRESENT END 2
[27012.1484]   API 7 run
[27012.1641]   PRESENT START 1
[27012.5156]   API 22 run
[27012.5527]   API 1000 run
[27012.5684]   API 1001 run
[27014.0879]   SOCKET END 0
[27014.0879]   API 1002 run
[27014.0879]   CYCLE End 1
[27014.0996]   API 3 run
[27014.1289]   API 1000 run
[27014.1367]   API 1001 run
[27014.1914]   API 1002 run
[27016.7207]   API 3000 run
[27018.2305]   PRESENT END 2
[27462.4277]   PRESENT START 1
[27462.4648]   API 7 run
[27462.8047]   API 22 run
[27462.8555]   API 1000 run
[27462.8672]   API 1001 run
[27464.3398]   SOCKET END 0
[27464.3398]   API 1002 run
[27464.3398]   CYCLE End 1
[27464.3516]   API 3 run
[27464.3809]   API 1000 run
[27464.3887]   API 1001 run
[27464.4414]   API 1002 run
[27466.5449]   API 3000 run
[27467.9805]   PRESENT END 2
[27914.1172]   PRESENT START 1
[27914.1289]   API 7 run
[27914.4355]   API 22 run
[27914.4805]   API 1000 run
[27914.4922]   API 1001 run
[27915.9609]   SOCKET END 0
[27915.9609]   API 1002 run
[27915.9609]   CYCLE End 1
[27915.9727]   API 3 run
[27915.9961]   API 1000 run
[27916.0078]   API 1001 run
[27916.0586]   API 1002 run
[27917.9805]   API 3000 run
[27919.2988]   PRESENT END 2
[28366.5801]   PRESENT START 1
[28366.6133]   API 7 run
[28366.9395]   API 22 run
[28366.9727]   API 1000 run
[28366.9863]   API 1001 run
[28368.4531]   SOCKET END 0
[28368.4531]   API 1002 run
[28368.4531]   CYCLE End 1
[28368.4648]   API 3 run
[28368.4883]   API 1000 run
[28368.5000]   API 1001 run
[28368.5527]   API 1002 run
[28370.7168]   API 3000 run
[28372.1641]   PRESENT END 2
[28817.3359]   API 7 run
[28817.3496]   PRESENT START 1
[28817.6523]   API 22 run
[28817.6836]   API 1000 run
[28817.6953]   API 1001 run
[28819.1680]   SOCKET END 0
[28819.1680]   API 1002 run
[28819.1680]   CYCLE End 1
[28819.1797]   API 3 run
[28819.2012]   API 1000 run
[28819.2129]   API 1001 run
[28819.2637]   API 1002 run
[28821.9395]   API 3000 run
[28823.3047]   PRESENT END 2
[29268.9844]   PRESENT START 1
[29269.0156]   API 7 run
[29269.3105]   API 22 run
[29269.3418]   API 1000 run
[29269.3555]   API 1001 run
[29270.8633]   SOCKET END 0
[29270.8652]   API 1002 run
[29270.8652]   CYCLE End 1
[29270.8770]   API 3 run
[29270.9004]   API 1000 run
[29270.9102]   API 1001 run
[29270.9648]   API 1002 run
[29272.9727]   API 3000 run
[29274.3496]   PRESENT END 2
[29719.8242]   API 7 run
[29719.8398]   PRESENT START 1
[29720.1074]   API 22 run
[29720.1504]   API 1000 run
[29720.1621]   API 1001 run
[29721.6367]   SOCKET END 0
[29721.6387]   API 1002 run
[29721.6387]   CYCLE End 1
[29721.6484]   API 3 run
[29721.6719]   API 1000 run
[29721.6836]   API 1001 run
[29721.7480]   API 1002 run
[29724.3203]   API 3000 run
[29725.7129]   PRESENT END 2
[30171.1602]   PRESENT START 1
[30171.1934]   API 7 run
[30171.4707]   API 22 run
[30171.5000]   API 1000 run
[30171.5117]   API 1001 run
[30172.9688]   SOCKET END 0
[30172.9688]   API 1002 run
[30172.9688]   CYCLE End 1
[30172.9805]   API 3 run
[30173.0020]   API 1000 run
[30173.0117]   API 1001 run
[30173.0645]   API 1002 run
[30175.0430]   API 3000 run
[30176.3477]   PRESENT END 2
[30623.3320]   PRESENT START 1
[30623.3438]   API 7 run
[30623.6602]   API 22 run
[30623.6914]   API 1000 run
[30623.7207]   API 1001 run
[30625.1797]   SOCKET END 0
[30625.1816]   API 1002 run
[30625.1816]   CYCLE End 1
[30625.2031]   API 3 run
[30625.2324]   API 1000 run
[30625.2422]   API 1001 run
[30625.2969]   API 1002 run
[30627.8711]   API 3000 run
[30629.2578]   PRESENT END 2
[31074.6523]   PRESENT START 1
[31074.6797]   API 7 run
[31074.9961]   API 22 run
[31075.0273]   API 1000 run
[31075.0391]   API 1001 run
[31076.4922]   SOCKET END 0
[31076.4941]   API 1002 run
[31076.4941]   CYCLE End 1
[31076.5039]   API 3 run
[31076.5273]   API 1000 run
[31076.5371]   API 1001 run
[31076.5898]   API 1002 run
[31078.7676]   API 3000 run
[31079.9805]   PRESENT END 2
[31528.0840]   PRESENT START 1
[31528.1406]   API 7 run
[31528.6328]   API 22 run
[31528.6875]   API 1000 run
[31528.7031]   API 1001 run
[31530.2227]   SOCKET END 0
[31530.2227]   API 1002 run
[31530.2227]   CYCLE End 1
[31530.2324]   API 3 run
[31530.2598]   API 1000 run
[31530.2676]   API 1001 run
[31530.3223]   API 1002 run
[31532.1953]   API 3000 run
[31533.7051]   PRESENT END 2
[31979.0625]   PRESENT START 1
[31979.0918]   API 7 run
[31979.4238]   API 22 run
[31979.4551]   API 1000 run
[31979.4688]   API 1001 run
[31980.9199]   SOCKET END 0
[31980.9199]   API 1002 run
[31980.9199]   CYCLE End 1
[31980.9297]   API 3 run
[31980.9551]   API 1000 run
[31980.9648]   API 1001 run
[31981.0156]   API 1002 run
[31982.5508]   API 3000 run
[31983.7754]   PRESENT END 2
[32431.9805]   API 7 run
[32431.9922]   PRESENT START 1
[32432.2715]   API 22 run
[32432.3086]   API 1000 run
[32432.3242]   API 1001 run
[32433.7949]   SOCKET END 0
[32433.7949]   API 1002 run
[32433.7949]   CYCLE End 1
[32433.8047]   API 3 run
[32433.8281]   API 1000 run
[32433.8379]   API 1001 run
[32433.8906]   API 1002 run
[32435.9453]   API 3000 run
[32437.3145]   PRESENT END 2
[32883.6523]   PRESENT START 1
[32883.6758]   API 7 run
[32883.9766]   API 22 run
[32884.0078]   API 1000 run
[32884.0195]   API 1001 run
[32885.4492]   SOCKET END 0
[32885.4492]   API 1002 run
[32885.4492]   CYCLE End 1
[32885.4570]   API 3 run
[32885.4805]   API 1000 run
[32885.4961]   API 1001 run
[32885.5547]   API 1002 run
[32887.3906]   API 3000 run
[32888.6914]   PRESENT END 2
[33337.9023]   PRESENT START 1
[33337.9219]   API 7 run
[33338.1953]   API 22 run
[33338.2383]   API 1000 run
[33338.2539]   API 1001 run
[33339.7109]   SOCKET END 0
[33339.7109]   API 1002 run
[33339.7109]   CYCLE End 1
[33339.7188]   API 3 run
[33339.7422]   API 1000 run
[33339.7578]   API 1001 run
[33339.8047]   API 1002 run
[33342.3086]   API 3000 run
[33343.6758]   PRESENT END 2
[33788.3633]   PRESENT START 1
[33788.4023]   API 7 run
[33788.7109]   API 22 run
[33788.7383]   API 1000 run
[33788.7539]   API 1001 run
[33790.2031]   SOCKET END 0
[33790.2031]   API 1002 run
[33790.2031]   CYCLE End 1
[33790.2109]   API 3 run
[33790.2383]   API 1000 run
[33790.2461]   API 1001 run
[33790.3008]   API 1002 run
[33792.2109]   API 3000 run
[33793.5781]   PRESENT END 2
[34243.0273]   PRESENT START 1
[34243.0273]   API 7 run
[34243.3516]   API 22 run
[34243.3828]   API 1000 run
[34243.3984]   API 1001 run
[34244.9062]   SOCKET END 0
[34244.9062]   API 1002 run
[34244.9062]   CYCLE End 1
[34244.9219]   API 3 run
[34244.9453]   API 1000 run
[34244.9531]   API 1001 run
[34245.0078]   API 1002 run
[34247.2461]   API 3000 run
[34248.5859]   PRESENT END 2
[34693.3984]   PRESENT START 1
[34693.4492]   API 7 run
[34693.8633]   API 22 run
[34693.9023]   API 1000 run
[34693.9141]   API 1001 run
[34695.4844]   SOCKET END 0
[34695.4844]   API 1002 run
[34695.4883]   CYCLE End 1
[34695.4961]   API 3 run
[34695.5234]   API 1000 run
[34695.5430]   API 1001 run
[34695.6016]   API 1002 run
[34697.7617]   API 3000 run
[34698.8516]   PRESENT END 2
[35148.5781]   PRESENT START 1
[35148.5859]   API 7 run
[35148.9531]   API 22 run
[35148.9961]   API 1000 run
[35149.0078]   API 1001 run
[35150.6055]   SOCKET END 0
[35150.6055]   API 1002 run
[35150.6055]   CYCLE End 1
[35150.6172]   API 3 run
[35150.6406]   API 1000 run
[35150.6484]   API 1001 run
[35150.7031]   API 1002 run
[35153.1719]   API 3000 run
[35154.4688]   PRESENT END 2
[35599.7695]   PRESENT START 1
[35599.8164]   API 7 run
[35600.1914]   API 22 run
[35600.2266]   API 1000 run
[35600.2383]   API 1001 run
[35601.8398]   SOCKET END 0
[35601.8398]   API 1002 run
[35601.8398]   CYCLE End 1
[35601.8516]   API 3 run
[35601.8789]   API 1000 run
[35601.8867]   API 1001 run
[35601.9453]   API 1002 run
[35604.0508]   API 3000 run
[35605.0117]   PRESENT END 2
[36053.0586]   PRESENT START 1
[36053.0781]   API 7 run
[36053.4805]   API 22 run
[36053.5312]   API 1000 run
[36053.5430]   API 1001 run
[36055.1172]   SOCKET END 0
[36055.1172]   API 1002 run
[36055.1172]   CYCLE End 1
[36055.1289]   API 3 run
[36055.1523]   API 1000 run
[36055.1641]   API 1001 run
[36055.2148]   API 1002 run
[36057.6094]   API 3000 run
[36058.9453]   PRESENT END 2
[36505.0000]   PRESENT START 1
[36505.0430]   API 7 run
[36505.4336]   API 22 run
[36505.4922]   API 1000 run
[36505.5039]   API 1001 run
[36507.0742]   SOCKET END 0
[36507.0742]   API 1002 run
[36507.0742]   CYCLE End 1
[36507.0898]   API 3 run
[36507.1133]   API 1000 run
[36507.1289]   API 1001 run
[36507.1836]   API 1002 run
[36509.1445]   API 3000 run
[36510.7031]   PRESENT END 2
[36958.6250]   API 7 run
[36958.6328]   PRESENT START 1
[36958.9141]   API 22 run
[36959.0312]   API 1000 run
[36959.0430]   API 1001 run
[36960.5273]   SOCKET END 0
[36960.5273]   API 1002 run
[36960.5273]   CYCLE End 1
[36960.5352]   API 3 run
[36960.5586]   API 1000 run
[36960.5664]   API 1001 run
[36960.6250]   API 1002 run
[36963.0898]   API 3000 run
[36964.4727]   PRESENT END 2
[37410.1680]   PRESENT START 1
[37410.1992]   API 7 run
[37410.5508]   API 22 run
[37410.5859]   API 1000 run
[37410.6016]   API 1001 run
[37412.0625]   SOCKET END 0
[37412.0625]   API 1002 run
[37412.0625]   CYCLE End 1
[37412.0742]   API 3 run
[37412.1016]   API 1000 run
[37412.1094]   API 1001 run
[37412.1602]   API 1002 run
[37414.0938]   API 3000 run
[37415.3086]   PRESENT END 2
[37863.6953]   PRESENT START 1
[37863.7109]   API 7 run
[37863.9844]   API 22 run
[37864.0156]   API 1000 run
[37864.0273]   API 1001 run
[37865.5039]   SOCKET END 0
[37865.5039]   API 1002 run
[37865.5039]   CYCLE End 1
[37865.5156]   API 3 run
[37865.5391]   API 1000 run
[37865.5508]   API 1001 run
[37865.6094]   API 1002 run
[37868.0430]   API 3000 run
[37869.4258]   PRESENT END 2
[38317.0312]   PRESENT START 1
[38317.0625]   API 7 run
[38317.3828]   API 22 run
[38317.4141]   API 1000 run
[38317.4297]   API 1001 run
[38318.9102]   SOCKET END 0
[38318.9102]   API 1002 run
[38318.9102]   CYCLE End 1
[38318.9219]   API 3 run
[38318.9453]   API 1000 run
[38318.9570]   API 1001 run
[38319.0078]   API 1002 run
[38320.9375]   API 3000 run
[38322.2695]   PRESENT END 2
[38770.2617]   PRESENT START 1
[38770.2812]   API 7 run
[38770.5508]   API 22 run
[38770.5859]   API 1000 run
[38770.5977]   API 1001 run
[38772.0703]   SOCKET END 0
[38772.0703]   API 1002 run
[38772.0703]   CYCLE End 1
[38772.0781]   API 3 run
[38772.1055]   API 1000 run
[38772.1133]   API 1001 run
[38772.1680]   API 1002 run
[38774.6484]   API 3000 run
[38775.9844]   PRESENT END 2
[39224.7109]   PRESENT START 1
[39224.7344]   API 7 run
[39225.0742]   API 22 run
[39225.1055]   API 1000 run
[39225.1211]   API 1001 run
[39226.6055]   SOCKET END 0
[39226.6055]   API 1002 run
[39226.6055]   CYCLE End 1
[39226.6133]   API 3 run
[39226.6406]   API 1000 run
[39226.6484]   API 1001 run
[39226.7031]   API 1002 run
[39228.7930]   API 3000 run
[39229.9922]   PRESENT END 2
[39676.4805]   PRESENT START 1
[39676.4961]   API 7 run
[39676.7695]   API 22 run
[39676.8008]   API 1000 run
[39676.8125]   API 1001 run
[39678.2656]   SOCKET END 0
[39678.2656]   API 1002 run
[39678.2656]   CYCLE End 1
[39678.2734]   API 3 run
[39678.2969]   API 1000 run
[39678.3164]   API 1001 run
[39678.3711]   API 1002 run
[39680.9141]   API 3000 run
[39682.2578]   PRESENT END 2
[40131.3633]   PRESENT START 1
[40131.4023]   API 7 run
[40131.6641]   API 22 run
[40131.6953]   API 1000 run
[40131.7109]   API 1001 run
[40133.1562]   SOCKET END 0
[40133.1562]   API 1002 run
[40133.1562]   CYCLE End 1
[40133.1680]   API 3 run
[40133.1914]   API 1000 run
[40133.1992]   API 1001 run
[40133.2539]   API 1002 run
[40135.2188]   API 3000 run
[40136.3398]   PRESENT END 2
[40583.3750]   PRESENT START 1
[40583.3906]   API 7 run
[40583.7539]   API 22 run
[40583.7930]   API 1000 run
[40583.8047]   API 1001 run
[40585.3789]   SOCKET END 0
[40585.3789]   API 1002 run
[40585.3789]   CYCLE End 1
[40585.3906]   API 3 run
[40585.4141]   API 1000 run
[40585.4336]   API 1001 run
[40585.4961]   API 1002 run
[40588.0508]   API 3000 run
[40589.3750]   PRESENT END 2
[41039.0547]   PRESENT START 1
[41039.1016]   API 7 run
[41039.5117]   API 22 run
[41039.5508]   API 1000 run
[41039.5664]   API 1001 run
[41041.1367]   SOCKET END 0
[41041.1367]   API 1002 run
[41041.1367]   CYCLE End 1
[41041.1484]   API 3 run
[41041.1758]   API 1000 run
[41041.1875]   API 1001 run
[41041.2539]   API 1002 run
[41043.2227]   API 3000 run
[41044.8242]   PRESENT END 2
[41491.5117]   PRESENT START 1
[41491.5273]   API 7 run
[41491.8945]   API 22 run
[41491.9375]   API 1000 run
[41491.9531]   API 1001 run
[41493.4805]   SOCKET END 0
[41493.4805]   API 1002 run
[41493.4805]   CYCLE End 1
[41493.5000]   API 3 run
[41493.5273]   API 1000 run
[41493.5352]   API 1001 run
[41493.5938]   API 1002 run
[41496.0391]   API 3000 run
[41497.5664]   PRESENT END 2
[41945.2305]   PRESENT START 1
[41945.2695]   API 7 run
[41945.5859]   API 22 run
[41945.6172]   API 1000 run
[41945.6328]   API 1001 run
[41947.0977]   SOCKET END 0
[41947.0977]   API 1002 run
[41947.0977]   CYCLE End 1
[41947.1055]   API 3 run
[41947.1289]   API 1000 run
[41947.1406]   API 1001 run
[41947.1914]   API 1002 run
[41949.1992]   API 3000 run
[41950.5469]   PRESENT END 2
[42400.7109]   PRESENT START 1
[42400.7227]   API 7 run
[42401.0273]   API 22 run
[42401.0625]   API 1000 run
[42401.0742]   API 1001 run
[42402.5664]   SOCKET END 0
[42402.5664]   API 1002 run
[42402.5664]   CYCLE End 1
[42402.5742]   API 3 run
[42402.6055]   API 1000 run
[42402.6133]   API 1001 run
[42402.6641]   API 1002 run
[42405.1484]   API 3000 run
[42406.6992]   PRESENT END 2
[42852.6875]   PRESENT START 1
[42852.7188]   API 7 run
[42853.0312]   API 22 run
[42853.0664]   API 1000 run
[42853.0781]   API 1001 run
[42854.5430]   SOCKET END 0
[42854.5430]   API 1002 run
[42854.5430]   CYCLE End 1
[42854.5547]   API 3 run
[42854.5781]   API 1000 run
[42854.5938]   API 1001 run
[42854.6445]   API 1002 run
[42856.6641]   API 3000 run
[42857.9062]   PRESENT END 2
[43308.8867]   API 7 run
[43308.9023]   PRESENT START 1
[43309.2109]   API 22 run
[43309.2461]   API 1000 run
[43309.2617]   API 1001 run
[43310.7148]   SOCKET END 0
[43310.7148]   API 1002 run
[43310.7148]   CYCLE End 1
[43310.7266]   API 3 run
[43310.7539]   API 1000 run
[43310.7617]   API 1001 run
[43310.8164]   API 1002 run
[43312.8828]   API 3000 run
[43314.2773]   PRESENT END 2
[43761.0117]   PRESENT START 1
[43761.0391]   API 7 run
[43761.3359]   API 22 run
[43761.3672]   API 1000 run
[43761.3789]   API 1001 run
[43762.8203]   SOCKET END 0
[43762.8203]   API 1002 run
[43762.8203]   CYCLE End 1
[43762.8320]   API 3 run
[43762.8555]   API 1000 run
[43762.8633]   API 1001 run
[43762.9219]   API 1002 run
[43764.8477]   API 3000 run
[43766.0391]   PRESENT END 2
[44216.8086]   API 7 run
[44216.8164]   PRESENT START 1
[44217.0938]   API 22 run
[44217.1406]   API 1000 run
[44217.1523]   API 1001 run
[44218.6055]   SOCKET END 0
[44218.6055]   API 1002 run
[44218.6094]   CYCLE End 1
[44218.6172]   API 3 run
[44218.6406]   API 1000 run
[44218.6484]   API 1001 run
[44218.7031]   API 1002 run
[44221.2930]   API 3000 run
[44222.6719]   PRESENT END 2
[44668.4883]   PRESENT START 1
[44668.5156]   API 7 run
[44668.8125]   API 22 run
[44668.8516]   API 1000 run
[44668.8633]   API 1001 run
[44670.3281]   SOCKET END 0
[44670.3281]   API 1002 run
[44670.3281]   CYCLE End 1
[44670.3398]   API 3 run
[44670.3633]   API 1000 run
[44670.3711]   API 1001 run
[44670.4336]   API 1002 run
[44672.3438]   API 3000 run
[44673.5977]   PRESENT END 2
[45123.9688]   API 7 run
[45123.9766]   PRESENT START 1
[45124.2539]   API 22 run
[45124.2852]   API 1000 run
[45124.2969]   API 1001 run
[45125.7461]   SOCKET END 0
[45125.7461]   API 1002 run
[45125.7461]   CYCLE End 1
[45125.7617]   API 3 run
[45125.7852]   API 1000 run
[45125.7930]   API 1001 run
[45125.8477]   API 1002 run
[45128.2812]   API 3000 run
[45129.6758]   PRESENT END 2
[45578.2031]   PRESENT START 1
[45578.2305]   API 7 run
[45578.5273]   API 22 run
[45578.5586]   API 1000 run
[45578.5742]   API 1001 run
[45580.1055]   SOCKET END 0
[45580.1055]   API 1002 run
[45580.1055]   CYCLE End 1
[45580.1484]   API 3 run
[45580.1758]   API 1000 run
[45580.1836]   API 1001 run
[45580.2383]   API 1002 run
[45582.2578]   API 3000 run
[45586.4375]   PRESENT END 2
[46031.9531]   API 7 run
[46031.9688]   PRESENT START 1
[46032.2617]   API 22 run
[46032.2930]   API 1000 run
[46032.3047]   API 1001 run
[46033.7422]   SOCKET END 0
[46033.7422]   API 1002 run
[46033.7422]   CYCLE End 1
[46033.7578]   API 3 run
[46033.7852]   API 1000 run
[46033.7930]   API 1001 run
[46033.8477]   API 1002 run
[46036.3477]   API 3000 run
[46037.7266]   PRESENT END 2
[46487.6016]   PRESENT START 1
[46487.6328]   API 7 run
[46487.9375]   API 22 run
[46487.9805]   API 1000 run
[46487.9922]   API 1001 run
[46489.8125]   SOCKET END 0
[46489.8125]   API 1002 run
[46489.8125]   CYCLE End 1
[46489.8242]   API 3 run
[46489.8477]   API 1000 run
[46489.8594]   API 1001 run
[46489.9102]   API 1002 run
[46491.6797]   API 3000 run
[46493.0625]   PRESENT END 2
[46940.6133]   API 7 run
[46940.6250]   PRESENT START 1
[46940.8867]   API 22 run
[46940.9219]   API 1000 run
[46940.9375]   API 1001 run
[46942.4062]   SOCKET END 0
[46942.4062]   API 1002 run
[46942.4062]   CYCLE End 1
[46942.4297]   API 3 run
[46942.4570]   API 1000 run
[46942.4648]   API 1001 run
[46942.5156]   API 1002 run
[46945.0859]   API 3000 run
[46946.4062]   PRESENT END 2
[47396.0977]   PRESENT START 1
[47396.1367]   API 7 run
[47396.4453]   API 22 run
[47396.5781]   API 1000 run
[47396.5938]   API 1001 run
[47398.0781]   SOCKET END 0
[47398.0781]   API 1002 run
[47398.0781]   CYCLE End 1
[47400.1836]   API 3000 run
[47401.5156]   PRESENT END 2
