[471.4340]   API 1000 run
[471.4600]   API 1001 run
[471.6500]   API 1002 run
[472.5720]   API 1000 run
[472.5830]   API 1001 run
[472.6460]   API 1002 run
[511.7410]   API 7 run
[512.5710]   API 1000 run
[521.2900]   API 1001 run
[526.3850]   API 1002 run
[576.6850]   API 1000 run
[576.7050]   API 1001 run
[576.7790]   API 1002 run
[585.8920]   API 7 run
[586.1130]   API 1000 run
[587.1270]   API 1001 run
[590.1350]   API 1002 run
[605.0780]   API 1000 run
[605.0890]   API 1001 run
[605.1510]   API 1002 run
[605.7630]   API 7 run
[605.9550]   API 1000 run
[605.9690]   API 1001 run
[606.0360]   API 1002 run
[607.6050]   API 1000 run
[607.6150]   API 1001 run
[607.6770]   API 1002 run
[608.1850]   API 7 run
[608.3280]   API 1000 run
[608.3380]   API 1001 run
[608.4000]   API 1002 run
[609.8780]   API 1000 run
[609.8880]   API 1001 run
[609.9470]   API 1002 run
[610.4490]   API 7 run
[610.6060]   API 1000 run
[610.6240]   API 1001 run
[610.6880]   API 1002 run
[612.1770]   API 1000 run
[612.1870]   API 1001 run
[612.2440]   API 1002 run
[612.7520]   API 7 run
[612.8990]   API 1000 run
[612.9100]   API 1001 run
[612.9700]   API 1002 run
[615.1430]   API 1000 run
[615.1560]   API 1001 run
[615.2230]   API 1002 run
[617.1050]   API 7 run
[617.5030]   API 7 run
[617.8680]   API 7 run
[620.5710]   API 7 run
[621.4430]   API 1000 run
[621.4550]   API 1001 run
[621.5440]   API 1002 run
[624.2550]   API 1000 run
[624.2660]   API 1001 run
[624.3250]   API 1002 run
[624.6850]   API 1000 run
[624.6940]   API 1001 run
[624.7480]   API 1002 run
[625.0700]   API 1000 run
[625.0790]   API 1001 run
[625.1330]   API 1002 run
[625.4650]   API 1000 run
[625.4880]   API 1001 run
[625.5470]   API 1002 run
[625.8750]   API 1000 run
[625.8850]   API 1001 run
[625.9400]   API 1002 run
[626.2540]   API 1000 run
[626.2630]   API 1001 run
[626.3160]   API 1002 run
[626.6510]   API 1000 run
[626.6600]   API 1001 run
[626.7160]   API 1002 run
[627.0350]   API 1000 run
[627.0440]   API 1001 run
[627.0960]   API 1002 run
[627.4010]   API 1000 run
[627.4100]   API 1001 run
[627.4600]   API 1002 run
[627.7830]   API 1000 run
[627.7930]   API 1001 run
[627.8460]   API 1002 run
[628.1560]   API 1000 run
[628.1660]   API 1001 run
[628.2160]   API 1002 run
[628.5460]   API 1000 run
[628.5550]   API 1001 run
[628.6080]   API 1002 run
[628.9170]   API 1000 run
[628.9270]   API 1001 run
[628.9760]   API 1002 run
[629.2960]   API 1000 run
[629.3050]   API 1001 run
[629.3610]   API 1002 run
[629.6850]   API 1000 run
[629.6950]   API 1001 run
[629.7470]   API 1002 run
[630.0540]   API 1000 run
[630.0630]   API 1001 run
[630.1140]   API 1002 run
[630.4370]   API 1000 run
[630.4460]   API 1001 run
[630.5130]   API 1002 run
[630.8250]   API 1000 run
[630.8340]   API 1001 run
[630.8840]   API 1002 run
[631.1870]   API 1000 run
[631.1970]   API 1001 run
[631.2470]   API 1002 run
[631.5720]   API 1000 run
[631.5820]   API 1001 run
[631.6350]   API 1002 run
[631.9410]   API 1000 run
[631.9510]   API 1001 run
[632.0020]   API 1002 run
[632.3140]   API 1000 run
[632.3240]   API 1001 run
[632.3760]   API 1002 run
[632.7050]   API 1000 run
[632.7150]   API 1001 run
[632.7670]   API 1002 run
[633.0750]   API 1000 run
[633.0840]   API 1001 run
[633.1340]   API 1002 run
[633.4570]   API 1000 run
[633.4800]   API 1001 run
[633.5340]   API 1002 run
[633.8530]   API 1000 run
[633.8620]   API 1001 run
[633.9150]   API 1002 run
[634.2230]   API 1000 run
[634.2320]   API 1001 run
[634.2910]   API 1002 run
[634.6110]   API 1000 run
[634.6210]   API 1001 run
[634.6720]   API 1002 run
[634.9830]   API 1000 run
[634.9920]   API 1001 run
[635.0430]   API 1002 run
[635.3490]   API 1000 run
[635.3580]   API 1001 run
[635.4100]   API 1002 run
[635.7340]   API 1000 run
[635.7430]   API 1001 run
[635.7970]   API 1002 run
[636.1070]   API 1000 run
[636.1160]   API 1001 run
[636.1680]   API 1002 run
[636.4970]   API 1000 run
[636.5070]   API 1001 run
[636.5630]   API 1002 run
[636.8700]   API 1000 run
[636.8790]   API 1001 run
[636.9330]   API 1002 run
[637.2540]   API 1000 run
[637.2630]   API 1001 run
[637.3180]   API 1002 run
[637.6430]   API 1000 run
[637.6520]   API 1001 run
[637.7030]   API 1002 run
[638.0080]   API 1000 run
[638.0170]   API 1001 run
[638.0690]   API 1002 run
[638.3850]   API 1000 run
[638.3950]   API 1001 run
[638.4470]   API 1002 run
[638.7720]   API 1000 run
[638.7810]   API 1001 run
[638.8330]   API 1002 run
[639.1380]   API 1000 run
[639.1480]   API 1001 run
[639.1990]   API 1002 run
[639.5250]   API 1000 run
[639.5350]   API 1001 run
[639.5890]   API 1002 run
[639.8980]   API 1000 run
[639.9070]   API 1001 run
[639.9570]   API 1002 run
[640.2710]   API 1000 run
[640.2810]   API 1001 run
[640.3320]   API 1002 run
[640.6610]   API 1000 run
[640.6700]   API 1001 run
[640.7240]   API 1002 run
[641.0290]   API 1000 run
[641.0390]   API 1001 run
[641.0890]   API 1002 run
[641.4090]   API 1000 run
[641.4180]   API 1001 run
[641.4870]   API 1002 run
[641.8100]   API 1000 run
[641.8190]   API 1001 run
[641.8720]   API 1002 run
[642.1870]   API 1000 run
[642.1960]   API 1001 run
[642.2480]   API 1002 run
[642.5760]   API 1000 run
[642.5850]   API 1001 run
[642.6380]   API 1002 run
[642.9440]   API 1000 run
[642.9530]   API 1001 run
[643.0030]   API 1002 run
[643.3030]   API 1000 run
[643.3130]   API 1001 run
[643.3630]   API 1002 run
[643.6860]   API 1000 run
[643.6960]   API 1001 run
[643.7490]   API 1002 run
[644.0600]   API 1000 run
[644.0690]   API 1001 run
[644.1200]   API 1002 run
[644.4250]   API 1000 run
[644.4340]   API 1001 run
[644.4990]   API 1002 run
[644.8130]   API 1000 run
[644.8220]   API 1001 run
[644.8730]   API 1002 run
[645.1790]   API 1000 run
[645.1880]   API 1001 run
[645.2520]   API 1002 run
[645.5800]   API 1000 run
[645.5900]   API 1001 run
[645.6450]   API 1002 run
[646.7140]   API 1000 run
[646.7230]   API 1001 run
[646.7800]   API 1002 run
[647.1140]   API 1000 run
[647.1230]   API 1001 run
[647.1750]   API 1002 run
[647.4960]   API 1000 run
[647.5050]   API 1001 run
[647.5600]   API 1002 run
[647.8790]   API 1000 run
[647.8880]   API 1001 run
[647.9410]   API 1002 run
[648.2440]   API 1000 run
[648.2530]   API 1001 run
[648.3040]   API 1002 run
[648.6260]   API 1000 run
[648.6350]   API 1001 run
[648.6860]   API 1002 run
[649.0070]   API 1000 run
[649.0160]   API 1001 run
[649.0700]   API 1002 run
[649.3960]   API 1000 run
[649.4050]   API 1001 run
[649.4570]   API 1002 run
[649.7810]   API 1000 run
[649.7910]   API 1001 run
[649.8430]   API 1002 run
[650.1460]   API 1000 run
[650.1560]   API 1001 run
[650.2060]   API 1002 run
[650.5220]   API 1000 run
[650.5310]   API 1001 run
[650.5830]   API 1002 run
[650.8950]   API 1000 run
[650.9040]   API 1001 run
[650.9550]   API 1002 run
[651.2590]   API 1000 run
[651.2680]   API 1001 run
[651.3180]   API 1002 run
[651.6320]   API 1000 run
[651.6410]   API 1001 run
[651.6950]   API 1002 run
[651.9960]   API 1000 run
[652.0060]   API 1001 run
[652.0570]   API 1002 run
[652.3590]   API 1000 run
[652.3690]   API 1001 run
[652.4200]   API 1002 run
[652.7500]   API 1000 run
[652.7590]   API 1001 run
[652.8120]   API 1002 run
[653.1110]   API 1000 run
[653.1210]   API 1001 run
[653.1720]   API 1002 run
[653.5120]   API 1000 run
[653.5210]   API 1001 run
[653.5760]   API 1002 run
[653.8820]   API 1000 run
[653.8910]   API 1001 run
[653.9430]   API 1002 run
[654.2420]   API 1000 run
[654.2510]   API 1001 run
[654.3040]   API 1002 run
[654.6340]   API 1000 run
[654.6430]   API 1001 run
[654.6960]   API 1002 run
[654.9990]   API 1000 run
[655.0090]   API 1001 run
[655.0590]   API 1002 run
[655.3590]   API 1000 run
[655.3690]   API 1001 run
[655.4200]   API 1002 run
[655.7470]   API 1000 run
[655.7570]   API 1001 run
[655.8090]   API 1002 run
[656.1090]   API 1000 run
[656.1190]   API 1001 run
[656.1690]   API 1002 run
[656.4900]   API 1000 run
[656.5000]   API 1001 run
[656.5530]   API 1002 run
[656.8770]   API 1000 run
[656.8860]   API 1001 run
[656.9380]   API 1002 run
[657.2510]   API 1000 run
[657.2600]   API 1001 run
[657.3170]   API 1002 run
[657.6390]   API 1000 run
[657.6490]   API 1001 run
[657.7020]   API 1002 run
[658.0110]   API 1000 run
[658.0200]   API 1001 run
[658.0710]   API 1002 run
[658.3730]   API 1000 run
[658.3820]   API 1001 run
[658.4350]   API 1002 run
[658.9150]   API 1000 run
[658.9280]   API 1001 run
[658.9920]   API 1002 run
[659.2990]   API 1000 run
[659.3080]   API 1001 run
[659.3590]   API 1002 run
[659.6820]   API 1000 run
[659.6910]   API 1001 run
[659.7430]   API 1002 run
[660.0530]   API 1000 run
[660.0620]   API 1001 run
[660.1120]   API 1002 run
[660.4110]   API 1000 run
[660.4220]   API 1001 run
[660.4890]   API 1002 run
[660.8040]   API 1000 run
[660.8140]   API 1001 run
[660.8660]   API 1002 run
[661.1720]   API 1000 run
[661.1810]   API 1001 run
[661.2480]   API 1002 run
[661.5810]   API 1000 run
[661.5910]   API 1001 run
[661.6430]   API 1002 run
[661.9490]   API 1000 run
[661.9580]   API 1001 run
[662.0060]   API 1002 run
[662.3070]   API 1000 run
[662.3160]   API 1001 run
[662.3630]   API 1002 run
[662.6830]   API 1000 run
[662.6930]   API 1001 run
[662.7420]   API 1002 run
[663.0410]   API 1000 run
[663.0510]   API 1001 run
[663.0980]   API 1002 run
[663.4030]   API 1000 run
[663.4120]   API 1001 run
[663.4600]   API 1002 run
[663.7730]   API 1000 run
[663.7830]   API 1001 run
[663.8310]   API 1002 run
[664.1280]   API 1000 run
[664.1370]   API 1001 run
[664.1840]   API 1002 run
[664.5070]   API 1000 run
[664.5160]   API 1001 run
[664.5670]   API 1002 run
[664.8650]   API 1000 run
[664.8740]   API 1001 run
[664.9220]   API 1002 run
[665.2300]   API 1000 run
[665.2390]   API 1001 run
[665.2890]   API 1002 run
[665.6140]   API 1000 run
[665.6240]   API 1001 run
[665.6730]   API 1002 run
[665.9710]   API 1000 run
[665.9800]   API 1001 run
[666.0260]   API 1002 run
[666.3320]   API 1000 run
[666.3420]   API 1001 run
[666.3880]   API 1002 run
[666.7050]   API 1000 run
[666.7150]   API 1001 run
[666.7610]   API 1002 run
[667.0590]   API 1000 run
[667.0680]   API 1001 run
[667.1150]   API 1002 run
[667.4140]   API 1000 run
[667.4230]   API 1001 run
[667.4830]   API 1002 run
[667.7900]   API 1000 run
[667.8000]   API 1001 run
[667.8480]   API 1002 run
[668.1440]   API 1000 run
[668.1590]   API 1001 run
[668.2060]   API 1002 run
[668.5250]   API 1000 run
[668.5340]   API 1001 run
[668.5830]   API 1002 run
[668.8840]   API 1000 run
[668.8950]   API 1001 run
[668.9420]   API 1002 run
[669.2540]   API 1000 run
[669.2640]   API 1001 run
[669.3140]   API 1002 run
[669.6270]   API 1000 run
[669.6360]   API 1001 run
[669.6830]   API 1002 run
[669.9880]   API 1000 run
[669.9980]   API 1001 run
[670.0450]   API 1002 run
[670.3560]   API 1000 run
[670.3650]   API 1001 run
[670.4120]   API 1002 run
[670.7300]   API 1000 run
[670.7400]   API 1001 run
[670.7880]   API 1002 run
[671.0970]   API 1000 run
[671.1070]   API 1001 run
[671.1540]   API 1002 run
[671.4520]   API 1000 run
[671.4620]   API 1001 run
[671.5270]   API 1002 run
[671.8310]   API 1000 run
[671.8410]   API 1001 run
[671.8870]   API 1002 run
[672.1980]   API 1000 run
[672.2070]   API 1001 run
[672.2530]   API 1002 run
[672.5690]   API 1000 run
[672.5780]   API 1001 run
[672.6280]   API 1002 run
[672.9310]   API 1000 run
[672.9400]   API 1001 run
[672.9870]   API 1002 run
[673.3140]   API 1000 run
[673.3240]   API 1001 run
[673.3760]   API 1002 run
[673.6940]   API 1000 run
[673.7040]   API 1001 run
[673.7530]   API 1002 run
[674.0580]   API 1000 run
[674.0680]   API 1001 run
[674.1150]   API 1002 run
[674.4210]   API 1000 run
[674.4310]   API 1001 run
[674.4940]   API 1002 run
[674.7990]   API 1000 run
[674.8080]   API 1001 run
[674.8550]   API 1002 run
[675.1570]   API 1000 run
[675.1670]   API 1001 run
[675.2140]   API 1002 run
[675.5270]   API 1000 run
[675.5360]   API 1001 run
[675.5860]   API 1002 run
[675.8930]   API 1000 run
[675.9020]   API 1001 run
[675.9490]   API 1002 run
[676.2550]   API 1000 run
[676.2640]   API 1001 run
[676.3120]   API 1002 run
[676.6280]   API 1000 run
[676.6380]   API 1001 run
[676.6860]   API 1002 run
[676.9860]   API 1000 run
[676.9950]   API 1001 run
[677.0420]   API 1002 run
[677.3580]   API 1000 run
[677.3670]   API 1001 run
[677.4190]   API 1002 run
[677.7430]   API 1000 run
[677.7530]   API 1001 run
[677.8010]   API 1002 run
[678.1000]   API 1000 run
[678.1090]   API 1001 run
[678.1560]   API 1002 run
[678.4610]   API 1000 run
[678.4850]   API 1001 run
[678.5330]   API 1002 run
[678.8340]   API 1000 run
[678.8430]   API 1001 run
[678.8900]   API 1002 run
[679.1870]   API 1000 run
[679.1960]   API 1001 run
[679.2440]   API 1002 run
[679.5620]   API 1000 run
[679.5770]   API 1001 run
[679.6290]   API 1002 run
[679.9260]   API 1000 run
[679.9360]   API 1001 run
[679.9820]   API 1002 run
[680.2800]   API 1000 run
[680.2900]   API 1001 run
[680.3360]   API 1002 run
[680.6600]   API 1000 run
[680.6690]   API 1001 run
[680.7170]   API 1002 run
[681.0170]   API 1000 run
[681.0260]   API 1001 run
[681.0720]   API 1002 run
[681.3870]   API 1000 run
[681.3960]   API 1001 run
[681.4450]   API 1002 run
[681.7780]   API 1000 run
[681.7870]   API 1001 run
[681.8360]   API 1002 run
[682.1350]   API 1000 run
[682.1440]   API 1001 run
[682.1900]   API 1002 run
[682.5050]   API 1000 run
[682.5150]   API 1001 run
[682.5640]   API 1002 run
[682.8690]   API 1000 run
[682.8780]   API 1001 run
[682.9250]   API 1002 run
[683.2220]   API 1000 run
[683.2310]   API 1001 run
[683.2780]   API 1002 run
[683.5990]   API 1000 run
[683.6090]   API 1001 run
[683.6600]   API 1002 run
[683.9670]   API 1000 run
[683.9760]   API 1001 run
[684.0230]   API 1002 run
[684.3200]   API 1000 run
[684.3290]   API 1001 run
[684.3770]   API 1002 run
[684.6920]   API 1000 run
[684.7020]   API 1001 run
[684.7500]   API 1002 run
[685.0510]   API 1000 run
[685.0610]   API 1001 run
[685.1070]   API 1002 run
[685.4220]   API 1000 run
[685.4310]   API 1001 run
[685.4930]   API 1002 run
[685.7930]   API 1000 run
[685.8020]   API 1001 run
[685.8480]   API 1002 run
[686.1500]   API 1000 run
[686.1590]   API 1001 run
[686.2060]   API 1002 run
[686.5160]   API 1000 run
[686.5260]   API 1001 run
[686.5730]   API 1002 run
[686.8720]   API 1000 run
[686.8810]   API 1001 run
[686.9280]   API 1002 run
[687.2340]   API 1000 run
[687.2430]   API 1001 run
[687.2890]   API 1002 run
[687.5990]   API 1000 run
[687.6090]   API 1001 run
[687.6550]   API 1002 run
[687.9520]   API 1000 run
[687.9620]   API 1001 run
[688.0080]   API 1002 run
[688.3070]   API 1000 run
[688.3160]   API 1001 run
[688.3620]   API 1002 run
[688.6730]   API 1000 run
[688.6820]   API 1001 run
[688.7290]   API 1002 run
[689.0330]   API 1000 run
[689.0430]   API 1001 run
[689.0900]   API 1002 run
[689.4070]   API 1000 run
[689.4160]   API 1001 run
[689.4790]   API 1002 run
[689.7830]   API 1000 run
[689.7920]   API 1001 run
[689.8390]   API 1002 run
[690.1360]   API 1000 run
[690.1450]   API 1001 run
[690.1920]   API 1002 run
[690.5100]   API 1000 run
[690.5200]   API 1001 run
[690.5690]   API 1002 run
[690.8670]   API 1000 run
[690.8760]   API 1001 run
[690.9290]   API 1002 run
[691.2300]   API 1000 run
[691.2400]   API 1001 run
[691.2880]   API 1002 run
[691.6010]   API 1000 run
[691.6100]   API 1001 run
[691.6600]   API 1002 run
[691.9580]   API 1000 run
[691.9670]   API 1001 run
[692.0140]   API 1002 run
[692.3170]   API 1000 run
[692.3270]   API 1001 run
[692.3750]   API 1002 run
[692.6940]   API 1000 run
[692.7030]   API 1001 run
[692.7520]   API 1002 run
[693.0570]   API 1000 run
[693.0660]   API 1001 run
[693.1160]   API 1002 run
[693.4310]   API 1000 run
[693.4410]   API 1001 run
[693.5010]   API 1002 run
[693.8050]   API 1000 run
[693.8140]   API 1001 run
[693.8610]   API 1002 run
[694.1570]   API 1000 run
[694.1670]   API 1001 run
[694.2130]   API 1002 run
[694.5300]   API 1000 run
[694.5390]   API 1001 run
[694.5900]   API 1002 run
[694.8920]   API 1000 run
[694.9010]   API 1001 run
[694.9500]   API 1002 run
[695.2450]   API 1000 run
[695.2540]   API 1001 run
[695.3000]   API 1002 run
[695.6210]   API 1000 run
[695.6300]   API 1001 run
[695.6770]   API 1002 run
[695.9780]   API 1000 run
[695.9880]   API 1001 run
[696.0350]   API 1002 run
[696.3340]   API 1000 run
[696.3440]   API 1001 run
[696.3920]   API 1002 run
[696.7170]   API 1000 run
[696.7270]   API 1001 run
[696.7750]   API 1002 run
[697.0730]   API 1000 run
[697.0830]   API 1001 run
[697.1300]   API 1002 run
[697.4430]   API 1000 run
[697.4550]   API 1001 run
[697.5180]   API 1002 run
[697.8260]   API 1000 run
[697.8350]   API 1001 run
[697.8820]   API 1002 run
[698.1840]   API 1000 run
[698.1930]   API 1001 run
[698.2390]   API 1002 run
[698.5640]   API 1000 run
[698.5730]   API 1001 run
[698.6220]   API 1002 run
[698.9270]   API 1000 run
[698.9370]   API 1001 run
[698.9840]   API 1002 run
[699.2800]   API 1000 run
[699.2900]   API 1001 run
[699.3370]   API 1002 run
[699.6500]   API 1000 run
[699.6590]   API 1001 run
[699.7070]   API 1002 run
[700.0090]   API 1000 run
[700.0180]   API 1001 run
[700.0670]   API 1002 run
[700.3680]   API 1000 run
[700.3770]   API 1001 run
[700.4240]   API 1002 run
[700.7410]   API 1000 run
[700.7510]   API 1001 run
[700.7980]   API 1002 run
[701.1020]   API 1000 run
[701.1110]   API 1001 run
[701.1580]   API 1002 run
[701.4850]   API 1000 run
[701.4940]   API 1001 run
[701.5450]   API 1002 run
[701.8470]   API 1000 run
[701.8560]   API 1001 run
[701.9030]   API 1002 run
[702.2360]   API 1000 run
[702.2460]   API 1001 run
[702.3010]   API 1002 run
[702.6140]   API 1000 run
[702.6240]   API 1001 run
[702.6720]   API 1002 run
[702.9710]   API 1000 run
[702.9800]   API 1001 run
[703.0260]   API 1002 run
[703.3300]   API 1000 run
[703.3390]   API 1001 run
[703.3870]   API 1002 run
[703.7040]   API 1000 run
[703.7140]   API 1001 run
[703.7610]   API 1002 run
[704.0590]   API 1000 run
[704.0690]   API 1001 run
[704.1160]   API 1002 run
[704.4290]   API 1000 run
[704.4380]   API 1001 run
[704.5000]   API 1002 run
[704.8230]   API 1000 run
[704.8340]   API 1001 run
[704.8810]   API 1002 run
[705.1750]   API 1000 run
[705.1850]   API 1001 run
[705.2430]   API 1002 run
[705.5700]   API 1000 run
[705.5800]   API 1001 run
[705.6290]   API 1002 run
[705.9270]   API 1000 run
[705.9360]   API 1001 run
[705.9830]   API 1002 run
[706.2870]   API 1000 run
[706.2970]   API 1001 run
[706.3410]   API 1002 run
[706.6570]   API 1000 run
[706.6660]   API 1001 run
[706.7170]   API 1002 run
[707.0140]   API 1000 run
[707.0230]   API 1001 run
[707.0690]   API 1002 run
[707.3680]   API 1000 run
[707.3780]   API 1001 run
[707.4240]   API 1002 run
[707.7450]   API 1000 run
[707.7540]   API 1001 run
[707.8020]   API 1002 run
[708.1030]   API 1000 run
[708.1120]   API 1001 run
[708.1590]   API 1002 run
[708.4590]   API 1000 run
[708.4820]   API 1001 run
[708.5310]   API 1002 run
[708.8340]   API 1000 run
[708.8440]   API 1001 run
[708.8920]   API 1002 run
[709.1860]   API 1000 run
[709.1950]   API 1001 run
[709.2560]   API 1002 run
[709.5800]   API 1000 run
[709.5900]   API 1001 run
[709.6400]   API 1002 run
[709.9460]   API 1000 run
[709.9550]   API 1001 run
[710.0020]   API 1002 run
[710.2970]   API 1000 run
[710.3060]   API 1001 run
[710.3530]   API 1002 run
[710.6730]   API 1000 run
[710.6820]   API 1001 run
[710.7300]   API 1002 run
[711.0280]   API 1000 run
[711.0370]   API 1001 run
[711.0850]   API 1002 run
[711.3800]   API 1000 run
[711.3900]   API 1001 run
[711.4370]   API 1002 run
[711.7640]   API 1000 run
[711.7730]   API 1001 run
[711.8210]   API 1002 run
[712.1210]   API 1000 run
[712.1300]   API 1001 run
[712.1770]   API 1002 run
[712.4890]   API 1000 run
[712.4980]   API 1001 run
[712.5480]   API 1002 run
[712.8940]   API 1000 run
[712.9040]   API 1001 run
[712.9500]   API 1002 run
[713.2550]   API 1000 run
[713.2640]   API 1001 run
[713.3140]   API 1002 run
[713.6300]   API 1000 run
[713.6420]   API 1001 run
[713.6960]   API 1002 run
[713.9990]   API 1000 run
[714.0080]   API 1001 run
[714.0570]   API 1002 run
[714.3540]   API 1000 run
[714.3630]   API 1001 run
[714.4090]   API 1002 run
[714.7260]   API 1000 run
[714.7350]   API 1001 run
[714.7830]   API 1002 run
[715.0880]   API 1000 run
[715.0970]   API 1001 run
[715.1440]   API 1002 run
[715.4400]   API 1000 run
[715.4500]   API 1001 run
[715.5120]   API 1002 run
[715.8210]   API 1000 run
[715.8310]   API 1001 run
[715.8790]   API 1002 run
[716.1830]   API 1000 run
[716.1930]   API 1001 run
[716.2400]   API 1002 run
[716.5540]   API 1000 run
[716.5640]   API 1001 run
[716.6130]   API 1002 run
[716.9190]   API 1000 run
[716.9290]   API 1001 run
[716.9760]   API 1002 run
[717.2880]   API 1000 run
[717.2980]   API 1001 run
[717.3480]   API 1002 run
[717.6750]   API 1000 run
[717.6840]   API 1001 run
[717.7320]   API 1002 run
[718.0320]   API 1000 run
[718.0410]   API 1001 run
[718.0880]   API 1002 run
[718.3940]   API 1000 run
[718.4030]   API 1001 run
[718.4500]   API 1002 run
[718.7660]   API 1000 run
[718.7760]   API 1001 run
[718.8230]   API 1002 run
[719.1190]   API 1000 run
[719.1300]   API 1001 run
[719.1770]   API 1002 run
[719.5050]   API 1000 run
[719.5140]   API 1001 run
[719.5650]   API 1002 run
[719.8710]   API 1000 run
[719.8800]   API 1001 run
[719.9290]   API 1002 run
[720.2410]   API 1000 run
[720.2510]   API 1001 run
[720.3050]   API 1002 run
[720.6180]   API 1000 run
[720.6280]   API 1001 run
[720.6760]   API 1002 run
[720.9830]   API 1000 run
[720.9930]   API 1001 run
[721.0400]   API 1002 run
[721.3600]   API 1000 run
[721.3700]   API 1001 run
[721.4220]   API 1002 run
[721.7450]   API 1000 run
[721.7540]   API 1001 run
[721.8030]   API 1002 run
[722.1020]   API 1000 run
[722.1120]   API 1001 run
[722.2430]   API 1002 run
[722.6780]   API 1000 run
[722.6870]   API 1001 run
[722.7580]   API 1002 run
[723.0830]   API 1000 run
[723.0930]   API 1001 run
[723.1610]   API 1002 run
[723.4930]   API 1000 run
[723.5030]   API 1001 run
[723.5730]   API 1002 run
[723.8960]   API 1000 run
[723.9060]   API 1001 run
[723.9750]   API 1002 run
[724.2880]   API 1000 run
[724.3010]   API 1001 run
[724.3700]   API 1002 run
[724.6950]   API 1000 run
[724.7050]   API 1001 run
[724.7770]   API 1002 run
[725.0900]   API 1000 run
[725.1000]   API 1001 run
[725.1700]   API 1002 run
[725.5330]   API 1000 run
[725.5420]   API 1001 run
[725.6220]   API 1002 run
[725.9530]   API 1000 run
[725.9630]   API 1001 run
[726.0290]   API 1002 run
[726.3480]   API 1000 run
[726.3570]   API 1001 run
[726.4240]   API 1002 run
[726.7880]   API 1000 run
[726.7970]   API 1001 run
[726.8720]   API 1002 run
[727.1810]   API 1000 run
[727.1900]   API 1001 run
[727.2580]   API 1002 run
[727.7970]   API 1000 run
[727.8220]   API 1001 run
[727.9270]   API 1002 run
[728.2400]   API 1000 run
[728.2490]   API 1001 run
[728.3160]   API 1002 run
[728.6450]   API 1000 run
[728.6540]   API 1001 run
[728.7230]   API 1002 run
[729.0390]   API 1000 run
[729.0490]   API 1001 run
[729.1150]   API 1002 run
[729.5070]   API 1000 run
[729.5160]   API 1001 run
[729.5890]   API 1002 run
[729.9140]   API 1000 run
[729.9240]   API 1001 run
[730.0160]   API 1002 run
[730.3320]   API 1000 run
[730.3440]   API 1001 run
[730.4140]   API 1002 run
[730.7410]   API 1000 run
[730.7500]   API 1001 run
[730.8190]   API 1002 run
[731.1380]   API 1000 run
[731.1470]   API 1001 run
[731.2170]   API 1002 run
[731.7580]   API 1000 run
[731.7850]   API 1001 run
[731.8880]   API 1002 run
[732.3810]   API 1000 run
[732.4070]   API 1001 run
[732.5430]   API 1002 run
[732.8560]   API 1000 run
[732.8660]   API 1001 run
[732.9330]   API 1002 run
[733.2670]   API 1000 run
[733.2760]   API 1001 run
[733.3470]   API 1002 run
[733.7320]   API 1000 run
[733.7460]   API 1001 run
[733.8140]   API 1002 run
[734.1270]   API 1000 run
[734.1360]   API 1001 run
[734.2310]   API 1002 run
[734.5670]   API 1000 run
[734.5770]   API 1001 run
[734.6470]   API 1002 run
[734.9660]   API 1000 run
[734.9770]   API 1001 run
[735.0450]   API 1002 run
[735.4080]   API 1000 run
[735.4180]   API 1001 run
[735.5000]   API 1002 run
[735.8230]   API 1000 run
[735.8320]   API 1001 run
[735.9060]   API 1002 run
[736.2620]   API 1000 run
[736.2710]   API 1001 run
[736.3420]   API 1002 run
[736.6640]   API 1000 run
[736.6730]   API 1001 run
[736.7490]   API 1002 run
[737.1120]   API 1000 run
[737.1210]   API 1001 run
[737.1970]   API 1002 run
[737.5770]   API 1000 run
[737.5860]   API 1001 run
[737.6570]   API 1002 run
[737.9750]   API 1000 run
[737.9840]   API 1001 run
[738.0570]   API 1002 run
[738.4080]   API 1000 run
[738.4180]   API 1001 run
[738.5010]   API 1002 run
[738.8120]   API 1000 run
[738.8220]   API 1001 run
[738.8890]   API 1002 run
[739.2030]   API 1000 run
[739.2130]   API 1001 run
[739.2910]   API 1002 run
[739.6180]   API 1000 run
[739.6280]   API 1001 run
[739.6960]   API 1002 run
[740.2160]   API 1000 run
[740.2420]   API 1001 run
[740.3530]   API 1002 run
[740.8690]   API 1000 run
[740.8960]   API 1001 run
[741.0160]   API 1002 run
[741.3320]   API 1000 run
[741.3410]   API 1001 run
[741.4120]   API 1002 run
[741.7410]   API 1000 run
[741.7530]   API 1001 run
[741.8240]   API 1002 run
[742.1550]   API 1000 run
[742.1650]   API 1001 run
[742.2330]   API 1002 run
[742.5630]   API 1000 run
[742.5730]   API 1001 run
[742.6410]   API 1002 run
[742.9570]   API 1000 run
[742.9670]   API 1001 run
[743.0350]   API 1002 run
[743.3500]   API 1000 run
[743.3600]   API 1001 run
[743.4290]   API 1002 run
[743.7570]   API 1000 run
[743.7670]   API 1001 run
[743.8350]   API 1002 run
[744.2040]   API 1000 run
[744.2130]   API 1001 run
[744.2820]   API 1002 run
[744.6180]   API 1000 run
[744.6280]   API 1001 run
[744.6950]   API 1002 run
[745.1930]   API 1000 run
[745.2370]   API 1001 run
[745.3510]   API 1002 run
[745.6760]   API 1000 run
[745.6860]   API 1001 run
[745.7530]   API 1002 run
[746.0680]   API 1000 run
[746.0780]   API 1001 run
[746.1440]   API 1002 run
[746.5230]   API 1000 run
[746.5330]   API 1001 run
[746.6040]   API 1002 run
[746.9140]   API 1000 run
[746.9230]   API 1001 run
[746.9910]   API 1002 run
[747.3100]   API 1000 run
[747.3200]   API 1001 run
[747.3880]   API 1002 run
[747.7150]   API 1000 run
[747.7260]   API 1001 run
[747.7960]   API 1002 run
[748.1540]   API 1000 run
[748.1630]   API 1001 run
[748.2320]   API 1002 run
[748.5770]   API 1000 run
[748.5870]   API 1001 run
[748.6580]   API 1002 run
[748.9900]   API 1000 run
[749.0000]   API 1001 run
[749.0670]   API 1002 run
[749.6400]   API 1000 run
[749.6490]   API 1001 run
[749.7220]   API 1002 run
[750.0480]   API 1000 run
[750.0580]   API 1001 run
[750.1260]   API 1002 run
[750.6660]   API 1000 run
[750.6930]   API 1001 run
[750.8000]   API 1002 run
[751.1220]   API 1000 run
[751.1320]   API 1001 run
[751.1990]   API 1002 run
[751.5400]   API 1000 run
[751.5500]   API 1001 run
[751.6230]   API 1002 run
[752.1240]   API 1000 run
[752.1510]   API 1001 run
[752.2620]   API 1002 run
[752.5810]   API 1000 run
[752.5910]   API 1001 run
[752.6610]   API 1002 run
[752.9880]   API 1000 run
[752.9970]   API 1001 run
[753.0640]   API 1002 run
[753.4360]   API 1000 run
[753.4540]   API 1001 run
[753.5430]   API 1002 run
[753.8790]   API 1000 run
[753.8880]   API 1001 run
[753.9570]   API 1002 run
[754.2770]   API 1000 run
[754.2860]   API 1001 run
[754.3560]   API 1002 run
[754.6830]   API 1000 run
[754.6930]   API 1001 run
[754.7650]   API 1002 run
[755.0760]   API 1000 run
[755.0860]   API 1001 run
[755.1570]   API 1002 run
[755.4850]   API 1000 run
[755.4950]   API 1001 run
[755.5670]   API 1002 run
[755.8890]   API 1000 run
[755.8980]   API 1001 run
[755.9670]   API 1002 run
[756.3290]   API 1000 run
[756.3380]   API 1001 run
[756.4050]   API 1002 run
[756.7690]   API 1000 run
[756.7790]   API 1001 run
[756.8490]   API 1002 run
[757.1570]   API 1000 run
[757.1670]   API 1001 run
[757.2450]   API 1002 run
[757.7950]   API 1000 run
[757.8220]   API 1001 run
[757.9380]   API 1002 run
[758.2600]   API 1000 run
[758.2690]   API 1001 run
[758.3360]   API 1002 run
[758.6700]   API 1000 run
[758.6790]   API 1001 run
[758.7490]   API 1002 run
[759.0690]   API 1000 run
[759.0790]   API 1001 run
[759.1460]   API 1002 run
[759.6860]   API 1000 run
[759.7110]   API 1001 run
[759.8200]   API 1002 run
[760.1380]   API 1000 run
[760.1470]   API 1001 run
[760.2190]   API 1002 run
[760.5940]   API 1000 run
[760.6030]   API 1001 run
[760.6760]   API 1002 run
[760.9890]   API 1000 run
[760.9980]   API 1001 run
[761.0660]   API 1002 run
[761.3910]   API 1000 run
[761.4010]   API 1001 run
[761.4820]   API 1002 run
[761.8040]   API 1000 run
[761.8140]   API 1001 run
[761.8810]   API 1002 run
[762.1930]   API 1000 run
[762.2020]   API 1001 run
[762.2720]   API 1002 run
[762.6040]   API 1000 run
[762.6140]   API 1001 run
[762.6850]   API 1002 run
[763.1930]   API 1000 run
[763.2180]   API 1001 run
[763.3250]   API 1002 run
[763.6440]   API 1000 run
[763.6540]   API 1001 run
[763.7230]   API 1002 run
[764.0310]   API 1000 run
[764.0410]   API 1001 run
[764.1080]   API 1002 run
[764.4210]   API 1000 run
[764.4300]   API 1001 run
[764.5140]   API 1002 run
[765.0320]   API 1000 run
[765.0580]   API 1001 run
[765.1620]   API 1002 run
[765.5000]   API 1000 run
[765.5090]   API 1001 run
[765.5780]   API 1002 run
[765.8970]   API 1000 run
[765.9070]   API 1001 run
[765.9750]   API 1002 run
[766.2840]   API 1000 run
[766.2930]   API 1001 run
[766.3620]   API 1002 run
[766.6860]   API 1000 run
[766.6950]   API 1001 run
[766.7680]   API 1002 run
[767.1240]   API 1000 run
[767.1390]   API 1001 run
[767.2070]   API 1002 run
[767.5870]   API 1000 run
[767.5960]   API 1001 run
[767.6650]   API 1002 run
[767.9750]   API 1000 run
[767.9850]   API 1001 run
[768.0520]   API 1002 run
[768.4110]   API 1000 run
[768.4210]   API 1001 run
[768.5020]   API 1002 run
[768.8160]   API 1000 run
[768.8250]   API 1001 run
[768.8930]   API 1002 run
[769.2610]   API 1000 run
[769.2700]   API 1001 run
[769.3410]   API 1002 run
[769.6820]   API 1000 run
[769.6910]   API 1001 run
[769.7610]   API 1002 run
[770.0790]   API 1000 run
[770.0880]   API 1001 run
[770.1560]   API 1002 run
[770.5300]   API 1000 run
[770.5400]   API 1001 run
[770.6110]   API 1002 run
[770.9290]   API 1000 run
[770.9380]   API 1001 run
[771.0060]   API 1002 run
[771.3630]   API 1000 run
[771.3720]   API 1001 run
[771.4420]   API 1002 run
[771.7800]   API 1000 run
[771.7900]   API 1001 run
[771.8590]   API 1002 run
[772.1750]   API 1000 run
[772.1850]   API 1001 run
[772.2520]   API 1002 run
[772.7910]   API 1000 run
[772.8170]   API 1001 run
[772.9270]   API 1002 run
[773.2600]   API 1000 run
[773.2700]   API 1001 run
[773.3400]   API 1002 run
[773.6690]   API 1000 run
[773.6790]   API 1001 run
[773.7800]   API 1002 run
[774.0990]   API 1000 run
[774.1080]   API 1001 run
[774.1770]   API 1002 run
[774.5500]   API 1000 run
[774.5590]   API 1001 run
[774.6300]   API 1002 run
[774.9430]   API 1000 run
[774.9540]   API 1001 run
[775.0230]   API 1002 run
[775.3820]   API 1000 run
[775.3920]   API 1001 run
[775.4710]   API 1002 run
[775.7930]   API 1000 run
[775.8020]   API 1001 run
[775.8720]   API 1002 run
[776.1950]   API 1000 run
[776.2040]   API 1001 run
[776.2740]   API 1002 run
[776.6020]   API 1000 run
[776.6140]   API 1001 run
[776.6830]   API 1002 run
[777.0120]   API 1000 run
[777.0220]   API 1001 run
[777.0920]   API 1002 run
[777.4530]   API 1000 run
[777.4750]   API 1001 run
[777.5470]   API 1002 run
[777.8610]   API 1000 run
[777.8710]   API 1001 run
[777.9610]   API 1002 run
[778.2890]   API 1000 run
[778.2980]   API 1001 run
[778.3660]   API 1002 run
[778.6950]   API 1000 run
[778.7050]   API 1001 run
[778.8070]   API 1002 run
[779.1210]   API 1000 run
[779.1310]   API 1001 run
[779.1980]   API 1002 run
[779.5310]   API 1000 run
[779.5410]   API 1001 run
[779.6110]   API 1002 run
[779.9280]   API 1000 run
[779.9380]   API 1001 run
[780.0470]   API 1002 run
[780.4330]   API 1000 run
[780.4540]   API 1001 run
[780.5430]   API 1002 run
[780.8750]   API 1000 run
[780.8860]   API 1001 run
[780.9820]   API 1002 run
[781.3160]   API 1000 run
[781.3260]   API 1001 run
[781.4000]   API 1002 run
[781.7320]   API 1000 run
[781.7420]   API 1001 run
[781.8170]   API 1002 run
[782.6710]   API 1000 run
[782.6810]   API 1001 run
[782.7680]   API 1002 run
[783.0870]   API 1000 run
[783.0970]   API 1001 run
[783.1650]   API 1002 run
[783.4960]   API 1000 run
[783.5050]   API 1001 run
[783.5740]   API 1002 run
[783.8930]   API 1000 run
[783.9020]   API 1001 run
[783.9710]   API 1002 run
[784.2800]   API 1000 run
[784.2890]   API 1001 run
[784.3560]   API 1002 run
[784.7080]   API 1000 run
[784.7180]   API 1001 run
[784.7860]   API 1002 run
[785.1040]   API 1000 run
[785.1140]   API 1001 run
[785.1820]   API 1002 run
[785.5290]   API 1000 run
[785.5390]   API 1001 run
[785.6080]   API 1002 run
[785.9170]   API 1000 run
[785.9260]   API 1001 run
[785.9920]   API 1002 run
[786.3060]   API 1000 run
[786.3150]   API 1001 run
[786.3850]   API 1002 run
[786.7100]   API 1000 run
[786.7200]   API 1001 run
[786.7870]   API 1002 run
[787.1400]   API 1000 run
[787.1500]   API 1001 run
[787.2190]   API 1002 run
[787.5960]   API 1000 run
[787.6050]   API 1001 run
[787.6740]   API 1002 run
[787.9840]   API 1000 run
[787.9930]   API 1001 run
[788.0590]   API 1002 run
[788.4120]   API 1000 run
[788.4210]   API 1001 run
[788.5020]   API 1002 run
[788.8210]   API 1000 run
[788.8310]   API 1001 run
[788.8980]   API 1002 run
[789.4220]   API 1000 run
[789.4480]   API 1001 run
[789.5870]   API 1002 run
[789.9030]   API 1000 run
[789.9130]   API 1001 run
[789.9850]   API 1002 run
[790.3410]   API 1000 run
[790.3500]   API 1001 run
[790.4170]   API 1002 run
[790.7430]   API 1000 run
[790.7530]   API 1001 run
[790.8220]   API 1002 run
[791.1400]   API 1000 run
[791.1490]   API 1001 run
[791.2180]   API 1002 run
[791.5420]   API 1000 run
[791.5520]   API 1001 run
[791.6230]   API 1002 run
[791.9850]   API 1000 run
[791.9940]   API 1001 run
[792.0600]   API 1002 run
[792.3710]   API 1000 run
[792.3820]   API 1001 run
[792.4510]   API 1002 run
[792.9680]   API 1000 run
[792.9950]   API 1001 run
[793.0990]   API 1002 run
[793.6410]   API 1000 run
[793.6680]   API 1001 run
[793.7590]   API 1002 run
[794.1220]   API 1000 run
[794.1330]   API 1001 run
[794.2020]   API 1002 run
[794.5750]   API 1000 run
[794.5900]   API 1001 run
[794.6600]   API 1002 run
[794.9700]   API 1000 run
[794.9800]   API 1001 run
[795.0480]   API 1002 run
[795.4080]   API 1000 run
[795.4170]   API 1001 run
[795.5000]   API 1002 run
[795.8160]   API 1000 run
[795.8260]   API 1001 run
[795.8930]   API 1002 run
[796.1990]   API 1000 run
[796.2090]   API 1001 run
[796.2790]   API 1002 run
[796.8090]   API 1000 run
[796.8360]   API 1001 run
[796.9470]   API 1002 run
[797.2740]   API 1000 run
[797.2840]   API 1001 run
[797.3550]   API 1002 run
[797.6800]   API 1000 run
[797.6900]   API 1001 run
[797.7570]   API 1002 run
[798.1160]   API 1000 run
[798.1260]   API 1001 run
[798.1920]   API 1002 run
[798.5610]   API 1000 run
[798.5710]   API 1001 run
[798.6400]   API 1002 run
[798.9500]   API 1000 run
[798.9590]   API 1001 run
[799.0300]   API 1002 run
[799.3930]   API 1000 run
[799.4020]   API 1001 run
[799.4860]   API 1002 run
[799.7980]   API 1000 run
[799.8080]   API 1001 run
[799.8750]   API 1002 run
[800.2440]   API 1000 run
[800.2540]   API 1001 run
[800.3220]   API 1002 run
[800.6550]   API 1000 run
[800.6640]   API 1001 run
[800.7310]   API 1002 run
[801.0870]   API 1000 run
[801.0970]   API 1001 run
[801.1650]   API 1002 run
[801.7420]   API 1000 run
[801.7690]   API 1001 run
[801.8810]   API 1002 run
[802.1990]   API 1000 run
[802.2090]   API 1001 run
[802.2770]   API 1002 run
[802.6030]   API 1000 run
[802.6120]   API 1001 run
[802.6800]   API 1002 run
[802.9940]   API 1000 run
[803.0030]   API 1001 run
[803.0700]   API 1002 run
[803.3820]   API 1000 run
[803.3910]   API 1001 run
[803.4720]   API 1002 run
[803.8400]   API 1000 run
[803.8490]   API 1001 run
[803.9160]   API 1002 run
[804.2230]   API 1000 run
[804.2320]   API 1001 run
[804.3000]   API 1002 run
[804.6800]   API 1000 run
[804.6890]   API 1001 run
[804.7590]   API 1002 run
[805.0680]   API 1000 run
[805.0780]   API 1001 run
[805.1460]   API 1002 run
[805.4860]   API 1000 run
[805.4950]   API 1001 run
[805.5670]   API 1002 run
[805.8910]   API 1000 run
[805.9000]   API 1001 run
[805.9700]   API 1002 run
[806.2880]   API 1000 run
[806.2970]   API 1001 run
[806.3660]   API 1002 run
[806.6900]   API 1000 run
[806.6990]   API 1001 run
[806.7930]   API 1002 run
[807.1050]   API 1000 run
[807.1150]   API 1001 run
[807.1830]   API 1002 run
[807.5600]   API 1000 run
[807.5690]   API 1001 run
[807.6370]   API 1002 run
[807.9530]   API 1000 run
[807.9680]   API 1001 run
[808.0640]   API 1002 run
[808.3730]   API 1000 run
[808.3830]   API 1001 run
[808.4510]   API 1002 run
[808.8250]   API 1000 run
[808.8350]   API 1001 run
[808.9030]   API 1002 run
[809.2310]   API 1000 run
[809.2410]   API 1001 run
[809.3140]   API 1002 run
[809.6480]   API 1000 run
[809.6580]   API 1001 run
[809.7270]   API 1002 run
[810.0430]   API 1000 run
[810.0530]   API 1001 run
[810.1200]   API 1002 run
[810.5030]   API 1000 run
[810.5130]   API 1001 run
[810.5840]   API 1002 run
[810.8960]   API 1000 run
[810.9080]   API 1001 run
[810.9770]   API 1002 run
[811.3320]   API 1000 run
[811.3410]   API 1001 run
[811.4080]   API 1002 run
[811.7420]   API 1000 run
[811.7520]   API 1001 run
[811.8200]   API 1002 run
[812.1350]   API 1000 run
[812.1440]   API 1001 run
[812.2150]   API 1002 run
[812.5820]   API 1000 run
[812.5910]   API 1001 run
[812.6630]   API 1002 run
[812.9810]   API 1000 run
[812.9910]   API 1001 run
[813.0590]   API 1002 run
[813.4240]   API 1000 run
[813.4340]   API 1001 run
[813.5230]   API 1002 run
[813.8400]   API 1000 run
[813.8500]   API 1001 run
[813.9180]   API 1002 run
[814.3290]   API 1000 run
[814.3390]   API 1001 run
[814.4050]   API 1002 run
[814.7400]   API 1000 run
[814.7490]   API 1001 run
[814.8190]   API 1002 run
[815.1290]   API 1000 run
[815.1380]   API 1001 run
[815.2070]   API 1002 run
[815.7510]   API 1000 run
[815.7780]   API 1001 run
[815.8770]   API 1002 run
[816.1860]   API 1000 run
[816.1950]   API 1001 run
[816.2620]   API 1002 run
[816.7930]   API 1000 run
[816.8190]   API 1001 run
[816.9320]   API 1002 run
[817.2650]   API 1000 run
[817.2750]   API 1001 run
[817.3480]   API 1002 run
[817.6750]   API 1000 run
[817.6860]   API 1001 run
[817.7570]   API 1002 run
[818.0690]   API 1000 run
[818.0780]   API 1001 run
[818.1470]   API 1002 run
[818.5110]   API 1000 run
[818.5240]   API 1001 run
[818.5930]   API 1002 run
[818.9070]   API 1000 run
[818.9160]   API 1001 run
[818.9850]   API 1002 run
[819.3500]   API 1000 run
[819.3600]   API 1001 run
[819.4290]   API 1002 run
[819.7660]   API 1000 run
[819.7760]   API 1001 run
[819.8450]   API 1002 run
[820.1540]   API 1000 run
[820.1640]   API 1001 run
[820.2330]   API 1002 run
[820.5660]   API 1000 run
[820.5760]   API 1001 run
[820.6460]   API 1002 run
[820.9630]   API 1000 run
[820.9720]   API 1001 run
[821.0410]   API 1002 run
[821.4120]   API 1000 run
[821.4210]   API 1001 run
[821.5060]   API 1002 run
[821.7420]   API 1000 run
[821.7510]   API 1001 run
[821.8190]   API 1002 run
[910.5310]   API 1000 run
[910.5950]   API 1001 run
[910.7660]   API 1002 run
[1062.5570]   API 1000 run
[1062.5670]   API 1001 run
[1062.6370]   API 1002 run
[1063.1940]   API 7 run
[1063.5250]   API 1000 run
[1063.5400]   API 1001 run
[1063.6150]   API 1002 run
[1067.3950]   API 1000 run
[1067.4050]   API 1001 run
[1067.4740]   API 1002 run
[1067.6980]   API 1000 run
[1067.7070]   API 1001 run
[1067.7560]   API 1002 run
[1069.3850]   API 1000 run
[1069.3970]   API 1001 run
[1069.5081]   API 1002 run
[1120.7330]   API 1000 run
[1120.7460]   API 1001 run
[1120.8020]   API 1002 run
[1121.1160]   API 1000 run
[1121.1281]   API 1001 run
[1121.1810]   API 1002 run
[1121.6960]   API 7 run
[1122.2350]   API 1000 run
[1122.2450]   API 1001 run
[1122.3070]   API 1002 run
[1124.0190]   API 1000 run
[1124.0280]   API 1001 run
[1124.0890]   API 1002 run
[1127.8190]   API 1000 run
[1127.8300]   API 1001 run
[1127.9050]   API 1002 run
[1131.1500]   API 1000 run
[1131.1689]   API 1001 run
[1131.2321]   API 1002 run
[1135.0450]   API 1000 run
[1135.0640]   API 1001 run
[1135.1541]   API 1002 run
[1565.2930]   API 1000 run
[1565.3060]   API 1001 run
[1565.3850]   API 1002 run
[1567.6910]   API 3 run
[1567.8719]   API 1000 run
[1567.8840]   API 1001 run
[1567.9550]   API 1002 run
[1568.1610]   API 7 run
[1568.9990]   API 22 run
[1569.1660]   API 1000 run
[1569.1790]   API 1001 run
[1571.2300]   SOCKET END 0
[1571.2300]   API 1002 run
[1571.2300]   CYCLE End 1
[1571.2430]   API 3 run
[1571.2740]   API 1000 run
[1571.2841]   API 1001 run
[1571.3400]   API 1002 run
[1571.4860]   API 7 run
[1571.7460]   API 22 run
[1571.7750]   API 1000 run
[1571.7889]   API 1001 run
[1573.2760]   SOCKET END 0
[1573.2760]   API 1002 run
[1573.2770]   CYCLE End 1
[1573.2860]   API 3 run
[1573.3120]   API 1000 run
[1573.3210]   API 1001 run
[1573.3781]   API 1002 run
[1789.2870]   API 7 run
[1789.3409]   PRESENT START 1
[1789.5640]   API 22 run
[1789.6040]   API 1000 run
[1789.6180]   API 1001 run
[1791.0970]   SOCKET END 0
[1791.0970]   API 1002 run
[1791.0970]   CYCLE End 1
[1791.1071]   API 3 run
[1791.1310]   API 1000 run
[1791.1400]   API 1001 run
[1791.1990]   API 1002 run
[1794.3790]   API 3000 run
[1796.5120]   PRESENT END 2
[2010.0480]   PRESENT START 1
[2010.0640]   API 7 run
[2010.3550]   API 22 run
[2010.3950]   API 1000 run
[2010.4230]   API 1001 run
[2011.9070]   SOCKET END 0
[2011.9070]   API 1002 run
[2011.9080]   CYCLE End 1
[2011.9220]   API 3 run
[2011.9480]   API 1000 run
[2011.9570]   API 1001 run
[2012.0110]   API 1002 run
[2014.3140]   API 3000 run
[2015.3760]   PRESENT END 2
[2230.7019]   PRESENT START 1
[2231.2949]   API 7 run
[2231.6189]   API 22 run
[2231.6599]   API 1000 run
[2231.6741]   API 1001 run
[2233.1870]   SOCKET END 0
[2233.1870]   API 1002 run
[2233.1880]   CYCLE End 1
[2233.2061]   API 3 run
[2233.2480]   API 1000 run
[2233.2571]   API 1001 run
[2233.3169]   API 1002 run
[2234.8770]   API 3000 run
[2236.0759]   PRESENT END 2
[2451.8669]   API 7 run
[2451.9099]   PRESENT START 1
[2452.1741]   API 22 run
[2452.2119]   API 1000 run
[2452.2280]   API 1001 run
[2453.7329]   SOCKET END 0
[2453.7329]   API 1002 run
[2453.7329]   CYCLE End 1
[2453.7480]   API 3 run
[2453.7729]   API 1000 run
[2453.7830]   API 1001 run
[2453.8411]   API 1002 run
[2456.1389]   API 3000 run
[2457.2280]   PRESENT END 2
[2675.1230]   API 7 run
[2675.1470]   PRESENT START 1
[2675.4270]   API 22 run
[2675.4680]   API 1000 run
[2675.4819]   API 1001 run
[2676.9460]   SOCKET END 0
[2676.9470]   API 1002 run
[2676.9470]   CYCLE End 1
[2676.9651]   API 3 run
[2676.9890]   API 1000 run
[2676.9990]   API 1001 run
[2677.0569]   API 1002 run
[2679.2329]   API 3000 run
[2680.2380]   PRESENT END 2
[2897.2351]   PRESENT START 1
[2897.2681]   API 7 run
[2897.6189]   API 22 run
[2897.6609]   API 1000 run
[2897.6750]   API 1001 run
[2899.1870]   SOCKET END 0
[2899.1870]   API 1002 run
[2899.1870]   CYCLE End 1
[2899.2000]   API 3 run
[2899.2271]   API 1000 run
[2899.2380]   API 1001 run
[2899.2920]   API 1002 run
[2901.3140]   API 3000 run
[2902.4729]   PRESENT END 2
[3117.9360]   API 7 run
[3117.9709]   PRESENT START 1
[3118.2490]   API 22 run
[3118.2871]   API 1000 run
[3118.2991]   API 1001 run
[3119.8169]   SOCKET END 0
[3119.8169]   API 1002 run
[3119.8169]   CYCLE End 1
[3119.8320]   API 3 run
[3119.8579]   API 1000 run
[3119.8669]   API 1001 run
[3119.9209]   API 1002 run
[3122.1370]   API 3000 run
[3123.2671]   PRESENT END 2
[3338.6990]   PRESENT START 1
[3338.7151]   API 7 run
[3338.9890]   API 22 run
[3339.0229]   API 1000 run
[3339.0371]   API 1001 run
[3340.5281]   SOCKET END 0
[3340.5281]   API 1002 run
[3340.5281]   CYCLE End 1
[3340.5381]   API 3 run
[3340.5610]   API 1000 run
[3340.5710]   API 1001 run
[3340.6240]   API 1002 run
[3342.8899]   API 3000 run
[3343.8159]   PRESENT END 2
[3560.9700]   PRESENT START 1
[3561.0029]   API 7 run
[3561.3311]   API 22 run
[3561.3960]   API 1000 run
[3561.4089]   API 1001 run
[3562.9009]   SOCKET END 0
[3562.9009]   API 1002 run
[3562.9009]   CYCLE End 1
[3562.9141]   API 3 run
[3562.9399]   API 1000 run
[3562.9509]   API 1001 run
[3563.0049]   API 1002 run
[3565.2891]   API 3000 run
[3566.3101]   PRESENT END 2
[3783.0659]   PRESENT START 1
[3783.0940]   API 7 run
[3783.4790]   API 22 run
[3783.5281]   API 1000 run
[3783.5420]   API 1001 run
[3785.0940]   SOCKET END 0
[3785.0940]   API 1002 run
[3785.0950]   CYCLE End 1
[3785.1069]   API 3 run
[3785.1350]   API 1000 run
[3785.1470]   API 1001 run
[3785.2009]   API 1002 run
[3787.4819]   API 3000 run
[3788.5869]   PRESENT END 2
[4003.7371]   PRESENT START 1
[4003.7429]   API 7 run
[4004.1230]   API 22 run
[4004.1689]   API 1000 run
[4004.1831]   API 1001 run
[4005.7520]   SOCKET END 0
[4005.7520]   API 1002 run
[4005.7520]   CYCLE End 1
[4005.7649]   API 3 run
[4005.7939]   API 1000 run
[4005.8040]   API 1001 run
[4005.8611]   API 1002 run
[4007.8970]   API 3000 run
[4008.9431]   PRESENT END 2
[4225.6899]   PRESENT START 1
[4225.7021]   API 7 run
[4225.9902]   API 22 run
[4226.0249]   API 1000 run
[4226.0381]   API 1001 run
[4227.5532]   SOCKET END 0
[4227.5532]   API 1002 run
[4227.5532]   CYCLE End 1
[4227.5630]   API 3 run
[4227.5859]   API 1000 run
[4227.5962]   API 1001 run
[4227.6499]   API 1002 run
[4229.9951]   API 3000 run
[4231.0132]   PRESENT END 2
[4447.7271]   PRESENT START 1
[4447.7441]   API 7 run
[4448.0220]   API 22 run
[4448.0601]   API 1000 run
[4448.0820]   API 1001 run
[4449.6021]   SOCKET END 0
[4449.6021]   API 1002 run
[4449.6021]   CYCLE End 1
[4449.6128]   API 3 run
[4449.6382]   API 1000 run
[4449.6489]   API 1001 run
[4449.7041]   API 1002 run
[4451.9141]   API 3000 run
[4452.9800]   PRESENT END 2
[4670.1260]   PRESENT START 1
[4670.1470]   API 7 run
[4670.5229]   API 22 run
[4670.5659]   API 1000 run
[4670.5801]   API 1001 run
[4672.0869]   SOCKET END 0
[4672.0869]   API 1002 run
[4672.0869]   CYCLE End 1
[4672.1050]   API 3 run
[4672.1318]   API 1000 run
[4672.1421]   API 1001 run
[4672.1948]   API 1002 run
[4674.5288]   API 3000 run
[4675.5879]   PRESENT END 2
[4892.1948]   API 7 run
[4892.2222]   PRESENT START 1
[4892.5620]   API 22 run
[4892.6040]   API 1000 run
[4892.6182]   API 1001 run
[4894.1489]   SOCKET END 0
[4894.1489]   API 1002 run
[4894.1499]   CYCLE End 1
[4894.1748]   API 3 run
[4894.2021]   API 1000 run
[4894.2119]   API 1001 run
[4894.2661]   API 1002 run
[4896.5698]   API 3000 run
[4897.5640]   PRESENT END 2
[5115.2310]   PRESENT START 1
[5115.2539]   API 7 run
[5115.5771]   API 22 run
[5115.6128]   API 1000 run
[5115.6279]   API 1001 run
[5117.1270]   SOCKET END 0
[5117.1270]   API 1002 run
[5117.1270]   CYCLE End 1
[5117.1431]   API 3 run
[5117.1670]   API 1000 run
[5117.1768]   API 1001 run
[5117.2412]   API 1002 run
[5119.5732]   API 3000 run
[5120.5752]   PRESENT END 2
[5338.0352]   PRESENT START 1
[5338.0718]   API 7 run
[5338.5430]   API 22 run
[5338.5928]   API 1000 run
[5338.6089]   API 1001 run
[5340.3252]   SOCKET END 0
[5340.3252]   API 1002 run
[5340.3262]   CYCLE End 1
[5340.3408]   API 3 run
[5340.3809]   API 1000 run
[5340.3901]   API 1001 run
[5340.4448]   API 1002 run
[5342.3379]   API 3000 run
[5344.2168]   PRESENT END 2
[5561.3428]   PRESENT START 1
[5561.4058]   API 7 run
[5561.9141]   API 22 run
[5561.9609]   API 1000 run
[5561.9771]   API 1001 run
[5563.5908]   SOCKET END 0
[5563.5908]   API 1002 run
[5563.5918]   CYCLE End 1
[5563.6211]   API 3 run
[5563.6548]   API 1000 run
[5563.6641]   API 1001 run
[5563.7192]   API 1002 run
[5565.9771]   API 3000 run
[5567.8008]   PRESENT END 2
[5784.3589]   PRESENT START 1
[5784.3672]   API 7 run
[5784.8179]   API 22 run
[5784.8608]   API 1000 run
[5784.8760]   API 1001 run
[5786.4429]   SOCKET END 0
[5786.4429]   API 1002 run
[5786.4438]   CYCLE End 1
[5786.4629]   API 3 run
[5786.4941]   API 1000 run
[5786.5039]   API 1001 run
[5786.5562]   API 1002 run
[5789.0620]   API 3000 run
[5790.9648]   PRESENT END 2
[6007.2881]   PRESENT START 1
[6007.2900]   API 7 run
[6007.7612]   API 22 run
[6007.8042]   API 1000 run
[6007.8188]   API 1001 run
[6009.4009]   SOCKET END 0
[6009.4009]   API 1002 run
[6009.4009]   CYCLE End 1
[6009.4209]   API 3 run
[6009.4541]   API 1000 run
[6009.4639]   API 1001 run
[6009.5171]   API 1002 run
[6011.8892]   API 3000 run
[6013.7471]   PRESENT END 2
[6229.8120]   PRESENT START 1
[6229.8350]   API 7 run
[6230.3291]   API 22 run
[6230.3721]   API 1000 run
[6230.3892]   API 1001 run
[6231.9468]   SOCKET END 0
[6231.9468]   API 1002 run
[6231.9468]   CYCLE End 1
[6231.9668]   API 3 run
[6231.9980]   API 1000 run
[6232.0161]   API 1001 run
[6232.0791]   API 1002 run
[6234.3618]   API 3000 run
[6236.2891]   PRESENT END 2
[6452.2988]   PRESENT START 1
[6452.3330]   API 7 run
[6452.7988]   API 22 run
[6452.8428]   API 1000 run
[6452.8599]   API 1001 run
[6454.4370]   SOCKET END 0
[6454.4370]   API 1002 run
[6454.4380]   CYCLE End 1
[6454.4561]   API 3 run
[6454.4902]   API 1000 run
[6454.5000]   API 1001 run
[6454.5542]   API 1002 run
[6456.8960]   API 3000 run
[6458.7681]   PRESENT END 2
[6674.4570]   PRESENT START 1
[6674.4771]   API 7 run
[6674.9702]   API 22 run
[6675.0161]   API 1000 run
[6675.0308]   API 1001 run
[6676.5830]   SOCKET END 0
[6676.5840]   API 1002 run
[6676.5840]   CYCLE End 1
[6676.6040]   API 3 run
[6676.6372]   API 1000 run
[6676.6470]   API 1001 run
[6676.6982]   API 1002 run
[6679.1172]   API 3000 run
[6680.8760]   PRESENT END 2
[6896.9482]   PRESENT START 1
[6896.9839]   API 7 run
[6897.5029]   API 22 run
[6897.5498]   API 1000 run
[6897.5669]   API 1001 run
[6899.1128]   SOCKET END 0
[6899.1138]   API 1002 run
[6899.1138]   CYCLE End 1
[6899.1270]   API 3 run
[6899.1621]   API 1000 run
[6899.1719]   API 1001 run
[6899.2422]   API 1002 run
[6901.5928]   API 3000 run
[6903.5288]   PRESENT END 2
[7119.1099]   PRESENT START 1
[7119.1299]   API 7 run
[7119.6260]   API 22 run
[7119.6758]   API 1000 run
[7119.6919]   API 1001 run
[7121.2490]   SOCKET END 0
[7121.2490]   API 1002 run
[7121.2490]   CYCLE End 1
[7121.2642]   API 3 run
[7121.3018]   API 1000 run
[7121.3120]   API 1001 run
[7121.3652]   API 1002 run
[7123.6992]   API 3000 run
[7125.6318]   PRESENT END 2
[7341.5449]   API 7 run
[7341.5518]   PRESENT START 1
[7342.0371]   API 22 run
[7342.0942]   API 1000 run
[7342.1108]   API 1001 run
[7343.6792]   SOCKET END 0
[7343.6802]   API 1002 run
[7343.6802]   CYCLE End 1
[7343.6948]   API 3 run
[7343.7310]   API 1000 run
[7343.7412]   API 1001 run
[7343.7910]   API 1002 run
[7346.3052]   API 3000 run
[7348.0732]   PRESENT END 2
[7563.5679]   PRESENT START 1
[7563.6089]   API 7 run
[7564.0781]   API 22 run
[7564.1250]   API 1000 run
[7564.1401]   API 1001 run
[7565.7178]   SOCKET END 0
[7565.7178]   API 1002 run
[7565.7178]   CYCLE End 1
[7565.7329]   API 3 run
[7565.7690]   API 1000 run
[7565.7788]   API 1001 run
[7565.8301]   API 1002 run
[7568.1758]   API 3000 run
[7570.0459]   PRESENT END 2
[7785.6592]   PRESENT START 1
[7785.6948]   API 7 run
[7786.1948]   API 22 run
[7786.2441]   API 1000 run
[7786.2612]   API 1001 run
[7787.8501]   SOCKET END 0
[7787.8501]   API 1002 run
[7787.8511]   CYCLE End 1
[7787.8672]   API 3 run
[7787.8999]   API 1000 run
[7787.9092]   API 1001 run
[7787.9609]   API 1002 run
[7790.0542]   API 3000 run
[7791.9360]   PRESENT END 2
[8009.4932]   PRESENT START 1
[8009.5010]   API 7 run
[8009.9800]   API 22 run
[8010.0269]   API 1000 run
[8010.0439]   API 1001 run
[8011.5908]   SOCKET END 0
[8011.5908]   API 1002 run
[8011.5908]   CYCLE End 1
[8011.6060]   API 3 run
[8011.6421]   API 1000 run
[8011.6519]   API 1001 run
[8011.7031]   API 1002 run
[8013.8828]   API 3000 run
[8015.8149]   PRESENT END 2
[8233.2217]   PRESENT START 1
[8233.2793]   API 7 run
[8233.7529]   API 22 run
[8233.8096]   API 1000 run
[8233.8271]   API 1001 run
[8235.3682]   SOCKET END 0
[8235.3691]   API 1002 run
[8235.3691]   CYCLE End 1
[8235.3828]   API 3 run
[8235.4150]   API 1000 run
[8235.4248]   API 1001 run
[8235.4766]   API 1002 run
[8237.5186]   API 3000 run
[8239.3604]   PRESENT END 2
[8456.1982]   PRESENT START 1
[8456.2471]   API 7 run
[8456.7344]   API 22 run
[8456.7793]   API 1000 run
[8456.7939]   API 1001 run
[8458.3691]   SOCKET END 0
[8458.3691]   API 1002 run
[8458.3691]   CYCLE End 1
[8458.3828]   API 3 run
[8458.4170]   API 1000 run
[8458.4258]   API 1001 run
[8458.4775]   API 1002 run
[8460.5811]   API 3000 run
[8462.5381]   PRESENT END 2
[8679.7910]   PRESENT START 1
[8679.8164]   API 7 run
[8680.3193]   API 22 run
[8680.3682]   API 1000 run
[8680.3838]   API 1001 run
[8681.9717]   SOCKET END 0
[8681.9717]   API 1002 run
[8681.9727]   CYCLE End 1
[8681.9873]   API 3 run
[8682.0244]   API 1000 run
[8682.0332]   API 1001 run
[8682.0879]   API 1002 run
[8684.4941]   API 3000 run
[8686.4512]   PRESENT END 2
[8903.4326]   PRESENT START 1
[8903.4785]   API 7 run
[8903.9639]   API 22 run
[8904.0117]   API 1000 run
[8904.0273]   API 1001 run
[8905.6152]   SOCKET END 0
[8905.6152]   API 1002 run
[8905.6162]   CYCLE End 1
[8905.6309]   API 3 run
[8905.6689]   API 1000 run
[8905.6787]   API 1001 run
[8905.7314]   API 1002 run
[8908.0537]   API 3000 run
[8909.9307]   PRESENT END 2
[9126.3818]   PRESENT START 1
[9126.4277]   API 7 run
[9126.8975]   API 22 run
[9126.9561]   API 1000 run
[9126.9697]   API 1001 run
[9128.5264]   SOCKET END 0
[9128.5264]   API 1002 run
[9128.5264]   CYCLE End 1
[9128.5400]   API 3 run
[9128.5762]   API 1000 run
[9128.5859]   API 1001 run
[9128.6367]   API 1002 run
[9130.9980]   API 3000 run
[9132.8477]   PRESENT END 2
[9349.5186]   PRESENT START 1
[9349.5244]   API 7 run
[9349.9932]   API 22 run
[9350.0361]   API 1000 run
[9350.0508]   API 1001 run
[9351.6104]   SOCKET END 0
[9351.6104]   API 1002 run
[9351.6104]   CYCLE End 1
[9351.6250]   API 3 run
[9351.6602]   API 1000 run
[9351.6699]   API 1001 run
[9351.7217]   API 1002 run
[9354.2480]   API 3000 run
[9356.1240]   PRESENT END 2
[9572.1943]   API 7 run
[9572.2070]   PRESENT START 1
[9572.6797]   API 22 run
[9572.7305]   API 1000 run
[9572.7471]   API 1001 run
[9574.3340]   SOCKET END 0
[9574.3340]   API 1002 run
[9574.3340]   CYCLE End 1
[9574.3486]   API 3 run
[9574.3838]   API 1000 run
[9574.3936]   API 1001 run
[9574.4463]   API 1002 run
[9576.7178]   API 3000 run
[9578.5781]   PRESENT END 2
[9795.1377]   PRESENT START 1
[9795.1406]   API 7 run
[9795.6270]   API 22 run
[9795.6738]   API 1000 run
[9795.6895]   API 1001 run
[9797.2695]   SOCKET END 0
[9797.2715]   API 1002 run
[9797.2715]   CYCLE End 1
[9797.2852]   API 3 run
[9797.3213]   API 1000 run
[9797.3311]   API 1001 run
[9797.3818]   API 1002 run
[9799.8008]   API 3000 run
[9801.5342]   PRESENT END 2
[10017.7207]   PRESENT START 1
[10017.7666]   API 7 run
[10018.2568]   API 22 run
[10018.3154]   API 1000 run
[10018.3301]   API 1001 run
[10019.8779]   SOCKET END 0
[10019.8779]   API 1002 run
[10019.8779]   CYCLE End 1
[10019.8926]   API 3 run
[10019.9268]   API 1000 run
[10019.9365]   API 1001 run
[10019.9883]   API 1002 run
[10022.1621]   API 3000 run
[10024.0869]   PRESENT END 2
[10241.2383]   PRESENT START 1
[10241.2793]   API 7 run
[10241.7695]   API 22 run
[10241.8174]   API 1000 run
[10241.8320]   API 1001 run
[10243.4189]   SOCKET END 0
[10243.4189]   API 1002 run
[10243.4189]   CYCLE End 1
[10243.4346]   API 3 run
[10243.4717]   API 1000 run
[10243.4814]   API 1001 run
[10243.5322]   API 1002 run
[10245.8643]   API 3000 run
[10247.7305]   PRESENT END 2
[10465.8877]   API 7 run
[10465.8887]   PRESENT START 1
[10466.3779]   API 22 run
[10466.4248]   API 1000 run
[10466.4424]   API 1001 run
[10467.9932]   SOCKET END 0
[10467.9932]   API 1002 run
[10467.9932]   CYCLE End 1
[10468.0078]   API 3 run
[10468.0508]   API 1000 run
[10468.0615]   API 1001 run
[10468.1143]   API 1002 run
[10470.5215]   API 3000 run
[10472.2480]   PRESENT END 2
[10689.8857]   PRESENT START 1
[10689.8906]   API 7 run
[10690.3760]   API 22 run
[10690.4209]   API 1000 run
[10690.4365]   API 1001 run
[10691.9746]   SOCKET END 0
[10691.9746]   API 1002 run
[10691.9756]   CYCLE End 1
[10691.9912]   API 3 run
[10692.0371]   API 1000 run
[10692.0469]   API 1001 run
[10692.0996]   API 1002 run
[10694.4316]   API 3000 run
[10696.3525]   PRESENT END 2
[10911.9326]   PRESENT START 1
[10911.9326]   API 7 run
[10912.4199]   API 22 run
[10912.4766]   API 1000 run
[10912.4932]   API 1001 run
[10914.0898]   SOCKET END 0
[10914.0898]   API 1002 run
[10914.0908]   CYCLE End 1
[10914.1064]   API 3 run
[10914.1465]   API 1000 run
[10914.1553]   API 1001 run
[10914.2090]   API 1002 run
[10916.6621]   API 3000 run
[10918.6152]   PRESENT END 2
[11135.8965]   PRESENT START 1
[11135.9238]   API 7 run
[11136.4111]   API 22 run
[11136.4590]   API 1000 run
[11136.4746]   API 1001 run
[11138.0586]   SOCKET END 0
[11138.0586]   API 1002 run
[11138.0586]   CYCLE End 1
[11138.0742]   API 3 run
[11138.1143]   API 1000 run
[11138.1240]   API 1001 run
[11138.1768]   API 1002 run
[11140.3770]   API 3000 run
[11142.2344]   PRESENT END 2
[11360.2754]   PRESENT START 1
[11360.2783]   API 7 run
[11360.7607]   API 22 run
[11360.8086]   API 1000 run
[11360.8262]   API 1001 run
[11362.4160]   SOCKET END 0
[11362.4160]   API 1002 run
[11362.4160]   CYCLE End 1
[11362.4297]   API 3 run
[11362.4678]   API 1000 run
[11362.4775]   API 1001 run
[11362.5293]   API 1002 run
[11364.8447]   API 3000 run
[11366.5742]   PRESENT END 2
[11584.8096]   API 7 run
[11584.8154]   PRESENT START 1
[11585.3037]   API 22 run
[11585.3486]   API 1000 run
[11585.3672]   API 1001 run
[11586.9053]   SOCKET END 0
[11586.9053]   API 1002 run
[11586.9053]   CYCLE End 1
[11586.9209]   API 3 run
[11586.9531]   API 1000 run
[11586.9619]   API 1001 run
[11587.0312]   API 1002 run
[11589.3643]   API 3000 run
[11591.2979]   PRESENT END 2
[11808.3604]   PRESENT START 1
[11808.4062]   API 7 run
[11808.8789]   API 22 run
[11808.9365]   API 1000 run
[11808.9531]   API 1001 run
[11810.5303]   SOCKET END 0
[11810.5303]   API 1002 run
[11810.5312]   CYCLE End 1
[11810.5459]   API 3 run
[11810.5850]   API 1000 run
[11810.5947]   API 1001 run
[11810.6484]   API 1002 run
[11812.7256]   API 3000 run
[11814.6299]   PRESENT END 2
[12031.1719]   PRESENT START 1
[12031.1797]   API 7 run
[12031.6592]   API 22 run
[12031.7070]   API 1000 run
[12031.7217]   API 1001 run
[12033.3008]   SOCKET END 0
[12033.3008]   API 1002 run
[12033.3008]   CYCLE End 1
[12033.3174]   API 3 run
[12033.3555]   API 1000 run
[12033.3652]   API 1001 run
[12033.4160]   API 1002 run
[12035.5469]   API 3000 run
[12037.2812]   PRESENT END 2
[12254.7617]   PRESENT START 1
[12254.8066]   API 7 run
[12255.2969]   API 22 run
[12255.3506]   API 1000 run
[12255.3662]   API 1001 run
[12256.9316]   SOCKET END 0
[12256.9316]   API 1002 run
[12256.9316]   CYCLE End 1
[12256.9473]   API 3 run
[12256.9912]   API 1000 run
[12257.0010]   API 1001 run
[12257.0557]   API 1002 run
[12259.1543]   API 3000 run
[12261.0645]   PRESENT END 2
[12479.1504]   API 7 run
[12479.1572]   PRESENT START 1
[12479.6162]   API 22 run
[12479.6631]   API 1000 run
[12479.6787]   API 1001 run
[12481.2373]   SOCKET END 0
[12481.2373]   API 1002 run
[12481.2373]   CYCLE End 1
[12481.2520]   API 3 run
[12481.2891]   API 1000 run
[12481.2988]   API 1001 run
[12481.3535]   API 1002 run
[12483.6348]   API 3000 run
[12485.5957]   PRESENT END 2
[12702.6416]   PRESENT START 1
[12702.6816]   API 7 run
[12703.1738]   API 22 run
[12703.2275]   API 1000 run
[12703.2441]   API 1001 run
[12704.8184]   SOCKET END 0
[12704.8184]   API 1002 run
[12704.8184]   CYCLE End 1
[12704.8340]   API 3 run
[12704.8750]   API 1000 run
[12704.8848]   API 1001 run
[12704.9531]   API 1002 run
[12707.3369]   API 3000 run
[12709.1436]   PRESENT END 2
[12927.1943]   PRESENT START 1
[12927.1982]   API 7 run
[12927.6699]   API 22 run
[12927.7188]   API 1000 run
[12927.7354]   API 1001 run
[12929.3193]   SOCKET END 0
[12929.3193]   API 1002 run
[12929.3193]   CYCLE End 1
[12929.3330]   API 3 run
[12929.3691]   API 1000 run
[12929.3789]   API 1001 run
[12929.4326]   API 1002 run
[12931.8330]   API 3000 run
[12933.6230]   PRESENT END 2
[13151.2783]   PRESENT START 1
[13151.2852]   API 7 run
[13151.7734]   API 22 run
[13151.8242]   API 1000 run
[13151.8379]   API 1001 run
[13153.4277]   SOCKET END 0
[13153.4277]   API 1002 run
[13153.4287]   CYCLE End 1
[13153.4434]   API 3 run
[13153.4785]   API 1000 run
[13153.4893]   API 1001 run
[13153.5430]   API 1002 run
[13155.7930]   API 3000 run
[13157.7627]   PRESENT END 2
[13376.4443]   PRESENT START 1
[13376.4648]   API 7 run
[13376.9736]   API 22 run
[13377.0234]   API 1000 run
[13377.0391]   API 1001 run
[13378.6123]   SOCKET END 0
[13378.6123]   API 1002 run
[13378.6123]   CYCLE End 1
[13378.6270]   API 3 run
[13378.6660]   API 1000 run
[13378.6758]   API 1001 run
[13378.7305]   API 1002 run
[13380.9062]   API 3000 run
[13382.8203]   PRESENT END 2
[13600.3340]   PRESENT START 1
[13600.3760]   API 7 run
[13600.8652]   API 22 run
[13600.9336]   API 1000 run
[13600.9512]   API 1001 run
[13602.5654]   SOCKET END 0
[13602.5654]   API 1002 run
[13602.5664]   CYCLE End 1
[13602.5840]   API 3 run
[13602.6367]   API 1000 run
[13602.6592]   API 1001 run
[13602.7217]   API 1002 run
[13605.1055]   API 3000 run
[13607.0742]   PRESENT END 2
[13822.6904]   PRESENT START 1
[13822.7412]   API 7 run
[13823.2412]   API 22 run
[13823.2930]   API 1000 run
[13823.3086]   API 1001 run
[13824.9043]   SOCKET END 0
[13824.9043]   API 1002 run
[13824.9043]   CYCLE End 1
[13824.9189]   API 3 run
[13824.9551]   API 1000 run
[13824.9658]   API 1001 run
[13825.0215]   API 1002 run
[13827.3115]   API 3000 run
[13829.1553]   PRESENT END 2
[14046.6865]   PRESENT START 1
[14046.7344]   API 7 run
[14047.2207]   API 22 run
[14047.2695]   API 1000 run
[14047.2852]   API 1001 run
[14048.8467]   SOCKET END 0
[14048.8467]   API 1002 run
[14048.8467]   CYCLE End 1
[14048.8613]   API 3 run
[14048.9053]   API 1000 run
[14048.9141]   API 1001 run
[14048.9688]   API 1002 run
[14051.2373]   API 3000 run
[14053.2070]   PRESENT END 2
[14270.9424]   PRESENT START 1
[14270.9668]   API 7 run
[14271.4424]   API 22 run
[14271.4893]   API 1000 run
[14271.5049]   API 1001 run
[14273.0547]   SOCKET END 0
[14273.0547]   API 1002 run
[14273.0557]   CYCLE End 1
[14273.0703]   API 3 run
[14273.1064]   API 1000 run
[14273.1162]   API 1001 run
[14273.1699]   API 1002 run
[14275.9092]   API 3000 run
[14277.6621]   PRESENT END 2
[14496.3906]   PRESENT START 1
[14496.4316]   API 7 run
[14496.9238]   API 22 run
[14496.9746]   API 1000 run
[14496.9902]   API 1001 run
[14498.6006]   SOCKET END 0
[14498.6006]   API 1002 run
[14498.6006]   CYCLE End 1
[14498.6172]   API 3 run
[14498.6553]   API 1000 run
[14498.6650]   API 1001 run
[14498.7188]   API 1002 run
[14501.2354]   API 3000 run
[14503.0049]   PRESENT END 2
[14720.2324]   PRESENT START 1
[14720.2510]   API 7 run
[14720.7314]   API 22 run
[14720.7891]   API 1000 run
[14720.8037]   API 1001 run
[14722.3877]   SOCKET END 0
[14722.3877]   API 1002 run
[14722.3877]   CYCLE End 1
[14722.4033]   API 3 run
[14722.4424]   API 1000 run
[14722.4521]   API 1001 run
[14722.5078]   API 1002 run
[14725.1553]   API 3000 run
[14727.0752]   PRESENT END 2
[14944.5869]   PRESENT START 1
[14944.5879]   API 7 run
[14945.0781]   API 22 run
[14945.1289]   API 1000 run
[14945.1445]   API 1001 run
[14946.7021]   SOCKET END 0
[14946.7021]   API 1002 run
[14946.7031]   CYCLE End 1
[14946.7168]   API 3 run
[14946.7549]   API 1000 run
[14946.7646]   API 1001 run
[14946.8193]   API 1002 run
[14949.3330]   API 3000 run
[14951.1689]   PRESENT END 2
[15168.9326]   PRESENT START 1
[15168.9609]   API 7 run
[15169.4619]   API 22 run
[15169.5107]   API 1000 run
[15169.5283]   API 1001 run
[15171.0986]   SOCKET END 0
[15171.0986]   API 1002 run
[15171.0986]   CYCLE End 1
[15171.1143]   API 3 run
[15171.1504]   API 1000 run
[15171.1621]   API 1001 run
[15171.2178]   API 1002 run
[15173.7803]   API 3000 run
[15175.4756]   PRESENT END 2
[15393.6299]   PRESENT START 1
[15393.6436]   API 7 run
[15394.1396]   API 22 run
[15394.1924]   API 1000 run
[15394.2070]   API 1001 run
[15395.7852]   SOCKET END 0
[15395.7852]   API 1002 run
[15395.7861]   CYCLE End 1
[15395.8008]   API 3 run
[15395.8525]   API 1000 run
[15395.8623]   API 1001 run
[15395.9180]   API 1002 run
[15398.2891]   API 3000 run
[15400.2246]   PRESENT END 2
[15617.1270]   PRESENT START 1
[15617.1582]   API 7 run
[15617.6523]   API 22 run
[15617.7100]   API 1000 run
[15617.7246]   API 1001 run
[15619.2832]   SOCKET END 0
[15619.2832]   API 1002 run
[15619.2832]   CYCLE End 1
[15619.2979]   API 3 run
[15619.3389]   API 1000 run
[15619.3486]   API 1001 run
[15619.4023]   API 1002 run
[15622.0527]   API 3000 run
[15623.9863]   PRESENT END 2
[15841.6816]   API 7 run
[15841.6914]   PRESENT START 1
[15842.1621]   API 22 run
[15842.2109]   API 1000 run
[15842.2256]   API 1001 run
[15843.7793]   SOCKET END 0
[15843.7793]   API 1002 run
[15843.7803]   CYCLE End 1
[15843.7949]   API 3 run
[15843.8408]   API 1000 run
[15843.8506]   API 1001 run
[15843.9072]   API 1002 run
[15846.2090]   API 3000 run
[15847.9775]   PRESENT END 2
[16066.0332]   PRESENT START 1
[16066.0811]   API 7 run
[16066.5684]   API 22 run
[16066.6172]   API 1000 run
[16066.6318]   API 1001 run
[16068.1914]   SOCKET END 0
[16068.1914]   API 1002 run
[16068.1924]   CYCLE End 1
[16068.2051]   API 3 run
[16068.2451]   API 1000 run
[16068.2549]   API 1001 run
[16068.3145]   API 1002 run
[16071.0117]   API 3000 run
[16072.8203]   PRESENT END 2
[16291.9092]   PRESENT START 1
[16291.9453]   API 7 run
[16292.4121]   API 22 run
[16292.4619]   API 1000 run
[16292.4766]   API 1001 run
[16294.0635]   SOCKET END 0
[16294.0635]   API 1002 run
[16294.0645]   CYCLE End 1
[16294.0781]   API 3 run
[16294.1143]   API 1000 run
[16294.1240]   API 1001 run
[16294.1777]   API 1002 run
[16296.4492]   API 3000 run
[16298.3945]   PRESENT END 2
[16516.1875]   PRESENT START 1
[16516.2148]   API 7 run
[16516.6758]   API 22 run
[16516.7324]   API 1000 run
[16516.7461]   API 1001 run
[16518.3027]   SOCKET END 0
[16518.3027]   API 1002 run
[16518.3047]   CYCLE End 1
[16518.3184]   API 3 run
[16518.3574]   API 1000 run
[16518.3691]   API 1001 run
[16518.4238]   API 1002 run
[16521.1699]   API 3000 run
[16522.9863]   PRESENT END 2
[16740.1992]   PRESENT START 1
[16740.2422]   API 7 run
[16740.7422]   API 22 run
[16740.8145]   API 1000 run
[16740.8281]   API 1001 run
[16742.4395]   SOCKET END 0
[16742.4395]   API 1002 run
[16742.4395]   CYCLE End 1
[16742.4551]   API 3 run
[16742.4961]   API 1000 run
[16742.5059]   API 1001 run
[16742.5605]   API 1002 run
[16744.8652]   API 3000 run
[16746.6074]   PRESENT END 2
[16963.4941]   PRESENT START 1
[16963.5156]   API 7 run
[16964.0098]   API 22 run
[16964.0605]   API 1000 run
[16964.0742]   API 1001 run
[16965.6445]   SOCKET END 0
[16965.6465]   API 1002 run
[16965.6465]   CYCLE End 1
[16965.6602]   API 3 run
[16965.6953]   API 1000 run
[16965.7031]   API 1001 run
[16965.7715]   API 1002 run
[16968.4980]   API 3000 run
[16970.4355]   PRESENT END 2
[17188.2793]   PRESENT START 1
[17188.3184]   API 7 run
[17188.7930]   API 22 run
[17188.8438]   API 1000 run
[17188.8555]   API 1001 run
[17190.4160]   SOCKET END 0
[17190.4160]   API 1002 run
[17190.4160]   CYCLE End 1
[17190.4316]   API 3 run
[17190.4668]   API 1000 run
[17190.4766]   API 1001 run
[17190.5273]   API 1002 run
[17192.9102]   API 3000 run
[17194.8633]   PRESENT END 2
[17414.2969]   PRESENT START 1
[17414.3164]   API 7 run
[17414.8086]   API 22 run
[17414.8730]   API 1000 run
[17414.8887]   API 1001 run
[17416.4199]   SOCKET END 0
[17416.4199]   API 1002 run
[17416.4199]   CYCLE End 1
[17416.4375]   API 3 run
[17416.4766]   API 1000 run
[17416.4844]   API 1001 run
[17416.5371]   API 1002 run
[17419.3008]   API 3000 run
[17421.1035]   PRESENT END 2
[17639.1328]   PRESENT START 1
[17639.1816]   API 7 run
[17639.6680]   API 22 run
[17639.7363]   API 1000 run
[17639.7539]   API 1001 run
[17641.3516]   SOCKET END 0
[17641.3516]   API 1002 run
[17641.3516]   CYCLE End 1
[17641.3672]   API 3 run
[17641.4023]   API 1000 run
[17641.4121]   API 1001 run
[17641.4648]   API 1002 run
[17643.7715]   API 3000 run
[17645.5957]   PRESENT END 2
[17862.5273]   PRESENT START 1
[17862.5605]   API 7 run
[17863.0645]   API 22 run
[17863.1133]   API 1000 run
[17863.1309]   API 1001 run
[17864.7402]   SOCKET END 0
[17864.7402]   API 1002 run
[17864.7402]   CYCLE End 1
[17864.7539]   API 3 run
[17864.7891]   API 1000 run
[17864.8008]   API 1001 run
[17864.8555]   API 1002 run
[17867.5078]   API 3000 run
[17869.4473]   PRESENT END 2
[18086.4922]   API 7 run
[18086.5000]   PRESENT START 1
[18086.9805]   API 22 run
[18087.0273]   API 1000 run
[18087.0449]   API 1001 run
[18088.5977]   SOCKET END 0
[18088.5977]   API 1002 run
[18088.5977]   CYCLE End 1
[18088.6113]   API 3 run
[18088.6484]   API 1000 run
[18088.6562]   API 1001 run
[18088.7207]   API 1002 run
[18091.2520]   API 3000 run
[18093.0664]   PRESENT END 2
[18310.8242]   PRESENT START 1
[18310.8398]   API 7 run
[18311.3047]   API 22 run
[18311.3594]   API 1000 run
[18311.3770]   API 1001 run
[18312.9219]   SOCKET END 0
[18312.9219]   API 1002 run
[18312.9238]   CYCLE End 1
[18312.9355]   API 3 run
[18312.9727]   API 1000 run
[18312.9805]   API 1001 run
[18313.0352]   API 1002 run
[18315.6230]   API 3000 run
[18317.4238]   PRESENT END 2
[18536.2773]   PRESENT START 1
[18536.3047]   API 7 run
[18536.7891]   API 22 run
[18536.8438]   API 1000 run
[18536.8594]   API 1001 run
[18538.4434]   SOCKET END 0
[18538.4434]   API 1002 run
[18538.4434]   CYCLE End 1
[18538.4609]   API 3 run
[18538.4961]   API 1000 run
[18538.5039]   API 1001 run
[18538.5605]   API 1002 run
[18540.9355]   API 3000 run
[18542.8457]   PRESENT END 2
[18761.4531]   PRESENT START 1
[18761.4785]   API 7 run
[18761.9688]   API 22 run
[18762.0156]   API 1000 run
[18762.0312]   API 1001 run
[18763.5762]   SOCKET END 0
[18763.5762]   API 1002 run
[18763.5762]   CYCLE End 1
[18763.5918]   API 3 run
[18763.6289]   API 1000 run
[18763.6367]   API 1001 run
[18763.7051]   API 1002 run
[18766.3184]   API 3000 run
[18768.2324]   PRESENT END 2
[18985.4844]   PRESENT START 1
[18985.5176]   API 7 run
[18985.9902]   API 22 run
[18986.0391]   API 1000 run
[18986.0547]   API 1001 run
[18987.6074]   SOCKET END 0
[18987.6074]   API 1002 run
[18987.6074]   CYCLE End 1
[18987.6230]   API 3 run
[18987.6582]   API 1000 run
[18987.6797]   API 1001 run
[18987.7363]   API 1002 run
[18990.1152]   API 3000 run
[18991.8770]   PRESENT END 2
[19209.6445]   PRESENT START 1
[19209.6875]   API 7 run
[19210.1680]   API 22 run
[19210.2246]   API 1000 run
[19210.2402]   API 1001 run
[19211.7969]   SOCKET END 0
[19211.7969]   API 1002 run
[19211.7969]   CYCLE End 1
[19211.8125]   API 3 run
[19211.8516]   API 1000 run
[19211.8594]   API 1001 run
[19211.9160]   API 1002 run
[19214.6738]   API 3000 run
[19216.4766]   PRESENT END 2
[19434.4922]   API 7 run
[19434.4961]   PRESENT START 1
[19434.9805]   API 22 run
[19435.0312]   API 1000 run
[19435.0488]   API 1001 run
[19436.6152]   SOCKET END 0
[19436.6152]   API 1002 run
[19436.6152]   CYCLE End 1
[19436.6328]   API 3 run
[19436.6758]   API 1000 run
[19436.6875]   API 1001 run
[19436.7422]   API 1002 run
[19439.1602]   API 3000 run
[19441.0801]   PRESENT END 2
[19659.0352]   PRESENT START 1
[19659.0625]   API 7 run
[19659.5352]   API 22 run
[19659.5840]   API 1000 run
[19659.5996]   API 1001 run
[19661.1621]   SOCKET END 0
[19661.1621]   API 1002 run
[19661.1621]   CYCLE End 1
[19661.1758]   API 3 run
[19661.2246]   API 1000 run
[19661.2344]   API 1001 run
[19661.2930]   API 1002 run
[19664.0352]   API 3000 run
[19665.8945]   PRESENT END 2
[19883.8086]   PRESENT START 1
[19883.8555]   API 7 run
[19884.3164]   API 22 run
[19884.3594]   API 1000 run
[19884.3770]   API 1001 run
[19885.9688]   SOCKET END 0
[19885.9688]   API 1002 run
[19885.9688]   CYCLE End 1
[19885.9844]   API 3 run
[19886.0176]   API 1000 run
[19886.0273]   API 1001 run
[19886.0840]   API 1002 run
[19888.2891]   API 3000 run
[19890.0605]   PRESENT END 2
[20109.3848]   PRESENT START 1
[20109.4160]   API 7 run
[20109.8984]   API 22 run
[20109.9434]   API 1000 run
[20109.9609]   API 1001 run
[20111.5195]   SOCKET END 0
[20111.5195]   API 1002 run
[20111.5195]   CYCLE End 1
[20111.5352]   API 3 run
[20111.5723]   API 1000 run
[20111.5801]   API 1001 run
[20111.6543]   API 1002 run
[20114.3984]   API 3000 run
[20116.3047]   PRESENT END 2
[20334.9258]   API 7 run
[20334.9316]   PRESENT START 1
[20335.4043]   API 22 run
[20335.4512]   API 1000 run
[20335.4688]   API 1001 run
[20337.0527]   SOCKET END 0
[20337.0527]   API 1002 run
[20337.0547]   CYCLE End 1
[20337.0684]   API 3 run
[20337.1035]   API 1000 run
[20337.1133]   API 1001 run
[20337.1680]   API 1002 run
[20339.6543]   API 3000 run
[20341.5801]   PRESENT END 2
[20559.8340]   PRESENT START 1
[20559.8594]   API 7 run
[20560.3477]   API 22 run
[20560.4004]   API 1000 run
[20560.4160]   API 1001 run
[20562.0000]   SOCKET END 0
[20562.0000]   API 1002 run
[20562.0000]   CYCLE End 1
[20562.0137]   API 3 run
[20562.0508]   API 1000 run
[20562.0605]   API 1001 run
[20562.1152]   API 1002 run
[20564.6914]   API 3000 run
[20565.9961]   PRESENT END 2
[20783.5039]   PRESENT START 1
[20783.5234]   API 7 run
[20784.1328]   API 22 run
[20784.1992]   API 1000 run
[20784.2207]   API 1001 run
[20785.9766]   SOCKET END 0
[20785.9766]   API 1002 run
[20785.9766]   CYCLE End 1
[20785.9922]   API 3 run
[20786.0332]   API 1000 run
[20786.0449]   API 1001 run
[20786.1152]   API 1002 run
[20787.8965]   API 3000 run
[20788.9922]   PRESENT END 2
[21008.8008]   PRESENT START 1
[21008.8438]   API 7 run
[21009.4492]   API 22 run
[21009.5039]   API 1000 run
[21009.5176]   API 1001 run
[21011.1152]   SOCKET END 0
[21011.1152]   API 1002 run
[21011.1172]   CYCLE End 1
[21011.1328]   API 3 run
[21011.1758]   API 1000 run
[21011.1836]   API 1001 run
[21011.2598]   API 1002 run
[21013.2305]   API 3000 run
[21014.5938]   PRESENT END 2
[21235.1445]   PRESENT START 1
[21235.1484]   API 7 run
[21235.6641]   API 22 run
[21235.7129]   API 1000 run
[21235.7285]   API 1001 run
[21237.3086]   SOCKET END 0
[21237.3086]   API 1002 run
[21237.3086]   CYCLE End 1
[21237.3242]   API 3 run
[21237.3574]   API 1000 run
[21237.3672]   API 1001 run
[21237.4434]   API 1002 run
[21239.1289]   API 3000 run
[21240.0762]   PRESENT END 2
[21460.1035]   PRESENT START 1
[21460.1426]   API 7 run
[21460.7051]   API 22 run
[21460.7598]   API 1000 run
[21460.7734]   API 1001 run
[21462.3047]   SOCKET END 0
[21462.3047]   API 1002 run
[21462.3047]   CYCLE End 1
[21462.3164]   API 3 run
[21462.3496]   API 1000 run
[21462.3594]   API 1001 run
[21462.4336]   API 1002 run
[21464.4609]   API 3000 run
[21465.7715]   PRESENT END 2
[21684.2480]   PRESENT START 1
[21684.2715]   API 7 run
[21684.7930]   API 22 run
[21684.8438]   API 1000 run
[21684.8574]   API 1001 run
[21686.3887]   SOCKET END 0
[21686.3887]   API 1002 run
[21686.3906]   CYCLE End 1
[21686.4043]   API 3 run
[21686.4395]   API 1000 run
[21686.4512]   API 1001 run
[21686.5234]   API 1002 run
[21688.3906]   API 3000 run
[21689.5000]   PRESENT END 2
[21908.6914]   PRESENT START 1
[21908.7324]   API 7 run
[21909.2129]   API 22 run
[21909.2754]   API 1000 run
[21909.2930]   API 1001 run
[21910.8398]   SOCKET END 0
[21910.8398]   API 1002 run
[21910.8398]   CYCLE End 1
[21910.8535]   API 3 run
[21910.8887]   API 1000 run
[21910.8965]   API 1001 run
[21910.9707]   API 1002 run
[21913.1660]   API 3000 run
[21914.4766]   PRESENT END 2
[22134.3008]   PRESENT START 1
[22134.3047]   API 7 run
[22134.8203]   API 22 run
[22134.8711]   API 1000 run
[22134.8867]   API 1001 run
[22136.5078]   SOCKET END 0
[22136.5078]   API 1002 run
[22136.5098]   CYCLE End 1
[22136.5312]   API 3 run
[22136.5684]   API 1000 run
[22136.5762]   API 1001 run
[22136.6523]   API 1002 run
[22138.6836]   API 3000 run
[22139.7129]   PRESENT END 2
[22359.7285]   PRESENT START 1
[22359.7676]   API 7 run
[22360.2676]   API 22 run
[22360.3203]   API 1000 run
[22360.3340]   API 1001 run
[22361.8594]   SOCKET END 0
[22361.8594]   API 1002 run
[22361.8613]   CYCLE End 1
[22361.8770]   API 3 run
[22361.9082]   API 1000 run
[22361.9199]   API 1001 run
[22361.9922]   API 1002 run
[22364.2285]   API 3000 run
[22365.5566]   PRESENT END 2
[22584.5527]   PRESENT START 1
[22584.5762]   API 7 run
[22585.0566]   API 22 run
[22585.1074]   API 1000 run
[22585.1230]   API 1001 run
[22586.6699]   SOCKET END 0
[22586.6699]   API 1002 run
[22586.6719]   CYCLE End 1
[22586.6855]   API 3 run
[22586.7207]   API 1000 run
[22586.7324]   API 1001 run
[22586.8066]   API 1002 run
[22588.8809]   API 3000 run
[22589.9648]   PRESENT END 2
[22809.5039]   PRESENT START 1
[22809.5391]   API 7 run
[22809.9922]   API 22 run
[22810.0430]   API 1000 run
[22810.0566]   API 1001 run
[22811.5801]   SOCKET END 0
[22811.5801]   API 1002 run
[22811.5801]   CYCLE End 1
[22811.5938]   API 3 run
[22811.6270]   API 1000 run
[22811.6367]   API 1001 run
[22811.7070]   API 1002 run
[22814.0645]   API 3000 run
[22815.3594]   PRESENT END 2
[23033.5234]   PRESENT START 1
[23033.5488]   API 7 run
[23033.9863]   API 22 run
[23034.0469]   API 1000 run
[23034.0605]   API 1001 run
[23035.6055]   SOCKET END 0
[23035.6055]   API 1002 run
[23035.6055]   CYCLE End 1
[23035.6191]   API 3 run
[23035.6523]   API 1000 run
[23035.6621]   API 1001 run
[23035.7324]   API 1002 run
[23037.8281]   API 3000 run
[23038.7969]   PRESENT END 2
[23258.9414]   PRESENT START 1
[23258.9688]   API 7 run
[23259.4512]   API 22 run
[23259.5273]   API 1000 run
[23259.5430]   API 1001 run
[23261.0566]   SOCKET END 0
[23261.0566]   API 1002 run
[23261.0566]   CYCLE End 1
[23261.0703]   API 3 run
[23261.1035]   API 1000 run
[23261.1133]   API 1001 run
[23261.1875]   API 1002 run
[23263.5664]   API 3000 run
[23264.8438]   PRESENT END 2
[23485.1289]   API 7 run
[23485.1426]   PRESENT START 1
[23485.7168]   API 22 run
[23485.7676]   API 1000 run
[23485.7832]   API 1001 run
[23487.4551]   SOCKET END 0
[23487.4551]   API 1002 run
[23487.4551]   CYCLE End 1
[23487.5195]   API 3 run
[23487.5586]   API 1000 run
[23487.5684]   API 1001 run
[23487.6445]   API 1002 run
[23489.6113]   API 3000 run
[23492.7031]   PRESENT END 2
[23710.0977]   PRESENT START 1
[23710.1367]   API 7 run
[23710.6973]   API 22 run
[23710.7500]   API 1000 run
[23710.7637]   API 1001 run
[23712.2559]   SOCKET END 0
[23712.2559]   API 1002 run
[23712.2559]   CYCLE End 1
[23712.2715]   API 3 run
[23712.3047]   API 1000 run
[23712.3145]   API 1001 run
[23712.3867]   API 1002 run
[23714.7051]   API 3000 run
[23716.0586]   PRESENT END 2
[23934.5469]   PRESENT START 1
[23934.5742]   API 7 run
[23935.0352]   API 22 run
[23935.0977]   API 1000 run
[23935.1113]   API 1001 run
[23936.9609]   SOCKET END 0
[23936.9609]   API 1002 run
[23936.9609]   CYCLE End 1
[23936.9766]   API 3 run
[23937.0078]   API 1000 run
[23937.0156]   API 1001 run
[23937.0898]   API 1002 run
[23938.8633]   API 3000 run
[23939.8926]   PRESENT END 2
[24160.1719]   PRESENT START 1
[24160.1992]   API 7 run
[24160.7051]   API 22 run
[24160.7559]   API 1000 run
[24160.7715]   API 1001 run
[24162.3281]   SOCKET END 0
[24162.3281]   API 1002 run
[24162.3281]   CYCLE End 1
[24162.3438]   API 3 run
[24162.3926]   API 1000 run
[24162.4043]   API 1001 run
[24162.5039]   API 1002 run
[24164.9473]   API 3000 run
[24166.2129]   PRESENT END 2
[24384.7070]   PRESENT START 1
[24384.7402]   API 7 run
[24385.1992]   API 22 run
[24385.2695]   API 1000 run
[24385.2832]   API 1001 run
[24386.8477]   SOCKET END 0
[24386.8477]   API 1002 run
[24386.8477]   CYCLE End 1
[24386.8633]   API 3 run
[24386.8984]   API 1000 run
[24386.9082]   API 1001 run
[24386.9844]   API 1002 run
[24388.6484]   API 3000 run
[24389.5977]   PRESENT END 2
[24611.6680]   PRESENT START 1
[24611.6953]   API 7 run
[24612.1445]   API 22 run
[24612.1934]   API 1000 run
[24612.2109]   API 1001 run
[24613.7363]   SOCKET END 0
[24613.7363]   API 1002 run
[24613.7363]   CYCLE End 1
[24613.7598]   API 3 run
[24613.7949]   API 1000 run
[24613.8047]   API 1001 run
[24613.8789]   API 1002 run
[24615.8535]   API 3000 run
[24617.1738]   PRESENT END 2
[24837.0020]   API 7 run
[24837.0078]   PRESENT START 1
[24837.5957]   API 22 run
[24837.6523]   API 1000 run
[24837.6680]   API 1001 run
[24839.2168]   SOCKET END 0
[24839.2168]   API 1002 run
[24839.2168]   CYCLE End 1
[24841.1152]   API 3000 run
[24842.1113]   PRESENT END 2
