[468.7570]   API 1000 run
[468.7820]   API 1001 run
[468.9350]   API 1002 run
[469.7270]   API 1000 run
[469.7370]   API 1001 run
[469.7960]   API 1002 run
[508.1830]   API 7 run
[509.0040]   API 1000 run
[517.7030]   API 1001 run
[522.7000]   API 1002 run
[571.6450]   API 1000 run
[571.6660]   API 1001 run
[571.7400]   API 1002 run
[581.0950]   API 7 run
[581.3140]   API 1000 run
[582.3520]   API 1001 run
[585.1440]   API 1002 run
[599.3810]   API 1000 run
[599.3910]   API 1001 run
[599.4540]   API 1002 run
[599.9350]   API 7 run
[600.1030]   API 1000 run
[600.1160]   API 1001 run
[600.1720]   API 1002 run
[601.3930]   API 1000 run
[601.4030]   API 1001 run
[601.4530]   API 1002 run
[601.8710]   API 7 run
[602.0190]   API 1000 run
[602.0300]   API 1001 run
[602.0840]   API 1002 run
[603.2320]   API 1000 run
[603.2420]   API 1001 run
[603.2920]   API 1002 run
[603.7110]   API 7 run
[603.8500]   API 1000 run
[603.8670]   API 1001 run
[603.9210]   API 1002 run
[605.0750]   API 1000 run
[605.0840]   API 1001 run
[605.1350]   API 1002 run
[605.5120]   API 7 run
[605.6750]   API 1000 run
[605.6850]   API 1001 run
[605.7390]   API 1002 run
[607.5250]   API 1000 run
[607.5360]   API 1001 run
[607.6100]   API 1002 run
[609.6700]   API 7 run
[610.0290]   API 7 run
[610.4080]   API 7 run
[612.7820]   API 7 run
[613.6420]   API 1000 run
[613.6550]   API 1001 run
[613.7210]   API 1002 run
[615.4360]   API 1000 run
[615.4470]   API 1001 run
[615.5010]   API 1002 run
[615.7610]   API 1000 run
[615.7710]   API 1001 run
[615.8170]   API 1002 run
[616.0240]   API 1000 run
[616.0340]   API 1001 run
[616.0800]   API 1002 run
[616.2840]   API 1000 run
[616.2930]   API 1001 run
[616.3460]   API 1002 run
[616.5650]   API 1000 run
[616.5750]   API 1001 run
[616.6220]   API 1002 run
[616.8290]   API 1000 run
[616.8380]   API 1001 run
[616.8840]   API 1002 run
[617.0890]   API 1000 run
[617.0990]   API 1001 run
[617.1450]   API 1002 run
[617.3450]   API 1000 run
[617.3540]   API 1001 run
[617.4000]   API 1002 run
[617.6260]   API 1000 run
[617.6360]   API 1001 run
[617.6830]   API 1002 run
[617.8850]   API 1000 run
[617.8940]   API 1001 run
[617.9400]   API 1002 run
[618.1380]   API 1000 run
[618.1470]   API 1001 run
[618.1920]   API 1002 run
[618.3980]   API 1000 run
[618.4070]   API 1001 run
[618.4530]   API 1002 run
[618.6700]   API 1000 run
[618.6800]   API 1001 run
[618.7270]   API 1002 run
[618.9260]   API 1000 run
[618.9350]   API 1001 run
[618.9800]   API 1002 run
[619.1800]   API 1000 run
[619.1890]   API 1001 run
[619.2340]   API 1002 run
[619.4430]   API 1000 run
[619.4530]   API 1001 run
[619.5010]   API 1002 run
[620.0570]   API 1000 run
[620.0670]   API 1001 run
[620.1230]   API 1002 run
[620.3310]   API 1000 run
[620.3400]   API 1001 run
[620.3860]   API 1002 run
[620.6070]   API 1000 run
[620.6160]   API 1001 run
[620.6630]   API 1002 run
[620.8640]   API 1000 run
[620.8740]   API 1001 run
[620.9190]   API 1002 run
[621.1170]   API 1000 run
[621.1270]   API 1001 run
[621.1720]   API 1002 run
[621.3750]   API 1000 run
[621.3850]   API 1001 run
[621.4310]   API 1002 run
[622.3820]   API 1000 run
[622.4000]   API 1001 run
[622.4750]   API 1002 run
[622.7190]   API 1000 run
[622.7290]   API 1001 run
[622.7780]   API 1002 run
[622.9820]   API 1000 run
[622.9910]   API 1001 run
[623.0370]   API 1002 run
[623.2360]   API 1000 run
[623.2450]   API 1001 run
[623.2910]   API 1002 run
[623.5080]   API 1000 run
[623.5170]   API 1001 run
[623.5880]   API 1002 run
[623.7950]   API 1000 run
[623.8050]   API 1001 run
[623.8500]   API 1002 run
[624.0510]   API 1000 run
[624.0610]   API 1001 run
[624.1060]   API 1002 run
[624.3040]   API 1000 run
[624.3140]   API 1001 run
[624.3640]   API 1002 run
[624.5800]   API 1000 run
[624.5900]   API 1001 run
[624.6360]   API 1002 run
[624.8380]   API 1000 run
[624.8480]   API 1001 run
[624.8920]   API 1002 run
[625.1000]   API 1000 run
[625.1100]   API 1001 run
[625.1550]   API 1002 run
[625.3580]   API 1000 run
[625.3670]   API 1001 run
[625.4120]   API 1002 run
[625.6250]   API 1000 run
[625.6350]   API 1001 run
[625.6810]   API 1002 run
[625.8800]   API 1000 run
[625.8900]   API 1001 run
[625.9350]   API 1002 run
[626.1320]   API 1000 run
[626.1420]   API 1001 run
[626.1870]   API 1002 run
[626.3910]   API 1000 run
[626.4000]   API 1001 run
[626.4460]   API 1002 run
[626.6610]   API 1000 run
[626.6700]   API 1001 run
[626.7180]   API 1002 run
[626.9180]   API 1000 run
[626.9270]   API 1001 run
[626.9720]   API 1002 run
[627.1690]   API 1000 run
[627.1790]   API 1001 run
[627.2240]   API 1002 run
[627.4320]   API 1000 run
[627.4410]   API 1001 run
[627.4910]   API 1002 run
[627.7190]   API 1000 run
[627.7280]   API 1001 run
[627.7750]   API 1002 run
[627.9740]   API 1000 run
[627.9830]   API 1001 run
[628.0290]   API 1002 run
[628.2250]   API 1000 run
[628.2350]   API 1001 run
[628.2800]   API 1002 run
[628.4760]   API 1000 run
[628.4860]   API 1001 run
[628.5310]   API 1002 run
[628.7570]   API 1000 run
[628.7660]   API 1001 run
[628.8120]   API 1002 run
[629.0160]   API 1000 run
[629.0260]   API 1001 run
[629.0710]   API 1002 run
[629.2660]   API 1000 run
[629.2760]   API 1001 run
[629.3210]   API 1002 run
[629.5160]   API 1000 run
[629.5260]   API 1001 run
[629.5870]   API 1002 run
[629.7890]   API 1000 run
[629.7990]   API 1001 run
[629.8440]   API 1002 run
[630.0420]   API 1000 run
[630.0520]   API 1001 run
[630.0970]   API 1002 run
[630.2990]   API 1000 run
[630.3080]   API 1001 run
[630.3540]   API 1002 run
[630.5670]   API 1000 run
[630.5760]   API 1001 run
[630.6290]   API 1002 run
[630.8460]   API 1000 run
[630.8550]   API 1001 run
[630.9020]   API 1002 run
[631.1090]   API 1000 run
[631.1190]   API 1001 run
[631.1640]   API 1002 run
[631.3730]   API 1000 run
[631.3830]   API 1001 run
[631.4310]   API 1002 run
[631.6470]   API 1000 run
[631.6570]   API 1001 run
[631.7030]   API 1002 run
[631.9100]   API 1000 run
[631.9200]   API 1001 run
[631.9660]   API 1002 run
[632.1630]   API 1000 run
[632.1720]   API 1001 run
[632.2170]   API 1002 run
[632.4140]   API 1000 run
[632.4230]   API 1001 run
[632.4680]   API 1002 run
[633.3710]   API 1000 run
[633.3860]   API 1001 run
[633.4520]   API 1002 run
[633.7050]   API 1000 run
[633.7150]   API 1001 run
[633.7630]   API 1002 run
[633.9810]   API 1000 run
[633.9900]   API 1001 run
[634.0360]   API 1002 run
[634.2400]   API 1000 run
[634.2490]   API 1001 run
[634.2940]   API 1002 run
[634.4900]   API 1000 run
[634.4990]   API 1001 run
[634.5600]   API 1002 run
[634.7640]   API 1000 run
[634.7740]   API 1001 run
[634.8200]   API 1002 run
[635.0140]   API 1000 run
[635.0240]   API 1001 run
[635.0700]   API 1002 run
[635.2780]   API 1000 run
[635.2880]   API 1001 run
[635.3530]   API 1002 run
[635.5620]   API 1000 run
[635.5710]   API 1001 run
[635.6230]   API 1002 run
[635.8200]   API 1000 run
[635.8300]   API 1001 run
[635.8760]   API 1002 run
[636.0690]   API 1000 run
[636.0790]   API 1001 run
[636.1240]   API 1002 run
[636.3170]   API 1000 run
[636.3270]   API 1001 run
[636.3720]   API 1002 run
[636.5930]   API 1000 run
[636.6030]   API 1001 run
[636.6500]   API 1002 run
[636.8540]   API 1000 run
[636.8640]   API 1001 run
[636.9080]   API 1002 run
[637.1020]   API 1000 run
[637.1110]   API 1001 run
[637.1570]   API 1002 run
[637.3490]   API 1000 run
[637.3590]   API 1001 run
[637.4030]   API 1002 run
[637.6180]   API 1000 run
[637.6280]   API 1001 run
[637.6740]   API 1002 run
[637.8780]   API 1000 run
[637.8870]   API 1001 run
[637.9320]   API 1002 run
[638.1260]   API 1000 run
[638.1360]   API 1001 run
[638.1810]   API 1002 run
[638.3740]   API 1000 run
[638.3840]   API 1001 run
[638.4280]   API 1002 run
[638.6510]   API 1000 run
[638.6610]   API 1001 run
[638.7070]   API 1002 run
[638.9010]   API 1000 run
[638.9110]   API 1001 run
[638.9550]   API 1002 run
[639.1540]   API 1000 run
[639.1640]   API 1001 run
[639.2080]   API 1002 run
[639.4230]   API 1000 run
[639.4330]   API 1001 run
[639.4810]   API 1002 run
[639.6940]   API 1000 run
[639.7040]   API 1001 run
[639.7500]   API 1002 run
[639.9440]   API 1000 run
[639.9530]   API 1001 run
[640.0020]   API 1002 run
[640.1960]   API 1000 run
[640.2050]   API 1001 run
[640.2580]   API 1002 run
[640.4500]   API 1000 run
[640.4600]   API 1001 run
[640.5110]   API 1002 run
[641.3100]   API 1000 run
[641.3200]   API 1001 run
[641.3740]   API 1002 run
[641.5930]   API 1000 run
[641.6030]   API 1001 run
[641.6490]   API 1002 run
[641.8600]   API 1000 run
[641.8690]   API 1001 run
[641.9160]   API 1002 run
[642.1100]   API 1000 run
[642.1190]   API 1001 run
[642.1650]   API 1002 run
[642.3580]   API 1000 run
[642.3670]   API 1001 run
[642.4130]   API 1002 run
[642.6370]   API 1000 run
[642.6470]   API 1001 run
[642.6940]   API 1002 run
[642.8890]   API 1000 run
[642.8990]   API 1001 run
[642.9440]   API 1002 run
[643.1370]   API 1000 run
[643.1470]   API 1001 run
[643.1910]   API 1002 run
[643.3950]   API 1000 run
[643.4040]   API 1001 run
[643.4530]   API 1002 run
[643.6670]   API 1000 run
[643.6760]   API 1001 run
[643.7230]   API 1002 run
[643.9270]   API 1000 run
[643.9360]   API 1001 run
[643.9820]   API 1002 run
[644.1770]   API 1000 run
[644.1870]   API 1001 run
[644.2400]   API 1002 run
[644.4310]   API 1000 run
[644.4410]   API 1001 run
[644.4860]   API 1002 run
[644.6980]   API 1000 run
[644.7070]   API 1001 run
[644.7540]   API 1002 run
[644.9470]   API 1000 run
[644.9570]   API 1001 run
[645.0030]   API 1002 run
[645.2020]   API 1000 run
[645.2110]   API 1001 run
[645.2560]   API 1002 run
[645.4490]   API 1000 run
[645.4580]   API 1001 run
[645.5040]   API 1002 run
[645.7160]   API 1000 run
[645.7250]   API 1001 run
[645.7710]   API 1002 run
[645.9720]   API 1000 run
[645.9820]   API 1001 run
[646.0270]   API 1002 run
[646.2210]   API 1000 run
[646.2300]   API 1001 run
[646.2750]   API 1002 run
[646.4730]   API 1000 run
[646.4820]   API 1001 run
[646.5360]   API 1002 run
[646.7450]   API 1000 run
[646.7540]   API 1001 run
[646.8000]   API 1002 run
[646.9930]   API 1000 run
[647.0020]   API 1001 run
[647.0480]   API 1002 run
[647.2400]   API 1000 run
[647.2490]   API 1001 run
[647.2940]   API 1002 run
[647.5110]   API 1000 run
[647.5200]   API 1001 run
[647.5840]   API 1002 run
[647.7820]   API 1000 run
[647.7980]   API 1001 run
[647.8430]   API 1002 run
[648.0370]   API 1000 run
[648.0460]   API 1001 run
[648.0910]   API 1002 run
[648.2830]   API 1000 run
[648.2920]   API 1001 run
[648.3370]   API 1002 run
[648.5290]   API 1000 run
[648.5540]   API 1001 run
[648.6000]   API 1002 run
[648.8020]   API 1000 run
[648.8120]   API 1001 run
[648.8560]   API 1002 run
[649.0490]   API 1000 run
[649.0590]   API 1001 run
[649.1040]   API 1002 run
[649.3100]   API 1000 run
[649.3190]   API 1001 run
[649.3650]   API 1002 run
[649.5800]   API 1000 run
[649.5900]   API 1001 run
[649.6420]   API 1002 run
[649.8380]   API 1000 run
[649.8470]   API 1001 run
[649.8920]   API 1002 run
[650.0860]   API 1000 run
[650.0950]   API 1001 run
[650.1410]   API 1002 run
[650.3340]   API 1000 run
[650.3430]   API 1001 run
[650.3880]   API 1002 run
[650.6030]   API 1000 run
[650.6130]   API 1001 run
[650.6600]   API 1002 run
[650.8540]   API 1000 run
[650.8640]   API 1001 run
[650.9090]   API 1002 run
[651.1030]   API 1000 run
[651.1120]   API 1001 run
[651.1580]   API 1002 run
[651.3730]   API 1000 run
[651.3820]   API 1001 run
[651.4310]   API 1002 run
[651.6430]   API 1000 run
[651.6520]   API 1001 run
[651.7000]   API 1002 run
[651.9020]   API 1000 run
[651.9120]   API 1001 run
[651.9570]   API 1002 run
[652.1490]   API 1000 run
[652.1580]   API 1001 run
[652.2030]   API 1002 run
[652.3950]   API 1000 run
[652.4040]   API 1001 run
[652.4490]   API 1002 run
[652.6650]   API 1000 run
[652.6740]   API 1001 run
[652.7200]   API 1002 run
[652.9150]   API 1000 run
[652.9250]   API 1001 run
[652.9690]   API 1002 run
[653.1690]   API 1000 run
[653.1780]   API 1001 run
[653.2330]   API 1002 run
[653.4250]   API 1000 run
[653.4350]   API 1001 run
[653.4800]   API 1002 run
[653.6910]   API 1000 run
[653.7000]   API 1001 run
[653.7460]   API 1002 run
[653.9400]   API 1000 run
[653.9500]   API 1001 run
[653.9950]   API 1002 run
[654.1860]   API 1000 run
[654.1960]   API 1001 run
[654.2440]   API 1002 run
[654.4440]   API 1000 run
[654.4530]   API 1001 run
[654.4980]   API 1002 run
[654.7780]   API 1000 run
[654.7930]   API 1001 run
[654.8580]   API 1002 run
[655.1220]   API 1000 run
[655.1360]   API 1001 run
[655.1970]   API 1002 run
[655.4930]   API 1000 run
[655.5080]   API 1001 run
[655.5880]   API 1002 run
[655.8050]   API 1000 run
[655.8150]   API 1001 run
[655.8630]   API 1002 run
[656.0610]   API 1000 run
[656.0780]   API 1001 run
[656.1230]   API 1002 run
[656.3260]   API 1000 run
[656.3350]   API 1001 run
[656.3810]   API 1002 run
[656.5990]   API 1000 run
[656.6080]   API 1001 run
[656.6550]   API 1002 run
[656.8500]   API 1000 run
[656.8600]   API 1001 run
[656.9050]   API 1002 run
[657.1020]   API 1000 run
[657.1120]   API 1001 run
[657.1570]   API 1002 run
[657.3510]   API 1000 run
[657.3600]   API 1001 run
[657.4100]   API 1002 run
[657.6330]   API 1000 run
[657.6430]   API 1001 run
[657.6900]   API 1002 run
[657.8830]   API 1000 run
[657.8930]   API 1001 run
[657.9380]   API 1002 run
[658.1310]   API 1000 run
[658.1410]   API 1001 run
[658.1860]   API 1002 run
[658.3790]   API 1000 run
[658.3890]   API 1001 run
[658.4340]   API 1002 run
[658.6460]   API 1000 run
[658.6550]   API 1001 run
[658.7020]   API 1002 run
[658.9030]   API 1000 run
[658.9120]   API 1001 run
[658.9580]   API 1002 run
[659.1500]   API 1000 run
[659.1590]   API 1001 run
[659.2110]   API 1002 run
[659.4130]   API 1000 run
[659.4230]   API 1001 run
[659.4710]   API 1002 run
[659.6910]   API 1000 run
[659.7010]   API 1001 run
[659.7480]   API 1002 run
[659.9420]   API 1000 run
[659.9510]   API 1001 run
[659.9970]   API 1002 run
[660.1970]   API 1000 run
[660.2060]   API 1001 run
[660.2520]   API 1002 run
[660.4450]   API 1000 run
[660.4540]   API 1001 run
[660.5000]   API 1002 run
[660.7110]   API 1000 run
[660.7200]   API 1001 run
[660.7660]   API 1002 run
[660.9590]   API 1000 run
[660.9680]   API 1001 run
[661.0130]   API 1002 run
[661.2060]   API 1000 run
[661.2150]   API 1001 run
[661.2610]   API 1002 run
[661.4610]   API 1000 run
[661.4700]   API 1001 run
[661.5160]   API 1002 run
[661.7260]   API 1000 run
[661.7360]   API 1001 run
[661.7810]   API 1002 run
[661.9740]   API 1000 run
[661.9840]   API 1001 run
[662.0280]   API 1002 run
[662.2200]   API 1000 run
[662.2290]   API 1001 run
[662.2750]   API 1002 run
[662.4670]   API 1000 run
[662.4770]   API 1001 run
[662.5220]   API 1002 run
[662.7460]   API 1000 run
[662.7550]   API 1001 run
[662.8020]   API 1002 run
[663.0010]   API 1000 run
[663.0110]   API 1001 run
[663.0560]   API 1002 run
[663.2490]   API 1000 run
[663.2580]   API 1001 run
[663.3040]   API 1002 run
[663.5110]   API 1000 run
[663.5200]   API 1001 run
[663.8500]   API 1002 run
[664.0730]   API 1000 run
[664.0830]   API 1001 run
[664.1320]   API 1002 run
[664.3280]   API 1000 run
[664.3370]   API 1001 run
[664.3890]   API 1002 run
[664.6020]   API 1000 run
[664.6120]   API 1001 run
[664.6590]   API 1002 run
[664.8540]   API 1000 run
[664.8640]   API 1001 run
[664.9080]   API 1002 run
[665.1010]   API 1000 run
[665.1100]   API 1001 run
[665.1590]   API 1002 run
[665.3510]   API 1000 run
[665.3600]   API 1001 run
[665.4040]   API 1002 run
[665.6140]   API 1000 run
[665.6240]   API 1001 run
[665.6700]   API 1002 run
[665.8720]   API 1000 run
[665.8820]   API 1001 run
[665.9270]   API 1002 run
[666.1200]   API 1000 run
[666.1290]   API 1001 run
[666.1740]   API 1002 run
[666.3670]   API 1000 run
[666.3770]   API 1001 run
[666.4210]   API 1002 run
[666.6370]   API 1000 run
[666.6470]   API 1001 run
[666.6930]   API 1002 run
[666.8870]   API 1000 run
[666.8970]   API 1001 run
[666.9420]   API 1002 run
[667.1410]   API 1000 run
[667.1500]   API 1001 run
[667.1970]   API 1002 run
[667.4010]   API 1000 run
[667.4100]   API 1001 run
[667.4680]   API 1002 run
[667.6800]   API 1000 run
[667.6890]   API 1001 run
[667.7360]   API 1002 run
[667.9300]   API 1000 run
[667.9390]   API 1001 run
[667.9840]   API 1002 run
[668.1770]   API 1000 run
[668.1860]   API 1001 run
[668.2380]   API 1002 run
[668.4370]   API 1000 run
[668.4470]   API 1001 run
[668.4920]   API 1002 run
[668.7020]   API 1000 run
[668.7120]   API 1001 run
[668.7670]   API 1002 run
[668.9620]   API 1000 run
[668.9710]   API 1001 run
[669.0160]   API 1002 run
[669.2080]   API 1000 run
[669.2170]   API 1001 run
[669.2680]   API 1002 run
[669.4600]   API 1000 run
[669.4700]   API 1001 run
[669.5140]   API 1002 run
[669.7340]   API 1000 run
[669.7430]   API 1001 run
[669.7910]   API 1002 run
[669.9880]   API 1000 run
[669.9980]   API 1001 run
[670.0430]   API 1002 run
[670.2360]   API 1000 run
[670.2450]   API 1001 run
[670.2900]   API 1002 run
[670.4830]   API 1000 run
[670.4920]   API 1001 run
[670.5540]   API 1002 run
[670.7500]   API 1000 run
[670.7590]   API 1001 run
[670.8060]   API 1002 run
[671.0040]   API 1000 run
[671.0140]   API 1001 run
[671.0590]   API 1002 run
[671.2510]   API 1000 run
[671.2610]   API 1001 run
[671.3060]   API 1002 run
[671.5180]   API 1000 run
[671.5280]   API 1001 run
[671.5900]   API 1002 run
[671.7870]   API 1000 run
[671.7970]   API 1001 run
[671.8430]   API 1002 run
[672.0350]   API 1000 run
[672.0450]   API 1001 run
[672.0890]   API 1002 run
[672.2820]   API 1000 run
[672.2910]   API 1001 run
[672.3420]   API 1002 run
[672.5570]   API 1000 run
[672.5660]   API 1001 run
[672.6130]   API 1002 run
[672.8090]   API 1000 run
[672.8190]   API 1001 run
[672.8650]   API 1002 run
[673.0580]   API 1000 run
[673.0680]   API 1001 run
[673.1160]   API 1002 run
[673.3140]   API 1000 run
[673.3240]   API 1001 run
[673.3690]   API 1002 run
[673.5760]   API 1000 run
[673.5860]   API 1001 run
[673.6330]   API 1002 run
[673.8330]   API 1000 run
[673.8420]   API 1001 run
[673.8870]   API 1002 run
[674.0970]   API 1000 run
[674.1070]   API 1001 run
[674.1520]   API 1002 run
[674.3450]   API 1000 run
[674.3540]   API 1001 run
[674.3990]   API 1002 run
[674.6100]   API 1000 run
[674.6190]   API 1001 run
[674.6730]   API 1002 run
[674.8670]   API 1000 run
[674.8760]   API 1001 run
[674.9210]   API 1002 run
[675.1190]   API 1000 run
[675.1290]   API 1001 run
[675.1740]   API 1002 run
[675.3790]   API 1000 run
[675.3880]   API 1001 run
[675.4370]   API 1002 run
[675.6500]   API 1000 run
[675.6600]   API 1001 run
[675.7070]   API 1002 run
[675.9020]   API 1000 run
[675.9120]   API 1001 run
[675.9570]   API 1002 run
[676.1490]   API 1000 run
[676.1590]   API 1001 run
[676.2030]   API 1002 run
[676.4020]   API 1000 run
[676.4110]   API 1001 run
[676.4560]   API 1002 run
[676.7340]   API 1000 run
[676.7480]   API 1001 run
[676.8100]   API 1002 run
[677.0710]   API 1000 run
[677.0860]   API 1001 run
[677.1470]   API 1002 run
[677.4150]   API 1000 run
[677.4300]   API 1001 run
[677.4920]   API 1002 run
[677.7260]   API 1000 run
[677.7360]   API 1001 run
[677.7850]   API 1002 run
[677.9920]   API 1000 run
[678.0010]   API 1001 run
[678.0490]   API 1002 run
[678.2420]   API 1000 run
[678.2520]   API 1001 run
[678.2980]   API 1002 run
[678.4910]   API 1000 run
[678.5010]   API 1001 run
[678.5640]   API 1002 run
[678.7720]   API 1000 run
[678.7810]   API 1001 run
[678.8260]   API 1002 run
[679.0200]   API 1000 run
[679.0300]   API 1001 run
[679.0750]   API 1002 run
[679.2750]   API 1000 run
[679.2840]   API 1001 run
[679.3400]   API 1002 run
[679.5500]   API 1000 run
[679.5610]   API 1001 run
[679.6100]   API 1002 run
[679.8080]   API 1000 run
[679.8180]   API 1001 run
[679.8630]   API 1002 run
[680.0560]   API 1000 run
[680.0660]   API 1001 run
[680.1100]   API 1002 run
[680.3120]   API 1000 run
[680.3210]   API 1001 run
[680.3660]   API 1002 run
[680.5760]   API 1000 run
[680.5860]   API 1001 run
[680.6400]   API 1002 run
[680.8370]   API 1000 run
[680.8470]   API 1001 run
[680.8910]   API 1002 run
[681.0830]   API 1000 run
[681.0930]   API 1001 run
[681.1450]   API 1002 run
[681.3360]   API 1000 run
[681.3460]   API 1001 run
[681.3900]   API 1002 run
[681.6020]   API 1000 run
[681.6120]   API 1001 run
[681.6590]   API 1002 run
[681.8540]   API 1000 run
[681.8630]   API 1001 run
[681.9070]   API 1002 run
[682.1070]   API 1000 run
[682.1160]   API 1001 run
[682.1610]   API 1002 run
[682.3550]   API 1000 run
[682.3640]   API 1001 run
[682.4090]   API 1002 run
[682.6170]   API 1000 run
[682.6270]   API 1001 run
[682.6740]   API 1002 run
[682.8690]   API 1000 run
[682.8780]   API 1001 run
[682.9260]   API 1002 run
[683.1190]   API 1000 run
[683.1290]   API 1001 run
[683.1730]   API 1002 run
[683.3840]   API 1000 run
[683.3930]   API 1001 run
[683.4420]   API 1002 run
[683.6590]   API 1000 run
[683.6690]   API 1001 run
[683.7160]   API 1002 run
[683.9110]   API 1000 run
[683.9200]   API 1001 run
[683.9690]   API 1002 run
[684.1610]   API 1000 run
[684.1710]   API 1001 run
[684.2160]   API 1002 run
[684.4080]   API 1000 run
[684.4170]   API 1001 run
[684.4620]   API 1002 run
[684.6770]   API 1000 run
[684.6870]   API 1001 run
[684.7330]   API 1002 run
[684.9290]   API 1000 run
[684.9390]   API 1001 run
[684.9830]   API 1002 run
[685.1920]   API 1000 run
[685.2010]   API 1001 run
[685.2520]   API 1002 run
[685.4440]   API 1000 run
[685.4530]   API 1001 run
[685.4980]   API 1002 run
[685.9470]   API 1000 run
[685.9570]   API 1001 run
[686.0080]   API 1002 run
[686.2150]   API 1000 run
[686.2240]   API 1001 run
[686.2710]   API 1002 run
[686.4650]   API 1000 run
[686.4750]   API 1001 run
[686.5200]   API 1002 run
[686.7380]   API 1000 run
[686.7470]   API 1001 run
[686.7930]   API 1002 run
[686.9870]   API 1000 run
[686.9970]   API 1001 run
[687.0470]   API 1002 run
[687.2400]   API 1000 run
[687.2490]   API 1001 run
[687.2950]   API 1002 run
[687.5080]   API 1000 run
[687.5170]   API 1001 run
[687.5840]   API 1002 run
[687.7830]   API 1000 run
[687.7920]   API 1001 run
[687.8380]   API 1002 run
[688.0320]   API 1000 run
[688.0410]   API 1001 run
[688.0860]   API 1002 run
[688.2810]   API 1000 run
[688.2900]   API 1001 run
[688.3370]   API 1002 run
[688.5310]   API 1000 run
[688.5550]   API 1001 run
[688.6120]   API 1002 run
[688.8080]   API 1000 run
[688.8170]   API 1001 run
[688.8780]   API 1002 run
[689.0690]   API 1000 run
[689.0790]   API 1001 run
[689.1230]   API 1002 run
[689.3150]   API 1000 run
[689.3240]   API 1001 run
[689.3700]   API 1002 run
[689.5790]   API 1000 run
[689.5880]   API 1001 run
[689.6350]   API 1002 run
[689.8300]   API 1000 run
[689.8400]   API 1001 run
[689.8840]   API 1002 run
[690.0770]   API 1000 run
[690.0860]   API 1001 run
[690.1310]   API 1002 run
[690.3310]   API 1000 run
[690.3400]   API 1001 run
[690.3900]   API 1002 run
[690.6010]   API 1000 run
[690.6110]   API 1001 run
[690.6580]   API 1002 run
[690.8520]   API 1000 run
[690.8620]   API 1001 run
[690.9060]   API 1002 run
[691.1010]   API 1000 run
[691.1110]   API 1001 run
[691.1560]   API 1002 run
[691.3590]   API 1000 run
[691.3690]   API 1001 run
[691.4180]   API 1002 run
[691.6370]   API 1000 run
[691.6470]   API 1001 run
[691.6940]   API 1002 run
[691.8890]   API 1000 run
[691.8990]   API 1001 run
[691.9440]   API 1002 run
[692.1380]   API 1000 run
[692.1470]   API 1001 run
[692.2010]   API 1002 run
[692.3940]   API 1000 run
[692.4030]   API 1001 run
[692.4480]   API 1002 run
[692.6590]   API 1000 run
[692.6680]   API 1001 run
[692.7150]   API 1002 run
[692.9160]   API 1000 run
[692.9260]   API 1001 run
[692.9710]   API 1002 run
[693.1630]   API 1000 run
[693.1730]   API 1001 run
[693.2170]   API 1002 run
[693.4100]   API 1000 run
[693.4190]   API 1001 run
[693.4640]   API 1002 run
[693.6740]   API 1000 run
[693.6840]   API 1001 run
[693.7300]   API 1002 run
[693.9260]   API 1000 run
[693.9360]   API 1001 run
[693.9800]   API 1002 run
[694.1800]   API 1000 run
[694.1900]   API 1001 run
[694.2350]   API 1002 run
[694.4280]   API 1000 run
[694.4380]   API 1001 run
[694.4820]   API 1002 run
[694.6950]   API 1000 run
[694.7040]   API 1001 run
[694.7500]   API 1002 run
[694.9460]   API 1000 run
[694.9550]   API 1001 run
[695.0000]   API 1002 run
[695.1940]   API 1000 run
[695.2030]   API 1001 run
[695.2530]   API 1002 run
[695.4680]   API 1000 run
[695.4780]   API 1001 run
[695.5480]   API 1002 run
[695.7530]   API 1000 run
[695.7630]   API 1001 run
[695.8090]   API 1002 run
[696.0050]   API 1000 run
[696.0140]   API 1001 run
[696.0590]   API 1002 run
[696.2530]   API 1000 run
[696.2620]   API 1001 run
[696.3070]   API 1002 run
[696.5000]   API 1000 run
[696.5100]   API 1001 run
[696.5690]   API 1002 run
[696.7680]   API 1000 run
[696.7770]   API 1001 run
[696.8290]   API 1002 run
[697.0280]   API 1000 run
[697.0370]   API 1001 run
[697.0820]   API 1002 run
[697.2760]   API 1000 run
[697.2850]   API 1001 run
[697.3300]   API 1002 run
[697.5240]   API 1000 run
[697.5460]   API 1001 run
[697.6020]   API 1002 run
[697.7990]   API 1000 run
[697.8080]   API 1001 run
[697.8540]   API 1002 run
[698.0470]   API 1000 run
[698.0570]   API 1001 run
[698.1020]   API 1002 run
[698.3030]   API 1000 run
[698.3130]   API 1001 run
[698.3580]   API 1002 run
[698.5720]   API 1000 run
[698.5860]   API 1001 run
[698.6430]   API 1002 run
[698.9110]   API 1000 run
[698.9250]   API 1001 run
[698.9860]   API 1002 run
[699.2500]   API 1000 run
[699.2630]   API 1001 run
[699.3370]   API 1002 run
[699.6340]   API 1000 run
[699.6450]   API 1001 run
[699.6980]   API 1002 run
[699.9100]   API 1000 run
[699.9200]   API 1001 run
[699.9660]   API 1002 run
[700.1610]   API 1000 run
[700.1700]   API 1001 run
[700.2150]   API 1002 run
[700.4090]   API 1000 run
[700.4190]   API 1001 run
[700.4640]   API 1002 run
[700.6830]   API 1000 run
[700.6930]   API 1001 run
[700.7390]   API 1002 run
[700.9340]   API 1000 run
[700.9440]   API 1001 run
[700.9890]   API 1002 run
[701.1880]   API 1000 run
[701.1980]   API 1001 run
[701.2430]   API 1002 run
[701.4360]   API 1000 run
[701.4460]   API 1001 run
[701.4910]   API 1002 run
[701.7010]   API 1000 run
[701.7110]   API 1001 run
[701.7570]   API 1002 run
[701.9510]   API 1000 run
[701.9600]   API 1001 run
[702.0050]   API 1002 run
[702.2000]   API 1000 run
[702.2090]   API 1001 run
[702.2550]   API 1002 run
[702.4550]   API 1000 run
[702.4640]   API 1001 run
[702.5100]   API 1002 run
[702.7210]   API 1000 run
[702.7300]   API 1001 run
[702.7760]   API 1002 run
[702.9690]   API 1000 run
[702.9790]   API 1001 run
[703.0230]   API 1002 run
[703.2160]   API 1000 run
[703.2260]   API 1001 run
[703.2770]   API 1002 run
[703.4860]   API 1000 run
[703.4950]   API 1001 run
[703.5660]   API 1002 run
[703.7740]   API 1000 run
[703.7830]   API 1001 run
[703.8290]   API 1002 run
[704.0290]   API 1000 run
[704.0380]   API 1001 run
[704.0850]   API 1002 run
[704.2780]   API 1000 run
[704.2880]   API 1001 run
[704.3330]   API 1002 run
[704.5270]   API 1000 run
[704.5510]   API 1001 run
[704.5980]   API 1002 run
[704.7950]   API 1000 run
[704.8050]   API 1001 run
[704.8490]   API 1002 run
[705.0430]   API 1000 run
[705.0580]   API 1001 run
[705.1030]   API 1002 run
[705.2980]   API 1000 run
[705.3070]   API 1001 run
[705.3530]   API 1002 run
[705.5610]   API 1000 run
[705.5700]   API 1001 run
[705.6170]   API 1002 run
[705.8140]   API 1000 run
[705.8230]   API 1001 run
[705.8690]   API 1002 run
[706.0630]   API 1000 run
[706.0720]   API 1001 run
[706.1170]   API 1002 run
[706.3100]   API 1000 run
[706.3200]   API 1001 run
[706.3660]   API 1002 run
[706.5810]   API 1000 run
[706.5910]   API 1001 run
[706.6460]   API 1002 run
[706.8380]   API 1000 run
[706.8480]   API 1001 run
[706.8930]   API 1002 run
[707.0880]   API 1000 run
[707.0970]   API 1001 run
[707.1420]   API 1002 run
[707.3520]   API 1000 run
[707.3620]   API 1001 run
[707.4110]   API 1002 run
[707.6240]   API 1000 run
[707.6330]   API 1001 run
[707.6800]   API 1002 run
[707.8810]   API 1000 run
[707.8910]   API 1001 run
[707.9360]   API 1002 run
[708.1300]   API 1000 run
[708.1390]   API 1001 run
[708.1840]   API 1002 run
[708.3760]   API 1000 run
[708.3860]   API 1001 run
[708.4320]   API 1002 run
[708.7490]   API 1000 run
[708.7590]   API 1001 run
[708.8100]   API 1002 run
[709.0080]   API 1000 run
[709.0170]   API 1001 run
[709.0620]   API 1002 run
[709.3520]   API 1000 run
[709.3650]   API 1001 run
[709.4130]   API 1002 run
[709.6630]   API 1000 run
[709.6720]   API 1001 run
[709.7180]   API 1002 run
[709.9110]   API 1000 run
[709.9210]   API 1001 run
[709.9640]   API 1002 run
[710.1540]   API 1000 run
[710.1630]   API 1001 run
[710.2050]   API 1002 run
[710.3980]   API 1000 run
[710.4070]   API 1001 run
[710.4520]   API 1002 run
[710.6680]   API 1000 run
[710.6780]   API 1001 run
[710.7250]   API 1002 run
[710.9250]   API 1000 run
[710.9340]   API 1001 run
[710.9800]   API 1002 run
[711.1740]   API 1000 run
[711.1830]   API 1001 run
[711.2280]   API 1002 run
[711.4320]   API 1000 run
[711.4420]   API 1001 run
[711.4900]   API 1002 run
[711.7040]   API 1000 run
[711.7130]   API 1001 run
[711.7610]   API 1002 run
[711.9610]   API 1000 run
[711.9700]   API 1001 run
[712.0160]   API 1002 run
[712.2080]   API 1000 run
[712.2170]   API 1001 run
[712.2620]   API 1002 run
[712.4540]   API 1000 run
[712.4630]   API 1001 run
[712.5080]   API 1002 run
[712.7200]   API 1000 run
[712.7290]   API 1001 run
[712.7750]   API 1002 run
[712.9690]   API 1000 run
[712.9780]   API 1001 run
[713.0240]   API 1002 run
[713.2150]   API 1000 run
[713.2300]   API 1001 run
[713.2760]   API 1002 run
[713.4690]   API 1000 run
[713.4790]   API 1001 run
[713.5240]   API 1002 run
[713.7390]   API 1000 run
[713.7490]   API 1001 run
[713.7950]   API 1002 run
[713.9880]   API 1000 run
[713.9980]   API 1001 run
[714.0440]   API 1002 run
[714.2440]   API 1000 run
[714.2530]   API 1001 run
[714.2990]   API 1002 run
[714.4920]   API 1000 run
[714.5010]   API 1001 run
[714.5610]   API 1002 run
[714.7660]   API 1000 run
[714.7750]   API 1001 run
[714.8220]   API 1002 run
[715.0160]   API 1000 run
[715.0260]   API 1001 run
[715.0710]   API 1002 run
[715.2650]   API 1000 run
[715.2740]   API 1001 run
[715.3200]   API 1002 run
[715.5270]   API 1000 run
[715.5500]   API 1001 run
[715.5980]   API 1002 run
[715.7960]   API 1000 run
[715.8060]   API 1001 run
[715.8510]   API 1002 run
[716.0510]   API 1000 run
[716.0610]   API 1001 run
[716.1060]   API 1002 run
[716.3010]   API 1000 run
[716.3110]   API 1001 run
[716.3560]   API 1002 run
[716.5650]   API 1000 run
[716.5740]   API 1001 run
[716.6230]   API 1002 run
[716.8210]   API 1000 run
[716.8300]   API 1001 run
[716.8760]   API 1002 run
[717.0690]   API 1000 run
[717.0780]   API 1001 run
[717.1240]   API 1002 run
[717.3230]   API 1000 run
[717.3320]   API 1001 run
[717.3780]   API 1002 run
[717.5930]   API 1000 run
[717.6020]   API 1001 run
[717.6490]   API 1002 run
[717.8440]   API 1000 run
[717.8530]   API 1001 run
[717.8990]   API 1002 run
[718.0920]   API 1000 run
[718.1020]   API 1001 run
[718.1460]   API 1002 run
[718.3400]   API 1000 run
[718.3490]   API 1001 run
[718.3950]   API 1002 run
[718.6130]   API 1000 run
[718.6220]   API 1001 run
[718.6700]   API 1002 run
[718.8650]   API 1000 run
[718.8740]   API 1001 run
[718.9200]   API 1002 run
[719.1140]   API 1000 run
[719.1230]   API 1001 run
[719.1690]   API 1002 run
[719.3720]   API 1000 run
[719.3820]   API 1001 run
[719.4300]   API 1002 run
[719.6430]   API 1000 run
[719.6530]   API 1001 run
[720.1730]   API 1002 run
[720.3980]   API 1000 run
[720.4080]   API 1001 run
[720.4540]   API 1002 run
[720.6730]   API 1000 run
[720.6820]   API 1001 run
[720.7280]   API 1002 run
[720.9260]   API 1000 run
[720.9350]   API 1001 run
[720.9810]   API 1002 run
[721.1770]   API 1000 run
[721.1870]   API 1001 run
[721.2310]   API 1002 run
[721.4320]   API 1000 run
[721.4410]   API 1001 run
[721.4860]   API 1002 run
[721.7010]   API 1000 run
[721.7150]   API 1001 run
[721.7620]   API 1002 run
[721.9670]   API 1000 run
[721.9760]   API 1001 run
[722.0210]   API 1002 run
[722.2140]   API 1000 run
[722.2240]   API 1001 run
[722.2690]   API 1002 run
[722.4620]   API 1000 run
[722.4710]   API 1001 run
[722.5160]   API 1002 run
[722.7370]   API 1000 run
[722.7470]   API 1001 run
[722.7930]   API 1002 run
[722.9860]   API 1000 run
[722.9960]   API 1001 run
[723.0410]   API 1002 run
[723.2420]   API 1000 run
[723.2510]   API 1001 run
[723.2960]   API 1002 run
[723.5030]   API 1000 run
[723.5130]   API 1001 run
[723.5770]   API 1002 run
[723.7760]   API 1000 run
[723.7850]   API 1001 run
[723.8300]   API 1002 run
[724.0250]   API 1000 run
[724.0340]   API 1001 run
[724.0790]   API 1002 run
[724.2750]   API 1000 run
[724.2840]   API 1001 run
[724.3290]   API 1002 run
[724.5290]   API 1000 run
[724.5520]   API 1001 run
[724.5990]   API 1002 run
[724.8080]   API 1000 run
[724.8170]   API 1001 run
[724.8630]   API 1002 run
[725.0560]   API 1000 run
[725.0650]   API 1001 run
[725.1130]   API 1002 run
[725.3060]   API 1000 run
[725.3150]   API 1001 run
[725.3610]   API 1002 run
[725.5740]   API 1000 run
[725.5840]   API 1001 run
[725.6310]   API 1002 run
[725.8340]   API 1000 run
[725.8430]   API 1001 run
[725.8890]   API 1002 run
[726.0830]   API 1000 run
[726.0920]   API 1001 run
[726.1370]   API 1002 run
[726.3290]   API 1000 run
[726.3390]   API 1001 run
[726.3850]   API 1002 run
[726.5950]   API 1000 run
[726.6050]   API 1001 run
[726.6520]   API 1002 run
[726.8470]   API 1000 run
[726.8560]   API 1001 run
[726.9010]   API 1002 run
[727.0990]   API 1000 run
[727.1090]   API 1001 run
[727.1540]   API 1002 run
[727.3590]   API 1000 run
[727.3690]   API 1001 run
[727.4180]   API 1002 run
[727.6440]   API 1000 run
[727.6530]   API 1001 run
[727.7010]   API 1002 run
[727.8960]   API 1000 run
[727.9060]   API 1001 run
[727.9510]   API 1002 run
[728.1510]   API 1000 run
[728.1600]   API 1001 run
[728.2050]   API 1002 run
[728.4040]   API 1000 run
[728.4130]   API 1001 run
[728.4590]   API 1002 run
[728.6680]   API 1000 run
[728.6780]   API 1001 run
[728.7240]   API 1002 run
[728.9190]   API 1000 run
[728.9280]   API 1001 run
[728.9740]   API 1002 run
[729.1680]   API 1000 run
[729.1770]   API 1001 run
[729.2320]   API 1002 run
[729.4280]   API 1000 run
[729.4370]   API 1001 run
[729.4830]   API 1002 run
[729.6980]   API 1000 run
[729.7120]   API 1001 run
[729.7580]   API 1002 run
[729.9520]   API 1000 run
[729.9620]   API 1001 run
[730.0080]   API 1002 run
[730.2000]   API 1000 run
[730.2100]   API 1001 run
[730.2540]   API 1002 run
[730.4470]   API 1000 run
[730.4570]   API 1001 run
[730.5030]   API 1002 run
[730.7150]   API 1000 run
[730.7240]   API 1001 run
[730.7710]   API 1002 run
[730.9640]   API 1000 run
[730.9730]   API 1001 run
[731.0190]   API 1002 run
[731.2190]   API 1000 run
[731.2280]   API 1001 run
[731.2790]   API 1002 run
[731.4840]   API 1000 run
[731.4940]   API 1001 run
[731.5570]   API 1002 run
[731.7570]   API 1000 run
[731.7670]   API 1001 run
[731.8120]   API 1002 run
[732.0050]   API 1000 run
[732.0140]   API 1001 run
[732.0600]   API 1002 run
[732.2530]   API 1000 run
[732.2630]   API 1001 run
[732.3080]   API 1002 run
[732.5100]   API 1000 run
[732.5190]   API 1001 run
[732.5790]   API 1002 run
[732.7800]   API 1000 run
[732.7900]   API 1001 run
[732.8350]   API 1002 run
[733.0280]   API 1000 run
[733.0380]   API 1001 run
[733.0830]   API 1002 run
[733.2750]   API 1000 run
[733.2840]   API 1001 run
[733.3300]   API 1002 run
[733.5220]   API 1000 run
[733.5440]   API 1001 run
[733.6010]   API 1002 run
[733.8060]   API 1000 run
[733.8150]   API 1001 run
[733.8600]   API 1002 run
[734.0540]   API 1000 run
[734.0630]   API 1001 run
[734.1080]   API 1002 run
[734.3000]   API 1000 run
[734.3090]   API 1001 run
[734.3540]   API 1002 run
[734.5640]   API 1000 run
[734.5740]   API 1001 run
[734.6260]   API 1002 run
[734.8230]   API 1000 run
[734.8330]   API 1001 run
[734.8780]   API 1002 run
[735.0780]   API 1000 run
[735.0870]   API 1001 run
[735.1320]   API 1002 run
[735.3240]   API 1000 run
[735.3420]   API 1001 run
[735.3900]   API 1002 run
[735.6100]   API 1000 run
[735.6200]   API 1001 run
[735.6670]   API 1002 run
[735.8620]   API 1000 run
[735.8720]   API 1001 run
[735.9170]   API 1002 run
[736.1110]   API 1000 run
[736.1200]   API 1001 run
[736.1650]   API 1002 run
[736.3630]   API 1000 run
[736.3730]   API 1001 run
[736.4190]   API 1002 run
[736.6290]   API 1000 run
[736.6380]   API 1001 run
[736.6850]   API 1002 run
[736.8800]   API 1000 run
[736.8900]   API 1001 run
[736.9340]   API 1002 run
[737.1280]   API 1000 run
[737.1370]   API 1001 run
[737.1820]   API 1002 run
[737.3750]   API 1000 run
[737.3850]   API 1001 run
[737.4300]   API 1002 run
[737.6380]   API 1000 run
[737.6540]   API 1001 run
[737.7010]   API 1002 run
[737.9040]   API 1000 run
[737.9140]   API 1001 run
[737.9590]   API 1002 run
[738.1530]   API 1000 run
[738.1620]   API 1001 run
[738.2080]   API 1002 run
[738.4030]   API 1000 run
[738.4120]   API 1001 run
[738.4570]   API 1002 run
[738.6710]   API 1000 run
[738.6800]   API 1001 run
[738.7270]   API 1002 run
[738.9220]   API 1000 run
[738.9310]   API 1001 run
[738.9770]   API 1002 run
[739.1780]   API 1000 run
[739.1880]   API 1001 run
[739.2340]   API 1002 run
[739.4380]   API 1000 run
[739.4470]   API 1001 run
[739.4950]   API 1002 run
[739.7060]   API 1000 run
[739.7150]   API 1001 run
[739.7610]   API 1002 run
[739.9530]   API 1000 run
[739.9630]   API 1001 run
[740.0100]   API 1002 run
[740.2070]   API 1000 run
[740.2160]   API 1001 run
[740.2620]   API 1002 run
[740.4600]   API 1000 run
[740.4690]   API 1001 run
[740.5140]   API 1002 run
[740.7310]   API 1000 run
[740.7410]   API 1001 run
[740.7870]   API 1002 run
[740.9820]   API 1000 run
[740.9910]   API 1001 run
[741.0780]   API 1002 run
[741.3680]   API 1000 run
[741.3770]   API 1001 run
[741.4270]   API 1002 run
[741.6510]   API 1000 run
[741.6600]   API 1001 run
[741.7140]   API 1002 run
[741.9230]   API 1000 run
[741.9330]   API 1001 run
[741.9780]   API 1002 run
[742.1760]   API 1000 run
[742.1850]   API 1001 run
[742.2320]   API 1002 run
[742.5090]   API 1000 run
[742.5180]   API 1001 run
[742.5940]   API 1002 run
[742.8490]   API 1000 run
[742.8590]   API 1001 run
[742.9160]   API 1002 run
[743.1640]   API 1000 run
[743.1740]   API 1001 run
[743.2320]   API 1002 run
[743.5040]   API 1000 run
[743.5140]   API 1001 run
[743.5830]   API 1002 run
[743.7940]   API 1000 run
[743.8030]   API 1001 run
[743.8490]   API 1002 run
[744.0470]   API 1000 run
[744.0570]   API 1001 run
[744.1030]   API 1002 run
[744.2990]   API 1000 run
[744.3080]   API 1001 run
[744.3540]   API 1002 run
[744.5670]   API 1000 run
[744.5770]   API 1001 run
[744.6230]   API 1002 run
[744.8280]   API 1000 run
[744.8370]   API 1001 run
[744.8830]   API 1002 run
[745.0840]   API 1000 run
[745.0930]   API 1001 run
[745.1420]   API 1002 run
[745.3400]   API 1000 run
[745.3490]   API 1001 run
[745.4030]   API 1002 run
[745.6180]   API 1000 run
[745.6270]   API 1001 run
[745.6740]   API 1002 run
[745.8810]   API 1000 run
[745.8900]   API 1001 run
[745.9350]   API 1002 run
[746.1500]   API 1000 run
[746.1590]   API 1001 run
[746.2040]   API 1002 run
[746.3680]   API 1000 run
[746.3770]   API 1001 run
[746.4210]   API 1002 run
[835.9920]   API 1000 run
[836.1080]   API 1001 run
[836.3390]   API 1002 run
[910.1970]   API 1000 run
[910.2090]   API 1001 run
[910.2760]   API 1002 run
[910.8160]   API 7 run
[911.2660]   API 1000 run
[911.2850]   API 1001 run
[911.3710]   API 1002 run
[913.1140]   API 1000 run
[913.1240]   API 1001 run
[913.1840]   API 1002 run
[913.3700]   API 1000 run
[913.3790]   API 1001 run
[913.4310]   API 1002 run
[915.3400]   API 1000 run
[915.3590]   API 1001 run
[915.4390]   API 1002 run
[966.2130]   API 1000 run
[966.2240]   API 1001 run
[966.2860]   API 1002 run
[966.6530]   API 1000 run
[966.6640]   API 1001 run
[966.7220]   API 1002 run
[967.1480]   API 7 run
[967.8270]   API 1000 run
[967.8380]   API 1001 run
[967.9010]   API 1002 run
[969.2800]   API 1000 run
[969.2890]   API 1001 run
[969.3410]   API 1002 run
[973.0800]   API 1000 run
[973.0910]   API 1001 run
[973.1560]   API 1002 run
[976.0300]   API 1000 run
[976.0470]   API 1001 run
[976.1050]   API 1002 run
[979.8260]   API 1000 run
[979.8480]   API 1001 run
[979.9410]   API 1002 run
[1345.8800]   API 1000 run
[1345.8929]   API 1001 run
[1345.9650]   API 1002 run
[1348.1300]   API 3 run
[1348.3770]   API 1000 run
[1348.3950]   API 1001 run
[1348.5350]   API 1002 run
[1348.6550]   API 7 run
[1349.8220]   API 22 run
[1350.0510]   API 1000 run
[1350.0699]   API 1001 run
[1575.6270]   PRESENT START 1
[1578.9690]   SOCKET END 0
[1578.9690]   API 1002 run
[1578.9700]   CYCLE End 1
[1578.9900]   API 3 run
[1579.0620]   API 1000 run
[1579.0740]   API 1001 run
[1579.1410]   API 1002 run
[1579.2111]   API 7 run
[1580.1530]   API 22 run
[1580.1910]   API 1000 run
[1580.2040]   API 1001 run
[1580.6851]   API 3000 run
[1584.3790]   PRESENT END 2
[1807.5190]   PRESENT START 1
[1809.9740]   SOCKET END 0
[1809.9740]   API 1002 run
[1809.9750]   CYCLE End 1
[1809.9969]   API 3 run
[1810.1040]   API 1000 run
[1810.1180]   API 1001 run
[1810.1880]   API 1002 run
[1810.2660]   API 7 run
[1810.8180]   API 22 run
[1810.8621]   API 1000 run
[1810.8740]   API 1001 run
[1812.1340]   API 3000 run
[1814.7770]   PRESENT END 2
[2038.4430]   PRESENT START 1
[2040.9490]   SOCKET END 0
[2040.9490]   API 1002 run
[2040.9500]   CYCLE End 1
[2040.9720]   API 3 run
[2041.0770]   API 1000 run
[2041.0920]   API 1001 run
[2041.1610]   API 1002 run
[2041.2350]   API 7 run
[2041.7880]   API 22 run
[2041.8270]   API 1000 run
[2041.8390]   API 1001 run
[2043.0179]   API 3000 run
[2044.7760]   PRESENT END 2
[2271.0879]   PRESENT START 1
[2273.5879]   SOCKET END 0
[2273.5879]   API 1002 run
[2273.5891]   CYCLE End 1
[2273.6089]   API 3 run
[2273.7019]   API 1000 run
[2273.7151]   API 1001 run
[2273.7830]   API 1002 run
[2273.8569]   API 7 run
[2274.3621]   API 22 run
[2274.3979]   API 1000 run
[2274.4099]   API 1001 run
[2275.7771]   API 3000 run
[2277.7610]   PRESENT END 2
[2502.9800]   PRESENT START 1
[2505.4470]   SOCKET END 0
[2505.4470]   API 1002 run
[2505.4490]   CYCLE End 1
[2505.4810]   API 3 run
[2505.5840]   API 1000 run
[2505.5991]   API 1001 run
[2505.6721]   API 1002 run
[2505.7490]   API 7 run
[2506.3159]   API 22 run
[2506.3550]   API 1000 run
[2506.3669]   API 1001 run
[2507.6909]   API 3000 run
[2509.4680]   PRESENT END 2
[2734.4971]   PRESENT START 1
[2738.4971]   SOCKET END 0
[2738.4980]   API 1002 run
[2738.4990]   CYCLE End 1
[2738.5200]   API 3 run
[2738.6189]   API 1000 run
[2738.6321]   API 1001 run
[2738.7029]   API 1002 run
[2738.7810]   API 7 run
[2739.1589]   API 3000 run
[2739.1980]   API 22 run
[2739.2549]   API 1000 run
[2739.2690]   API 1001 run
[2740.8550]   PRESENT END 2
[2966.3621]   PRESENT START 1
[2968.7539]   SOCKET END 0
[2968.7549]   API 1002 run
[2968.7549]   CYCLE End 1
[2968.7759]   API 3 run
[2968.8679]   API 1000 run
[2968.8811]   API 1001 run
[2968.9500]   API 1002 run
[2969.0339]   API 7 run
[2969.5649]   API 22 run
[2969.6030]   API 1000 run
[2969.6169]   API 1001 run
[2971.0840]   API 3000 run
[2972.7810]   PRESENT END 2
[3198.5730]   PRESENT START 1
[3200.9800]   SOCKET END 0
[3200.9800]   API 1002 run
[3200.9810]   CYCLE End 1
[3201.0010]   API 3 run
[3201.0891]   API 1000 run
[3201.1011]   API 1001 run
[3201.1699]   API 1002 run
[3201.2439]   API 7 run
[3201.8301]   API 22 run
[3201.8679]   API 1000 run
[3201.8811]   API 1001 run
[3203.3110]   API 3000 run
[3205.2251]   PRESENT END 2
[3431.5229]   PRESENT START 1
[3433.9780]   SOCKET END 0
[3433.9780]   API 1002 run
[3433.9790]   CYCLE End 1
[3434.0010]   API 3 run
[3434.0991]   API 1000 run
[3434.1130]   API 1001 run
[3434.1809]   API 1002 run
[3434.2561]   API 7 run
[3434.8740]   API 22 run
[3434.9121]   API 1000 run
[3434.9250]   API 1001 run
[3436.1980]   API 3000 run
[3438.8860]   PRESENT END 2
[3663.5801]   PRESENT START 1
[3666.0229]   SOCKET END 0
[3666.0239]   API 1002 run
[3666.0249]   CYCLE End 1
[3666.0471]   API 3 run
[3666.1389]   API 1000 run
[3666.1531]   API 1001 run
[3666.2219]   API 1002 run
[3666.2959]   API 7 run
[3666.9299]   API 22 run
[3666.9790]   API 1000 run
[3666.9919]   API 1001 run
[3668.1489]   API 3000 run
[3670.7581]   PRESENT END 2
[3894.6169]   PRESENT START 1
[3898.0020]   SOCKET END 0
[3898.0020]   API 1002 run
[3898.0029]   CYCLE End 1
[3898.0239]   API 3 run
[3898.1050]   API 1000 run
[3898.1169]   API 1001 run
[3898.1841]   API 1002 run
[3898.2571]   API 7 run
[3898.9819]   API 22 run
[3899.0190]   API 1000 run
[3899.0310]   API 1001 run
[3899.0911]   API 3000 run
[3901.7820]   PRESENT END 2
[4127.2451]   PRESENT START 1
[4132.1812]   API 3000 run
[4132.2168]   SOCKET END 0
[4132.2168]   API 1002 run
[4132.2178]   CYCLE End 1
[4132.2388]   API 3 run
[4132.3188]   API 1000 run
[4132.3311]   API 1001 run
[4132.4160]   API 1002 run
[4132.5039]   API 7 run
[4132.9302]   API 22 run
[4132.9702]   API 1000 run
[4132.9829]   API 1001 run
[4134.7422]   PRESENT END 2
[4362.2148]   PRESENT START 1
[4365.7739]   SOCKET END 0
[4365.7739]   API 1002 run
[4365.7749]   CYCLE End 1
[4365.7969]   API 3 run
[4365.8828]   API 1000 run
[4365.8950]   API 1001 run
[4365.9629]   API 1002 run
[4366.0381]   API 7 run
[4366.4438]   API 22 run
[4366.4771]   API 1000 run
[4366.4888]   API 1001 run
[4366.9009]   API 3000 run
[4368.8252]   PRESENT END 2
[4594.0181]   PRESENT START 1
[4597.3618]   SOCKET END 0
[4597.3618]   API 1002 run
[4597.3628]   CYCLE End 1
[4597.3921]   API 3 run
[4597.4712]   API 1000 run
[4597.4829]   API 1001 run
[4597.5508]   API 1002 run
[4597.6250]   API 7 run
[4598.0132]   API 22 run
[4598.0449]   API 1000 run
[4598.0679]   API 1001 run
[4598.8892]   API 3000 run
[4600.6030]   PRESENT END 2
[4827.9521]   PRESENT START 1
[4831.4922]   SOCKET END 0
[4831.4922]   API 1002 run
[4831.4932]   CYCLE End 1
[4831.5112]   API 3 run
[4831.5669]   API 1000 run
[4831.5771]   API 1001 run
[4831.6392]   API 1002 run
[4831.7212]   API 7 run
[4832.0752]   API 22 run
[4832.1050]   API 1000 run
[4832.1172]   API 1001 run
[4832.7222]   API 3000 run
[4834.4902]   PRESENT END 2
[5061.1230]   PRESENT START 1
[5064.9502]   SOCKET END 0
[5064.9502]   API 1002 run
[5064.9512]   CYCLE End 1
[5064.9712]   API 3 run
[5065.0498]   API 1000 run
[5065.0630]   API 1001 run
[5065.1289]   API 1002 run
[5065.1992]   API 7 run
[5065.6060]   API 22 run
[5065.6392]   API 1000 run
[5065.6509]   API 1001 run
[5065.8491]   API 3000 run
[5067.7109]   PRESENT END 2
[5294.5591]   PRESENT START 1
[5298.5811]   SOCKET END 0
[5298.5811]   API 1002 run
[5298.5820]   CYCLE End 1
[5298.6021]   API 3 run
[5298.6758]   API 1000 run
[5298.6880]   API 1001 run
[5298.7539]   API 1002 run
[5298.8242]   API 7 run
[5299.2012]   API 22 run
[5299.2280]   API 3000 run
[5299.2319]   API 1000 run
[5299.2451]   API 1001 run
[5300.9292]   PRESENT END 2
[5528.0718]   PRESENT START 1
[5531.4111]   SOCKET END 0
[5531.4111]   API 1002 run
[5531.4111]   CYCLE End 1
[5531.4268]   API 3 run
[5531.4839]   API 1000 run
[5531.4941]   API 1001 run
[5531.5581]   API 1002 run
[5531.6250]   API 7 run
[5532.4780]   API 22 run
[5532.5112]   API 1000 run
[5532.5229]   API 1001 run
[5532.6548]   API 3000 run
[5535.3862]   PRESENT END 2
[5759.9399]   PRESENT START 1
[5763.2959]   SOCKET END 0
[5763.2959]   API 1002 run
[5763.2969]   CYCLE End 1
[5763.3242]   API 3 run
[5763.4141]   API 1000 run
[5763.4258]   API 1001 run
[5763.4941]   API 1002 run
[5763.5688]   API 7 run
[5764.3760]   API 22 run
[5764.4102]   API 1000 run
[5764.4219]   API 1001 run
[5764.6621]   API 3000 run
[5767.1558]   PRESENT END 2
[5994.0068]   PRESENT START 1
[5997.5278]   SOCKET END 0
[5997.5278]   API 1002 run
[5997.5288]   CYCLE End 1
[5997.5508]   API 3 run
[5997.6348]   API 1000 run
[5997.6470]   API 1001 run
[5997.7129]   API 1002 run
[5997.7842]   API 7 run
[5998.3398]   API 22 run
[5998.3750]   API 1000 run
[5998.3882]   API 1001 run
[5998.8091]   API 3000 run
[6001.5498]   PRESENT END 2
[6228.3638]   PRESENT START 1
[6231.6572]   SOCKET END 0
[6231.6572]   API 1002 run
[6231.6582]   CYCLE End 1
[6231.6758]   API 3 run
[6231.7271]   API 1000 run
[6231.7388]   API 1001 run
[6231.7988]   API 1002 run
[6231.8682]   API 7 run
[6232.7002]   API 22 run
[6232.7319]   API 1000 run
[6232.7451]   API 1001 run
[6233.1548]   API 3000 run
[6235.7061]   PRESENT END 2
[6461.6641]   PRESENT START 1
[6465.2002]   SOCKET END 0
[6465.2002]   API 1002 run
[6465.2012]   CYCLE End 1
[6465.2222]   API 3 run
[6465.3218]   API 1000 run
[6465.3350]   API 1001 run
[6465.4028]   API 1002 run
[6465.4702]   API 7 run
[6466.1602]   API 22 run
[6466.1968]   API 1000 run
[6466.2090]   API 1001 run
[6466.2271]   API 3000 run
[6468.8369]   PRESENT END 2
[6696.1338]   PRESENT START 1
[6699.9482]   SOCKET END 0
[6699.9492]   API 1002 run
[6699.9502]   CYCLE End 1
[6699.9741]   API 3 run
[6700.0620]   API 1000 run
[6700.0840]   API 1001 run
[6700.1592]   API 1002 run
[6700.2271]   API 7 run
[6700.6538]   API 22 run
[6700.6890]   API 1000 run
[6700.7012]   API 1001 run
[6700.7861]   API 3000 run
[6703.4912]   PRESENT END 2
[6929.0708]   PRESENT START 1
[6932.4692]   SOCKET END 0
[6932.4692]   API 1002 run
[6932.4702]   CYCLE End 1
[6932.4912]   API 3 run
[6932.5771]   API 1000 run
[6932.5889]   API 1001 run
[6932.6558]   API 1002 run
[6932.7251]   API 7 run
[6933.4692]   API 22 run
[6933.5078]   API 1000 run
[6933.5210]   API 1001 run
[6933.7900]   API 3000 run
[6936.3799]   PRESENT END 2
[7162.8760]   PRESENT START 1
[7167.0752]   SOCKET END 0
[7167.0752]   API 1002 run
[7167.0762]   CYCLE End 1
[7167.0952]   API 3 run
[7167.1548]   API 1000 run
[7167.1660]   API 1001 run
[7167.2290]   API 1002 run
[7167.3101]   API 7 run
[7167.6401]   API 3000 run
[7167.7158]   API 22 run
[7167.7471]   API 1000 run
[7167.7588]   API 1001 run
[7170.3618]   PRESENT END 2
[7396.8130]   PRESENT START 1
[7400.2290]   SOCKET END 0
[7400.2300]   API 1002 run
[7400.2310]   CYCLE End 1
[7400.2612]   API 3 run
[7400.3359]   API 1000 run
[7400.3481]   API 1001 run
[7400.4150]   API 1002 run
[7400.4858]   API 7 run
[7401.4121]   API 22 run
[7401.4482]   API 1000 run
[7401.4609]   API 1001 run
[7401.5352]   API 3000 run
[7404.0952]   PRESENT END 2
[7630.8672]   PRESENT START 1
[7634.8750]   SOCKET END 0
[7634.8750]   API 1002 run
[7634.8760]   CYCLE End 1
[7634.8999]   API 3 run
[7634.9932]   API 1000 run
[7635.0068]   API 1001 run
[7635.0952]   API 1002 run
[7635.1699]   API 7 run
[7635.6069]   API 22 run
[7635.6538]   API 1000 run
[7635.6670]   API 1001 run
[7635.6782]   API 3000 run
[7638.3818]   PRESENT END 2
[7865.4751]   PRESENT START 1
[7868.9668]   SOCKET END 0
[7868.9668]   API 1002 run
[7868.9678]   CYCLE End 1
[7868.9858]   API 3 run
[7869.0400]   API 1000 run
[7869.0508]   API 1001 run
[7869.1118]   API 1002 run
[7869.1821]   API 7 run
[7869.8198]   API 22 run
[7869.8550]   API 1000 run
[7869.8682]   API 1001 run
[7870.1382]   API 3000 run
[7872.7329]   PRESENT END 2
[8098.8311]   PRESENT START 1
[8102.2930]   SOCKET END 0
[8102.2939]   API 1002 run
[8102.2949]   CYCLE End 1
[8102.3159]   API 3 run
[8102.3911]   API 1000 run
[8102.4028]   API 1001 run
[8102.4692]   API 1002 run
[8102.5381]   API 7 run
[8103.2651]   API 22 run
[8103.3008]   API 1000 run
[8103.3130]   API 1001 run
[8103.5918]   API 3000 run
[8106.1240]   PRESENT END 2
[8332.3926]   PRESENT START 1
[8336.4678]   SOCKET END 0
[8336.4688]   API 1002 run
[8336.4697]   CYCLE End 1
[8336.4932]   API 3 run
[8336.5840]   API 1000 run
[8336.5977]   API 1001 run
[8336.6650]   API 1002 run
[8336.7344]   API 7 run
[8337.0752]   API 3000 run
[8337.1572]   API 22 run
[8337.1924]   API 1000 run
[8337.2188]   API 1001 run
[8339.8330]   PRESENT END 2
[8566.9492]   PRESENT START 1
[8570.2217]   SOCKET END 0
[8570.2217]   API 1002 run
[8570.2227]   CYCLE End 1
[8570.2422]   API 3 run
[8570.3203]   API 1000 run
[8570.3320]   API 1001 run
[8570.3994]   API 1002 run
[8570.4668]   API 7 run
[8571.3584]   API 22 run
[8571.4043]   API 1000 run
[8571.4160]   API 1001 run
[8571.7588]   API 3000 run
[8574.3008]   PRESENT END 2
[8800.3916]   PRESENT START 1
[8803.7988]   SOCKET END 0
[8803.7988]   API 1002 run
[8803.7998]   CYCLE End 1
[8803.8213]   API 3 run
[8803.9014]   API 1000 run
[8803.9131]   API 1001 run
[8803.9785]   API 1002 run
[8804.0547]   API 7 run
[8804.7646]   API 22 run
[8804.8018]   API 1000 run
[8804.8145]   API 1001 run
[8805.0820]   API 3000 run
[8807.7881]   PRESENT END 2
[9035.2949]   PRESENT START 1
[9039.6260]   SOCKET END 0
[9039.6270]   API 1002 run
[9039.6279]   CYCLE End 1
[9039.6494]   API 3 run
[9039.7441]   API 1000 run
[9039.7568]   API 1001 run
[9039.8242]   API 1002 run
[9039.8984]   API 7 run
[9040.1680]   API 3000 run
[9040.3252]   API 22 run
[9040.3643]   API 1000 run
[9040.3770]   API 1001 run
[9041.8213]   PRESENT END 2
[9269.8789]   PRESENT START 1
[9273.2793]   SOCKET END 0
[9273.2793]   API 1002 run
[9273.2803]   CYCLE End 1
[9273.2998]   API 3 run
[9273.3828]   API 1000 run
[9273.3965]   API 1001 run
[9273.4629]   API 1002 run
[9273.5371]   API 7 run
[9274.2959]   API 22 run
[9274.3340]   API 1000 run
[9274.3457]   API 1001 run
[9274.7471]   API 3000 run
[9277.4805]   PRESENT END 2
[9504.1201]   PRESENT START 1
[9507.5791]   SOCKET END 0
[9507.5791]   API 1002 run
[9507.5801]   CYCLE End 1
[9507.5996]   API 3 run
[9507.6748]   API 1000 run
[9507.6865]   API 1001 run
[9507.7539]   API 1002 run
[9507.8271]   API 7 run
[9508.6660]   API 22 run
[9508.7109]   API 1000 run
[9508.7227]   API 1001 run
[9508.8232]   API 3000 run
[9511.4658]   PRESENT END 2
[9738.4131]   PRESENT START 1
[9742.0195]   SOCKET END 0
[9742.0195]   API 1002 run
[9742.0215]   CYCLE End 1
[9742.0430]   API 3 run
[9742.1162]   API 1000 run
[9742.1270]   API 1001 run
[9742.2090]   API 1002 run
[9742.2812]   API 7 run
[9742.9531]   API 22 run
[9742.9902]   API 1000 run
[9743.0020]   API 1001 run
[9743.1338]   API 3000 run
[9745.6406]   PRESENT END 2
[9972.4199]   PRESENT START 1
[9975.6924]   SOCKET END 0
[9975.6924]   API 1002 run
[9975.6934]   CYCLE End 1
[9975.7158]   API 3 run
[9975.8145]   API 1000 run
[9975.8281]   API 1001 run
[9975.8965]   API 1002 run
[9975.9668]   API 7 run
[9976.8604]   API 22 run
[9976.8984]   API 1000 run
[9976.9111]   API 1001 run
[9977.1309]   API 3000 run
[9979.9141]   PRESENT END 2
[10206.5781]   PRESENT START 1
[10209.9326]   SOCKET END 0
[10209.9326]   API 1002 run
[10209.9336]   CYCLE End 1
[10209.9531]   API 3 run
[10210.0352]   API 1000 run
[10210.0479]   API 1001 run
[10210.1162]   API 1002 run
[10210.2012]   API 7 run
[10210.9951]   API 22 run
[10211.0312]   API 1000 run
[10211.0430]   API 1001 run
[10211.0869]   API 3000 run
[10213.6387]   PRESENT END 2
[10441.3750]   PRESENT START 1
[10445.4102]   SOCKET END 0
[10445.4102]   API 1002 run
[10445.4111]   CYCLE End 1
[10445.4316]   API 3 run
[10445.5059]   API 1000 run
[10445.5166]   API 1001 run
[10445.5820]   API 1002 run
[10445.6533]   API 7 run
[10446.0303]   API 22 run
[10446.0654]   API 3000 run
[10446.0732]   API 1000 run
[10446.0938]   API 1001 run
[10447.8311]   PRESENT END 2
[10675.6914]   PRESENT START 1
[10679.0674]   SOCKET END 0
[10679.0674]   API 1002 run
[10679.0684]   CYCLE End 1
[10679.0879]   API 3 run
[10679.1738]   API 1000 run
[10679.1855]   API 1001 run
[10679.2539]   API 1002 run
[10679.3242]   API 7 run
[10680.2725]   API 22 run
[10680.3066]   API 3000 run
[10680.3076]   API 1000 run
[10680.3203]   API 1001 run
[10682.9297]   PRESENT END 2
[10909.3936]   PRESENT START 1
[10913.2734]   SOCKET END 0
[10913.2734]   API 1002 run
[10913.2744]   CYCLE End 1
[10913.2959]   API 3 run
[10913.3770]   API 1000 run
[10913.3896]   API 1001 run
[10913.4570]   API 1002 run
[10913.5273]   API 7 run
[10913.9209]   API 22 run
[10913.9561]   API 1000 run
[10913.9678]   API 1001 run
[10914.2227]   API 3000 run
[10916.9648]   PRESENT END 2
[11144.4170]   PRESENT START 1
[11148.0547]   SOCKET END 0
[11148.0547]   API 1002 run
[11148.0557]   CYCLE End 1
[11148.0762]   API 3 run
[11148.1641]   API 1000 run
[11148.1768]   API 1001 run
[11148.2461]   API 1002 run
[11148.3174]   API 7 run
[11148.7051]   API 22 run
[11148.7383]   API 1000 run
[11148.7510]   API 1001 run
[11149.1631]   API 3000 run
[11150.8486]   PRESENT END 2
[11379.4883]   PRESENT START 1
[11382.9043]   SOCKET END 0
[11382.9053]   API 1002 run
[11382.9062]   CYCLE End 1
[11382.9268]   API 3 run
[11382.9941]   API 1000 run
[11383.0059]   API 1001 run
[11383.0859]   API 1002 run
[11383.1572]   API 7 run
[11383.8467]   API 22 run
[11383.8936]   API 1000 run
[11383.9062]   API 1001 run
[11384.2256]   API 3000 run
[11386.7939]   PRESENT END 2
[11613.4990]   PRESENT START 1
[11617.8076]   SOCKET END 0
[11617.8076]   API 1002 run
[11617.8086]   CYCLE End 1
[11617.8320]   API 3 run
[11617.9082]   API 1000 run
[11617.9209]   API 1001 run
[11617.9893]   API 1002 run
[11618.0576]   API 7 run
[11618.2568]   API 3000 run
[11618.4629]   API 22 run
[11618.4990]   API 1000 run
[11618.5098]   API 1001 run
[11619.9570]   PRESENT END 2
[11849.4990]   PRESENT START 1
[11852.9922]   SOCKET END 0
[11852.9922]   API 1002 run
[11852.9932]   CYCLE End 1
[11853.0127]   API 3 run
[11853.0957]   API 1000 run
[11853.1074]   API 1001 run
[11853.1729]   API 1002 run
[11853.2451]   API 7 run
[11853.7539]   API 22 run
[11853.7891]   API 1000 run
[11853.8008]   API 1001 run
[11854.2051]   API 3000 run
[11856.9932]   PRESENT END 2
[12083.4131]   PRESENT START 1
[12086.7920]   SOCKET END 0
[12086.7920]   API 1002 run
[12086.7930]   CYCLE End 1
[12086.8105]   API 3 run
[12086.8711]   API 1000 run
[12086.8818]   API 1001 run
[12086.9443]   API 1002 run
[12087.0127]   API 7 run
[12087.8857]   API 22 run
[12087.9219]   API 1000 run
[12087.9336]   API 1001 run
[12088.1641]   API 3000 run
[12090.6738]   PRESENT END 2
[12318.2617]   PRESENT START 1
[12320.6621]   SOCKET END 0
[12320.6631]   API 1002 run
[12320.6641]   CYCLE End 1
[12320.6846]   API 3 run
[12320.7568]   API 1000 run
[12320.7686]   API 1001 run
[12320.8350]   API 1002 run
[12320.9033]   API 7 run
[12321.4922]   API 22 run
[12321.5381]   API 1000 run
[12321.5498]   API 1001 run
[12322.9434]   API 3000 run
[12325.6348]   PRESENT END 2
[12552.7529]   PRESENT START 1
[12555.1152]   SOCKET END 0
[12555.1152]   API 1002 run
[12555.1162]   CYCLE End 1
[12555.1367]   API 3 run
[12555.2256]   API 1000 run
[12555.2383]   API 1001 run
[12555.3047]   API 1002 run
[12555.4482]   API 7 run
[12556.0518]   API 22 run
[12556.0918]   API 1000 run
[12556.1035]   API 1001 run
[12557.4766]   API 3000 run
[12559.2051]   PRESENT END 2
[12786.0791]   PRESENT START 1
[12788.4883]   SOCKET END 0
[12788.4883]   API 1002 run
[12788.4883]   CYCLE End 1
[12788.5039]   API 3 run
[12788.5518]   API 1000 run
[12788.5645]   API 1001 run
[12788.6260]   API 1002 run
[12788.6934]   API 7 run
[12789.3164]   API 22 run
[12789.3477]   API 1000 run
[12789.3613]   API 1001 run
[12790.7139]   API 3000 run
[12793.4277]   PRESENT END 2
[13019.3975]   PRESENT START 1
[13021.8418]   SOCKET END 0
[13021.8418]   API 1002 run
[13021.8428]   CYCLE End 1
[13021.8672]   API 3 run
[13021.9521]   API 1000 run
[13021.9648]   API 1001 run
[13022.0488]   API 1002 run
[13022.1191]   API 7 run
[13022.6855]   API 22 run
[13022.7207]   API 1000 run
[13022.7324]   API 1001 run
[13024.0781]   API 3000 run
[13026.8535]   PRESENT END 2
[13252.8145]   PRESENT START 1
[13256.2188]   SOCKET END 0
[13256.2197]   API 1002 run
[13256.2197]   CYCLE End 1
[13256.2432]   API 3 run
[13256.3193]   API 1000 run
[13256.3311]   API 1001 run
[13256.3975]   API 1002 run
[13256.4648]   API 7 run
[13256.8467]   API 22 run
[13256.8789]   API 1000 run
[13256.8906]   API 1001 run
[13257.5371]   API 3000 run
[13259.2109]   PRESENT END 2
[13488.2275]   PRESENT START 1
[13490.6016]   SOCKET END 0
[13490.6025]   API 1002 run
[13490.6025]   CYCLE End 1
[13490.6230]   API 3 run
[13490.6904]   API 1000 run
[13490.7021]   API 1001 run
[13490.7666]   API 1002 run
[13490.8340]   API 7 run
[13491.4326]   API 22 run
[13491.4678]   API 1000 run
[13491.4805]   API 1001 run
[13493.0615]   API 3000 run
[13495.8281]   PRESENT END 2
[13721.8613]   PRESENT START 1
[13724.2900]   SOCKET END 0
[13724.2910]   API 1002 run
[13724.2920]   CYCLE End 1
[13724.3105]   API 3 run
[13724.3662]   API 1000 run
[13724.3770]   API 1001 run
[13724.4404]   API 1002 run
[13724.5078]   API 7 run
[13725.1562]   API 22 run
[13725.1885]   API 1000 run
[13725.2002]   API 1001 run
[13726.6064]   API 3000 run
[13729.1738]   PRESENT END 2
[13954.8613]   PRESENT START 1
[13957.2637]   SOCKET END 0
[13957.2646]   API 1002 run
[13957.2656]   CYCLE End 1
[13957.2881]   API 3 run
[13957.3613]   API 1000 run
[13957.3730]   API 1001 run
[13957.4424]   API 1002 run
[13957.5146]   API 7 run
[13958.1006]   API 22 run
[13958.1426]   API 1000 run
[13958.1562]   API 1001 run
[13959.6182]   API 3000 run
[13961.5928]   PRESENT END 2
[14188.5186]   PRESENT START 1
[14192.0605]   SOCKET END 0
[14192.0605]   API 1002 run
[14192.0615]   CYCLE End 1
[14192.0840]   API 3 run
[14192.1826]   API 1000 run
[14192.1963]   API 1001 run
[14192.2646]   API 1002 run
[14192.3398]   API 7 run
[14193.0752]   API 22 run
[14193.1143]   API 1000 run
[14193.1260]   API 1001 run
[14193.2881]   API 3000 run
[14195.9189]   PRESENT END 2
[14423.8770]   PRESENT START 1
[14427.1299]   SOCKET END 0
[14427.1299]   API 1002 run
[14427.1309]   CYCLE End 1
[14427.1543]   API 3 run
[14427.2500]   API 1000 run
[14427.2764]   API 1001 run
[14427.3584]   API 1002 run
[14427.4307]   API 7 run
[14428.1787]   API 22 run
[14428.2178]   API 1000 run
[14428.2324]   API 1001 run
[14428.6826]   API 3000 run
[14431.3555]   PRESENT END 2
[14658.0449]   PRESENT START 1
[14660.4883]   SOCKET END 0
[14660.4883]   API 1002 run
[14660.4902]   CYCLE End 1
[14660.5117]   API 3 run
[14660.6064]   API 1000 run
[14660.6201]   API 1001 run
[14660.6865]   API 1002 run
[14660.7568]   API 7 run
[14661.3965]   API 22 run
[14661.4326]   API 1000 run
[14661.4463]   API 1001 run
[14662.7441]   API 3000 run
[14664.5928]   PRESENT END 2
[14891.8486]   PRESENT START 1
[14894.2930]   SOCKET END 0
[14894.2939]   API 1002 run
[14894.2949]   CYCLE End 1
[14894.3184]   API 3 run
[14894.4141]   API 1000 run
[14894.4277]   API 1001 run
[14894.4932]   API 1002 run
[14894.5654]   API 7 run
[14895.1758]   API 22 run
[14895.2129]   API 1000 run
[14895.2266]   API 1001 run
[14896.4492]   API 3000 run
[14897.5850]   PRESENT END 2
[15125.4883]   PRESENT START 1
[15127.9180]   SOCKET END 0
[15127.9180]   API 1002 run
[15127.9199]   CYCLE End 1
[15127.9414]   API 3 run
[15128.0264]   API 1000 run
[15128.0400]   API 1001 run
[15128.1094]   API 1002 run
[15128.1777]   API 7 run
[15128.7686]   API 22 run
[15128.8037]   API 1000 run
[15128.8174]   API 1001 run
[15129.8574]   API 3000 run
[15131.0566]   PRESENT END 2
[15359.8916]   PRESENT START 1
[15362.2822]   SOCKET END 0
[15362.2822]   API 1002 run
[15362.2832]   CYCLE End 1
[15362.3057]   API 3 run
[15362.3965]   API 1000 run
[15362.4102]   API 1001 run
[15362.4746]   API 1002 run
[15362.5469]   API 7 run
[15363.1475]   API 22 run
[15363.1973]   API 1000 run
[15363.2100]   API 1001 run
[15364.3643]   API 3000 run
[15365.4932]   PRESENT END 2
[15594.1689]   PRESENT START 1
[15597.9717]   SOCKET END 0
[15597.9727]   API 1002 run
[15597.9736]   CYCLE End 1
[15597.9951]   API 3 run
[15598.0918]   API 1000 run
[15598.1064]   API 1001 run
[15598.1729]   API 1002 run
[15598.2461]   API 7 run
[15598.7354]   API 3000 run
[15598.9561]   API 22 run
[15598.9912]   API 1000 run
[15599.0049]   API 1001 run
[15599.9961]   PRESENT END 2
[15829.1035]   PRESENT START 1
[15831.4502]   SOCKET END 0
[15831.4512]   API 1002 run
[15831.4521]   CYCLE End 1
[15831.4746]   API 3 run
[15831.5713]   API 1000 run
[15831.5840]   API 1001 run
[15831.6494]   API 1002 run
[15831.7197]   API 7 run
[15832.3359]   API 22 run
[15832.3740]   API 1000 run
[15832.3877]   API 1001 run
[15833.5840]   API 3000 run
[15834.7939]   PRESENT END 2
[16063.8896]   PRESENT START 1
[16066.3262]   SOCKET END 0
[16066.3262]   API 1002 run
[16066.3271]   CYCLE End 1
[16066.3506]   API 3 run
[16066.4463]   API 1000 run
[16066.4600]   API 1001 run
[16066.5264]   API 1002 run
[16066.5957]   API 7 run
[16067.2041]   API 22 run
[16067.2412]   API 1000 run
[16067.2539]   API 1001 run
[16068.3682]   API 3000 run
[16069.5381]   PRESENT END 2
[16297.9912]   PRESENT START 1
[16300.4258]   SOCKET END 0
[16300.4258]   API 1002 run
[16300.4268]   CYCLE End 1
[16300.4502]   API 3 run
[16300.5400]   API 1000 run
[16300.5537]   API 1001 run
[16300.6201]   API 1002 run
[16300.6914]   API 7 run
[16301.2930]   API 22 run
[16301.3398]   API 1000 run
[16301.3535]   API 1001 run
[16302.4609]   API 3000 run
[16303.6367]   PRESENT END 2
[16532.4219]   PRESENT START 1
[16534.8281]   SOCKET END 0
[16534.8281]   API 1002 run
[16534.8301]   CYCLE End 1
[16534.8574]   API 3 run
[16534.9551]   API 1000 run
[16534.9707]   API 1001 run
[16535.0371]   API 1002 run
[16535.1113]   API 7 run
[16535.6953]   API 22 run
[16535.7324]   API 1000 run
[16535.7441]   API 1001 run
[16536.9727]   API 3000 run
[16538.1992]   PRESENT END 2
[16766.4629]   PRESENT START 1
[16769.8320]   SOCKET END 0
[16769.8320]   API 1002 run
[16769.8340]   CYCLE End 1
[16769.8633]   API 3 run
[16769.9609]   API 1000 run
[16769.9746]   API 1001 run
[16770.0430]   API 1002 run
[16770.1172]   API 7 run
[16770.9473]   API 3000 run
[16771.0293]   API 22 run
[16771.0664]   API 1000 run
[16771.0781]   API 1001 run
[16772.1289]   PRESENT END 2
[17001.4863]   PRESENT START 1
[17003.9082]   SOCKET END 0
[17003.9082]   API 1002 run
[17003.9082]   CYCLE End 1
[17003.9336]   API 3 run
[17004.0391]   API 1000 run
[17004.0566]   API 1001 run
[17004.1230]   API 1002 run
[17004.2031]   API 7 run
[17004.7871]   API 22 run
[17004.8418]   API 1000 run
[17004.8555]   API 1001 run
[17006.0273]   API 3000 run
[17007.3086]   PRESENT END 2
[17235.6680]   PRESENT START 1
[17238.0996]   SOCKET END 0
[17238.0996]   API 1002 run
[17238.1016]   CYCLE End 1
[17238.1230]   API 3 run
[17238.2207]   API 1000 run
[17238.2324]   API 1001 run
[17238.3008]   API 1002 run
[17238.3730]   API 7 run
[17239.0234]   API 22 run
[17239.0684]   API 1000 run
[17239.0801]   API 1001 run
[17240.1367]   API 3000 run
[17241.3125]   PRESENT END 2
[17470.1387]   PRESENT START 1
[17472.5449]   SOCKET END 0
[17472.5449]   API 1002 run
[17472.5449]   CYCLE End 1
[17472.5684]   API 3 run
[17472.6523]   API 1000 run
[17472.6641]   API 1001 run
[17472.7266]   API 1002 run
[17472.8008]   API 7 run
[17473.4082]   API 22 run
[17473.4453]   API 1000 run
[17473.4609]   API 1001 run
[17474.6641]   API 3000 run
[17475.8477]   PRESENT END 2
[17704.5020]   PRESENT START 1
[17708.3711]   SOCKET END 0
[17708.3711]   API 1002 run
[17708.3730]   CYCLE End 1
[17708.3945]   API 3 run
[17708.4805]   API 1000 run
[17708.4922]   API 1001 run
[17708.5566]   API 1002 run
[17708.6328]   API 7 run
[17708.9688]   API 3000 run
[17709.0684]   API 22 run
[17709.0996]   API 1000 run
[17709.1113]   API 1001 run
[17710.1406]   PRESENT END 2
[17939.7480]   PRESENT START 1
[17943.1484]   SOCKET END 0
[17943.1504]   API 1002 run
[17943.1523]   CYCLE End 1
[17943.1738]   API 3 run
[17943.2559]   API 1000 run
[17943.2676]   API 1001 run
[17943.3418]   API 1002 run
[17943.4199]   API 7 run
[17944.3262]   API 22 run
[17944.3555]   API 3000 run
[17944.3633]   API 1000 run
[17944.3770]   API 1001 run
[17945.5566]   PRESENT END 2
[18174.7695]   PRESENT START 1
[18178.0078]   SOCKET END 0
[18178.0078]   API 1002 run
[18178.0098]   CYCLE End 1
[18178.0312]   API 3 run
[18178.1113]   API 1000 run
[18178.1230]   API 1001 run
[18178.1875]   API 1002 run
[18178.2676]   API 7 run
[18179.1074]   API 22 run
[18179.1523]   API 1000 run
[18179.1641]   API 1001 run
[18179.3105]   API 3000 run
[18180.5664]   PRESENT END 2
[18410.0684]   PRESENT START 1
[18413.6699]   SOCKET END 0
[18413.6699]   API 1002 run
[18413.6719]   CYCLE End 1
[18413.6914]   API 3 run
[18413.7949]   API 1000 run
[18413.8086]   API 1001 run
[18413.8711]   API 1002 run
[18413.9434]   API 7 run
[18414.5449]   API 3000 run
[18414.5488]   API 22 run
[18414.5996]   API 1000 run
[18414.6094]   API 1001 run
[18415.7031]   PRESENT END 2
[18645.5684]   PRESENT START 1
[18648.9160]   SOCKET END 0
[18648.9160]   API 1002 run
[18648.9180]   CYCLE End 1
[18648.9395]   API 3 run
[18649.0254]   API 1000 run
[18649.0391]   API 1001 run
[18649.1016]   API 1002 run
[18649.1758]   API 7 run
[18649.9551]   API 3000 run
[18650.0605]   API 22 run
[18650.0957]   API 1000 run
[18650.1074]   API 1001 run
[18651.1367]   PRESENT END 2
[18881.3691]   PRESENT START 1
[18884.7793]   SOCKET END 0
[18884.7793]   API 1002 run
[18884.7793]   CYCLE End 1
[18884.8047]   API 3 run
[18884.8887]   API 1000 run
[18884.9023]   API 1001 run
[18884.9648]   API 1002 run
[18885.0566]   API 7 run
[18885.8203]   API 22 run
[18885.8594]   API 1000 run
[18885.8633]   API 3000 run
[18885.8711]   API 1001 run
[18887.0312]   PRESENT END 2
[19116.8086]   PRESENT START 1
[19121.2285]   SOCKET END 0
[19121.2285]   API 1002 run
[19121.2305]   CYCLE End 1
[19121.2520]   API 3 run
[19121.2773]   API 3000 run
[19121.3359]   API 1000 run
[19121.3477]   API 1001 run
[19121.4121]   API 1002 run
[19121.4883]   API 7 run
[19122.0586]   API 22 run
[19122.1035]   API 1000 run
[19122.1152]   API 1001 run
[19122.4570]   PRESENT END 2
[19352.8945]   PRESENT START 1
[19356.2246]   SOCKET END 0
[19356.2246]   API 1002 run
[19356.2246]   CYCLE End 1
[19356.2461]   API 3 run
[19356.3047]   API 1000 run
[19356.3164]   API 1001 run
[19356.3770]   API 1002 run
[19356.4473]   API 7 run
[19357.3047]   API 22 run
[19357.3125]   API 3000 run
[19357.3438]   API 1000 run
[19357.3633]   API 1001 run
[19358.5156]   PRESENT END 2
[19588.3730]   PRESENT START 1
[19591.8730]   SOCKET END 0
[19591.8730]   API 1002 run
[19591.8770]   CYCLE End 1
[19591.8945]   API 3 run
[19591.9473]   API 1000 run
[19591.9609]   API 1001 run
[19592.0215]   API 1002 run
[19592.0957]   API 7 run
[19592.4512]   API 22 run
[19592.4824]   API 1000 run
[19592.4941]   API 1001 run
[19592.8848]   API 3000 run
[19594.1113]   PRESENT END 2
[19823.9414]   PRESENT START 1
[19827.7461]   SOCKET END 0
[19827.7480]   API 1002 run
[19827.7480]   CYCLE End 1
[19827.7676]   API 3 run
[19827.8242]   API 1000 run
[19827.8340]   API 1001 run
[19827.8965]   API 1002 run
[19827.9707]   API 7 run
[19828.3848]   API 22 run
[19828.4160]   API 1000 run
[19828.4277]   API 1001 run
[19828.4766]   API 3000 run
[19829.6426]   PRESENT END 2
[20058.7793]   PRESENT START 1
[20062.3633]   SOCKET END 0
[20062.3633]   API 1002 run
[20062.3633]   CYCLE End 1
[20062.3887]   API 3 run
[20062.4727]   API 1000 run
[20062.4844]   API 1001 run
[20062.5488]   API 1002 run
[20062.6191]   API 7 run
[20062.9023]   API 3000 run
[20063.0293]   API 22 run
[20063.0723]   API 1000 run
[20063.0859]   API 1001 run
[20063.9609]   PRESENT END 2
[20293.8496]   PRESENT START 1
[20297.2812]   SOCKET END 0
[20297.2812]   API 1002 run
[20297.2832]   CYCLE End 1
[20297.3066]   API 3 run
[20297.3887]   API 1000 run
[20297.4004]   API 1001 run
[20297.4648]   API 1002 run
[20297.5352]   API 7 run
[20297.9805]   API 3000 run
[20298.3633]   API 22 run
[20298.3965]   API 1000 run
[20298.4102]   API 1001 run
[20299.3926]   PRESENT END 2
[20529.6680]   PRESENT START 1
[20532.9727]   SOCKET END 0
[20532.9727]   API 1002 run
[20532.9727]   CYCLE End 1
[20532.9961]   API 3 run
[20533.0762]   API 1000 run
[20533.0898]   API 1001 run
[20533.1562]   API 1002 run
[20533.2324]   API 7 run
[20533.8633]   API 3000 run
[20534.1738]   API 22 run
[20534.2070]   API 1000 run
[20534.2207]   API 1001 run
[20535.2109]   PRESENT END 2
[20765.4766]   PRESENT START 1
[20769.0645]   SOCKET END 0
[20769.0645]   API 1002 run
[20769.0664]   CYCLE End 1
[20769.0879]   API 3 run
[20769.1719]   API 1000 run
[20769.1836]   API 1001 run
[20769.2480]   API 1002 run
[20769.3203]   API 7 run
[20769.7793]   API 3000 run
[20769.9629]   API 22 run
[20769.9961]   API 1000 run
[20770.0078]   API 1001 run
[20771.0117]   PRESENT END 2
[21000.3594]   PRESENT START 1
[21003.7031]   SOCKET END 0
[21003.7031]   API 1002 run
[21003.7031]   CYCLE End 1
[21003.7285]   API 3 run
[21003.8086]   API 1000 run
[21003.8203]   API 1001 run
[21003.8848]   API 1002 run
[21003.9688]   API 7 run
[21004.7871]   API 22 run
[21004.8223]   API 1000 run
[21004.8340]   API 1001 run
[21004.9043]   API 3000 run
[21006.0527]   PRESENT END 2
[21236.1035]   PRESENT START 1
[21239.4434]   SOCKET END 0
[21239.4434]   API 1002 run
[21239.4434]   CYCLE End 1
[21239.4688]   API 3 run
[21239.5527]   API 1000 run
[21239.5645]   API 1001 run
[21239.6289]   API 1002 run
[21239.7188]   API 7 run
[21240.1172]   API 22 run
[21240.1523]   API 1000 run
[21240.1641]   API 1001 run
[21240.6191]   API 3000 run
[21241.7520]   PRESENT END 2
[21470.8809]   PRESENT START 1
[21474.4316]   SOCKET END 0
[21474.4316]   API 1002 run
[21474.4355]   CYCLE End 1
[21474.4609]   API 3 run
[21474.5469]   API 1000 run
[21474.5605]   API 1001 run
[21474.6191]   API 1002 run
[21474.7070]   API 7 run
[21475.2617]   API 22 run
[21475.2969]   API 1000 run
[21475.3086]   API 1001 run
[21475.4473]   API 3000 run
[21476.6016]   PRESENT END 2
[21706.5723]   PRESENT START 1
[21709.9473]   SOCKET END 0
[21709.9473]   API 1002 run
[21709.9473]   CYCLE End 1
[21709.9727]   API 3 run
[21710.0586]   API 1000 run
[21710.0703]   API 1001 run
[21710.1348]   API 1002 run
[21710.2070]   API 7 run
[21710.8320]   API 3000 run
[21711.0195]   API 22 run
[21711.0547]   API 1000 run
[21711.0684]   API 1001 run
[21712.0449]   PRESENT END 2
[21941.6172]   PRESENT START 1
[21945.0117]   SOCKET END 0
[21945.0117]   API 1002 run
[21945.0137]   CYCLE End 1
[21945.0352]   API 3 run
[21945.1367]   API 1000 run
[21945.1484]   API 1001 run
[21945.2168]   API 1002 run
[21945.2871]   API 7 run
[21945.8281]   API 3000 run
[21946.1484]   API 22 run
[21946.1855]   API 1000 run
[21946.1973]   API 1001 run
[21947.1367]   PRESENT END 2
[22176.7207]   PRESENT START 1
[22180.3145]   SOCKET END 0
[22180.3145]   API 1002 run
[22180.3164]   CYCLE End 1
[22180.3379]   API 3 run
[22180.4336]   API 1000 run
[22180.4473]   API 1001 run
[22180.5117]   API 1002 run
[22180.5859]   API 7 run
[22180.8926]   API 3000 run
[22181.0195]   API 22 run
[22181.0527]   API 1000 run
[22181.0645]   API 1001 run
[22182.0156]   PRESENT END 2
[22411.8477]   PRESENT START 1
[22415.2324]   SOCKET END 0
[22415.2324]   API 1002 run
[22415.2344]   CYCLE End 1
[22415.2559]   API 3 run
[22415.3516]   API 1000 run
[22415.3633]   API 1001 run
[22415.4277]   API 1002 run
[22415.5000]   API 7 run
[22416.0918]   API 3000 run
[22416.4473]   API 22 run
[22416.4805]   API 1000 run
[22416.4941]   API 1001 run
[22417.4160]   PRESENT END 2
[22647.8398]   PRESENT START 1
[22651.4609]   SOCKET END 0
[22651.4609]   API 1002 run
[22651.4609]   CYCLE End 1
[22651.4824]   API 3 run
[22651.5684]   API 1000 run
[22651.5801]   API 1001 run
[22651.6562]   API 1002 run
[22651.7285]   API 7 run
[22652.3086]   API 22 run
[22652.3438]   API 1000 run
[22652.3555]   API 1001 run
[22652.4043]   API 3000 run
[22653.5645]   PRESENT END 2
[22883.0801]   PRESENT START 1
[22887.2793]   SOCKET END 0
[22887.2793]   API 1002 run
[22887.2793]   CYCLE End 1
[22887.3047]   API 3 run
[22887.4062]   API 1000 run
[22887.4199]   API 1001 run
[22887.4922]   API 1002 run
[22887.5957]   API 7 run
[22887.6074]   API 3000 run
[22888.0566]   API 22 run
[22888.3379]   API 1000 run
[22888.3516]   API 1001 run
[22888.8359]   PRESENT END 2
[23119.2324]   PRESENT START 1
[23122.8789]   SOCKET END 0
[23122.8789]   API 1002 run
[23122.8809]   CYCLE End 1
[23122.9023]   API 3 run
[23122.9961]   API 1000 run
[23123.0098]   API 1001 run
[23123.0918]   API 1002 run
[23123.1621]   API 7 run
[23123.6641]   API 22 run
[23123.7051]   API 1000 run
[23123.7188]   API 1001 run
[23123.8418]   API 3000 run
[23124.9961]   PRESENT END 2
[23352.9180]   PRESENT START 1
[23356.2363]   SOCKET END 0
[23356.2383]   API 1002 run
[23356.2402]   CYCLE End 1
[23356.2617]   API 3 run
[23356.3496]   API 1000 run
[23356.3613]   API 1001 run
[23356.4238]   API 1002 run
[23356.5020]   API 7 run
[23357.3945]   API 3000 run
[23357.4980]   API 22 run
[23357.5332]   API 1000 run
[23357.5469]   API 1001 run
[23358.5664]   PRESENT END 2
[23589.2207]   PRESENT START 1
[23593.7188]   API 3000 run
[23593.8008]   SOCKET END 0
[23593.8008]   API 1002 run
[23593.8008]   CYCLE End 1
[23593.8242]   API 3 run
[23593.9238]   API 1000 run
[23593.9375]   API 1001 run
[23594.0078]   API 1002 run
[23594.0918]   API 7 run
[23594.5273]   API 22 run
[23594.5801]   API 1000 run
[23594.5938]   API 1001 run
[23594.9785]   PRESENT END 2
[23826.5137]   PRESENT START 1
[23829.9727]   SOCKET END 0
[23829.9746]   API 1002 run
[23829.9766]   CYCLE End 1
[23829.9980]   API 3 run
[23830.0918]   API 1000 run
[23830.1035]   API 1001 run
[23830.1738]   API 1002 run
[23830.2500]   API 7 run
[23830.6797]   API 22 run
[23830.7168]   API 1000 run
[23830.7285]   API 1001 run
[23830.9961]   API 3000 run
[23832.0918]   PRESENT END 2
[24061.8184]   PRESENT START 1
[24065.2480]   SOCKET END 0
[24065.2480]   API 1002 run
[24065.2500]   CYCLE End 1
[24065.2734]   API 3 run
[24065.3711]   API 1000 run
[24065.3887]   API 1001 run
[24065.4512]   API 1002 run
[24065.5371]   API 7 run
[24066.3672]   API 3000 run
[24066.4141]   API 22 run
[24066.4609]   API 1000 run
[24066.4766]   API 1001 run
[24067.5645]   PRESENT END 2
[24296.5078]   PRESENT START 1
[24299.8379]   SOCKET END 0
[24299.8398]   API 1002 run
[24299.8398]   CYCLE End 1
[24299.8633]   API 3 run
[24299.9648]   API 1000 run
[24299.9785]   API 1001 run
[24300.0449]   API 1002 run
[24300.1191]   API 7 run
[24300.9922]   API 3000 run
[24301.0352]   API 22 run
[24301.0684]   API 1000 run
[24301.0801]   API 1001 run
[24302.1445]   PRESENT END 2
[24531.6445]   PRESENT START 1
[24535.3203]   SOCKET END 0
[24535.3203]   API 1002 run
[24535.3223]   CYCLE End 1
[24535.3516]   API 3 run
[24535.4492]   API 1000 run
[24535.4648]   API 1001 run
[24535.5488]   API 1002 run
[24535.6230]   API 7 run
[24536.0176]   API 3000 run
[24536.1621]   API 22 run
[24536.1953]   API 1000 run
[24536.2070]   API 1001 run
[24537.2480]   PRESENT END 2
[24767.8086]   PRESENT START 1
[24771.2031]   SOCKET END 0
[24771.2051]   API 1002 run
[24771.2070]   CYCLE End 1
[24771.2695]   API 3 run
[24771.3711]   API 1000 run
[24771.3848]   API 1001 run
[24771.4473]   API 1002 run
[24771.5527]   API 7 run
[24772.2617]   API 22 run
[24772.2773]   API 3000 run
[24772.2969]   API 1000 run
[24772.3164]   API 1001 run
[24773.6035]   PRESENT END 2
[25003.1680]   PRESENT START 1
[25006.5723]   SOCKET END 0
[25006.5723]   API 1002 run
[25006.5723]   CYCLE End 1
[25006.5996]   API 3 run
[25006.6914]   API 1000 run
[25006.7031]   API 1001 run
[25006.7695]   API 1002 run
[25006.8457]   API 7 run
[25007.6602]   API 3000 run
[25007.6914]   API 22 run
[25007.7559]   API 1000 run
[25007.7676]   API 1001 run
[25008.8281]   PRESENT END 2
[25238.5449]   PRESENT START 1
[25242.5488]   SOCKET END 0
[25242.5488]   API 1002 run
[25242.5508]   CYCLE End 1
[25242.5723]   API 3 run
[25242.6602]   API 1000 run
[25242.6719]   API 1001 run
[25242.7363]   API 1002 run
[25242.8105]   API 7 run
[25243.0039]   API 3000 run
[25244.0000]   API 22 run
[25244.0488]   API 1000 run
[25244.0645]   API 1001 run
[25244.2324]   PRESENT END 2
[25474.3242]   PRESENT START 1
[25477.7461]   SOCKET END 0
[25477.7480]   API 1002 run
[25477.7480]   CYCLE End 1
[25477.7715]   API 3 run
[25477.8711]   API 1000 run
[25477.8848]   API 1001 run
[25477.9512]   API 1002 run
[25478.0215]   API 7 run
[25478.4160]   API 22 run
[25478.4512]   API 1000 run
[25478.4805]   API 1001 run
[25478.8672]   API 3000 run
[25480.0938]   PRESENT END 2
[25709.2637]   PRESENT START 1
[25712.5957]   SOCKET END 0
[25712.5957]   API 1002 run
[25712.5977]   CYCLE End 1
[25712.6191]   API 3 run
[25712.7148]   API 1000 run
[25712.7285]   API 1001 run
[25712.7930]   API 1002 run
[25712.8633]   API 7 run
[25713.6602]   API 22 run
[25713.6953]   API 1000 run
[25713.7109]   API 1001 run
[25713.7871]   API 3000 run
[25714.9121]   PRESENT END 2
[25945.8438]   PRESENT START 1
[25948.2988]   SOCKET END 0
[25948.3008]   API 1002 run
[25948.3008]   CYCLE End 1
[25948.3203]   API 3 run
[25948.4258]   API 1000 run
[25948.4512]   API 1001 run
[25948.5195]   API 1002 run
[25948.5996]   API 7 run
[25949.1953]   API 22 run
[25949.2480]   API 1000 run
[25949.2598]   API 1001 run
[25950.3965]   API 3000 run
[25951.5996]   PRESENT END 2
[26180.6348]   PRESENT START 1
[26183.0449]   SOCKET END 0
[26183.0469]   API 1002 run
[26183.0488]   CYCLE End 1
[26183.0684]   API 3 run
[26183.1602]   API 1000 run
[26183.1719]   API 1001 run
[26183.2383]   API 1002 run
[26183.3105]   API 7 run
[26183.9316]   API 22 run
[26183.9727]   API 1000 run
[26183.9844]   API 1001 run
[26185.1113]   API 3000 run
[26186.2832]   PRESENT END 2
[26414.6465]   PRESENT START 1
[26417.0723]   SOCKET END 0
[26417.0723]   API 1002 run
[26417.0742]   CYCLE End 1
[26417.0957]   API 3 run
[26417.1875]   API 1000 run
[26417.1992]   API 1001 run
[26417.2656]   API 1002 run
[26417.3398]   API 7 run
[26417.9395]   API 22 run
[26417.9785]   API 1000 run
[26417.9922]   API 1001 run
[26419.1191]   API 3000 run
[26420.2930]   PRESENT END 2
[26649.0234]   PRESENT START 1
[26651.4434]   SOCKET END 0
[26651.4434]   API 1002 run
[26651.4434]   CYCLE End 1
[26651.4668]   API 3 run
[26651.5566]   API 1000 run
[26651.5684]   API 1001 run
[26651.6445]   API 1002 run
[26651.7168]   API 7 run
[26652.3516]   API 22 run
[26652.3887]   API 1000 run
[26652.4004]   API 1001 run
[26653.5527]   API 3000 run
[26654.7969]   PRESENT END 2
[26883.1992]   PRESENT START 1
[26886.8164]   SOCKET END 0
[26886.8164]   API 1002 run
[26886.8184]   CYCLE End 1
[26886.8398]   API 3 run
[26886.9355]   API 1000 run
[26886.9473]   API 1001 run
[26887.0156]   API 1002 run
[26887.0918]   API 7 run
[26887.7070]   API 22 run
[26887.7441]   API 3000 run
[26887.7598]   API 1000 run
[26887.7812]   API 1001 run
[26888.9375]   PRESENT END 2
[27119.3770]   PRESENT START 1
[27123.4941]   SOCKET END 0
[27123.4961]   API 1002 run
[27123.4961]   CYCLE End 1
[27123.5195]   API 3 run
[27123.6074]   API 1000 run
[27123.6191]   API 1001 run
[27123.6836]   API 1002 run
[27123.7598]   API 7 run
[27123.9180]   API 3000 run
[27124.7402]   API 22 run
[27124.7754]   API 1000 run
[27124.7871]   API 1001 run
[27125.0996]   PRESENT END 2
[27354.5469]   PRESENT START 1
[27356.9727]   SOCKET END 0
[27356.9727]   API 1002 run
[27356.9746]   CYCLE End 1
[27357.0117]   API 3 run
[27357.0996]   API 1000 run
[27357.1113]   API 1001 run
[27357.1797]   API 1002 run
[27357.2500]   API 7 run
[27357.8516]   API 22 run
[27357.8848]   API 1000 run
[27357.8984]   API 1001 run
[27359.0566]   API 3000 run
[27360.2871]   PRESENT END 2
[27588.7363]   PRESENT START 1
[27591.1152]   SOCKET END 0
[27591.1152]   API 1002 run
[27591.1152]   CYCLE End 1
[27593.1191]   API 3000 run
[27594.2871]   PRESENT END 2
