[473.9300]   API 1000 run
[473.9640]   API 1001 run
[474.1700]   API 1002 run
[475.1710]   API 1000 run
[475.1850]   API 1001 run
[475.3230]   API 1002 run
[514.2790]   API 7 run
[515.1290]   API 1000 run
[523.9450]   API 1001 run
[529.0450]   API 1002 run
[578.9770]   API 1000 run
[579.0000]   API 1001 run
[579.0700]   API 1002 run
[588.1570]   API 7 run
[588.3850]   API 1000 run
[589.4630]   API 1001 run
[592.2540]   API 1002 run
[607.0280]   API 1000 run
[607.0390]   API 1001 run
[607.0960]   API 1002 run
[607.5730]   API 7 run
[607.7740]   API 1000 run
[607.7890]   API 1001 run
[607.8490]   API 1002 run
[609.1590]   API 1000 run
[609.1690]   API 1001 run
[609.2220]   API 1002 run
[609.6190]   API 7 run
[609.7890]   API 1000 run
[609.8000]   API 1001 run
[609.8590]   API 1002 run
[611.0220]   API 1000 run
[611.0320]   API 1001 run
[611.0840]   API 1002 run
[611.4700]   API 7 run
[611.6100]   API 1000 run
[611.6280]   API 1001 run
[611.6820]   API 1002 run
[612.8800]   API 1000 run
[612.8900]   API 1001 run
[612.9470]   API 1002 run
[613.3380]   API 7 run
[613.4830]   API 1000 run
[613.4930]   API 1001 run
[613.5460]   API 1002 run
[615.3860]   API 1000 run
[615.3970]   API 1001 run
[615.4560]   API 1002 run
[617.1410]   API 7 run
[617.4960]   API 7 run
[617.8590]   API 7 run
[619.8840]   API 7 run
[620.7090]   API 1000 run
[620.7220]   API 1001 run
[620.8160]   API 1002 run
[622.5510]   API 1000 run
[622.5610]   API 1001 run
[622.6170]   API 1002 run
[622.8620]   API 1000 run
[622.8710]   API 1001 run
[622.9220]   API 1002 run
[623.1320]   API 1000 run
[623.1420]   API 1001 run
[623.1890]   API 1002 run
[623.3960]   API 1000 run
[623.4050]   API 1001 run
[623.4600]   API 1002 run
[623.6640]   API 1000 run
[623.6730]   API 1001 run
[623.7210]   API 1002 run
[623.9440]   API 1000 run
[623.9540]   API 1001 run
[624.0020]   API 1002 run
[624.2130]   API 1000 run
[624.2220]   API 1001 run
[624.2700]   API 1002 run
[624.4750]   API 1000 run
[624.4840]   API 1001 run
[624.5300]   API 1002 run
[624.7330]   API 1000 run
[624.7420]   API 1001 run
[624.8160]   API 1002 run
[625.0280]   API 1000 run
[625.0370]   API 1001 run
[625.0840]   API 1002 run
[625.2850]   API 1000 run
[625.2950]   API 1001 run
[625.3410]   API 1002 run
[625.5490]   API 1000 run
[625.5590]   API 1001 run
[625.6050]   API 1002 run
[625.8230]   API 1000 run
[625.8320]   API 1001 run
[625.8800]   API 1002 run
[626.0830]   API 1000 run
[626.0920]   API 1001 run
[626.1380]   API 1002 run
[626.3400]   API 1000 run
[626.3490]   API 1001 run
[626.3950]   API 1002 run
[626.5960]   API 1000 run
[626.6050]   API 1001 run
[626.6520]   API 1002 run
[626.8830]   API 1000 run
[626.8920]   API 1001 run
[626.9470]   API 1002 run
[627.1500]   API 1000 run
[627.1600]   API 1001 run
[627.2070]   API 1002 run
[627.4080]   API 1000 run
[627.4180]   API 1001 run
[627.4650]   API 1002 run
[627.6650]   API 1000 run
[627.6750]   API 1001 run
[627.7220]   API 1002 run
[627.9420]   API 1000 run
[627.9520]   API 1001 run
[628.0020]   API 1002 run
[628.2670]   API 1000 run
[628.2800]   API 1001 run
[628.3430]   API 1002 run
[628.5870]   API 1000 run
[628.5960]   API 1001 run
[628.6460]   API 1002 run
[628.8870]   API 1000 run
[628.8960]   API 1001 run
[628.9500]   API 1002 run
[629.1550]   API 1000 run
[629.1650]   API 1001 run
[629.2130]   API 1002 run
[629.4160]   API 1000 run
[629.4260]   API 1001 run
[629.4730]   API 1002 run
[629.6730]   API 1000 run
[629.6820]   API 1001 run
[629.7360]   API 1002 run
[629.9540]   API 1000 run
[629.9630]   API 1001 run
[630.0150]   API 1002 run
[630.2160]   API 1000 run
[630.2260]   API 1001 run
[630.2740]   API 1002 run
[630.4770]   API 1000 run
[630.4860]   API 1001 run
[630.5420]   API 1002 run
[630.7420]   API 1000 run
[630.7520]   API 1001 run
[630.8140]   API 1002 run
[631.0210]   API 1000 run
[631.0310]   API 1001 run
[631.0770]   API 1002 run
[631.2880]   API 1000 run
[631.2980]   API 1001 run
[631.3450]   API 1002 run
[631.5450]   API 1000 run
[631.5540]   API 1001 run
[631.6010]   API 1002 run
[631.8180]   API 1000 run
[631.8280]   API 1001 run
[631.8760]   API 1002 run
[632.0780]   API 1000 run
[632.0880]   API 1001 run
[632.1350]   API 1002 run
[632.3370]   API 1000 run
[632.3470]   API 1001 run
[632.3940]   API 1002 run
[632.6000]   API 1000 run
[632.6090]   API 1001 run
[632.6560]   API 1002 run
[632.8800]   API 1000 run
[632.8890]   API 1001 run
[632.9400]   API 1002 run
[633.1430]   API 1000 run
[633.1530]   API 1001 run
[633.1990]   API 1002 run
[633.3980]   API 1000 run
[633.4080]   API 1001 run
[633.4550]   API 1002 run
[633.6560]   API 1000 run
[633.6650]   API 1001 run
[633.7120]   API 1002 run
[633.9420]   API 1000 run
[633.9510]   API 1001 run
[634.0000]   API 1002 run
[634.2030]   API 1000 run
[634.2120]   API 1001 run
[634.2580]   API 1002 run
[634.4570]   API 1000 run
[634.4670]   API 1001 run
[634.5130]   API 1002 run
[634.7120]   API 1000 run
[634.7210]   API 1001 run
[634.7820]   API 1002 run
[634.9880]   API 1000 run
[634.9970]   API 1001 run
[635.0430]   API 1002 run
[635.2510]   API 1000 run
[635.2610]   API 1001 run
[635.3070]   API 1002 run
[635.5070]   API 1000 run
[635.5160]   API 1001 run
[635.5620]   API 1002 run
[635.7780]   API 1000 run
[635.7880]   API 1001 run
[635.8350]   API 1002 run
[636.0410]   API 1000 run
[636.0500]   API 1001 run
[636.0970]   API 1002 run
[636.2970]   API 1000 run
[636.3060]   API 1001 run
[636.3530]   API 1002 run
[636.5570]   API 1000 run
[636.5670]   API 1001 run
[636.6140]   API 1002 run
[636.8390]   API 1000 run
[636.8490]   API 1001 run
[636.8990]   API 1002 run
[637.1030]   API 1000 run
[637.1120]   API 1001 run
[637.1580]   API 1002 run
[637.3640]   API 1000 run
[637.3730]   API 1001 run
[637.4190]   API 1002 run
[637.6180]   API 1000 run
[637.6270]   API 1001 run
[637.6740]   API 1002 run
[637.8940]   API 1000 run
[637.9030]   API 1001 run
[637.9500]   API 1002 run
[638.1600]   API 1000 run
[638.1700]   API 1001 run
[638.2170]   API 1002 run
[638.4160]   API 1000 run
[638.4250]   API 1001 run
[638.4710]   API 1002 run
[638.6720]   API 1000 run
[638.6820]   API 1001 run
[638.7270]   API 1002 run
[638.9450]   API 1000 run
[638.9540]   API 1001 run
[639.0010]   API 1002 run
[639.2010]   API 1000 run
[639.2100]   API 1001 run
[639.2570]   API 1002 run
[639.4660]   API 1000 run
[639.4750]   API 1001 run
[639.5220]   API 1002 run
[639.7190]   API 1000 run
[639.7290]   API 1001 run
[639.7910]   API 1002 run
[639.9900]   API 1000 run
[640.0000]   API 1001 run
[640.0460]   API 1002 run
[640.2410]   API 1000 run
[640.2500]   API 1001 run
[640.2970]   API 1002 run
[640.4910]   API 1000 run
[640.5000]   API 1001 run
[640.5470]   API 1002 run
[640.7530]   API 1000 run
[640.7830]   API 1001 run
[640.8340]   API 1002 run
[641.0340]   API 1000 run
[641.0430]   API 1001 run
[641.0890]   API 1002 run
[641.2830]   API 1000 run
[641.2930]   API 1001 run
[641.3390]   API 1002 run
[641.5320]   API 1000 run
[641.5420]   API 1001 run
[641.5880]   API 1002 run
[641.7980]   API 1000 run
[641.8070]   API 1001 run
[641.8550]   API 1002 run
[642.0590]   API 1000 run
[642.0680]   API 1001 run
[642.1140]   API 1002 run
[642.3100]   API 1000 run
[642.3200]   API 1001 run
[642.3660]   API 1002 run
[642.5590]   API 1000 run
[642.5680]   API 1001 run
[642.6140]   API 1002 run
[642.8240]   API 1000 run
[642.8330]   API 1001 run
[642.8820]   API 1002 run
[643.0770]   API 1000 run
[643.0860]   API 1001 run
[643.1330]   API 1002 run
[643.3320]   API 1000 run
[643.3420]   API 1001 run
[643.3890]   API 1002 run
[643.5830]   API 1000 run
[643.5920]   API 1001 run
[643.6390]   API 1002 run
[643.8470]   API 1000 run
[643.8570]   API 1001 run
[643.9050]   API 1002 run
[644.1050]   API 1000 run
[644.1150]   API 1001 run
[644.1610]   API 1002 run
[644.3540]   API 1000 run
[644.3630]   API 1001 run
[644.4100]   API 1002 run
[644.6090]   API 1000 run
[644.6180]   API 1001 run
[644.6650]   API 1002 run
[644.8960]   API 1000 run
[644.9050]   API 1001 run
[644.9600]   API 1002 run
[645.1570]   API 1000 run
[645.1660]   API 1001 run
[645.2160]   API 1002 run
[645.4080]   API 1000 run
[645.4180]   API 1001 run
[645.4650]   API 1002 run
[645.6580]   API 1000 run
[645.6670]   API 1001 run
[645.7130]   API 1002 run
[645.9250]   API 1000 run
[645.9340]   API 1001 run
[645.9820]   API 1002 run
[646.9040]   API 1000 run
[646.9150]   API 1001 run
[646.9720]   API 1002 run
[647.1690]   API 1000 run
[647.1790]   API 1001 run
[647.2250]   API 1002 run
[647.4210]   API 1000 run
[647.4300]   API 1001 run
[647.4770]   API 1002 run
[647.6730]   API 1000 run
[647.6830]   API 1001 run
[647.7300]   API 1002 run
[647.9430]   API 1000 run
[647.9560]   API 1001 run
[648.0060]   API 1002 run
[648.3060]   API 1000 run
[648.3190]   API 1001 run
[648.3800]   API 1002 run
[648.5860]   API 1000 run
[648.5950]   API 1001 run
[648.6430]   API 1002 run
[648.8660]   API 1000 run
[648.8750]   API 1001 run
[648.9270]   API 1002 run
[649.1230]   API 1000 run
[649.1320]   API 1001 run
[649.1800]   API 1002 run
[649.3770]   API 1000 run
[649.3870]   API 1001 run
[649.4340]   API 1002 run
[649.6340]   API 1000 run
[649.6430]   API 1001 run
[649.6900]   API 1002 run
[649.9010]   API 1000 run
[649.9100]   API 1001 run
[649.9580]   API 1002 run
[650.1530]   API 1000 run
[650.1630]   API 1001 run
[650.2090]   API 1002 run
[650.4030]   API 1000 run
[650.4120]   API 1001 run
[650.4590]   API 1002 run
[650.6520]   API 1000 run
[650.6620]   API 1001 run
[650.7090]   API 1002 run
[650.9280]   API 1000 run
[650.9370]   API 1001 run
[650.9860]   API 1002 run
[651.1790]   API 1000 run
[651.1890]   API 1001 run
[651.2360]   API 1002 run
[651.4290]   API 1000 run
[651.4380]   API 1001 run
[651.4840]   API 1002 run
[651.6850]   API 1000 run
[651.6940]   API 1001 run
[651.7410]   API 1002 run
[651.9520]   API 1000 run
[651.9610]   API 1001 run
[652.0080]   API 1002 run
[652.2080]   API 1000 run
[652.2170]   API 1001 run
[652.2640]   API 1002 run
[652.4560]   API 1000 run
[652.4660]   API 1001 run
[652.5120]   API 1002 run
[652.7050]   API 1000 run
[652.7140]   API 1001 run
[652.7920]   API 1002 run
[652.9930]   API 1000 run
[653.0020]   API 1001 run
[653.0500]   API 1002 run
[653.2450]   API 1000 run
[653.2540]   API 1001 run
[653.3000]   API 1002 run
[653.4940]   API 1000 run
[653.5100]   API 1001 run
[653.5600]   API 1002 run
[653.7700]   API 1000 run
[653.7800]   API 1001 run
[653.8290]   API 1002 run
[654.0270]   API 1000 run
[654.0370]   API 1001 run
[654.0840]   API 1002 run
[654.2780]   API 1000 run
[654.2870]   API 1001 run
[654.3340]   API 1002 run
[654.5280]   API 1000 run
[654.5370]   API 1001 run
[654.5840]   API 1002 run
[654.7930]   API 1000 run
[654.8020]   API 1001 run
[654.8510]   API 1002 run
[655.0590]   API 1000 run
[655.0690]   API 1001 run
[655.1150]   API 1002 run
[655.3090]   API 1000 run
[655.3190]   API 1001 run
[655.3650]   API 1002 run
[655.5590]   API 1000 run
[655.5680]   API 1001 run
[655.6150]   API 1002 run
[655.8230]   API 1000 run
[655.8320]   API 1001 run
[655.8810]   API 1002 run
[656.0760]   API 1000 run
[656.0860]   API 1001 run
[656.1320]   API 1002 run
[656.3310]   API 1000 run
[656.3400]   API 1001 run
[656.3880]   API 1002 run
[656.5810]   API 1000 run
[656.5900]   API 1001 run
[656.6370]   API 1002 run
[656.8580]   API 1000 run
[656.8680]   API 1001 run
[656.9180]   API 1002 run
[657.1250]   API 1000 run
[657.1340]   API 1001 run
[657.1800]   API 1002 run
[657.3740]   API 1000 run
[657.3830]   API 1001 run
[657.4290]   API 1002 run
[657.6380]   API 1000 run
[657.6480]   API 1001 run
[657.6940]   API 1002 run
[657.9040]   API 1000 run
[657.9130]   API 1001 run
[657.9620]   API 1002 run
[658.1540]   API 1000 run
[658.1640]   API 1001 run
[658.2130]   API 1002 run
[658.4130]   API 1000 run
[658.4220]   API 1001 run
[658.4690]   API 1002 run
[658.6620]   API 1000 run
[658.6710]   API 1001 run
[658.7180]   API 1002 run
[658.9340]   API 1000 run
[658.9430]   API 1001 run
[658.9920]   API 1002 run
[659.1860]   API 1000 run
[659.1960]   API 1001 run
[659.2430]   API 1002 run
[659.4350]   API 1000 run
[659.4450]   API 1001 run
[659.4910]   API 1002 run
[659.6840]   API 1000 run
[659.6930]   API 1001 run
[659.7390]   API 1002 run
[659.9490]   API 1000 run
[659.9590]   API 1001 run
[660.0060]   API 1002 run
[660.2060]   API 1000 run
[660.2150]   API 1001 run
[660.2620]   API 1002 run
[660.4560]   API 1000 run
[660.4650]   API 1001 run
[660.5120]   API 1002 run
[660.7040]   API 1000 run
[660.7140]   API 1001 run
[660.7940]   API 1002 run
[660.9930]   API 1000 run
[661.0020]   API 1001 run
[661.0510]   API 1002 run
[661.2460]   API 1000 run
[661.2550]   API 1001 run
[661.3010]   API 1002 run
[661.4950]   API 1000 run
[661.5100]   API 1001 run
[661.5570]   API 1002 run
[661.7700]   API 1000 run
[661.7800]   API 1001 run
[661.8280]   API 1002 run
[662.0260]   API 1000 run
[662.0360]   API 1001 run
[662.0830]   API 1002 run
[662.2770]   API 1000 run
[662.2870]   API 1001 run
[662.3340]   API 1002 run
[662.5280]   API 1000 run
[662.5370]   API 1001 run
[662.5840]   API 1002 run
[662.7940]   API 1000 run
[662.8040]   API 1001 run
[662.8520]   API 1002 run
[663.0570]   API 1000 run
[663.0660]   API 1001 run
[663.1130]   API 1002 run
[663.3070]   API 1000 run
[663.3170]   API 1001 run
[663.3640]   API 1002 run
[663.5580]   API 1000 run
[663.5680]   API 1001 run
[663.6150]   API 1002 run
[663.8230]   API 1000 run
[663.8330]   API 1001 run
[663.8800]   API 1002 run
[664.0750]   API 1000 run
[664.0840]   API 1001 run
[664.1310]   API 1002 run
[664.3320]   API 1000 run
[664.3410]   API 1001 run
[664.3880]   API 1002 run
[664.5810]   API 1000 run
[664.5910]   API 1001 run
[664.6370]   API 1002 run
[664.8600]   API 1000 run
[664.8690]   API 1001 run
[664.9210]   API 1002 run
[665.1230]   API 1000 run
[665.1330]   API 1001 run
[665.1790]   API 1002 run
[665.3740]   API 1000 run
[665.3830]   API 1001 run
[665.4300]   API 1002 run
[665.6290]   API 1000 run
[665.6380]   API 1001 run
[665.6850]   API 1002 run
[665.8930]   API 1000 run
[665.9030]   API 1001 run
[665.9490]   API 1002 run
[666.1440]   API 1000 run
[666.1530]   API 1001 run
[666.2000]   API 1002 run
[666.3940]   API 1000 run
[666.4030]   API 1001 run
[666.4500]   API 1002 run
[666.6430]   API 1000 run
[666.6520]   API 1001 run
[666.6980]   API 1002 run
[666.9140]   API 1000 run
[666.9230]   API 1001 run
[666.9710]   API 1002 run
[667.1640]   API 1000 run
[667.1740]   API 1001 run
[667.2200]   API 1002 run
[667.4130]   API 1000 run
[667.4220]   API 1001 run
[667.4690]   API 1002 run
[667.6620]   API 1000 run
[667.6710]   API 1001 run
[667.7180]   API 1002 run
[667.9250]   API 1000 run
[667.9350]   API 1001 run
[667.9850]   API 1002 run
[668.1850]   API 1000 run
[668.1940]   API 1001 run
[668.2410]   API 1002 run
[668.4410]   API 1000 run
[668.4510]   API 1001 run
[668.4990]   API 1002 run
[668.6910]   API 1000 run
[668.7010]   API 1001 run
[668.7470]   API 1002 run
[669.0490]   API 1000 run
[669.0620]   API 1001 run
[669.1270]   API 1002 run
[669.3540]   API 1000 run
[669.3640]   API 1001 run
[669.4120]   API 1002 run
[669.6080]   API 1000 run
[669.6170]   API 1001 run
[669.6700]   API 1002 run
[669.8810]   API 1000 run
[669.8910]   API 1001 run
[669.9390]   API 1002 run
[670.1350]   API 1000 run
[670.1440]   API 1001 run
[670.1920]   API 1002 run
[670.3840]   API 1000 run
[670.3940]   API 1001 run
[670.4410]   API 1002 run
[670.6360]   API 1000 run
[670.6450]   API 1001 run
[670.6920]   API 1002 run
[670.9030]   API 1000 run
[670.9120]   API 1001 run
[670.9610]   API 1002 run
[671.1610]   API 1000 run
[671.1710]   API 1001 run
[671.2180]   API 1002 run
[671.4110]   API 1000 run
[671.4200]   API 1001 run
[671.4660]   API 1002 run
[671.6610]   API 1000 run
[671.6700]   API 1001 run
[671.7160]   API 1002 run
[671.9340]   API 1000 run
[671.9430]   API 1001 run
[671.9900]   API 1002 run
[672.1850]   API 1000 run
[672.1940]   API 1001 run
[672.2410]   API 1002 run
[672.4400]   API 1000 run
[672.4490]   API 1001 run
[672.4950]   API 1002 run
[672.6880]   API 1000 run
[672.6970]   API 1001 run
[672.7440]   API 1002 run
[672.9840]   API 1000 run
[672.9930]   API 1001 run
[673.0430]   API 1002 run
[673.2390]   API 1000 run
[673.2480]   API 1001 run
[673.2950]   API 1002 run
[673.4870]   API 1000 run
[673.4970]   API 1001 run
[673.5430]   API 1002 run
[673.7430]   API 1000 run
[673.7520]   API 1001 run
[673.8150]   API 1002 run
[674.0120]   API 1000 run
[674.0220]   API 1001 run
[674.0690]   API 1002 run
[674.2630]   API 1000 run
[674.2720]   API 1001 run
[674.3180]   API 1002 run
[674.5110]   API 1000 run
[674.5200]   API 1001 run
[674.5660]   API 1002 run
[674.7740]   API 1000 run
[674.7830]   API 1001 run
[674.8320]   API 1002 run
[675.0370]   API 1000 run
[675.0470]   API 1001 run
[675.0930]   API 1002 run
[675.2950]   API 1000 run
[675.3040]   API 1001 run
[675.3510]   API 1002 run
[675.5430]   API 1000 run
[675.5530]   API 1001 run
[675.6000]   API 1002 run
[675.8090]   API 1000 run
[675.8180]   API 1001 run
[675.8680]   API 1002 run
[676.0630]   API 1000 run
[676.0730]   API 1001 run
[676.1190]   API 1002 run
[676.3190]   API 1000 run
[676.3280]   API 1001 run
[676.3750]   API 1002 run
[676.5680]   API 1000 run
[676.5770]   API 1001 run
[676.6230]   API 1002 run
[676.8420]   API 1000 run
[676.8510]   API 1001 run
[676.9030]   API 1002 run
[677.0990]   API 1000 run
[677.1080]   API 1001 run
[677.1540]   API 1002 run
[677.3470]   API 1000 run
[677.3570]   API 1001 run
[677.4030]   API 1002 run
[677.5970]   API 1000 run
[677.6060]   API 1001 run
[677.6590]   API 1002 run
[677.8670]   API 1000 run
[677.8760]   API 1001 run
[677.9250]   API 1002 run
[678.1200]   API 1000 run
[678.1290]   API 1001 run
[678.1760]   API 1002 run
[678.3690]   API 1000 run
[678.3790]   API 1001 run
[678.4240]   API 1002 run
[678.6240]   API 1000 run
[678.6330]   API 1001 run
[678.6790]   API 1002 run
[678.8870]   API 1000 run
[678.8970]   API 1001 run
[678.9440]   API 1002 run
[679.1450]   API 1000 run
[679.1540]   API 1001 run
[679.2010]   API 1002 run
[679.4170]   API 1000 run
[679.4260]   API 1001 run
[679.4720]   API 1002 run
[679.6660]   API 1000 run
[679.6750]   API 1001 run
[679.7210]   API 1002 run
[679.9320]   API 1000 run
[679.9410]   API 1001 run
[679.9890]   API 1002 run
[680.1830]   API 1000 run
[680.1920]   API 1001 run
[680.2390]   API 1002 run
[680.4380]   API 1000 run
[680.4470]   API 1001 run
[680.4950]   API 1002 run
[680.6870]   API 1000 run
[680.6970]   API 1001 run
[680.7430]   API 1002 run
[680.9640]   API 1000 run
[680.9740]   API 1001 run
[681.0220]   API 1002 run
[681.2180]   API 1000 run
[681.2270]   API 1001 run
[681.2740]   API 1002 run
[681.4670]   API 1000 run
[681.4760]   API 1001 run
[681.5230]   API 1002 run
[681.7220]   API 1000 run
[681.7310]   API 1001 run
[681.7900]   API 1002 run
[681.9930]   API 1000 run
[682.0030]   API 1001 run
[682.0500]   API 1002 run
[682.2460]   API 1000 run
[682.2550]   API 1001 run
[682.3020]   API 1002 run
[682.4940]   API 1000 run
[682.5040]   API 1001 run
[682.5500]   API 1002 run
[682.7430]   API 1000 run
[682.7520]   API 1001 run
[682.8130]   API 1002 run
[683.0190]   API 1000 run
[683.0280]   API 1001 run
[683.0750]   API 1002 run
[683.2700]   API 1000 run
[683.2790]   API 1001 run
[683.3260]   API 1002 run
[683.5180]   API 1000 run
[683.5280]   API 1001 run
[683.5740]   API 1002 run
[683.7820]   API 1000 run
[683.7910]   API 1001 run
[683.8390]   API 1002 run
[684.0350]   API 1000 run
[684.0440]   API 1001 run
[684.0910]   API 1002 run
[684.2910]   API 1000 run
[684.3000]   API 1001 run
[684.3470]   API 1002 run
[684.5410]   API 1000 run
[684.5500]   API 1001 run
[684.5960]   API 1002 run
[684.8150]   API 1000 run
[684.8250]   API 1001 run
[684.8760]   API 1002 run
[685.0710]   API 1000 run
[685.0810]   API 1001 run
[685.1270]   API 1002 run
[685.3280]   API 1000 run
[685.3370]   API 1001 run
[685.3830]   API 1002 run
[685.5750]   API 1000 run
[685.5840]   API 1001 run
[685.6380]   API 1002 run
[685.8430]   API 1000 run
[685.8530]   API 1001 run
[685.9010]   API 1002 run
[686.0950]   API 1000 run
[686.1040]   API 1001 run
[686.1510]   API 1002 run
[686.3450]   API 1000 run
[686.3540]   API 1001 run
[686.4010]   API 1002 run
[686.5930]   API 1000 run
[686.6020]   API 1001 run
[686.6490]   API 1002 run
[686.8580]   API 1000 run
[686.8680]   API 1001 run
[686.9160]   API 1002 run
[687.1160]   API 1000 run
[687.1260]   API 1001 run
[687.1730]   API 1002 run
[687.3650]   API 1000 run
[687.3750]   API 1001 run
[687.4210]   API 1002 run
[687.6130]   API 1000 run
[687.6230]   API 1001 run
[687.6690]   API 1002 run
[687.8760]   API 1000 run
[687.8860]   API 1001 run
[687.9340]   API 1002 run
[688.1290]   API 1000 run
[688.1390]   API 1001 run
[688.1860]   API 1002 run
[688.3860]   API 1000 run
[688.3960]   API 1001 run
[688.4450]   API 1002 run
[688.6510]   API 1000 run
[688.6600]   API 1001 run
[688.7280]   API 1002 run
[689.0340]   API 1000 run
[689.0430]   API 1001 run
[689.0950]   API 1002 run
[689.3000]   API 1000 run
[689.3090]   API 1001 run
[689.3600]   API 1002 run
[689.5530]   API 1000 run
[689.5620]   API 1001 run
[689.6090]   API 1002 run
[689.8290]   API 1000 run
[689.8390]   API 1001 run
[689.8890]   API 1002 run
[690.0910]   API 1000 run
[690.1000]   API 1001 run
[690.1470]   API 1002 run
[690.3550]   API 1000 run
[690.3650]   API 1001 run
[690.4120]   API 1002 run
[690.6060]   API 1000 run
[690.6150]   API 1001 run
[690.6630]   API 1002 run
[690.8720]   API 1000 run
[690.8810]   API 1001 run
[690.9300]   API 1002 run
[691.1340]   API 1000 run
[691.1440]   API 1001 run
[691.1910]   API 1002 run
[691.3850]   API 1000 run
[691.3940]   API 1001 run
[691.4410]   API 1002 run
[691.6350]   API 1000 run
[691.6440]   API 1001 run
[691.6910]   API 1002 run
[691.9010]   API 1000 run
[691.9100]   API 1001 run
[691.9630]   API 1002 run
[692.1580]   API 1000 run
[692.1680]   API 1001 run
[692.2140]   API 1002 run
[692.4140]   API 1000 run
[692.4230]   API 1001 run
[692.4690]   API 1002 run
[692.6630]   API 1000 run
[692.6720]   API 1001 run
[692.7190]   API 1002 run
[692.9440]   API 1000 run
[692.9540]   API 1001 run
[693.0030]   API 1002 run
[693.1980]   API 1000 run
[693.2070]   API 1001 run
[693.2540]   API 1002 run
[693.4460]   API 1000 run
[693.4560]   API 1001 run
[693.5020]   API 1002 run
[693.6960]   API 1000 run
[693.7050]   API 1001 run
[693.7720]   API 1002 run
[693.9710]   API 1000 run
[693.9800]   API 1001 run
[694.0280]   API 1002 run
[694.2220]   API 1000 run
[694.2320]   API 1001 run
[694.2780]   API 1002 run
[694.4710]   API 1000 run
[694.4800]   API 1001 run
[694.5270]   API 1002 run
[694.7200]   API 1000 run
[694.7310]   API 1001 run
[694.7960]   API 1002 run
[694.9940]   API 1000 run
[695.0040]   API 1001 run
[695.0490]   API 1002 run
[695.2500]   API 1000 run
[695.2590]   API 1001 run
[695.3110]   API 1002 run
[695.5050]   API 1000 run
[695.5150]   API 1001 run
[695.5620]   API 1002 run
[695.7680]   API 1000 run
[695.7780]   API 1001 run
[695.8260]   API 1002 run
[696.0250]   API 1000 run
[696.0340]   API 1001 run
[696.0820]   API 1002 run
[696.2780]   API 1000 run
[696.2870]   API 1001 run
[696.3350]   API 1002 run
[696.5350]   API 1000 run
[696.5450]   API 1001 run
[696.5920]   API 1002 run
[696.8120]   API 1000 run
[696.8210]   API 1001 run
[696.8740]   API 1002 run
[697.0740]   API 1000 run
[697.0830]   API 1001 run
[697.1300]   API 1002 run
[697.3270]   API 1000 run
[697.3360]   API 1001 run
[697.3830]   API 1002 run
[697.5750]   API 1000 run
[697.5840]   API 1001 run
[697.6310]   API 1002 run
[697.8470]   API 1000 run
[697.8560]   API 1001 run
[697.9060]   API 1002 run
[698.1000]   API 1000 run
[698.1090]   API 1001 run
[698.1550]   API 1002 run
[698.3480]   API 1000 run
[698.3570]   API 1001 run
[698.4040]   API 1002 run
[698.5980]   API 1000 run
[698.6080]   API 1001 run
[698.6540]   API 1002 run
[698.8630]   API 1000 run
[698.8720]   API 1001 run
[698.9200]   API 1002 run
[699.1210]   API 1000 run
[699.1310]   API 1001 run
[699.1770]   API 1002 run
[699.3700]   API 1000 run
[699.3800]   API 1001 run
[699.4260]   API 1002 run
[699.6200]   API 1000 run
[699.6290]   API 1001 run
[699.6750]   API 1002 run
[699.8830]   API 1000 run
[699.8920]   API 1001 run
[699.9400]   API 1002 run
[700.1350]   API 1000 run
[700.1440]   API 1001 run
[700.1900]   API 1002 run
[700.3890]   API 1000 run
[700.3980]   API 1001 run
[700.4440]   API 1002 run
[700.6380]   API 1000 run
[700.6470]   API 1001 run
[700.6940]   API 1002 run
[700.9160]   API 1000 run
[700.9250]   API 1001 run
[700.9760]   API 1002 run
[701.1690]   API 1000 run
[701.1790]   API 1001 run
[701.2250]   API 1002 run
[701.4200]   API 1000 run
[701.4300]   API 1001 run
[701.4760]   API 1002 run
[701.6690]   API 1000 run
[701.6780]   API 1001 run
[701.7310]   API 1002 run
[702.3500]   API 1000 run
[702.3600]   API 1001 run
[702.4090]   API 1002 run
[702.6160]   API 1000 run
[702.6250]   API 1001 run
[702.6730]   API 1002 run
[702.8880]   API 1000 run
[702.8980]   API 1001 run
[702.9460]   API 1002 run
[703.1420]   API 1000 run
[703.1520]   API 1001 run
[703.2010]   API 1002 run
[703.3930]   API 1000 run
[703.4020]   API 1001 run
[703.4490]   API 1002 run
[703.6510]   API 1000 run
[703.6600]   API 1001 run
[703.7070]   API 1002 run
[703.9180]   API 1000 run
[703.9270]   API 1001 run
[703.9750]   API 1002 run
[704.1700]   API 1000 run
[704.1790]   API 1001 run
[704.2250]   API 1002 run
[704.4190]   API 1000 run
[704.4280]   API 1001 run
[704.4770]   API 1002 run
[704.6710]   API 1000 run
[704.6800]   API 1001 run
[704.7270]   API 1002 run
[704.9570]   API 1000 run
[704.9670]   API 1001 run
[705.0160]   API 1002 run
[705.2110]   API 1000 run
[705.2200]   API 1001 run
[705.2670]   API 1002 run
[705.4610]   API 1000 run
[705.4700]   API 1001 run
[705.5170]   API 1002 run
[705.7160]   API 1000 run
[705.7250]   API 1001 run
[705.7850]   API 1002 run
[705.9840]   API 1000 run
[705.9930]   API 1001 run
[706.0400]   API 1002 run
[706.2390]   API 1000 run
[706.2500]   API 1001 run
[706.2970]   API 1002 run
[706.4900]   API 1000 run
[706.5000]   API 1001 run
[706.5470]   API 1002 run
[706.7390]   API 1000 run
[706.7490]   API 1001 run
[706.8110]   API 1002 run
[707.0090]   API 1000 run
[707.0190]   API 1001 run
[707.0650]   API 1002 run
[707.2590]   API 1000 run
[707.2690]   API 1001 run
[707.3160]   API 1002 run
[707.5160]   API 1000 run
[707.5260]   API 1001 run
[707.5730]   API 1002 run
[707.7850]   API 1000 run
[707.7970]   API 1001 run
[707.8480]   API 1002 run
[708.1170]   API 1000 run
[708.1270]   API 1001 run
[708.1740]   API 1002 run
[708.3690]   API 1000 run
[708.3790]   API 1001 run
[708.4250]   API 1002 run
[708.6190]   API 1000 run
[708.6290]   API 1001 run
[708.6750]   API 1002 run
[708.9080]   API 1000 run
[708.9170]   API 1001 run
[708.9690]   API 1002 run
[709.1750]   API 1000 run
[709.1840]   API 1001 run
[709.2320]   API 1002 run
[709.4260]   API 1000 run
[709.4350]   API 1001 run
[709.4810]   API 1002 run
[709.6750]   API 1000 run
[709.6840]   API 1001 run
[709.7310]   API 1002 run
[709.9440]   API 1000 run
[709.9530]   API 1001 run
[710.0020]   API 1002 run
[710.1950]   API 1000 run
[710.2130]   API 1001 run
[710.2610]   API 1002 run
[710.4560]   API 1000 run
[710.4660]   API 1001 run
[710.5130]   API 1002 run
[710.7070]   API 1000 run
[710.7170]   API 1001 run
[710.7790]   API 1002 run
[710.9770]   API 1000 run
[710.9860]   API 1001 run
[711.0330]   API 1002 run
[711.2260]   API 1000 run
[711.2360]   API 1001 run
[711.2810]   API 1002 run
[711.4750]   API 1000 run
[711.4850]   API 1001 run
[711.5310]   API 1002 run
[711.7340]   API 1000 run
[711.7430]   API 1001 run
[711.8040]   API 1002 run
[712.0010]   API 1000 run
[712.0110]   API 1001 run
[712.0570]   API 1002 run
[712.2510]   API 1000 run
[712.2610]   API 1001 run
[712.3070]   API 1002 run
[712.5060]   API 1000 run
[712.5150]   API 1001 run
[712.5620]   API 1002 run
[712.7750]   API 1000 run
[712.7860]   API 1001 run
[712.8380]   API 1002 run
[713.0490]   API 1000 run
[713.0580]   API 1001 run
[713.1050]   API 1002 run
[713.2990]   API 1000 run
[713.3080]   API 1001 run
[713.3540]   API 1002 run
[713.5490]   API 1000 run
[713.5580]   API 1001 run
[713.6040]   API 1002 run
[713.8160]   API 1000 run
[713.8260]   API 1001 run
[713.8740]   API 1002 run
[714.0700]   API 1000 run
[714.0800]   API 1001 run
[714.1270]   API 1002 run
[714.3260]   API 1000 run
[714.3360]   API 1001 run
[714.3820]   API 1002 run
[714.5760]   API 1000 run
[714.5860]   API 1001 run
[714.6320]   API 1002 run
[714.8420]   API 1000 run
[714.8520]   API 1001 run
[714.9000]   API 1002 run
[715.0950]   API 1000 run
[715.1060]   API 1001 run
[715.1820]   API 1002 run
[715.3810]   API 1000 run
[715.3910]   API 1001 run
[715.4350]   API 1002 run
[715.6350]   API 1000 run
[715.6450]   API 1001 run
[715.6890]   API 1002 run
[715.9030]   API 1000 run
[715.9120]   API 1001 run
[715.9560]   API 1002 run
[716.1470]   API 1000 run
[716.1560]   API 1001 run
[716.2010]   API 1002 run
[716.3940]   API 1000 run
[716.4040]   API 1001 run
[716.4500]   API 1002 run
[716.6420]   API 1000 run
[716.6520]   API 1001 run
[716.6980]   API 1002 run
[716.9350]   API 1000 run
[716.9440]   API 1001 run
[716.9940]   API 1002 run
[717.1900]   API 1000 run
[717.1990]   API 1001 run
[717.2450]   API 1002 run
[717.4400]   API 1000 run
[717.4490]   API 1001 run
[717.4950]   API 1002 run
[717.6890]   API 1000 run
[717.6990]   API 1001 run
[717.7450]   API 1002 run
[717.9550]   API 1000 run
[717.9640]   API 1001 run
[718.0120]   API 1002 run
[718.2040]   API 1000 run
[718.2190]   API 1001 run
[718.2650]   API 1002 run
[718.4590]   API 1000 run
[718.4690]   API 1001 run
[718.5150]   API 1002 run
[718.7070]   API 1000 run
[718.7170]   API 1001 run
[718.7770]   API 1002 run
[718.9760]   API 1000 run
[718.9850]   API 1001 run
[719.0310]   API 1002 run
[719.2310]   API 1000 run
[719.2400]   API 1001 run
[719.2870]   API 1002 run
[719.4800]   API 1000 run
[719.4890]   API 1001 run
[719.5350]   API 1002 run
[719.7350]   API 1000 run
[719.7440]   API 1001 run
[719.8040]   API 1002 run
[720.0020]   API 1000 run
[720.0110]   API 1001 run
[720.0570]   API 1002 run
[720.2510]   API 1000 run
[720.2600]   API 1001 run
[720.3060]   API 1002 run
[720.4990]   API 1000 run
[720.5080]   API 1001 run
[720.5550]   API 1002 run
[720.7480]   API 1000 run
[720.7800]   API 1001 run
[720.8300]   API 1002 run
[721.0410]   API 1000 run
[721.0510]   API 1001 run
[721.0970]   API 1002 run
[721.2950]   API 1000 run
[721.3040]   API 1001 run
[721.3500]   API 1002 run
[721.5440]   API 1000 run
[721.5530]   API 1001 run
[721.6010]   API 1002 run
[721.8120]   API 1000 run
[721.8220]   API 1001 run
[721.8700]   API 1002 run
[722.0660]   API 1000 run
[722.0760]   API 1001 run
[722.1220]   API 1002 run
[722.3210]   API 1000 run
[722.3300]   API 1001 run
[722.3770]   API 1002 run
[722.5760]   API 1000 run
[722.5850]   API 1001 run
[722.6320]   API 1002 run
[722.8420]   API 1000 run
[722.8520]   API 1001 run
[722.8990]   API 1002 run
[723.0950]   API 1000 run
[723.1040]   API 1001 run
[723.1500]   API 1002 run
[723.3450]   API 1000 run
[723.3540]   API 1001 run
[723.4000]   API 1002 run
[723.6010]   API 1000 run
[723.6110]   API 1001 run
[723.6570]   API 1002 run
[723.8670]   API 1000 run
[723.8760]   API 1001 run
[723.9240]   API 1002 run
[724.1190]   API 1000 run
[724.1280]   API 1001 run
[724.1740]   API 1002 run
[724.3670]   API 1000 run
[724.3760]   API 1001 run
[724.4220]   API 1002 run
[724.6160]   API 1000 run
[724.6250]   API 1001 run
[724.6710]   API 1002 run
[724.8960]   API 1000 run
[724.9050]   API 1001 run
[724.9550]   API 1002 run
[725.1540]   API 1000 run
[725.1630]   API 1001 run
[725.2100]   API 1002 run
[725.4030]   API 1000 run
[725.4120]   API 1001 run
[725.4590]   API 1002 run
[725.6530]   API 1000 run
[725.6620]   API 1001 run
[725.7090]   API 1002 run
[725.9250]   API 1000 run
[725.9350]   API 1001 run
[725.9820]   API 1002 run
[726.1760]   API 1000 run
[726.1910]   API 1001 run
[726.2370]   API 1002 run
[726.4320]   API 1000 run
[726.4420]   API 1001 run
[726.4880]   API 1002 run
[726.6800]   API 1000 run
[726.6900]   API 1001 run
[726.7360]   API 1002 run
[726.9460]   API 1000 run
[726.9560]   API 1001 run
[727.0030]   API 1002 run
[727.1960]   API 1000 run
[727.2060]   API 1001 run
[727.2530]   API 1002 run
[727.4450]   API 1000 run
[727.4550]   API 1001 run
[727.5010]   API 1002 run
[727.7010]   API 1000 run
[727.7110]   API 1001 run
[727.7700]   API 1002 run
[727.9680]   API 1000 run
[727.9770]   API 1001 run
[728.0250]   API 1002 run
[728.2190]   API 1000 run
[728.2280]   API 1001 run
[728.2770]   API 1002 run
[728.4790]   API 1000 run
[728.5000]   API 1001 run
[728.5920]   API 1002 run
[728.8290]   API 1000 run
[728.8390]   API 1001 run
[728.8900]   API 1002 run
[729.0950]   API 1000 run
[729.1040]   API 1001 run
[729.1500]   API 1002 run
[729.3520]   API 1000 run
[729.3610]   API 1001 run
[729.4070]   API 1002 run
[729.6010]   API 1000 run
[729.6100]   API 1001 run
[729.6560]   API 1002 run
[729.8650]   API 1000 run
[729.8750]   API 1001 run
[729.9230]   API 1002 run
[730.1180]   API 1000 run
[730.1280]   API 1001 run
[730.1740]   API 1002 run
[730.3750]   API 1000 run
[730.3840]   API 1001 run
[730.4310]   API 1002 run
[730.6250]   API 1000 run
[730.6340]   API 1001 run
[730.6810]   API 1002 run
[730.8900]   API 1000 run
[730.8990]   API 1001 run
[730.9470]   API 1002 run
[731.1420]   API 1000 run
[731.1520]   API 1001 run
[731.1980]   API 1002 run
[731.3900]   API 1000 run
[731.4000]   API 1001 run
[731.4460]   API 1002 run
[731.6460]   API 1000 run
[731.6550]   API 1001 run
[731.7010]   API 1002 run
[731.9100]   API 1000 run
[731.9190]   API 1001 run
[731.9660]   API 1002 run
[732.1600]   API 1000 run
[732.1700]   API 1001 run
[732.2150]   API 1002 run
[732.4090]   API 1000 run
[732.4180]   API 1001 run
[732.4640]   API 1002 run
[732.6640]   API 1000 run
[732.6740]   API 1001 run
[732.7200]   API 1002 run
[732.9500]   API 1000 run
[732.9600]   API 1001 run
[733.0090]   API 1002 run
[733.2050]   API 1000 run
[733.2140]   API 1001 run
[733.2600]   API 1002 run
[733.4540]   API 1000 run
[733.4630]   API 1001 run
[733.5090]   API 1002 run
[733.7030]   API 1000 run
[733.7120]   API 1001 run
[733.7740]   API 1002 run
[733.9730]   API 1000 run
[733.9830]   API 1001 run
[734.0300]   API 1002 run
[734.2230]   API 1000 run
[734.2380]   API 1001 run
[734.2850]   API 1002 run
[734.4780]   API 1000 run
[734.4880]   API 1001 run
[734.5350]   API 1002 run
[734.7290]   API 1000 run
[734.7380]   API 1001 run
[734.7980]   API 1002 run
[734.9950]   API 1000 run
[735.0050]   API 1001 run
[735.0510]   API 1002 run
[735.2470]   API 1000 run
[735.2570]   API 1001 run
[735.3070]   API 1002 run
[735.5000]   API 1000 run
[735.5100]   API 1001 run
[735.5560]   API 1002 run
[735.7700]   API 1000 run
[735.7800]   API 1001 run
[735.8340]   API 1002 run
[736.0330]   API 1000 run
[736.0420]   API 1001 run
[736.0890]   API 1002 run
[736.2830]   API 1000 run
[736.2920]   API 1001 run
[736.3390]   API 1002 run
[736.5320]   API 1000 run
[736.5420]   API 1001 run
[736.5890]   API 1002 run
[736.8070]   API 1000 run
[736.8160]   API 1001 run
[736.8670]   API 1002 run
[737.0710]   API 1000 run
[737.0810]   API 1001 run
[737.1270]   API 1002 run
[737.3200]   API 1000 run
[737.3300]   API 1001 run
[737.3760]   API 1002 run
[737.5680]   API 1000 run
[737.5780]   API 1001 run
[737.6240]   API 1002 run
[737.8350]   API 1000 run
[737.8440]   API 1001 run
[737.8920]   API 1002 run
[738.0860]   API 1000 run
[738.0960]   API 1001 run
[738.1420]   API 1002 run
[738.3420]   API 1000 run
[738.3510]   API 1001 run
[738.3980]   API 1002 run
[738.5910]   API 1000 run
[738.6010]   API 1001 run
[738.6470]   API 1002 run
[738.8570]   API 1000 run
[738.8660]   API 1001 run
[738.9140]   API 1002 run
[739.1090]   API 1000 run
[739.1190]   API 1001 run
[739.1700]   API 1002 run
[739.3670]   API 1000 run
[739.3770]   API 1001 run
[739.4230]   API 1002 run
[739.6230]   API 1000 run
[739.6320]   API 1001 run
[739.6790]   API 1002 run
[739.8880]   API 1000 run
[739.8980]   API 1001 run
[739.9450]   API 1002 run
[740.1410]   API 1000 run
[740.1500]   API 1001 run
[740.1970]   API 1002 run
[740.3920]   API 1000 run
[740.4010]   API 1001 run
[740.4470]   API 1002 run
[740.6410]   API 1000 run
[740.6510]   API 1001 run
[740.6970]   API 1002 run
[740.9330]   API 1000 run
[740.9420]   API 1001 run
[740.9930]   API 1002 run
[741.1900]   API 1000 run
[741.1990]   API 1001 run
[741.2450]   API 1002 run
[741.4390]   API 1000 run
[741.4480]   API 1001 run
[741.4950]   API 1002 run
[741.6890]   API 1000 run
[741.6990]   API 1001 run
[741.7450]   API 1002 run
[741.9560]   API 1000 run
[741.9650]   API 1001 run
[742.0120]   API 1002 run
[742.2060]   API 1000 run
[742.2210]   API 1001 run
[742.2700]   API 1002 run
[742.4730]   API 1000 run
[742.4820]   API 1001 run
[742.5290]   API 1002 run
[742.7220]   API 1000 run
[742.7310]   API 1001 run
[742.7910]   API 1002 run
[742.9890]   API 1000 run
[742.9990]   API 1001 run
[743.0450]   API 1002 run
[743.2390]   API 1000 run
[743.2480]   API 1001 run
[743.2940]   API 1002 run
[743.4870]   API 1000 run
[743.4960]   API 1001 run
[743.5430]   API 1002 run
[743.7440]   API 1000 run
[743.7680]   API 1001 run
[743.8170]   API 1002 run
[744.0140]   API 1000 run
[744.0240]   API 1001 run
[744.0700]   API 1002 run
[744.2640]   API 1000 run
[744.2730]   API 1001 run
[744.3200]   API 1002 run
[744.5130]   API 1000 run
[744.5230]   API 1001 run
[744.5690]   API 1002 run
[744.7870]   API 1000 run
[744.7960]   API 1001 run
[744.8480]   API 1002 run
[745.0550]   API 1000 run
[745.0640]   API 1001 run
[745.1120]   API 1002 run
[745.3060]   API 1000 run
[745.3160]   API 1001 run
[745.3620]   API 1002 run
[745.5550]   API 1000 run
[745.5650]   API 1001 run
[745.6110]   API 1002 run
[745.8250]   API 1000 run
[745.8350]   API 1001 run
[745.8830]   API 1002 run
[746.0780]   API 1000 run
[746.0880]   API 1001 run
[746.1340]   API 1002 run
[746.3350]   API 1000 run
[746.3440]   API 1001 run
[746.3900]   API 1002 run
[746.5850]   API 1000 run
[746.5940]   API 1001 run
[746.6420]   API 1002 run
[746.8520]   API 1000 run
[746.8620]   API 1001 run
[746.9100]   API 1002 run
[747.1050]   API 1000 run
[747.1150]   API 1001 run
[747.1610]   API 1002 run
[747.3550]   API 1000 run
[747.3650]   API 1001 run
[747.4110]   API 1002 run
[747.6160]   API 1000 run
[747.6250]   API 1001 run
[747.6730]   API 1002 run
[747.8820]   API 1000 run
[747.8920]   API 1001 run
[747.9400]   API 1002 run
[748.2120]   API 1000 run
[748.2260]   API 1001 run
[748.2800]   API 1002 run
[748.4770]   API 1000 run
[748.4860]   API 1001 run
[748.5330]   API 1002 run
[748.7260]   API 1000 run
[748.7360]   API 1001 run
[748.8120]   API 1002 run
[749.0200]   API 1000 run
[749.0290]   API 1001 run
[749.0770]   API 1002 run
[749.2870]   API 1000 run
[749.2970]   API 1001 run
[749.3430]   API 1002 run
[749.5390]   API 1000 run
[749.5480]   API 1001 run
[749.5960]   API 1002 run
[749.8080]   API 1000 run
[749.8180]   API 1001 run
[749.8650]   API 1002 run
[750.0610]   API 1000 run
[750.0710]   API 1001 run
[750.1170]   API 1002 run
[750.3380]   API 1000 run
[750.3470]   API 1001 run
[750.3930]   API 1002 run
[750.5670]   API 1000 run
[750.5760]   API 1001 run
[750.6220]   API 1002 run
[836.6890]   API 1000 run
[836.7650]   API 1001 run
[836.9060]   API 1002 run
[910.5680]   API 1000 run
[910.5810]   API 1001 run
[910.6580]   API 1002 run
[911.2930]   API 7 run
[911.7640]   API 1000 run
[911.7850]   API 1001 run
[911.8640]   API 1002 run
[913.9850]   API 1000 run
[913.9960]   API 1001 run
[914.0540]   API 1002 run
[914.2280]   API 1000 run
[914.2370]   API 1001 run
[914.2900]   API 1002 run
[915.8800]   API 1000 run
[915.8940]   API 1001 run
[916.0030]   API 1002 run
[966.8090]   API 1000 run
[966.8190]   API 1001 run
[966.8790]   API 1002 run
[967.2050]   API 1000 run
[967.2150]   API 1001 run
[967.2710]   API 1002 run
[967.6770]   API 7 run
[968.2560]   API 1000 run
[968.2660]   API 1001 run
[968.3290]   API 1002 run
[969.6910]   API 1000 run
[969.7010]   API 1001 run
[969.7750]   API 1002 run
[973.4070]   API 1000 run
[973.4180]   API 1001 run
[973.4890]   API 1002 run
[976.2640]   API 1000 run
[976.2820]   API 1001 run
[976.3420]   API 1002 run
[979.9970]   API 1000 run
[980.0210]   API 1001 run
[980.1080]   API 1002 run
[1347.5460]   API 1000 run
[1347.5590]   API 1001 run
[1347.6290]   API 1002 run
[1349.7590]   API 3 run
[1349.9420]   API 1000 run
[1349.9540]   API 1001 run
[1350.0300]   API 1002 run
[1350.1410]   API 7 run
[1350.9910]   API 22 run
[1351.1570]   API 1000 run
[1351.1689]   API 1001 run
[1802.1300]   PRESENT START 1
[1805.9810]   SOCKET END 0
[1805.9821]   API 1002 run
[1805.9830]   CYCLE End 1
[1806.0060]   API 3 run
[1806.1021]   API 1000 run
[1806.1169]   API 1001 run
[1806.1899]   API 1002 run
[1806.2720]   API 7 run
[1806.6880]   API 22 run
[1806.7410]   API 1000 run
[1806.7520]   API 1001 run
[1807.2930]   API 3000 run
[1810.9570]   PRESENT END 2
[2262.3501]   PRESENT START 1
[2264.7439]   SOCKET END 0
[2264.7451]   API 1002 run
[2264.7461]   CYCLE End 1
[2264.7791]   API 3 run
[2264.8811]   API 1000 run
[2264.8950]   API 1001 run
[2264.9690]   API 1002 run
[2265.0481]   API 7 run
[2265.6211]   API 22 run
[2265.6680]   API 1000 run
[2265.6809]   API 1001 run
[2267.1470]   API 3000 run
[2269.8369]   PRESENT END 2
[2718.9651]   PRESENT START 1
[2721.3831]   SOCKET END 0
[2721.3831]   API 1002 run
[2721.3840]   CYCLE End 1
[2721.4080]   API 3 run
[2721.5049]   API 1000 run
[2721.5181]   API 1001 run
[2721.5891]   API 1002 run
[2721.6621]   API 7 run
[2722.2581]   API 22 run
[2722.2959]   API 1000 run
[2722.3091]   API 1001 run
[2723.5901]   API 3000 run
[2726.5330]   PRESENT END 2
[3176.7839]   PRESENT START 1
[3180.0610]   SOCKET END 0
[3180.0610]   API 1002 run
[3180.0620]   CYCLE End 1
[3180.0840]   API 3 run
[3180.1809]   API 1000 run
[3180.1951]   API 1001 run
[3180.2661]   API 1002 run
[3180.3411]   API 7 run
[3180.7771]   API 22 run
[3180.8159]   API 1000 run
[3180.8279]   API 1001 run
[3181.4399]   API 3000 run
[3183.1650]   PRESENT END 2
[3636.5581]   PRESENT START 1
[3639.0291]   SOCKET END 0
[3639.0300]   API 1002 run
[3639.0310]   CYCLE End 1
[3639.0540]   API 3 run
[3639.1440]   API 1000 run
[3639.1580]   API 1001 run
[3639.2280]   API 1002 run
[3639.3059]   API 7 run
[3639.8740]   API 22 run
[3639.9131]   API 1000 run
[3639.9250]   API 1001 run
[3641.2200]   API 3000 run
[3643.9509]   PRESENT END 2
[4095.0171]   PRESENT START 1
[4097.3398]   SOCKET END 0
[4097.3408]   API 1002 run
[4097.3418]   CYCLE End 1
[4097.3652]   API 3 run
[4097.4551]   API 1000 run
[4097.4692]   API 1001 run
[4097.5381]   API 1002 run
[4097.6260]   API 7 run
[4098.1992]   API 22 run
[4098.2451]   API 1000 run
[4098.2568]   API 1001 run
[4099.6362]   API 3000 run
[4101.4941]   PRESENT END 2
[4556.3662]   PRESENT START 1
[4560.3452]   SOCKET END 0
[4560.3452]   API 1002 run
[4560.3472]   CYCLE End 1
[4560.3691]   API 3 run
[4560.4590]   API 1000 run
[4560.4712]   API 1001 run
[4560.5410]   API 1002 run
[4560.6509]   API 7 run
[4561.0820]   API 22 run
[4561.1162]   API 3000 run
[4561.1201]   API 1000 run
[4561.1328]   API 1001 run
[4563.8140]   PRESENT END 2
[5017.2339]   PRESENT START 1
[5019.6401]   SOCKET END 0
[5019.6401]   API 1002 run
[5019.6411]   CYCLE End 1
[5019.6621]   API 3 run
[5019.7568]   API 1000 run
[5019.7700]   API 1001 run
[5019.8389]   API 1002 run
[5019.9141]   API 7 run
[5020.4780]   API 22 run
[5020.5151]   API 1000 run
[5020.5278]   API 1001 run
[5022.0269]   API 3000 run
[5024.7998]   PRESENT END 2
[5475.6558]   PRESENT START 1
[5478.0991]   SOCKET END 0
[5478.0991]   API 1002 run
[5478.1001]   CYCLE End 1
[5478.1230]   API 3 run
[5478.2178]   API 1000 run
[5478.2319]   API 1001 run
[5478.3032]   API 1002 run
[5478.3740]   API 7 run
[5478.9028]   API 22 run
[5478.9409]   API 1000 run
[5478.9531]   API 1001 run
[5480.3770]   API 3000 run
[5483.0278]   PRESENT END 2
[5937.9829]   PRESENT START 1
[5941.3159]   SOCKET END 0
[5941.3159]   API 1002 run
[5941.3169]   CYCLE End 1
[5941.3398]   API 3 run
[5941.4331]   API 1000 run
[5941.4468]   API 1001 run
[5941.5132]   API 1002 run
[5941.5972]   API 7 run
[5942.3789]   API 22 run
[5942.4268]   API 1000 run
[5942.4390]   API 1001 run
[5942.5752]   API 3000 run
[5945.3418]   PRESENT END 2
[6399.7690]   PRESENT START 1
[6402.1338]   SOCKET END 0
[6402.1348]   API 1002 run
[6402.1362]   CYCLE End 1
[6402.1602]   API 3 run
[6402.2559]   API 1000 run
[6402.2681]   API 1001 run
[6402.3369]   API 1002 run
[6402.4072]   API 7 run
[6402.9829]   API 22 run
[6403.0210]   API 1000 run
[6403.0332]   API 1001 run
[6404.4312]   API 3000 run
[6406.2349]   PRESENT END 2
[6861.1689]   PRESENT START 1
[6864.4370]   SOCKET END 0
[6864.4370]   API 1002 run
[6864.4380]   CYCLE End 1
[6864.4609]   API 3 run
[6864.5640]   API 1000 run
[6864.5771]   API 1001 run
[6864.6479]   API 1002 run
[6864.7192]   API 7 run
[6865.4229]   API 22 run
[6865.4619]   API 1000 run
[6865.4751]   API 1001 run
[6865.7510]   API 3000 run
[6868.6519]   PRESENT END 2
[7323.1709]   PRESENT START 1
[7326.4941]   SOCKET END 0
[7326.4951]   API 1002 run
[7326.4961]   CYCLE End 1
[7326.5200]   API 3 run
[7326.6191]   API 1000 run
[7326.6328]   API 1001 run
[7326.7002]   API 1002 run
[7326.7681]   API 7 run
[7327.5352]   API 22 run
[7327.5732]   API 1000 run
[7327.5859]   API 1001 run
[7327.8418]   API 3000 run
[7330.6450]   PRESENT END 2
[7785.7002]   PRESENT START 1
[7789.0278]   SOCKET END 0
[7789.0278]   API 1002 run
[7789.0288]   CYCLE End 1
[7789.0498]   API 3 run
[7789.1392]   API 1000 run
[7789.1519]   API 1001 run
[7789.2178]   API 1002 run
[7789.2881]   API 7 run
[7790.1172]   API 3000 run
[7790.1611]   API 22 run
[7790.1958]   API 1000 run
[7790.2090]   API 1001 run
[7792.8989]   PRESENT END 2
[8247.6260]   PRESENT START 1
[8250.9395]   SOCKET END 0
[8250.9404]   API 1002 run
[8250.9414]   CYCLE End 1
[8250.9619]   API 3 run
[8251.0547]   API 1000 run
[8251.0674]   API 1001 run
[8251.1357]   API 1002 run
[8251.2207]   API 7 run
[8252.0420]   API 22 run
[8252.0791]   API 1000 run
[8252.0918]   API 1001 run
[8252.1172]   API 3000 run
[8255.0723]   PRESENT END 2
[8709.9941]   PRESENT START 1
[8713.3174]   SOCKET END 0
[8713.3184]   API 1002 run
[8713.3193]   CYCLE End 1
[8713.3398]   API 3 run
[8714.0117]   API 1000 run
[8714.0283]   API 1001 run
[8714.0967]   API 1002 run
[8714.1709]   API 7 run
[8714.5947]   API 22 run
[8714.6064]   API 3000 run
[8715.0742]   API 1000 run
[8715.1055]   API 1001 run
[8717.6992]   PRESENT END 2
[9173.0879]   PRESENT START 1
[9176.3135]   SOCKET END 0
[9176.3135]   API 1002 run
[9176.3145]   CYCLE End 1
[9176.3389]   API 3 run
[9176.4395]   API 1000 run
[9176.4521]   API 1001 run
[9176.5195]   API 1002 run
[9176.5977]   API 7 run
[9177.3232]   API 22 run
[9177.3604]   API 1000 run
[9177.3721]   API 1001 run
[9177.6670]   API 3000 run
[9180.5332]   PRESENT END 2
[9637.3164]   PRESENT START 1
[9640.8389]   SOCKET END 0
[9640.8398]   API 1002 run
[9640.8408]   CYCLE End 1
[9640.8652]   API 3 run
[9640.9580]   API 1000 run
[9640.9717]   API 1001 run
[9641.0381]   API 1002 run
[9641.1113]   API 7 run
[9641.5342]   API 22 run
[9641.5693]   API 1000 run
[9641.5811]   API 1001 run
[9641.7881]   API 3000 run
[9643.4814]   PRESENT END 2
[10100.0879]   PRESENT START 1
[10103.5068]   SOCKET END 0
[10103.5078]   API 1002 run
[10103.5078]   CYCLE End 1
[10103.5332]   API 3 run
[10103.6240]   API 1000 run
[10103.6465]   API 1001 run
[10103.7139]   API 1002 run
[10103.7871]   API 7 run
[10104.5342]   API 22 run
[10104.5742]   API 1000 run
[10104.5869]   API 1001 run
[10104.6035]   API 3000 run
[10107.3369]   PRESENT END 2
[10563.4805]   PRESENT START 1
[10566.8291]   SOCKET END 0
[10566.8291]   API 1002 run
[10566.8301]   CYCLE End 1
[10566.8516]   API 3 run
[10566.9424]   API 1000 run
[10566.9551]   API 1001 run
[10567.0225]   API 1002 run
[10567.0947]   API 7 run
[10567.9727]   API 22 run
[10568.0107]   API 1000 run
[10568.0244]   API 1001 run
[10568.2500]   API 3000 run
[10570.9648]   PRESENT END 2
[11026.3594]   PRESENT START 1
[11029.7139]   SOCKET END 0
[11029.7139]   API 1002 run
[11029.7148]   CYCLE End 1
[11029.7383]   API 3 run
[11029.8262]   API 1000 run
[11029.8379]   API 1001 run
[11029.9043]   API 1002 run
[11029.9746]   API 7 run
[11030.7070]   API 22 run
[11030.7461]   API 1000 run
[11030.7578]   API 1001 run
[11031.1035]   API 3000 run
[11033.7588]   PRESENT END 2
[11489.9053]   PRESENT START 1
[11493.2119]   SOCKET END 0
[11493.2119]   API 1002 run
[11493.2129]   CYCLE End 1
[11493.2354]   API 3 run
[11493.3359]   API 1000 run
[11493.3486]   API 1001 run
[11493.4170]   API 1002 run
[11493.4883]   API 7 run
[11494.2061]   API 22 run
[11494.2412]   API 1000 run
[11494.2529]   API 1001 run
[11494.6562]   API 3000 run
[11497.6055]   PRESENT END 2
[11952.7930]   PRESENT START 1
[11956.1719]   SOCKET END 0
[11956.1719]   API 1002 run
[11956.1729]   CYCLE End 1
[11956.1963]   API 3 run
[11956.2900]   API 1000 run
[11956.3018]   API 1001 run
[11956.3779]   API 1002 run
[11956.4463]   API 7 run
[11957.2529]   API 22 run
[11957.3164]   API 1000 run
[11957.3320]   API 1001 run
[11957.5840]   API 3000 run
[11960.1250]   PRESENT END 2
[12417.9219]   PRESENT START 1
[12421.2119]   SOCKET END 0
[12421.2119]   API 1002 run
[12421.2129]   CYCLE End 1
[12421.2334]   API 3 run
[12421.3281]   API 1000 run
[12421.3398]   API 1001 run
[12421.4082]   API 1002 run
[12421.4775]   API 7 run
[12422.2197]   API 22 run
[12422.2754]   API 1000 run
[12422.2881]   API 1001 run
[12422.5645]   API 3000 run
[12425.3535]   PRESENT END 2
[12881.1182]   PRESENT START 1
[12884.5215]   SOCKET END 0
[12884.5225]   API 1002 run
[12884.5234]   CYCLE End 1
[12884.5449]   API 3 run
[12884.6348]   API 1000 run
[12884.6484]   API 1001 run
[12884.7139]   API 1002 run
[12884.7959]   API 7 run
[12885.2012]   API 22 run
[12885.2539]   API 1000 run
[12885.2666]   API 1001 run
[12885.8389]   API 3000 run
[12887.5859]   PRESENT END 2
[13342.8701]   PRESENT START 1
[13346.1709]   SOCKET END 0
[13346.1709]   API 1002 run
[13346.1719]   CYCLE End 1
[13346.1953]   API 3 run
[13346.2900]   API 1000 run
[13346.3027]   API 1001 run
[13346.3691]   API 1002 run
[13346.4365]   API 7 run
[13347.2871]   API 22 run
[13347.3252]   API 1000 run
[13347.3389]   API 1001 run
[13347.6689]   API 3000 run
[13350.4336]   PRESENT END 2
[13806.8301]   PRESENT START 1
[13810.2383]   SOCKET END 0
[13810.2383]   API 1002 run
[13810.2393]   CYCLE End 1
[13810.2627]   API 3 run
[13810.3486]   API 1000 run
[13810.3633]   API 1001 run
[13810.4287]   API 1002 run
[13810.4971]   API 7 run
[13811.1309]   API 22 run
[13811.1758]   API 1000 run
[13811.2041]   API 1001 run
[13811.4746]   API 3000 run
[13814.1973]   PRESENT END 2
[14269.5176]   PRESENT START 1
[14273.0391]   SOCKET END 0
[14273.0400]   API 1002 run
[14273.0410]   CYCLE End 1
[14273.0645]   API 3 run
[14273.1562]   API 1000 run
[14273.1787]   API 1001 run
[14273.2461]   API 1002 run
[14273.3154]   API 7 run
[14273.9424]   API 22 run
[14273.9805]   API 1000 run
[14273.9922]   API 1001 run
[14274.2314]   API 3000 run
[14276.8281]   PRESENT END 2
[14735.4434]   PRESENT START 1
[14738.8525]   SOCKET END 0
[14738.8525]   API 1002 run
[14738.8535]   CYCLE End 1
[14738.8770]   API 3 run
[14738.9658]   API 1000 run
[14738.9785]   API 1001 run
[14739.0469]   API 1002 run
[14739.1172]   API 7 run
[14739.6885]   API 22 run
[14739.7256]   API 1000 run
[14739.7383]   API 1001 run
[14740.0732]   API 3000 run
[14742.9014]   PRESENT END 2
[15200.1719]   PRESENT START 1
[15204.0635]   SOCKET END 0
[15204.0645]   API 1002 run
[15204.0654]   CYCLE End 1
[15204.0869]   API 3 run
[15204.1885]   API 1000 run
[15204.2012]   API 1001 run
[15204.2686]   API 1002 run
[15204.3408]   API 7 run
[15204.7422]   API 22 run
[15204.7803]   API 3000 run
[15205.0938]   API 1000 run
[15205.1162]   API 1001 run
[15207.6670]   PRESENT END 2
[15664.0283]   PRESENT START 1
[15668.0674]   SOCKET END 0
[15668.0674]   API 1002 run
[15668.0684]   CYCLE End 1
[15668.0918]   API 3 run
[15668.1963]   API 1000 run
[15668.2090]   API 1001 run
[15668.2754]   API 1002 run
[15668.3467]   API 7 run
[15668.7520]   API 22 run
[15668.7881]   API 3000 run
[15668.8066]   API 1000 run
[15668.8271]   API 1001 run
[15671.5859]   PRESENT END 2
[16129.2168]   PRESENT START 1
[16132.9766]   SOCKET END 0
[16132.9766]   API 1002 run
[16132.9775]   CYCLE End 1
[16133.0039]   API 3 run
[16133.1113]   API 1000 run
[16133.1250]   API 1001 run
[16133.1914]   API 1002 run
[16133.2637]   API 7 run
[16133.6777]   API 22 run
[16133.7139]   API 1000 run
[16133.7256]   API 1001 run
[16133.9541]   API 3000 run
[16135.6924]   PRESENT END 2
[16592.6582]   PRESENT START 1
[16596.5703]   SOCKET END 0
[16596.5723]   API 1002 run
[16596.5723]   CYCLE End 1
[16596.5938]   API 3 run
[16596.6836]   API 1000 run
[16596.6953]   API 1001 run
[16596.7617]   API 1002 run
[16596.8438]   API 7 run
[16597.2715]   API 22 run
[16597.3086]   API 1000 run
[16597.3203]   API 1001 run
[16597.4219]   API 3000 run
[16600.1113]   PRESENT END 2
[17058.5098]   PRESENT START 1
[17061.8535]   SOCKET END 0
[17061.8555]   API 1002 run
[17061.8555]   CYCLE End 1
[17061.8789]   API 3 run
[17061.9688]   API 1000 run
[17061.9805]   API 1001 run
[17062.0605]   API 1002 run
[17062.1328]   API 7 run
[17062.8809]   API 22 run
[17062.9160]   API 1000 run
[17062.9277]   API 1001 run
[17063.3672]   API 3000 run
[17066.1543]   PRESENT END 2
[17523.7129]   PRESENT START 1
[17527.0684]   SOCKET END 0
[17527.0703]   API 1002 run
[17527.0723]   CYCLE End 1
[17527.0938]   API 3 run
[17527.1758]   API 1000 run
[17527.1875]   API 1001 run
[17527.2559]   API 1002 run
[17527.3242]   API 7 run
[17528.1328]   API 22 run
[17528.1797]   API 1000 run
[17528.1934]   API 1001 run
[17528.5156]   API 3000 run
[17531.1035]   PRESENT END 2
[17988.2324]   PRESENT START 1
[17991.4551]   SOCKET END 0
[17991.4551]   API 1002 run
[17991.4551]   CYCLE End 1
[17991.4766]   API 3 run
[17991.5645]   API 1000 run
[17991.5762]   API 1001 run
[17991.6426]   API 1002 run
[17991.7168]   API 7 run
[17992.4980]   API 22 run
[17992.5352]   API 1000 run
[17992.5508]   API 1001 run
[17992.7930]   API 3000 run
[17995.5234]   PRESENT END 2
[18453.4062]   PRESENT START 1
[18456.7637]   SOCKET END 0
[18456.7656]   API 1002 run
[18456.7852]   CYCLE End 1
[18456.8086]   API 3 run
[18456.8965]   API 1000 run
[18456.9082]   API 1001 run
[18456.9805]   API 1002 run
[18457.0645]   API 7 run
[18457.8496]   API 22 run
[18457.8887]   API 1000 run
[18457.9023]   API 1001 run
[18458.0488]   API 3000 run
[18460.5801]   PRESENT END 2
[18917.2207]   PRESENT START 1
[18920.6035]   SOCKET END 0
[18920.6035]   API 1002 run
[18920.6035]   CYCLE End 1
[18920.6270]   API 3 run
[18920.7070]   API 1000 run
[18920.7207]   API 1001 run
[18920.7969]   API 1002 run
[18920.8711]   API 7 run
[18921.5742]   API 22 run
[18921.6113]   API 1000 run
[18921.6230]   API 1001 run
[18921.8438]   API 3000 run
[18924.5605]   PRESENT END 2
[19381.7715]   PRESENT START 1
[19385.0801]   SOCKET END 0
[19385.0801]   API 1002 run
[19385.0820]   CYCLE End 1
[19385.1074]   API 3 run
[19385.1934]   API 1000 run
[19385.2070]   API 1001 run
[19385.2715]   API 1002 run
[19385.3398]   API 7 run
[19385.7402]   API 22 run
[19385.7793]   API 1000 run
[19385.7930]   API 1001 run
[19386.4805]   API 3000 run
[19388.2676]   PRESENT END 2
[19845.8359]   PRESENT START 1
[19849.8066]   SOCKET END 0
[19849.8066]   API 1002 run
[19849.8086]   CYCLE End 1
[19849.8281]   API 3 run
[19849.9160]   API 1000 run
[19849.9395]   API 1001 run
[19850.0078]   API 1002 run
[19850.0781]   API 7 run
[19850.4805]   API 22 run
[19850.5156]   API 1000 run
[19850.5273]   API 1001 run
[19850.6914]   API 3000 run
[19852.3223]   PRESENT END 2
[20310.7715]   PRESENT START 1
[20314.2871]   SOCKET END 0
[20314.2871]   API 1002 run
[20314.2891]   CYCLE End 1
[20314.3125]   API 3 run
[20314.4004]   API 1000 run
[20314.4121]   API 1001 run
[20314.4805]   API 1002 run
[20314.5449]   API 7 run
[20314.9551]   API 22 run
[20314.9961]   API 1000 run
[20315.0078]   API 1001 run
[20315.6152]   API 3000 run
[20317.5234]   PRESENT END 2
[20775.9395]   PRESENT START 1
[20780.3555]   SOCKET END 0
[20780.3555]   API 1002 run
[20780.3555]   CYCLE End 1
[20780.3770]   API 3 run
[20780.4648]   API 1000 run
[20780.4766]   API 1001 run
[20780.5449]   API 1002 run
[20780.6113]   API 7 run
[20780.6484]   API 3000 run
[20781.0586]   API 22 run
[20781.1055]   API 1000 run
[20781.1230]   API 1001 run
[20783.1836]   PRESENT END 2
[21240.6855]   PRESENT START 1
[21244.5879]   SOCKET END 0
[21244.5879]   API 1002 run
[21244.5898]   CYCLE End 1
[21244.6113]   API 3 run
[21244.6992]   API 1000 run
[21244.7148]   API 1001 run
[21244.7871]   API 1002 run
[21244.8594]   API 7 run
[21245.2715]   API 22 run
[21245.3047]   API 1000 run
[21245.3164]   API 1001 run
[21245.3887]   API 3000 run
[21248.1973]   PRESENT END 2
[21705.4199]   PRESENT START 1
[21708.7656]   SOCKET END 0
[21708.7656]   API 1002 run
[21708.7773]   CYCLE End 1
[21708.8027]   API 3 run
[21708.9141]   API 1000 run
[21708.9277]   API 1001 run
[21709.0000]   API 1002 run
[21709.0781]   API 7 run
[21709.9160]   API 22 run
[21709.9531]   API 1000 run
[21709.9668]   API 1001 run
[21710.1719]   API 3000 run
[21712.8262]   PRESENT END 2
[22169.7480]   PRESENT START 1
[22173.1230]   SOCKET END 0
[22173.1230]   API 1002 run
[22173.1230]   CYCLE End 1
[22173.1523]   API 3 run
[22173.2441]   API 1000 run
[22173.2578]   API 1001 run
[22173.3242]   API 1002 run
[22173.4004]   API 7 run
[22174.2246]   API 22 run
[22174.2617]   API 1000 run
[22174.2754]   API 1001 run
[22174.4766]   API 3000 run
[22177.2754]   PRESENT END 2
[22635.5527]   PRESENT START 1
[22638.9121]   SOCKET END 0
[22638.9121]   API 1002 run
[22638.9121]   CYCLE End 1
[22638.9355]   API 3 run
[22639.0332]   API 1000 run
[22639.0488]   API 1001 run
[22639.1191]   API 1002 run
[22639.1914]   API 7 run
[22639.6074]   API 22 run
[22639.6445]   API 1000 run
[22639.6562]   API 1001 run
[22640.2754]   API 3000 run
[22642.8867]   PRESENT END 2
[23099.7598]   PRESENT START 1
[23102.2129]   SOCKET END 0
[23102.2129]   API 1002 run
[23102.2129]   CYCLE End 1
[23102.2402]   API 3 run
[23102.3359]   API 1000 run
[23102.3496]   API 1001 run
[23102.4219]   API 1002 run
[23102.5000]   API 7 run
[23103.0469]   API 22 run
[23103.0840]   API 1000 run
[23103.0957]   API 1001 run
[23104.5957]   API 3000 run
[23107.2676]   PRESENT END 2
[23564.6172]   PRESENT START 1
[23567.0449]   SOCKET END 0
[23567.0449]   API 1002 run
[23567.0469]   CYCLE End 1
[23567.0723]   API 3 run
[23567.1641]   API 1000 run
[23567.1875]   API 1001 run
[23567.2559]   API 1002 run
[23567.3281]   API 7 run
[23567.8965]   API 22 run
[23567.9316]   API 1000 run
[23567.9434]   API 1001 run
[23569.2871]   API 3000 run
[23571.3574]   PRESENT END 2
[24028.4609]   PRESENT START 1
[24031.7812]   SOCKET END 0
[24031.7812]   API 1002 run
[24031.7832]   CYCLE End 1
[24031.8066]   API 3 run
[24031.9004]   API 1000 run
[24031.9141]   API 1001 run
[24031.9824]   API 1002 run
[24032.0527]   API 7 run
[24032.9883]   API 22 run
[24033.0293]   API 1000 run
[24033.0430]   API 1001 run
[24033.2559]   API 3000 run
[24035.9727]   PRESENT END 2
[24492.9883]   PRESENT START 1
[24495.3711]   SOCKET END 0
[24495.3730]   API 1002 run
[24495.3770]   CYCLE End 1
[24495.3984]   API 3 run
[24495.4883]   API 1000 run
[24495.5020]   API 1001 run
[24495.5703]   API 1002 run
[24495.6367]   API 7 run
[24496.2246]   API 22 run
[24496.2598]   API 1000 run
[24496.2715]   API 1001 run
[24497.6992]   API 3000 run
[24500.3867]   PRESENT END 2
[24956.6992]   PRESENT START 1
[24958.9863]   SOCKET END 0
[24958.9883]   API 1002 run
[24958.9883]   CYCLE End 1
[24959.0117]   API 3 run
[24959.0957]   API 1000 run
[24959.1094]   API 1001 run
[24959.1758]   API 1002 run
[24959.2441]   API 7 run
[24959.8262]   API 22 run
[24959.8633]   API 1000 run
[24959.8770]   API 1001 run
[24961.3984]   API 3000 run
[24964.1719]   PRESENT END 2
[25420.0488]   PRESENT START 1
[25423.4043]   SOCKET END 0
[25423.4043]   API 1002 run
[25423.4043]   CYCLE End 1
[25423.4277]   API 3 run
[25423.5156]   API 1000 run
[25423.5273]   API 1001 run
[25423.5977]   API 1002 run
[25423.6680]   API 7 run
[25424.4160]   API 22 run
[25424.4648]   API 1000 run
[25424.4766]   API 1001 run
[25424.7324]   API 3000 run
[25427.4160]   PRESENT END 2
[25886.0156]   PRESENT START 1
[25888.4199]   SOCKET END 0
[25888.4199]   API 1002 run
[25888.4199]   CYCLE End 1
[25888.4434]   API 3 run
[25888.5312]   API 1000 run
[25888.5469]   API 1001 run
[25888.6113]   API 1002 run
[25888.6934]   API 7 run
[25889.2656]   API 22 run
[25889.3047]   API 1000 run
[25889.3164]   API 1001 run
[25890.6914]   API 3000 run
[25893.3535]   PRESENT END 2
[26350.0840]   PRESENT START 1
[26352.4395]   SOCKET END 0
[26352.4395]   API 1002 run
[26352.4395]   CYCLE End 1
[26352.4648]   API 3 run
[26352.5449]   API 1000 run
[26352.5566]   API 1001 run
[26352.6230]   API 1002 run
[26352.7051]   API 7 run
[26353.2441]   API 22 run
[26353.2812]   API 1000 run
[26353.2949]   API 1001 run
[26354.5918]   API 3000 run
[26357.3398]   PRESENT END 2
[26813.5684]   PRESENT START 1
[26818.3320]   SOCKET END 0
[26818.3320]   API 1002 run
[26818.3359]   CYCLE End 1
[26818.3594]   API 3 run
[26818.4414]   API 1000 run
[26818.4551]   API 1001 run
[26818.4609]   API 3000 run
[26818.5312]   API 1002 run
[26818.6035]   API 7 run
[26819.1035]   API 22 run
[26819.1523]   API 1000 run
[26819.1680]   API 1001 run
[26820.9688]   PRESENT END 2
[27279.3965]   PRESENT START 1
[27281.7637]   SOCKET END 0
[27281.7637]   API 1002 run
[27281.7637]   CYCLE End 1
[27281.7852]   API 3 run
[27281.8633]   API 1000 run
[27281.8770]   API 1001 run
[27281.9395]   API 1002 run
[27282.0117]   API 7 run
[27282.6191]   API 22 run
[27282.6719]   API 1000 run
[27282.6836]   API 1001 run
[27283.9570]   API 3000 run
[27286.5352]   PRESENT END 2
[27743.7812]   PRESENT START 1
[27746.0527]   SOCKET END 0
[27746.0527]   API 1002 run
[27746.0527]   CYCLE End 1
[27746.0742]   API 3 run
[27746.1562]   API 1000 run
[27746.1680]   API 1001 run
[27746.2324]   API 1002 run
[27746.3008]   API 7 run
[27746.8887]   API 22 run
[27746.9277]   API 1000 run
[27746.9395]   API 1001 run
[27748.4785]   API 3000 run
[27751.1934]   PRESENT END 2
[28207.4922]   PRESENT START 1
[28211.0273]   SOCKET END 0
[28211.0273]   API 1002 run
[28211.0293]   CYCLE End 1
[28211.0488]   API 3 run
[28211.1328]   API 1000 run
[28211.1445]   API 1001 run
[28211.2109]   API 1002 run
[28211.2793]   API 7 run
[28211.8398]   API 22 run
[28211.8809]   API 1000 run
[28211.8926]   API 1001 run
[28212.2852]   API 3000 run
[28214.8125]   PRESENT END 2
[28672.4082]   PRESENT START 1
[28676.0898]   SOCKET END 0
[28676.0898]   API 1002 run
[28676.0918]   CYCLE End 1
[28676.1113]   API 3 run
[28676.1953]   API 1000 run
[28676.2109]   API 1001 run
[28676.2734]   API 1002 run
[28676.3438]   API 7 run
[28676.8125]   API 22 run
[28676.8516]   API 1000 run
[28676.8613]   API 1001 run
[28677.0684]   API 3000 run
[28679.7949]   PRESENT END 2
[29137.6270]   PRESENT START 1
[29141.6191]   SOCKET END 0
[29141.6191]   API 1002 run
[29141.6211]   CYCLE End 1
[29141.6484]   API 3 run
[29141.7441]   API 1000 run
[29141.7578]   API 1001 run
[29141.8262]   API 1002 run
[29141.8965]   API 7 run
[29142.3008]   API 22 run
[29142.3477]   API 1000 run
[29142.3594]   API 1001 run
[29142.4648]   API 3000 run
[29145.0488]   PRESENT END 2
[29604.1230]   PRESENT START 1
[29607.4688]   SOCKET END 0
[29607.4688]   API 1002 run
[29607.4688]   CYCLE End 1
[29607.4922]   API 3 run
[29607.5879]   API 1000 run
[29607.5996]   API 1001 run
[29607.6680]   API 1002 run
[29607.7383]   API 7 run
[29608.4570]   API 22 run
[29608.4961]   API 1000 run
[29608.5234]   API 1001 run
[29608.8594]   API 3000 run
[29611.5156]   PRESENT END 2
[30068.1035]   PRESENT START 1
[30071.4551]   SOCKET END 0
[30071.4551]   API 1002 run
[30071.4570]   CYCLE End 1
[30071.4824]   API 3 run
[30071.5781]   API 1000 run
[30071.5898]   API 1001 run
[30071.6562]   API 1002 run
[30071.7246]   API 7 run
[30072.4688]   API 22 run
[30072.5234]   API 1000 run
[30072.5352]   API 1001 run
[30072.8809]   API 3000 run
[30075.5449]   PRESENT END 2
[30534.5059]   PRESENT START 1
[30537.8594]   SOCKET END 0
[30537.8613]   API 1002 run
[30537.8633]   CYCLE End 1
[30537.8828]   API 3 run
[30537.9688]   API 1000 run
[30537.9805]   API 1001 run
[30538.0449]   API 1002 run
[30538.1113]   API 7 run
[30538.8438]   API 22 run
[30538.8848]   API 1000 run
[30538.8965]   API 1001 run
[30539.2402]   API 3000 run
[30541.7676]   PRESENT END 2
[30999.2754]   PRESENT START 1
[31002.8125]   SOCKET END 0
[31002.8125]   API 1002 run
[31002.8145]   CYCLE End 1
[31002.8359]   API 3 run
[31002.9199]   API 1000 run
[31002.9316]   API 1001 run
[31003.0000]   API 1002 run
[31003.0703]   API 7 run
[31003.6074]   API 22 run
[31003.6602]   API 1000 run
[31003.6719]   API 1001 run
[31003.9805]   API 3000 run
[31006.6992]   PRESENT END 2
[31464.1660]   PRESENT START 1
[31467.7070]   SOCKET END 0
[31467.7070]   API 1002 run
[31467.7109]   CYCLE End 1
[31467.7324]   API 3 run
[31467.8203]   API 1000 run
[31467.8301]   API 1001 run
[31467.8965]   API 1002 run
[31467.9668]   API 7 run
[31468.5156]   API 22 run
[31468.5566]   API 1000 run
[31468.5684]   API 1001 run
[31468.8770]   API 3000 run
[31471.4336]   PRESENT END 2
[31929.5117]   PRESENT START 1
[31933.8086]   SOCKET END 0
[31933.8086]   API 1002 run
[31933.8086]   CYCLE End 1
[31933.8320]   API 3 run
[31933.9180]   API 1000 run
[31933.9297]   API 1001 run
[31933.9961]   API 1002 run
[31934.0684]   API 7 run
[31934.1035]   API 3000 run
[31934.4766]   API 22 run
[31934.5117]   API 1000 run
[31934.5273]   API 1001 run
[31936.8457]   PRESENT END 2
[32394.1328]   PRESENT START 1
[32397.5918]   SOCKET END 0
[32397.5918]   API 1002 run
[32397.5918]   CYCLE End 1
[32397.6152]   API 3 run
[32397.6953]   API 1000 run
[32397.7070]   API 1001 run
[32397.7734]   API 1002 run
[32397.8398]   API 7 run
[32398.5332]   API 22 run
[32398.5723]   API 1000 run
[32398.5859]   API 1001 run
[32398.7539]   API 3000 run
[32401.3770]   PRESENT END 2
[32859.3555]   PRESENT START 1
[32863.3945]   SOCKET END 0
[32863.3945]   API 1002 run
[32863.3984]   CYCLE End 1
[32863.4219]   API 3 run
[32863.5078]   API 1000 run
[32863.5195]   API 1001 run
[32863.5898]   API 1002 run
[32863.6602]   API 7 run
[32863.9648]   API 3000 run
[32864.0547]   API 22 run
[32864.1016]   API 1000 run
[32864.1133]   API 1001 run
[32866.4844]   PRESENT END 2
[33323.4219]   PRESENT START 1
[33326.6992]   SOCKET END 0
[33326.6992]   API 1002 run
[33326.6992]   CYCLE End 1
[33326.7188]   API 3 run
[33326.8047]   API 1000 run
[33326.8164]   API 1001 run
[33326.8789]   API 1002 run
[33326.9531]   API 7 run
[33327.7969]   API 22 run
[33327.8359]   API 1000 run
[33327.8477]   API 1001 run
[33328.1875]   API 3000 run
[33330.8750]   PRESENT END 2
[33787.9609]   PRESENT START 1
[33791.2969]   SOCKET END 0
[33791.2969]   API 1002 run
[33791.2969]   CYCLE End 1
[33791.3164]   API 3 run
[33791.4062]   API 1000 run
[33791.4258]   API 1001 run
[33791.4883]   API 1002 run
[33791.5586]   API 7 run
[33792.3516]   API 22 run
[33792.3906]   API 1000 run
[33792.4023]   API 1001 run
[33792.7266]   API 3000 run
[33795.2344]   PRESENT END 2
[34253.9297]   PRESENT START 1
[34257.2188]   SOCKET END 0
[34257.2188]   API 1002 run
[34257.2188]   CYCLE End 1
[34257.2422]   API 3 run
[34257.3320]   API 1000 run
[34257.3438]   API 1001 run
[34257.4102]   API 1002 run
[34257.4805]   API 7 run
[34257.8672]   API 22 run
[34257.9023]   API 1000 run
[34257.9141]   API 1001 run
[34258.6758]   API 3000 run
[34260.6719]   PRESENT END 2
[34718.5547]   PRESENT START 1
[34721.8945]   SOCKET END 0
[34721.8945]   API 1002 run
[34721.8945]   CYCLE End 1
[34721.9219]   API 3 run
[34722.0000]   API 1000 run
[34722.0078]   API 1001 run
[34722.0742]   API 1002 run
[34722.1445]   API 7 run
[34722.9219]   API 22 run
[34722.9609]   API 1000 run
[34722.9727]   API 1001 run
[34723.3320]   API 3000 run
[34725.8984]   PRESENT END 2
[35182.3086]   PRESENT START 1
[35185.6484]   SOCKET END 0
[35185.6484]   API 1002 run
[35185.6484]   CYCLE End 1
[35185.6719]   API 3 run
[35185.7656]   API 1000 run
[35185.7773]   API 1001 run
[35185.8477]   API 1002 run
[35185.9102]   API 7 run
[35186.7148]   API 22 run
[35186.7578]   API 1000 run
[35186.7695]   API 1001 run
[35186.8789]   API 3000 run
[35189.5391]   PRESENT END 2
[35647.0234]   PRESENT START 1
[35650.3906]   SOCKET END 0
[35650.3906]   API 1002 run
[35650.3906]   CYCLE End 1
[35650.4141]   API 3 run
[35650.4961]   API 1000 run
[35650.5117]   API 1001 run
[35650.5742]   API 1002 run
[35650.6445]   API 7 run
[35651.3594]   API 22 run
[35651.3984]   API 1000 run
[35651.4102]   API 1001 run
[35651.6602]   API 3000 run
[35654.3359]   PRESENT END 2
[36112.5156]   PRESENT START 1
[36116.2148]   SOCKET END 0
[36116.2148]   API 1002 run
[36116.2148]   CYCLE End 1
[36116.2461]   API 3 run
[36116.3398]   API 1000 run
[36116.3516]   API 1001 run
[36116.4258]   API 1002 run
[36116.4922]   API 7 run
[36116.9531]   API 22 run
[36116.9922]   API 1000 run
[36117.0000]   API 1001 run
[36117.1211]   API 3000 run
[36119.7383]   PRESENT END 2
[36576.7656]   PRESENT START 1
[36580.2852]   SOCKET END 0
[36580.2852]   API 1002 run
[36580.2852]   CYCLE End 1
[36580.3047]   API 3 run
[36580.3828]   API 1000 run
[36580.3984]   API 1001 run
[36580.4648]   API 1002 run
[36580.5352]   API 7 run
[36581.0781]   API 22 run
[36581.1211]   API 1000 run
[36581.1328]   API 1001 run
[36581.5430]   API 3000 run
[36584.2656]   PRESENT END 2
[37042.1484]   PRESENT START 1
[37046.0742]   SOCKET END 0
[37046.0742]   API 1002 run
[37046.0742]   CYCLE End 1
[37046.1016]   API 3 run
[37046.1953]   API 1000 run
[37046.2070]   API 1001 run
[37046.2891]   API 1002 run
[37046.3555]   API 7 run
[37046.5000]   API 3000 run
[37046.8086]   API 22 run
[37046.8438]   API 1000 run
[37046.8555]   API 1001 run
[37049.0469]   PRESENT END 2
[37507.2070]   PRESENT START 1
[37511.1523]   SOCKET END 0
[37511.1523]   API 1002 run
[37511.1562]   CYCLE End 1
[37511.1836]   API 3 run
[37511.2734]   API 1000 run
[37511.2852]   API 1001 run
[37511.3516]   API 1002 run
[37511.4258]   API 7 run
[37511.5508]   API 3000 run
[37511.8320]   API 22 run
[37511.8711]   API 1000 run
[37511.8828]   API 1001 run
[37514.3789]   PRESENT END 2
[37971.6836]   PRESENT START 1
[37974.9766]   SOCKET END 0
[37974.9766]   API 1002 run
[37974.9766]   CYCLE End 1
[37975.0000]   API 3 run
[37975.0781]   API 1000 run
[37975.0977]   API 1001 run
[37975.1719]   API 1002 run
[37975.2383]   API 7 run
[37976.0273]   API 22 run
[37976.0664]   API 1000 run
[37976.0781]   API 1001 run
[37976.2891]   API 3000 run
[37978.8594]   PRESENT END 2
[38436.9141]   PRESENT START 1
[38440.2305]   SOCKET END 0
[38440.2305]   API 1002 run
[38440.2305]   CYCLE End 1
[38440.2539]   API 3 run
[38440.3359]   API 1000 run
[38440.3477]   API 1001 run
[38440.4141]   API 1002 run
[38440.4844]   API 7 run
[38441.2930]   API 22 run
[38441.3320]   API 1000 run
[38441.3438]   API 1001 run
[38441.4844]   API 3000 run
[38444.1758]   PRESENT END 2
[38901.7734]   PRESENT START 1
[38904.8867]   SOCKET END 0
[38904.8867]   API 1002 run
[38904.8867]   CYCLE End 1
[38904.9062]   API 3 run
[38904.9961]   API 1000 run
[38905.0078]   API 1001 run
[38905.0742]   API 1002 run
[38905.1602]   API 7 run
[38906.2148]   API 3000 run
[38906.2461]   API 22 run
[38906.3203]   API 1000 run
[38906.3281]   API 1001 run
[38908.9062]   PRESENT END 2
[39365.7031]   PRESENT START 1
[39368.9258]   SOCKET END 0
[39368.9258]   API 1002 run
[39368.9258]   CYCLE End 1
[39368.9492]   API 3 run
[39369.0273]   API 1000 run
[39369.0391]   API 1001 run
[39369.1211]   API 1002 run
[39369.1875]   API 7 run
[39369.9609]   API 22 run
[39370.0000]   API 1000 run
[39370.0078]   API 1001 run
[39370.3867]   API 3000 run
[39373.1406]   PRESENT END 2
[39832.2539]   PRESENT START 1
[39835.6406]   SOCKET END 0
[39835.6406]   API 1002 run
[39835.6445]   CYCLE End 1
[39835.6641]   API 3 run
[39835.7422]   API 1000 run
[39835.7578]   API 1001 run
[39835.8242]   API 1002 run
[39835.8867]   API 7 run
[39836.6250]   API 22 run
[39836.6602]   API 1000 run
[39836.6719]   API 1001 run
[39836.9688]   API 3000 run
[39839.4805]   PRESENT END 2
[40296.6211]   PRESENT START 1
[40300.1484]   SOCKET END 0
[40300.1484]   API 1002 run
[40300.1484]   CYCLE End 1
[40300.1680]   API 3 run
[40300.2539]   API 1000 run
[40300.2656]   API 1001 run
[40300.3320]   API 1002 run
[40300.4102]   API 7 run
[40301.0234]   API 22 run
[40301.0781]   API 1000 run
[40301.0938]   API 1001 run
[40301.4492]   API 3000 run
[40304.1289]   PRESENT END 2
[40761.2930]   PRESENT START 1
[40765.1133]   SOCKET END 0
[40765.1133]   API 1002 run
[40765.1133]   CYCLE End 1
[40765.1328]   API 3 run
[40765.2148]   API 1000 run
[40765.2227]   API 1001 run
[40765.2930]   API 1002 run
[40765.3633]   API 7 run
[40766.0078]   API 22 run
[40766.0117]   API 3000 run
[40766.0977]   API 1000 run
[40766.1094]   API 1001 run
[40768.6836]   PRESENT END 2
[41226.5469]   PRESENT START 1
[41230.2578]   SOCKET END 0
[41230.2578]   API 1002 run
[41230.2617]   CYCLE End 1
[41230.2812]   API 3 run
[41230.3750]   API 1000 run
[41230.3867]   API 1001 run
[41230.4570]   API 1002 run
[41230.5234]   API 7 run
[41230.9414]   API 22 run
[41230.9766]   API 1000 run
[41230.9922]   API 1001 run
[41231.3086]   API 3000 run
[41233.9492]   PRESENT END 2
[41692.1055]   PRESENT START 1
[41695.8555]   SOCKET END 0
[41695.8594]   API 1002 run
[41695.8594]   CYCLE End 1
[41695.8789]   API 3 run
[41695.9688]   API 1000 run
[41695.9922]   API 1001 run
[41696.0547]   API 1002 run
[41696.1289]   API 7 run
[41696.5117]   API 3000 run
[41696.5312]   API 22 run
[41696.5898]   API 1000 run
[41696.6016]   API 1001 run
[41699.2031]   PRESENT END 2
[42157.4883]   PRESENT START 1
[42160.8594]   SOCKET END 0
[42160.8594]   API 1002 run
[42160.8594]   CYCLE End 1
[42160.8789]   API 3 run
[42160.9766]   API 1000 run
[42160.9844]   API 1001 run
[42161.0547]   API 1002 run
[42161.1250]   API 7 run
[42161.9102]   API 22 run
[42161.9492]   API 1000 run
[42161.9766]   API 1001 run
[42162.3008]   API 3000 run
[42164.8477]   PRESENT END 2
[42622.1055]   PRESENT START 1
[42625.4141]   SOCKET END 0
[42625.4219]   API 1002 run
[42625.4219]   CYCLE End 1
[42625.4414]   API 3 run
[42625.5195]   API 1000 run
[42625.5312]   API 1001 run
[42625.6016]   API 1002 run
[42625.6680]   API 7 run
[42626.5234]   API 22 run
[42626.5703]   API 1000 run
[42626.5859]   API 1001 run
[42626.6406]   API 3000 run
[42629.3945]   PRESENT END 2
[43087.2969]   PRESENT START 1
[43090.6289]   SOCKET END 0
[43090.6289]   API 1002 run
[43090.6328]   CYCLE End 1
[43090.6484]   API 3 run
[43090.7305]   API 1000 run
[43090.7422]   API 1001 run
[43090.8086]   API 1002 run
[43090.8789]   API 7 run
[43091.6797]   API 22 run
[43091.7188]   API 1000 run
[43091.7305]   API 1001 run
[43092.0586]   API 3000 run
[43094.7266]   PRESENT END 2
[43551.1445]   PRESENT START 1
[43554.5352]   SOCKET END 0
[43554.5352]   API 1002 run
[43554.5352]   CYCLE End 1
[43554.5547]   API 3 run
[43554.6406]   API 1000 run
[43554.6562]   API 1001 run
[43554.7188]   API 1002 run
[43554.7930]   API 7 run
[43555.5430]   API 22 run
[43555.5859]   API 1000 run
[43555.5977]   API 1001 run
[43555.7852]   API 3000 run
[43558.5156]   PRESENT END 2
[44016.7148]   PRESENT START 1
[44020.1992]   SOCKET END 0
[44020.1992]   API 1002 run
[44020.2031]   CYCLE End 1
[44020.2227]   API 3 run
[44020.3086]   API 1000 run
[44020.3203]   API 1001 run
[44020.3867]   API 1002 run
[44020.4727]   API 7 run
[44021.0391]   API 22 run
[44021.0859]   API 1000 run
[44021.0977]   API 1001 run
[44021.5273]   API 3000 run
[44024.1562]   PRESENT END 2
[44480.6172]   PRESENT START 1
[44484.1484]   SOCKET END 0
[44484.1484]   API 1002 run
[44484.1484]   CYCLE End 1
[44484.1680]   API 3 run
[44484.2539]   API 1000 run
[44484.2656]   API 1001 run
[44484.3242]   API 1002 run
[44484.3906]   API 7 run
[44484.8086]   API 22 run
[44484.8555]   API 1000 run
[44484.8828]   API 1001 run
[44485.3242]   API 3000 run
[44486.9883]   PRESENT END 2
[44945.3125]   PRESENT START 1
[44947.6367]   SOCKET END 0
[44947.6367]   API 1002 run
[44947.6367]   CYCLE End 1
[44947.6562]   API 3 run
[44947.7344]   API 1000 run
[44947.7461]   API 1001 run
[44947.8164]   API 1002 run
[44947.8945]   API 7 run
[44948.4844]   API 22 run
[44948.5195]   API 1000 run
[44948.5273]   API 1001 run
[44950.0586]   API 3000 run
[44952.8008]   PRESENT END 2
[45409.9492]   PRESENT START 1
[45412.3164]   SOCKET END 0
[45412.3164]   API 1002 run
[45412.3164]   CYCLE End 1
[45412.3359]   API 3 run
[45412.4258]   API 1000 run
[45412.4414]   API 1001 run
[45412.5039]   API 1002 run
[45412.5703]   API 7 run
[45413.1680]   API 22 run
[45413.2070]   API 1000 run
[45413.2188]   API 1001 run
[45414.6250]   API 3000 run
[45417.2227]   PRESENT END 2
[45873.1953]   PRESENT START 1
[45876.8477]   SOCKET END 0
[45876.8477]   API 1002 run
[45876.8516]   CYCLE End 1
[45876.8711]   API 3 run
[45876.9609]   API 1000 run
[45876.9727]   API 1001 run
[45877.0391]   API 1002 run
[45877.1133]   API 7 run
[45877.6680]   API 22 run
[45877.7031]   API 1000 run
[45877.7188]   API 1001 run
[45877.8242]   API 3000 run
[45880.5664]   PRESENT END 2
[46337.8750]   PRESENT START 1
[46340.2070]   SOCKET END 0
[46340.2070]   API 1002 run
[46340.2070]   CYCLE End 1
[46340.2305]   API 3 run
[46340.3203]   API 1000 run
[46340.3359]   API 1001 run
[46340.3984]   API 1002 run
[46340.4688]   API 7 run
[46341.1211]   API 22 run
[46341.1602]   API 1000 run
[46341.1836]   API 1001 run
[46342.4805]   API 3000 run
[46345.0703]   PRESENT END 2
[46801.4414]   PRESENT START 1
[46803.8047]   SOCKET END 0
[46803.8047]   API 1002 run
[46803.8047]   CYCLE End 1
[46803.8242]   API 3 run
[46803.9023]   API 1000 run
[46803.9219]   API 1001 run
[46803.9805]   API 1002 run
[46804.0469]   API 7 run
[46804.6562]   API 22 run
[46804.6953]   API 1000 run
[46804.7070]   API 1001 run
[46806.1602]   API 3000 run
[46808.7930]   PRESENT END 2
[47265.1992]   PRESENT START 1
[47268.4844]   SOCKET END 0
[47268.4844]   API 1002 run
[47268.4844]   CYCLE End 1
[47268.5039]   API 3 run
[47268.5898]   API 1000 run
[47268.6016]   API 1001 run
[47268.6641]   API 1002 run
[47268.7344]   API 7 run
[47269.5625]   API 22 run
[47269.6094]   API 1000 run
[47269.6172]   API 1001 run
[47269.7383]   API 3000 run
[47272.4336]   PRESENT END 2
[47729.3125]   PRESENT START 1
[47731.6914]   SOCKET END 0
[47731.6914]   API 1002 run
[47731.6914]   CYCLE End 1
[47731.7656]   API 3 run
[47731.8477]   API 1000 run
[47731.8633]   API 1001 run
[47731.9297]   API 1002 run
[47732.0078]   API 7 run
[47732.5742]   API 22 run
[47732.6133]   API 1000 run
[47732.6250]   API 1001 run
[47733.9219]   API 3000 run
[47738.3867]   PRESENT END 2
[48193.9297]   PRESENT START 1
[48196.2539]   SOCKET END 0
[48196.2539]   API 1002 run
[48196.2539]   CYCLE End 1
[48196.2773]   API 3 run
[48196.3594]   API 1000 run
[48196.3711]   API 1001 run
[48196.4414]   API 1002 run
[48196.5039]   API 7 run
[48197.1250]   API 22 run
[48197.1641]   API 1000 run
[48197.1758]   API 1001 run
[48198.6367]   API 3000 run
[48201.3906]   PRESENT END 2
[48657.4883]   PRESENT START 1
[48660.8672]   SOCKET END 0
[48660.8672]   API 1002 run
[48660.8672]   CYCLE End 1
[48660.8867]   API 3 run
[48660.9805]   API 1000 run
[48660.9922]   API 1001 run
[48661.0586]   API 1002 run
[48661.1289]   API 7 run
[48661.9023]   API 22 run
[48661.9453]   API 1000 run
[48661.9531]   API 1001 run
[48662.2188]   API 3000 run
[48664.8438]   PRESENT END 2
[49121.6172]   PRESENT START 1
[49124.0000]   SOCKET END 0
[49124.0000]   API 1002 run
[49124.0000]   CYCLE End 1
[49124.0234]   API 3 run
[49124.1094]   API 1000 run
[49124.1211]   API 1001 run
[49124.1836]   API 1002 run
[49124.2578]   API 7 run
[49124.8633]   API 22 run
[49124.9023]   API 1000 run
[49124.9141]   API 1001 run
[49126.2969]   API 3000 run
[49129.0234]   PRESENT END 2
[49585.9062]   PRESENT START 1
[49588.3516]   SOCKET END 0
[49588.3516]   API 1002 run
[49588.3516]   CYCLE End 1
[49588.3750]   API 3 run
[49588.4727]   API 1000 run
[49588.4883]   API 1001 run
[49588.5508]   API 1002 run
[49588.6250]   API 7 run
[49589.2305]   API 22 run
[49589.2734]   API 1000 run
[49589.2852]   API 1001 run
[49590.4883]   API 3000 run
[49593.0156]   PRESENT END 2
[50050.7266]   PRESENT START 1
[50054.2031]   SOCKET END 0
[50054.2070]   API 1002 run
[50054.2070]   CYCLE End 1
[50054.2305]   API 3 run
[50054.3203]   API 1000 run
[50054.3320]   API 1001 run
[50054.3984]   API 1002 run
[50054.4727]   API 7 run
[50055.0703]   API 22 run
[50055.1133]   API 1000 run
[50055.1211]   API 1001 run
[50055.3359]   API 3000 run
[50058.0078]   PRESENT END 2
[50515.6875]   PRESENT START 1
[50518.0781]   SOCKET END 0
[50518.0781]   API 1002 run
[50518.0781]   CYCLE End 1
[50518.1055]   API 3 run
[50518.1992]   API 1000 run
[50518.2148]   API 1001 run
[50518.3047]   API 1002 run
[50518.3555]   API 7 run
[50518.9219]   API 22 run
[50518.9609]   API 1000 run
[50518.9727]   API 1001 run
[50520.4609]   API 3000 run
[50523.1016]   PRESENT END 2
[50978.7109]   PRESENT START 1
[50981.3828]   SOCKET END 0
[50981.3828]   API 1002 run
[50981.3828]   CYCLE End 1
[50981.4062]   API 3 run
[50981.4922]   API 1000 run
[50981.5039]   API 1001 run
[50981.5664]   API 1002 run
[50981.6523]   API 7 run
[50982.2344]   API 22 run
[50982.2734]   API 1000 run
[50982.2852]   API 1001 run
[50983.4531]   API 3000 run
[50986.2188]   PRESENT END 2
[51442.0273]   PRESENT START 1
[51445.4531]   SOCKET END 0
[51445.4531]   API 1002 run
[51445.4570]   CYCLE End 1
[51445.4961]   API 3 run
[51445.6094]   API 1000 run
[51445.6211]   API 1001 run
[51445.6992]   API 1002 run
[51445.7734]   API 7 run
[51446.3711]   API 22 run
[51446.4062]   API 1000 run
[51446.4219]   API 1001 run
[51446.7617]   API 3000 run
[51449.3672]   PRESENT END 2
[51906.6523]   PRESENT START 1
[51909.0156]   SOCKET END 0
[51909.0156]   API 1002 run
[51909.0195]   CYCLE End 1
[51911.2305]   API 3000 run
[51913.9531]   PRESENT END 2
