[476.3670]   API 1000 run
[476.3920]   API 1001 run
[476.5420]   API 1002 run
[477.3230]   API 1000 run
[477.3330]   API 1001 run
[477.3930]   API 1002 run
[516.2200]   API 7 run
[517.0590]   API 1000 run
[526.1350]   API 1001 run
[531.2350]   API 1002 run
[583.0040]   API 1000 run
[583.0280]   API 1001 run
[583.0980]   API 1002 run
[592.2400]   API 7 run
[592.4700]   API 1000 run
[593.5090]   API 1001 run
[596.3610]   API 1002 run
[611.8410]   API 1000 run
[611.8510]   API 1001 run
[611.9090]   API 1002 run
[612.4160]   API 7 run
[612.5950]   API 1000 run
[612.6100]   API 1001 run
[612.6660]   API 1002 run
[613.9210]   API 1000 run
[613.9310]   API 1001 run
[614.0000]   API 1002 run
[614.4060]   API 7 run
[614.5490]   API 1000 run
[614.5590]   API 1001 run
[614.6120]   API 1002 run
[615.7920]   API 1000 run
[615.8020]   API 1001 run
[615.8540]   API 1002 run
[616.2700]   API 7 run
[616.4100]   API 1000 run
[616.4270]   API 1001 run
[616.4830]   API 1002 run
[617.6640]   API 1000 run
[617.6740]   API 1001 run
[617.7260]   API 1002 run
[618.1330]   API 7 run
[618.2790]   API 1000 run
[618.2890]   API 1001 run
[618.3420]   API 1002 run
[620.2200]   API 1000 run
[620.2310]   API 1001 run
[620.2930]   API 1002 run
[622.0450]   API 7 run
[622.4210]   API 7 run
[622.7840]   API 7 run
[625.1460]   API 7 run
[626.0570]   API 1000 run
[626.0710]   API 1001 run
[626.1370]   API 1002 run
[628.0780]   API 1000 run
[628.0880]   API 1001 run
[628.1460]   API 1002 run
[628.3770]   API 1000 run
[628.3870]   API 1001 run
[628.4340]   API 1002 run
[628.6410]   API 1000 run
[628.6510]   API 1001 run
[628.6970]   API 1002 run
[628.9020]   API 1000 run
[628.9110]   API 1001 run
[628.9780]   API 1002 run
[629.1930]   API 1000 run
[629.2030]   API 1001 run
[629.2510]   API 1002 run
[629.4520]   API 1000 run
[629.4620]   API 1001 run
[629.5080]   API 1002 run
[629.7150]   API 1000 run
[629.7250]   API 1001 run
[629.7720]   API 1002 run
[629.9890]   API 1000 run
[629.9990]   API 1001 run
[630.0490]   API 1002 run
[630.2570]   API 1000 run
[630.2660]   API 1001 run
[630.3130]   API 1002 run
[630.5130]   API 1000 run
[630.5230]   API 1001 run
[630.5680]   API 1002 run
[630.7660]   API 1000 run
[630.7760]   API 1001 run
[630.8220]   API 1002 run
[631.0560]   API 1000 run
[631.0660]   API 1001 run
[631.1190]   API 1002 run
[631.3230]   API 1000 run
[631.3320]   API 1001 run
[631.3780]   API 1002 run
[631.5770]   API 1000 run
[631.5860]   API 1001 run
[631.6330]   API 1002 run
[631.8340]   API 1000 run
[631.8430]   API 1001 run
[631.8900]   API 1002 run
[632.1210]   API 1000 run
[632.1300]   API 1001 run
[632.1780]   API 1002 run
[632.3920]   API 1000 run
[632.4010]   API 1001 run
[632.4540]   API 1002 run
[632.6540]   API 1000 run
[632.6630]   API 1001 run
[632.7140]   API 1002 run
[632.9130]   API 1000 run
[632.9220]   API 1001 run
[632.9820]   API 1002 run
[633.1870]   API 1000 run
[633.1970]   API 1001 run
[633.2430]   API 1002 run
[633.4420]   API 1000 run
[633.4510]   API 1001 run
[633.4970]   API 1002 run
[633.7040]   API 1000 run
[633.7130]   API 1001 run
[633.7670]   API 1002 run
[633.9810]   API 1000 run
[633.9910]   API 1001 run
[634.0440]   API 1002 run
[634.2470]   API 1000 run
[634.2560]   API 1001 run
[634.3020]   API 1002 run
[634.5010]   API 1000 run
[634.5100]   API 1001 run
[634.5570]   API 1002 run
[634.7550]   API 1000 run
[634.7650]   API 1001 run
[634.8100]   API 1002 run
[635.0350]   API 1000 run
[635.0450]   API 1001 run
[635.1030]   API 1002 run
[635.3030]   API 1000 run
[635.3130]   API 1001 run
[635.3590]   API 1002 run
[635.5600]   API 1000 run
[635.5690]   API 1001 run
[635.6150]   API 1002 run
[635.8130]   API 1000 run
[635.8230]   API 1001 run
[635.8740]   API 1002 run
[636.0910]   API 1000 run
[636.1000]   API 1001 run
[636.1470]   API 1002 run
[636.3490]   API 1000 run
[636.3580]   API 1001 run
[636.4030]   API 1002 run
[636.6120]   API 1000 run
[636.6220]   API 1001 run
[636.6680]   API 1002 run
[636.8660]   API 1000 run
[636.8750]   API 1001 run
[636.9210]   API 1002 run
[637.1380]   API 1000 run
[637.1480]   API 1001 run
[637.1950]   API 1002 run
[637.3940]   API 1000 run
[637.4030]   API 1001 run
[637.4500]   API 1002 run
[637.6490]   API 1000 run
[637.6590]   API 1001 run
[637.7040]   API 1002 run
[637.9080]   API 1000 run
[637.9180]   API 1001 run
[637.9840]   API 1002 run
[638.1930]   API 1000 run
[638.2020]   API 1001 run
[638.2560]   API 1002 run
[638.4560]   API 1000 run
[638.4650]   API 1001 run
[638.5110]   API 1002 run
[638.7100]   API 1000 run
[638.7200]   API 1001 run
[638.7650]   API 1002 run
[638.9900]   API 1000 run
[639.0000]   API 1001 run
[639.0520]   API 1002 run
[639.2710]   API 1000 run
[639.2810]   API 1001 run
[639.3270]   API 1002 run
[639.5280]   API 1000 run
[639.5370]   API 1001 run
[639.5830]   API 1002 run
[639.7810]   API 1000 run
[639.7900]   API 1001 run
[639.8350]   API 1002 run
[640.0490]   API 1000 run
[640.0590]   API 1001 run
[640.1070]   API 1002 run
[640.3060]   API 1000 run
[640.3160]   API 1001 run
[640.3620]   API 1002 run
[640.5680]   API 1000 run
[640.5770]   API 1001 run
[640.6230]   API 1002 run
[640.8210]   API 1000 run
[640.8310]   API 1001 run
[640.8760]   API 1002 run
[641.0920]   API 1000 run
[641.1020]   API 1001 run
[641.1500]   API 1002 run
[641.3510]   API 1000 run
[641.3610]   API 1001 run
[641.4060]   API 1002 run
[641.6050]   API 1000 run
[641.6150]   API 1001 run
[641.6640]   API 1002 run
[641.8690]   API 1000 run
[641.8780]   API 1001 run
[641.9230]   API 1002 run
[642.1420]   API 1000 run
[642.1510]   API 1001 run
[642.1990]   API 1002 run
[642.4030]   API 1000 run
[642.4130]   API 1001 run
[642.4580]   API 1002 run
[642.6670]   API 1000 run
[642.6760]   API 1001 run
[642.7220]   API 1002 run
[642.9210]   API 1000 run
[642.9310]   API 1001 run
[643.0050]   API 1002 run
[643.2120]   API 1000 run
[643.2210]   API 1001 run
[643.2680]   API 1002 run
[643.4740]   API 1000 run
[643.4840]   API 1001 run
[643.5290]   API 1002 run
[643.7270]   API 1000 run
[643.7370]   API 1001 run
[643.7820]   API 1002 run
[643.9960]   API 1000 run
[644.0060]   API 1001 run
[644.0540]   API 1002 run
[644.2560]   API 1000 run
[644.2650]   API 1001 run
[644.3110]   API 1002 run
[644.5100]   API 1000 run
[644.5190]   API 1001 run
[644.5650]   API 1002 run
[644.7720]   API 1000 run
[644.7820]   API 1001 run
[644.8270]   API 1002 run
[645.0430]   API 1000 run
[645.0530]   API 1001 run
[645.1100]   API 1002 run
[645.3020]   API 1000 run
[645.3110]   API 1001 run
[645.3570]   API 1002 run
[645.5520]   API 1000 run
[645.5620]   API 1001 run
[645.6060]   API 1002 run
[645.8000]   API 1000 run
[645.8090]   API 1001 run
[645.8550]   API 1002 run
[646.0780]   API 1000 run
[646.0880]   API 1001 run
[646.1360]   API 1002 run
[646.3320]   API 1000 run
[646.3410]   API 1001 run
[646.3870]   API 1002 run
[646.5810]   API 1000 run
[646.5910]   API 1001 run
[646.6360]   API 1002 run
[646.8290]   API 1000 run
[646.8390]   API 1001 run
[646.8840]   API 1002 run
[647.1080]   API 1000 run
[647.1180]   API 1001 run
[647.1670]   API 1002 run
[647.3740]   API 1000 run
[647.3830]   API 1001 run
[647.4300]   API 1002 run
[647.6240]   API 1000 run
[647.6350]   API 1001 run
[647.6800]   API 1002 run
[647.8730]   API 1000 run
[647.8820]   API 1001 run
[647.9320]   API 1002 run
[648.1530]   API 1000 run
[648.1630]   API 1001 run
[648.2100]   API 1002 run
[648.4040]   API 1000 run
[648.4130]   API 1001 run
[648.4590]   API 1002 run
[648.6600]   API 1000 run
[648.6690]   API 1001 run
[648.7140]   API 1002 run
[648.9090]   API 1000 run
[648.9180]   API 1001 run
[648.9740]   API 1002 run
[649.1800]   API 1000 run
[649.1900]   API 1001 run
[649.2380]   API 1002 run
[649.4380]   API 1000 run
[649.4480]   API 1001 run
[649.4940]   API 1002 run
[649.6890]   API 1000 run
[649.6990]   API 1001 run
[649.7440]   API 1002 run
[651.3270]   API 1000 run
[651.3430]   API 1001 run
[651.4020]   API 1002 run
[651.6460]   API 1000 run
[651.6560]   API 1001 run
[651.7030]   API 1002 run
[651.9010]   API 1000 run
[651.9100]   API 1001 run
[651.9730]   API 1002 run
[652.1730]   API 1000 run
[652.1830]   API 1001 run
[652.2310]   API 1002 run
[652.4270]   API 1000 run
[652.4360]   API 1001 run
[652.4830]   API 1002 run
[652.6780]   API 1000 run
[652.6870]   API 1001 run
[652.7340]   API 1002 run
[652.9360]   API 1000 run
[652.9460]   API 1001 run
[653.0070]   API 1002 run
[653.2070]   API 1000 run
[653.2160]   API 1001 run
[653.2620]   API 1002 run
[653.4570]   API 1000 run
[653.4670]   API 1001 run
[653.5130]   API 1002 run
[653.7070]   API 1000 run
[653.7170]   API 1001 run
[653.7630]   API 1002 run
[653.9710]   API 1000 run
[653.9810]   API 1001 run
[654.0290]   API 1002 run
[654.2420]   API 1000 run
[654.2520]   API 1001 run
[654.2990]   API 1002 run
[654.4950]   API 1000 run
[654.5040]   API 1001 run
[654.5510]   API 1002 run
[654.7460]   API 1000 run
[654.7560]   API 1001 run
[654.8020]   API 1002 run
[655.0240]   API 1000 run
[655.0330]   API 1001 run
[655.0840]   API 1002 run
[655.2810]   API 1000 run
[655.2910]   API 1001 run
[655.3360]   API 1002 run
[655.5380]   API 1000 run
[655.5480]   API 1001 run
[655.5940]   API 1002 run
[655.7880]   API 1000 run
[655.7970]   API 1001 run
[655.8430]   API 1002 run
[656.0560]   API 1000 run
[656.0660]   API 1001 run
[656.1130]   API 1002 run
[656.3110]   API 1000 run
[656.3210]   API 1001 run
[656.3670]   API 1002 run
[656.5620]   API 1000 run
[656.5720]   API 1001 run
[656.6170]   API 1002 run
[656.8180]   API 1000 run
[656.8270]   API 1001 run
[656.8740]   API 1002 run
[657.0840]   API 1000 run
[657.0940]   API 1001 run
[657.1410]   API 1002 run
[657.3360]   API 1000 run
[657.3460]   API 1001 run
[657.3910]   API 1002 run
[657.5930]   API 1000 run
[657.6020]   API 1001 run
[657.6480]   API 1002 run
[657.8450]   API 1000 run
[657.8540]   API 1001 run
[657.9010]   API 1002 run
[658.1200]   API 1000 run
[658.1290]   API 1001 run
[658.1770]   API 1002 run
[658.3720]   API 1000 run
[658.3820]   API 1001 run
[658.4280]   API 1002 run
[658.6220]   API 1000 run
[658.6320]   API 1001 run
[658.6780]   API 1002 run
[658.8710]   API 1000 run
[658.8810]   API 1001 run
[658.9270]   API 1002 run
[659.2100]   API 1000 run
[659.2200]   API 1001 run
[659.2690]   API 1002 run
[659.4660]   API 1000 run
[659.4810]   API 1001 run
[659.5280]   API 1002 run
[659.7220]   API 1000 run
[659.7310]   API 1001 run
[659.7770]   API 1002 run
[659.9880]   API 1000 run
[659.9970]   API 1001 run
[660.0460]   API 1002 run
[660.2530]   API 1000 run
[660.2620]   API 1001 run
[660.3080]   API 1002 run
[660.5020]   API 1000 run
[660.5110]   API 1001 run
[660.5610]   API 1002 run
[660.7560]   API 1000 run
[660.7650]   API 1001 run
[660.8120]   API 1002 run
[661.0350]   API 1000 run
[661.0440]   API 1001 run
[661.0930]   API 1002 run
[661.2910]   API 1000 run
[661.3000]   API 1001 run
[661.3460]   API 1002 run
[661.5410]   API 1000 run
[661.5500]   API 1001 run
[661.5950]   API 1002 run
[661.7910]   API 1000 run
[661.8010]   API 1001 run
[661.8470]   API 1002 run
[662.0560]   API 1000 run
[662.0660]   API 1001 run
[662.1140]   API 1002 run
[662.3170]   API 1000 run
[662.3260]   API 1001 run
[662.3730]   API 1002 run
[662.5670]   API 1000 run
[662.5770]   API 1001 run
[662.6220]   API 1002 run
[662.8180]   API 1000 run
[662.8280]   API 1001 run
[662.8740]   API 1002 run
[663.1130]   API 1000 run
[663.1230]   API 1001 run
[663.1730]   API 1002 run
[663.3700]   API 1000 run
[663.3800]   API 1001 run
[663.4260]   API 1002 run
[663.6270]   API 1000 run
[663.6360]   API 1001 run
[663.6830]   API 1002 run
[663.8760]   API 1000 run
[663.8860]   API 1001 run
[663.9320]   API 1002 run
[664.1450]   API 1000 run
[664.1540]   API 1001 run
[664.2020]   API 1002 run
[664.4030]   API 1000 run
[664.4120]   API 1001 run
[664.4580]   API 1002 run
[664.6510]   API 1000 run
[664.6610]   API 1001 run
[664.7070]   API 1002 run
[664.9070]   API 1000 run
[664.9160]   API 1001 run
[664.9760]   API 1002 run
[665.1760]   API 1000 run
[665.1860]   API 1001 run
[665.2320]   API 1002 run
[665.4260]   API 1000 run
[665.4360]   API 1001 run
[665.4830]   API 1002 run
[665.6780]   API 1000 run
[665.6880]   API 1001 run
[665.7340]   API 1002 run
[665.9290]   API 1000 run
[665.9390]   API 1001 run
[665.9980]   API 1002 run
[666.2030]   API 1000 run
[666.2130]   API 1001 run
[666.2600]   API 1002 run
[666.4550]   API 1000 run
[666.4640]   API 1001 run
[666.5090]   API 1002 run
[666.7040]   API 1000 run
[666.7140]   API 1001 run
[666.7590]   API 1002 run
[666.9770]   API 1000 run
[666.9890]   API 1001 run
[667.0390]   API 1002 run
[667.2410]   API 1000 run
[667.2510]   API 1001 run
[667.2970]   API 1002 run
[667.4910]   API 1000 run
[667.5070]   API 1001 run
[667.5530]   API 1002 run
[667.7590]   API 1000 run
[667.7680]   API 1001 run
[667.8140]   API 1002 run
[668.0260]   API 1000 run
[668.0350]   API 1001 run
[668.0860]   API 1002 run
[668.2820]   API 1000 run
[668.2920]   API 1001 run
[668.3370]   API 1002 run
[668.5310]   API 1000 run
[668.5410]   API 1001 run
[668.5860]   API 1002 run
[668.7860]   API 1000 run
[668.7950]   API 1001 run
[668.8420]   API 1002 run
[669.0610]   API 1000 run
[669.0710]   API 1001 run
[669.1190]   API 1002 run
[669.3140]   API 1000 run
[669.3240]   API 1001 run
[669.3700]   API 1002 run
[669.5640]   API 1000 run
[669.5730]   API 1001 run
[669.6190]   API 1002 run
[669.8130]   API 1000 run
[669.8220]   API 1001 run
[669.8670]   API 1002 run
[670.0760]   API 1000 run
[670.0860]   API 1001 run
[670.1340]   API 1002 run
[670.3360]   API 1000 run
[670.3460]   API 1001 run
[670.3920]   API 1002 run
[670.5880]   API 1000 run
[670.5970]   API 1001 run
[670.6430]   API 1002 run
[670.8360]   API 1000 run
[670.8450]   API 1001 run
[670.8910]   API 1002 run
[671.1240]   API 1000 run
[671.1330]   API 1001 run
[671.1810]   API 1002 run
[671.3790]   API 1000 run
[671.3890]   API 1001 run
[671.4340]   API 1002 run
[671.6350]   API 1000 run
[671.6440]   API 1001 run
[671.6910]   API 1002 run
[671.8850]   API 1000 run
[671.8940]   API 1001 run
[671.9400]   API 1002 run
[672.1610]   API 1000 run
[672.1700]   API 1001 run
[672.2170]   API 1002 run
[672.4130]   API 1000 run
[672.4230]   API 1001 run
[672.4680]   API 1002 run
[672.6680]   API 1000 run
[672.6770]   API 1001 run
[672.7230]   API 1002 run
[672.9230]   API 1000 run
[672.9320]   API 1001 run
[672.9940]   API 1002 run
[673.1940]   API 1000 run
[673.2030]   API 1001 run
[673.2480]   API 1002 run
[673.4440]   API 1000 run
[673.4530]   API 1001 run
[673.4980]   API 1002 run
[673.6920]   API 1000 run
[673.7020]   API 1001 run
[673.7470]   API 1002 run
[673.9410]   API 1000 run
[673.9510]   API 1001 run
[674.0110]   API 1002 run
[674.2160]   API 1000 run
[674.2260]   API 1001 run
[674.2720]   API 1002 run
[674.4730]   API 1000 run
[674.4830]   API 1001 run
[674.5280]   API 1002 run
[674.7220]   API 1000 run
[674.7320]   API 1001 run
[674.7770]   API 1002 run
[674.9990]   API 1000 run
[675.0090]   API 1001 run
[675.0580]   API 1002 run
[675.2580]   API 1000 run
[675.2670]   API 1001 run
[675.3130]   API 1002 run
[675.5090]   API 1000 run
[675.5190]   API 1001 run
[675.5710]   API 1002 run
[675.7680]   API 1000 run
[675.7770]   API 1001 run
[675.8240]   API 1002 run
[676.0350]   API 1000 run
[676.0440]   API 1001 run
[676.0920]   API 1002 run
[676.2880]   API 1000 run
[676.2970]   API 1001 run
[676.3430]   API 1002 run
[676.5360]   API 1000 run
[676.5460]   API 1001 run
[676.5910]   API 1002 run
[676.7850]   API 1000 run
[676.7940]   API 1001 run
[676.8400]   API 1002 run
[677.0550]   API 1000 run
[677.0650]   API 1001 run
[677.1130]   API 1002 run
[677.3080]   API 1000 run
[677.3180]   API 1001 run
[677.3640]   API 1002 run
[677.5580]   API 1000 run
[677.5680]   API 1001 run
[677.6140]   API 1002 run
[677.8140]   API 1000 run
[677.8240]   API 1001 run
[677.8700]   API 1002 run
[678.0800]   API 1000 run
[678.0900]   API 1001 run
[678.1380]   API 1002 run
[678.3400]   API 1000 run
[678.3490]   API 1001 run
[678.3960]   API 1002 run
[678.5900]   API 1000 run
[678.6000]   API 1001 run
[678.6460]   API 1002 run
[678.8400]   API 1000 run
[678.8490]   API 1001 run
[678.8940]   API 1002 run
[679.1190]   API 1000 run
[679.1290]   API 1001 run
[679.1780]   API 1002 run
[679.3750]   API 1000 run
[679.3850]   API 1001 run
[679.4310]   API 1002 run
[679.6320]   API 1000 run
[679.6410]   API 1001 run
[679.6870]   API 1002 run
[679.8810]   API 1000 run
[679.8900]   API 1001 run
[679.9370]   API 1002 run
[680.1480]   API 1000 run
[680.1580]   API 1001 run
[680.2050]   API 1002 run
[680.3990]   API 1000 run
[680.4090]   API 1001 run
[680.4530]   API 1002 run
[680.6480]   API 1000 run
[680.6570]   API 1001 run
[680.7040]   API 1002 run
[680.9040]   API 1000 run
[680.9130]   API 1001 run
[680.9730]   API 1002 run
[681.1760]   API 1000 run
[681.1860]   API 1001 run
[681.2380]   API 1002 run
[681.4330]   API 1000 run
[681.4420]   API 1001 run
[681.4870]   API 1002 run
[681.6810]   API 1000 run
[681.6910]   API 1001 run
[681.7350]   API 1002 run
[681.9280]   API 1000 run
[681.9380]   API 1001 run
[681.9980]   API 1002 run
[682.2040]   API 1000 run
[682.2130]   API 1001 run
[682.2590]   API 1002 run
[682.4530]   API 1000 run
[682.4630]   API 1001 run
[682.5090]   API 1002 run
[682.7030]   API 1000 run
[682.7130]   API 1001 run
[682.7580]   API 1002 run
[682.9730]   API 1000 run
[682.9840]   API 1001 run
[683.0350]   API 1002 run
[683.2360]   API 1000 run
[683.2450]   API 1001 run
[683.2920]   API 1002 run
[683.4860]   API 1000 run
[683.4960]   API 1001 run
[683.5480]   API 1002 run
[683.7410]   API 1000 run
[683.7500]   API 1001 run
[683.7960]   API 1002 run
[684.0050]   API 1000 run
[684.0150]   API 1001 run
[684.0700]   API 1002 run
[684.2650]   API 1000 run
[684.2750]   API 1001 run
[684.3210]   API 1002 run
[684.5210]   API 1000 run
[684.5300]   API 1001 run
[684.5750]   API 1002 run
[684.7690]   API 1000 run
[684.7780]   API 1001 run
[684.8230]   API 1002 run
[685.0380]   API 1000 run
[685.0480]   API 1001 run
[685.0950]   API 1002 run
[685.3110]   API 1000 run
[685.3210]   API 1001 run
[685.3670]   API 1002 run
[685.5610]   API 1000 run
[685.5710]   API 1001 run
[685.6150]   API 1002 run
[685.8090]   API 1000 run
[685.8180]   API 1001 run
[685.8630]   API 1002 run
[686.0740]   API 1000 run
[686.0840]   API 1001 run
[686.1310]   API 1002 run
[686.3320]   API 1000 run
[686.3420]   API 1001 run
[686.3880]   API 1002 run
[686.5810]   API 1000 run
[686.5910]   API 1001 run
[686.6360]   API 1002 run
[686.8300]   API 1000 run
[686.8390]   API 1001 run
[686.8850]   API 1002 run
[687.1080]   API 1000 run
[687.1170]   API 1001 run
[687.1650]   API 1002 run
[687.3620]   API 1000 run
[687.3710]   API 1001 run
[687.4160]   API 1002 run
[687.6150]   API 1000 run
[687.6250]   API 1001 run
[687.6710]   API 1002 run
[687.8710]   API 1000 run
[687.8810]   API 1001 run
[687.9260]   API 1002 run
[688.1400]   API 1000 run
[688.1490]   API 1001 run
[688.1960]   API 1002 run
[688.3910]   API 1000 run
[688.4000]   API 1001 run
[688.4460]   API 1002 run
[688.6390]   API 1000 run
[688.6490]   API 1001 run
[688.6940]   API 1002 run
[688.8970]   API 1000 run
[688.9060]   API 1001 run
[688.9510]   API 1002 run
[689.1610]   API 1000 run
[689.1700]   API 1001 run
[689.2170]   API 1002 run
[689.4130]   API 1000 run
[689.4220]   API 1001 run
[689.4670]   API 1002 run
[689.6620]   API 1000 run
[689.6710]   API 1001 run
[689.7160]   API 1002 run
[689.9100]   API 1000 run
[689.9190]   API 1001 run
[689.9800]   API 1002 run
[690.1850]   API 1000 run
[690.1940]   API 1001 run
[690.2410]   API 1002 run
[690.4360]   API 1000 run
[690.4450]   API 1001 run
[690.4910]   API 1002 run
[690.6860]   API 1000 run
[690.6960]   API 1001 run
[690.7410]   API 1002 run
[690.9360]   API 1000 run
[690.9550]   API 1001 run
[691.0200]   API 1002 run
[691.2310]   API 1000 run
[691.2400]   API 1001 run
[691.2870]   API 1002 run
[691.4840]   API 1000 run
[691.4930]   API 1001 run
[691.5450]   API 1002 run
[691.7360]   API 1000 run
[691.7450]   API 1001 run
[691.7910]   API 1002 run
[692.0020]   API 1000 run
[692.0110]   API 1001 run
[692.0590]   API 1002 run
[692.2560]   API 1000 run
[692.2660]   API 1001 run
[692.3180]   API 1002 run
[692.5140]   API 1000 run
[692.5230]   API 1001 run
[692.5690]   API 1002 run
[692.7710]   API 1000 run
[692.7800]   API 1001 run
[692.8250]   API 1002 run
[693.0430]   API 1000 run
[693.0530]   API 1001 run
[693.1010]   API 1002 run
[693.2970]   API 1000 run
[693.3060]   API 1001 run
[693.3520]   API 1002 run
[693.5460]   API 1000 run
[693.5560]   API 1001 run
[693.6030]   API 1002 run
[693.7970]   API 1000 run
[693.8070]   API 1001 run
[693.8530]   API 1002 run
[694.0640]   API 1000 run
[694.0740]   API 1001 run
[694.1220]   API 1002 run
[694.3240]   API 1000 run
[694.3330]   API 1001 run
[694.3790]   API 1002 run
[694.5800]   API 1000 run
[694.5900]   API 1001 run
[694.6360]   API 1002 run
[694.8290]   API 1000 run
[694.8390]   API 1001 run
[694.8840]   API 1002 run
[695.1070]   API 1000 run
[695.1160]   API 1001 run
[695.1640]   API 1002 run
[695.3590]   API 1000 run
[695.3690]   API 1001 run
[695.4150]   API 1002 run
[695.6140]   API 1000 run
[695.6240]   API 1001 run
[695.6710]   API 1002 run
[695.8690]   API 1000 run
[695.8780]   API 1001 run
[695.9250]   API 1002 run
[696.1560]   API 1000 run
[696.1660]   API 1001 run
[696.2140]   API 1002 run
[696.4090]   API 1000 run
[696.4180]   API 1001 run
[696.4640]   API 1002 run
[696.6570]   API 1000 run
[696.6670]   API 1001 run
[696.7120]   API 1002 run
[696.9160]   API 1000 run
[696.9260]   API 1001 run
[696.9860]   API 1002 run
[697.1860]   API 1000 run
[697.1950]   API 1001 run
[697.2420]   API 1002 run
[697.4360]   API 1000 run
[697.4450]   API 1001 run
[697.4910]   API 1002 run
[697.6840]   API 1000 run
[697.6940]   API 1001 run
[697.7450]   API 1002 run
[697.9420]   API 1000 run
[697.9650]   API 1001 run
[698.0130]   API 1002 run
[698.2190]   API 1000 run
[698.2280]   API 1001 run
[698.2750]   API 1002 run
[698.4710]   API 1000 run
[698.4810]   API 1001 run
[698.5270]   API 1002 run
[698.7230]   API 1000 run
[698.7320]   API 1001 run
[698.7780]   API 1002 run
[698.9990]   API 1000 run
[699.0090]   API 1001 run
[699.0610]   API 1002 run
[699.2600]   API 1000 run
[699.2700]   API 1001 run
[699.3170]   API 1002 run
[699.5140]   API 1000 run
[699.5230]   API 1001 run
[699.5750]   API 1002 run
[699.7700]   API 1000 run
[699.7800]   API 1001 run
[699.8260]   API 1002 run
[700.0360]   API 1000 run
[700.0450]   API 1001 run
[700.0930]   API 1002 run
[700.2900]   API 1000 run
[700.2990]   API 1001 run
[700.3440]   API 1002 run
[700.5450]   API 1000 run
[700.5540]   API 1001 run
[700.6000]   API 1002 run
[700.7950]   API 1000 run
[700.8040]   API 1001 run
[700.8530]   API 1002 run
[701.0710]   API 1000 run
[701.0810]   API 1001 run
[701.1330]   API 1002 run
[701.3310]   API 1000 run
[701.3410]   API 1001 run
[701.3860]   API 1002 run
[701.5800]   API 1000 run
[701.5890]   API 1001 run
[701.6350]   API 1002 run
[701.8280]   API 1000 run
[701.8380]   API 1001 run
[701.8840]   API 1002 run
[702.0950]   API 1000 run
[702.1050]   API 1001 run
[702.1510]   API 1002 run
[702.3540]   API 1000 run
[702.3640]   API 1001 run
[702.4100]   API 1002 run
[702.6050]   API 1000 run
[702.6140]   API 1001 run
[702.6600]   API 1002 run
[702.8540]   API 1000 run
[702.8630]   API 1001 run
[702.9090]   API 1002 run
[703.1340]   API 1000 run
[703.1430]   API 1001 run
[703.1930]   API 1002 run
[703.3910]   API 1000 run
[703.4010]   API 1001 run
[703.4540]   API 1002 run
[703.6550]   API 1000 run
[703.6640]   API 1001 run
[703.7110]   API 1002 run
[703.9060]   API 1000 run
[703.9160]   API 1001 run
[703.9780]   API 1002 run
[704.1830]   API 1000 run
[704.1920]   API 1001 run
[704.2400]   API 1002 run
[704.4380]   API 1000 run
[704.4480]   API 1001 run
[704.4930]   API 1002 run
[704.6890]   API 1000 run
[704.6990]   API 1001 run
[704.7440]   API 1002 run
[704.9460]   API 1000 run
[704.9690]   API 1001 run
[705.0170]   API 1002 run
[705.2160]   API 1000 run
[705.2260]   API 1001 run
[705.2720]   API 1002 run
[705.4670]   API 1000 run
[705.4760]   API 1001 run
[705.5220]   API 1002 run
[705.7160]   API 1000 run
[705.7250]   API 1001 run
[705.7710]   API 1002 run
[705.9650]   API 1000 run
[705.9890]   API 1001 run
[706.0420]   API 1002 run
[706.2460]   API 1000 run
[706.2560]   API 1001 run
[706.3020]   API 1002 run
[706.4960]   API 1000 run
[706.5060]   API 1001 run
[706.5510]   API 1002 run
[706.7460]   API 1000 run
[706.7550]   API 1001 run
[706.8010]   API 1002 run
[707.0190]   API 1000 run
[707.0290]   API 1001 run
[707.0810]   API 1002 run
[707.2800]   API 1000 run
[707.2890]   API 1001 run
[707.3350]   API 1002 run
[707.5290]   API 1000 run
[707.5390]   API 1001 run
[707.5890]   API 1002 run
[707.7910]   API 1000 run
[707.8010]   API 1001 run
[707.8460]   API 1002 run
[708.0560]   API 1000 run
[708.0660]   API 1001 run
[708.1150]   API 1002 run
[708.3110]   API 1000 run
[708.3210]   API 1001 run
[708.3660]   API 1002 run
[708.5610]   API 1000 run
[708.5710]   API 1001 run
[708.6160]   API 1002 run
[708.8140]   API 1000 run
[708.8230]   API 1001 run
[708.8700]   API 1002 run
[709.0900]   API 1000 run
[709.1000]   API 1001 run
[709.1480]   API 1002 run
[709.3450]   API 1000 run
[709.3540]   API 1001 run
[709.4000]   API 1002 run
[709.5950]   API 1000 run
[709.6050]   API 1001 run
[709.6500]   API 1002 run
[709.8450]   API 1000 run
[709.8540]   API 1001 run
[709.9000]   API 1002 run
[710.1110]   API 1000 run
[710.1210]   API 1001 run
[710.1670]   API 1002 run
[710.3700]   API 1000 run
[710.3790]   API 1001 run
[710.4250]   API 1002 run
[710.6190]   API 1000 run
[710.6280]   API 1001 run
[710.6770]   API 1002 run
[710.8700]   API 1000 run
[710.8800]   API 1001 run
[710.9250]   API 1002 run
[711.1550]   API 1000 run
[711.1650]   API 1001 run
[711.2140]   API 1002 run
[711.4120]   API 1000 run
[711.4210]   API 1001 run
[711.4670]   API 1002 run
[711.6680]   API 1000 run
[711.6770]   API 1001 run
[711.7230]   API 1002 run
[711.9180]   API 1000 run
[711.9270]   API 1001 run
[711.9920]   API 1002 run
[712.1910]   API 1000 run
[712.2010]   API 1001 run
[712.2470]   API 1002 run
[712.4500]   API 1000 run
[712.4600]   API 1001 run
[712.5050]   API 1002 run
[712.6990]   API 1000 run
[712.7080]   API 1001 run
[712.7540]   API 1002 run
[712.9560]   API 1000 run
[712.9800]   API 1001 run
[713.0290]   API 1002 run
[713.2280]   API 1000 run
[713.2380]   API 1001 run
[713.2830]   API 1002 run
[713.4780]   API 1000 run
[713.4870]   API 1001 run
[713.5320]   API 1002 run
[713.7280]   API 1000 run
[713.7370]   API 1001 run
[713.7820]   API 1002 run
[713.9910]   API 1000 run
[714.0000]   API 1001 run
[714.0570]   API 1002 run
[714.2610]   API 1000 run
[714.2700]   API 1001 run
[714.3170]   API 1002 run
[714.5180]   API 1000 run
[714.5280]   API 1001 run
[714.5750]   API 1002 run
[714.7680]   API 1000 run
[714.7780]   API 1001 run
[714.8230]   API 1002 run
[715.0430]   API 1000 run
[715.0520]   API 1001 run
[715.1040]   API 1002 run
[715.3030]   API 1000 run
[715.3120]   API 1001 run
[715.3590]   API 1002 run
[715.5530]   API 1000 run
[715.5680]   API 1001 run
[715.6140]   API 1002 run
[715.8100]   API 1000 run
[715.8200]   API 1001 run
[715.8660]   API 1002 run
[716.0760]   API 1000 run
[716.0850]   API 1001 run
[716.1330]   API 1002 run
[716.3300]   API 1000 run
[716.3400]   API 1001 run
[716.3850]   API 1002 run
[716.5790]   API 1000 run
[716.5890]   API 1001 run
[716.6350]   API 1002 run
[716.8280]   API 1000 run
[716.8380]   API 1001 run
[716.8830]   API 1002 run
[717.1040]   API 1000 run
[717.2020]   API 1001 run
[717.2530]   API 1002 run
[717.4910]   API 1000 run
[717.5030]   API 1001 run
[717.5510]   API 1002 run
[717.7510]   API 1000 run
[717.7610]   API 1001 run
[717.8040]   API 1002 run
[718.5600]   API 1000 run
[718.5700]   API 1001 run
[718.6200]   API 1002 run
[718.8260]   API 1000 run
[718.8360]   API 1001 run
[718.8810]   API 1002 run
[719.1170]   API 1000 run
[719.1270]   API 1001 run
[719.1760]   API 1002 run
[719.3740]   API 1000 run
[719.3840]   API 1001 run
[719.4310]   API 1002 run
[719.6260]   API 1000 run
[719.6350]   API 1001 run
[719.6810]   API 1002 run
[719.8760]   API 1000 run
[719.8850]   API 1001 run
[719.9310]   API 1002 run
[720.1430]   API 1000 run
[720.1530]   API 1001 run
[720.2000]   API 1002 run
[720.4020]   API 1000 run
[720.4120]   API 1001 run
[720.4580]   API 1002 run
[720.6530]   API 1000 run
[720.6630]   API 1001 run
[720.7080]   API 1002 run
[720.9010]   API 1000 run
[720.9110]   API 1001 run
[720.9700]   API 1002 run
[721.1680]   API 1000 run
[721.1780]   API 1001 run
[721.2340]   API 1002 run
[721.4250]   API 1000 run
[721.4340]   API 1001 run
[721.4800]   API 1002 run
[721.6820]   API 1000 run
[721.6910]   API 1001 run
[721.7370]   API 1002 run
[721.9380]   API 1000 run
[721.9480]   API 1001 run
[722.0120]   API 1002 run
[722.2110]   API 1000 run
[722.2210]   API 1001 run
[722.2680]   API 1002 run
[722.4630]   API 1000 run
[722.4720]   API 1001 run
[722.5190]   API 1002 run
[722.7140]   API 1000 run
[722.7240]   API 1001 run
[722.7700]   API 1002 run
[722.9950]   API 1000 run
[723.0050]   API 1001 run
[723.0570]   API 1002 run
[723.2580]   API 1000 run
[723.2680]   API 1001 run
[723.3140]   API 1002 run
[723.5090]   API 1000 run
[723.5190]   API 1001 run
[723.5640]   API 1002 run
[723.7600]   API 1000 run
[723.7700]   API 1001 run
[723.8150]   API 1002 run
[724.0250]   API 1000 run
[724.0350]   API 1001 run
[724.0830]   API 1002 run
[724.2780]   API 1000 run
[724.2930]   API 1001 run
[724.3390]   API 1002 run
[724.5350]   API 1000 run
[724.5440]   API 1001 run
[724.5900]   API 1002 run
[724.7830]   API 1000 run
[724.7930]   API 1001 run
[724.8390]   API 1002 run
[725.0500]   API 1000 run
[725.0600]   API 1001 run
[725.1160]   API 1002 run
[725.3200]   API 1000 run
[725.3300]   API 1001 run
[725.3750]   API 1002 run
[725.5710]   API 1000 run
[725.5800]   API 1001 run
[725.6300]   API 1002 run
[725.8300]   API 1000 run
[725.8390]   API 1001 run
[725.8920]   API 1002 run
[726.1050]   API 1000 run
[726.1140]   API 1001 run
[726.1680]   API 1002 run
[726.3650]   API 1000 run
[726.3750]   API 1001 run
[726.4210]   API 1002 run
[726.6150]   API 1000 run
[726.6250]   API 1001 run
[726.6700]   API 1002 run
[726.8640]   API 1000 run
[726.8740]   API 1001 run
[726.9190]   API 1002 run
[727.1520]   API 1000 run
[727.1620]   API 1001 run
[727.2110]   API 1002 run
[727.4090]   API 1000 run
[727.4190]   API 1001 run
[727.4650]   API 1002 run
[727.6600]   API 1000 run
[727.6700]   API 1001 run
[727.7170]   API 1002 run
[727.9110]   API 1000 run
[727.9210]   API 1001 run
[727.9800]   API 1002 run
[728.1800]   API 1000 run
[728.1900]   API 1001 run
[728.2350]   API 1002 run
[728.4360]   API 1000 run
[728.4450]   API 1001 run
[728.4900]   API 1002 run
[728.6910]   API 1000 run
[728.7000]   API 1001 run
[728.7460]   API 1002 run
[728.9380]   API 1000 run
[728.9480]   API 1001 run
[729.0080]   API 1002 run
[729.2080]   API 1000 run
[729.2170]   API 1001 run
[729.2640]   API 1002 run
[729.4580]   API 1000 run
[729.4680]   API 1001 run
[729.5130]   API 1002 run
[729.7160]   API 1000 run
[729.7250]   API 1001 run
[729.7710]   API 1002 run
[729.9810]   API 1000 run
[729.9900]   API 1001 run
[730.0410]   API 1002 run
[730.2410]   API 1000 run
[730.2510]   API 1001 run
[730.2970]   API 1002 run
[730.4930]   API 1000 run
[730.5030]   API 1001 run
[730.5480]   API 1002 run
[730.7420]   API 1000 run
[730.7510]   API 1001 run
[730.7970]   API 1002 run
[731.0240]   API 1000 run
[731.0340]   API 1001 run
[731.0860]   API 1002 run
[731.2870]   API 1000 run
[731.2970]   API 1001 run
[731.3440]   API 1002 run
[731.5380]   API 1000 run
[731.5470]   API 1001 run
[731.5930]   API 1002 run
[731.7880]   API 1000 run
[731.7980]   API 1001 run
[731.8450]   API 1002 run
[732.0630]   API 1000 run
[732.0730]   API 1001 run
[732.1210]   API 1002 run
[732.3170]   API 1000 run
[732.3320]   API 1001 run
[732.3790]   API 1002 run
[732.5750]   API 1000 run
[732.5840]   API 1001 run
[732.6300]   API 1002 run
[732.8240]   API 1000 run
[732.8340]   API 1001 run
[732.8800]   API 1002 run
[733.0930]   API 1000 run
[733.1030]   API 1001 run
[733.1500]   API 1002 run
[733.3450]   API 1000 run
[733.3550]   API 1001 run
[733.4010]   API 1002 run
[733.5960]   API 1000 run
[733.6060]   API 1001 run
[733.6540]   API 1002 run
[733.8550]   API 1000 run
[733.8640]   API 1001 run
[733.9100]   API 1002 run
[734.1240]   API 1000 run
[734.1330]   API 1001 run
[734.1800]   API 1002 run
[734.3750]   API 1000 run
[734.3840]   API 1001 run
[734.4310]   API 1002 run
[734.6250]   API 1000 run
[734.6350]   API 1001 run
[734.6800]   API 1002 run
[734.8740]   API 1000 run
[734.8840]   API 1001 run
[734.9300]   API 1002 run
[735.1660]   API 1000 run
[735.1760]   API 1001 run
[735.2250]   API 1002 run
[735.4280]   API 1000 run
[735.4380]   API 1001 run
[735.4850]   API 1002 run
[735.6800]   API 1000 run
[735.6890]   API 1001 run
[735.7350]   API 1002 run
[735.9290]   API 1000 run
[735.9390]   API 1001 run
[736.0000]   API 1002 run
[736.1980]   API 1000 run
[736.2080]   API 1001 run
[736.2540]   API 1002 run
[736.4540]   API 1000 run
[736.4640]   API 1001 run
[736.5100]   API 1002 run
[736.7040]   API 1000 run
[736.7140]   API 1001 run
[736.7590]   API 1002 run
[736.9660]   API 1000 run
[736.9760]   API 1001 run
[737.0240]   API 1002 run
[737.2230]   API 1000 run
[737.2320]   API 1001 run
[737.2780]   API 1002 run
[737.4730]   API 1000 run
[737.4830]   API 1001 run
[737.5290]   API 1002 run
[737.7300]   API 1000 run
[737.7400]   API 1001 run
[737.7860]   API 1002 run
[737.9970]   API 1000 run
[738.0060]   API 1001 run
[738.0550]   API 1002 run
[738.2520]   API 1000 run
[738.2620]   API 1001 run
[738.3080]   API 1002 run
[738.5030]   API 1000 run
[738.5120]   API 1001 run
[738.5580]   API 1002 run
[738.7590]   API 1000 run
[738.7680]   API 1001 run
[738.8130]   API 1002 run
[739.0390]   API 1000 run
[739.0480]   API 1001 run
[739.1000]   API 1002 run
[739.3090]   API 1000 run
[739.3190]   API 1001 run
[739.3660]   API 1002 run
[739.5620]   API 1000 run
[739.5710]   API 1001 run
[739.6170]   API 1002 run
[739.8160]   API 1000 run
[739.8250]   API 1001 run
[739.8710]   API 1002 run
[740.0830]   API 1000 run
[740.0930]   API 1001 run
[740.1400]   API 1002 run
[740.3380]   API 1000 run
[740.3530]   API 1001 run
[740.3990]   API 1002 run
[740.5940]   API 1000 run
[740.6030]   API 1001 run
[740.6490]   API 1002 run
[740.8440]   API 1000 run
[740.8530]   API 1001 run
[740.9070]   API 1002 run
[741.1200]   API 1000 run
[741.1300]   API 1001 run
[741.1770]   API 1002 run
[741.3730]   API 1000 run
[741.3830]   API 1001 run
[741.4280]   API 1002 run
[741.6230]   API 1000 run
[741.6330]   API 1001 run
[741.6780]   API 1002 run
[741.8810]   API 1000 run
[741.8900]   API 1001 run
[741.9420]   API 1002 run
[742.1550]   API 1000 run
[742.1640]   API 1001 run
[742.2110]   API 1002 run
[742.4060]   API 1000 run
[742.4160]   API 1001 run
[742.4620]   API 1002 run
[742.6560]   API 1000 run
[742.6660]   API 1001 run
[742.7130]   API 1002 run
[742.9070]   API 1000 run
[742.9170]   API 1001 run
[742.9940]   API 1002 run
[743.2020]   API 1000 run
[743.2120]   API 1001 run
[743.2580]   API 1002 run
[743.4540]   API 1000 run
[743.4640]   API 1001 run
[743.5100]   API 1002 run
[743.7140]   API 1000 run
[743.7240]   API 1001 run
[743.7690]   API 1002 run
[743.9780]   API 1000 run
[743.9880]   API 1001 run
[744.0350]   API 1002 run
[744.2340]   API 1000 run
[744.2440]   API 1001 run
[744.2900]   API 1002 run
[744.4910]   API 1000 run
[744.5010]   API 1001 run
[744.5470]   API 1002 run
[744.7410]   API 1000 run
[744.7510]   API 1001 run
[744.7980]   API 1002 run
[745.0100]   API 1000 run
[745.0190]   API 1001 run
[745.0690]   API 1002 run
[745.2660]   API 1000 run
[745.2750]   API 1001 run
[745.3270]   API 1002 run
[745.5230]   API 1000 run
[745.5330]   API 1001 run
[745.5790]   API 1002 run
[745.7790]   API 1000 run
[745.7880]   API 1001 run
[745.8340]   API 1002 run
[746.0450]   API 1000 run
[746.0550]   API 1001 run
[746.1030]   API 1002 run
[746.2990]   API 1000 run
[746.3090]   API 1001 run
[746.3550]   API 1002 run
[746.5490]   API 1000 run
[746.5590]   API 1001 run
[746.6040]   API 1002 run
[746.7990]   API 1000 run
[746.8080]   API 1001 run
[746.8530]   API 1002 run
[747.0770]   API 1000 run
[747.0870]   API 1001 run
[747.1380]   API 1002 run
[747.3360]   API 1000 run
[747.3460]   API 1001 run
[747.3900]   API 1002 run
[747.5850]   API 1000 run
[747.5940]   API 1001 run
[747.6400]   API 1002 run
[747.8340]   API 1000 run
[747.8440]   API 1001 run
[747.8890]   API 1002 run
[748.1010]   API 1000 run
[748.1100]   API 1001 run
[748.1620]   API 1002 run
[748.3570]   API 1000 run
[748.3720]   API 1001 run
[748.4180]   API 1002 run
[748.6190]   API 1000 run
[748.6280]   API 1001 run
[748.6740]   API 1002 run
[748.8680]   API 1000 run
[748.8770]   API 1001 run
[748.9230]   API 1002 run
[749.1360]   API 1000 run
[749.1460]   API 1001 run
[749.1940]   API 1002 run
[749.3890]   API 1000 run
[749.3990]   API 1001 run
[749.4440]   API 1002 run
[749.6390]   API 1000 run
[749.6480]   API 1001 run
[749.6940]   API 1002 run
[749.8970]   API 1000 run
[749.9060]   API 1001 run
[749.9520]   API 1002 run
[750.1670]   API 1000 run
[750.1760]   API 1001 run
[750.2240]   API 1002 run
[750.4190]   API 1000 run
[750.4280]   API 1001 run
[750.4740]   API 1002 run
[750.6700]   API 1000 run
[750.6790]   API 1001 run
[750.7250]   API 1002 run
[750.9190]   API 1000 run
[750.9280]   API 1001 run
[751.0170]   API 1002 run
[751.2320]   API 1000 run
[751.2420]   API 1001 run
[751.2890]   API 1002 run
[751.4840]   API 1000 run
[751.4940]   API 1001 run
[751.5390]   API 1002 run
[751.7330]   API 1000 run
[751.7430]   API 1001 run
[751.7880]   API 1002 run
[752.0060]   API 1000 run
[752.0160]   API 1001 run
[752.0640]   API 1002 run
[752.2600]   API 1000 run
[752.2700]   API 1001 run
[752.3160]   API 1002 run
[752.5170]   API 1000 run
[752.5260]   API 1001 run
[752.5720]   API 1002 run
[752.7670]   API 1000 run
[752.7770]   API 1001 run
[752.8230]   API 1002 run
[753.0340]   API 1000 run
[753.0430]   API 1001 run
[753.0910]   API 1002 run
[753.2870]   API 1000 run
[753.2970]   API 1001 run
[753.3420]   API 1002 run
[753.5370]   API 1000 run
[753.5470]   API 1001 run
[753.5920]   API 1002 run
[753.7930]   API 1000 run
[753.8030]   API 1001 run
[753.8490]   API 1002 run
[754.0590]   API 1000 run
[754.0680]   API 1001 run
[754.1160]   API 1002 run
[754.3140]   API 1000 run
[754.3240]   API 1001 run
[754.3700]   API 1002 run
[754.5650]   API 1000 run
[754.5740]   API 1001 run
[754.6210]   API 1002 run
[754.8140]   API 1000 run
[754.8240]   API 1001 run
[754.8700]   API 1002 run
[755.0980]   API 1000 run
[755.1080]   API 1001 run
[755.1590]   API 1002 run
[755.3620]   API 1000 run
[755.3720]   API 1001 run
[755.4190]   API 1002 run
[755.6170]   API 1000 run
[755.6270]   API 1001 run
[755.6760]   API 1002 run
[755.8700]   API 1000 run
[755.8800]   API 1001 run
[755.9250]   API 1002 run
[756.1400]   API 1000 run
[756.1490]   API 1001 run
[756.1960]   API 1002 run
[756.4210]   API 1000 run
[756.4300]   API 1001 run
[756.4760]   API 1002 run
[756.6560]   API 1000 run
[756.6650]   API 1001 run
[756.7120]   API 1002 run
[843.3180]   API 1000 run
[843.3930]   API 1001 run
[843.5300]   API 1002 run
[917.1210]   API 1000 run
[917.1310]   API 1001 run
[917.1940]   API 1002 run
[917.6650]   API 7 run
[918.0520]   API 1000 run
[918.0680]   API 1001 run
[918.1370]   API 1002 run
[919.8630]   API 1000 run
[919.8730]   API 1001 run
[919.9290]   API 1002 run
[920.1250]   API 1000 run
[920.1350]   API 1001 run
[920.1840]   API 1002 run
[921.6620]   API 1000 run
[921.6720]   API 1001 run
[921.7340]   API 1002 run
[982.3500]   API 1000 run
[982.3590]   API 1001 run
[982.4170]   API 1002 run
[982.7320]   API 1000 run
[982.7420]   API 1001 run
[982.7950]   API 1002 run
[983.5220]   API 7 run
[984.2750]   API 1000 run
[984.2880]   API 1001 run
[984.4420]   API 1002 run
[986.2410]   API 1000 run
[986.2520]   API 1001 run
[986.3130]   API 1002 run
[990.3180]   API 1000 run
[990.3290]   API 1001 run
[990.4020]   API 1002 run
[993.3000]   API 1000 run
[993.3170]   API 1001 run
[993.3800]   API 1002 run
[997.6710]   API 1000 run
[997.6930]   API 1001 run
[997.7880]   API 1002 run
[1397.7880]   API 1000 run
[1397.8000]   API 1001 run
[1397.8740]   API 1002 run
[1400.0530]   API 3 run
[1400.2990]   API 1000 run
[1400.3120]   API 1001 run
[1400.4301]   API 1002 run
[1400.5660]   API 7 run
[1401.5200]   API 22 run
[1401.6949]   API 1000 run
[1401.7080]   API 1001 run
[1526.0031]   PRESENT START 1
[1537.4659]   SOCKET END 0
[1537.4659]   API 1002 run
[1537.4680]   CYCLE End 1
[1537.4900]   API 3 run
[1537.5140]   API 3000 run
[1537.5980]   API 1000 run
[1537.6110]   API 1001 run
[1537.6790]   API 1002 run
[1537.7590]   API 7 run
[1539.5220]   API 22 run
[1539.5630]   API 1000 run
[1539.5760]   API 1001 run
[1543.6260]   PRESENT END 2
[1664.7010]   PRESENT START 1
[1672.8280]   SOCKET END 0
[1672.8280]   API 1002 run
[1672.8290]   CYCLE End 1
[1672.8510]   API 3 run
[1672.9640]   API 1000 run
[1672.9780]   API 1001 run
[1673.0490]   API 1002 run
[1673.1310]   API 7 run
[1673.7209]   API 22 run
[1673.7670]   API 1000 run
[1673.7791]   API 1001 run
[1676.1350]   API 3000 run
[1679.2410]   PRESENT END 2
[1799.2170]   PRESENT START 1
[1807.3800]   SOCKET END 0
[1807.3800]   API 1002 run
[1807.3810]   CYCLE End 1
[1807.4030]   API 3 run
[1807.4709]   API 1000 run
[1807.4840]   API 1001 run
[1807.5530]   API 1002 run
[1807.6340]   API 7 run
[1808.2670]   API 22 run
[1808.3010]   API 1000 run
[1808.3120]   API 1001 run
[1810.4470]   API 3000 run
[1813.4520]   PRESENT END 2
[1933.8380]   PRESENT START 1
[1941.8650]   SOCKET END 0
[1941.8650]   API 1002 run
[1941.8660]   CYCLE End 1
[1941.8860]   API 3 run
[1941.9561]   API 1000 run
[1941.9680]   API 1001 run
[1942.0380]   API 1002 run
[1942.1169]   API 7 run
[1942.7531]   API 22 run
[1942.7850]   API 1000 run
[1942.7970]   API 1001 run
[1945.0820]   API 3000 run
[1948.0300]   PRESENT END 2
[2068.6990]   PRESENT START 1
[2076.6270]   SOCKET END 0
[2076.6279]   API 1002 run
[2076.6279]   CYCLE End 1
[2076.6489]   API 3 run
[2076.7109]   API 1000 run
[2076.7219]   API 1001 run
[2076.7900]   API 1002 run
[2076.8669]   API 7 run
[2077.4890]   API 22 run
[2077.5200]   API 1000 run
[2077.5320]   API 1001 run
[2079.8469]   API 3000 run
[2082.8779]   PRESENT END 2
[2202.5210]   PRESENT START 1
[2211.1140]   SOCKET END 0
[2211.1150]   API 1002 run
[2211.1150]   CYCLE End 1
[2211.1431]   API 3 run
[2211.2029]   API 1000 run
[2211.2161]   API 1001 run
[2211.2839]   API 1002 run
[2211.3689]   API 7 run
[2212.0710]   API 22 run
[2212.1140]   API 1000 run
[2212.1250]   API 1001 run
[2213.9360]   API 3000 run
[2216.8799]   PRESENT END 2
[2338.3279]   PRESENT START 1
[2344.5000]   SOCKET END 0
[2344.5000]   API 1002 run
[2344.5010]   CYCLE End 1
[2344.5220]   API 3 run
[2344.5850]   API 1000 run
[2344.5969]   API 1001 run
[2344.6641]   API 1002 run
[2344.7500]   API 7 run
[2345.3621]   API 22 run
[2345.3940]   API 1000 run
[2345.4060]   API 1001 run
[2348.5381]   API 3000 run
[2351.5750]   PRESENT END 2
[2471.9839]   PRESENT START 1
[2480.1660]   SOCKET END 0
[2480.1660]   API 1002 run
[2480.1670]   CYCLE End 1
[2480.1860]   API 3 run
[2480.2451]   API 1000 run
[2480.2571]   API 1001 run
[2480.3259]   API 1002 run
[2480.4109]   API 7 run
[2481.0420]   API 22 run
[2481.0730]   API 1000 run
[2481.0850]   API 1001 run
[2482.1250]   API 3000 run
[2485.9221]   PRESENT END 2
[2606.9360]   PRESENT START 1
[2616.0869]   SOCKET END 0
[2616.0869]   API 1002 run
[2616.0879]   CYCLE End 1
[2616.1089]   API 3 run
[2616.1689]   API 1000 run
[2616.1809]   API 1001 run
[2616.2471]   API 1002 run
[2616.3259]   API 7 run
[2616.6899]   API 22 run
[2616.7219]   API 1000 run
[2616.7339]   API 1001 run
[2617.0049]   API 3000 run
[2621.0530]   PRESENT END 2
[2742.7329]   PRESENT START 1
[2750.7339]   SOCKET END 0
[2750.7339]   API 1002 run
[2750.7351]   CYCLE End 1
[2750.7549]   API 3 run
[2750.8120]   API 1000 run
[2750.8240]   API 1001 run
[2750.9080]   API 1002 run
[2750.9980]   API 7 run
[2751.6189]   API 22 run
[2751.6621]   API 1000 run
[2751.6731]   API 1001 run
[2752.8149]   API 3000 run
[2756.5649]   PRESENT END 2
[2877.8999]   PRESENT START 1
[2883.7849]   SOCKET END 0
[2883.7849]   API 1002 run
[2883.7859]   CYCLE End 1
[2883.8059]   API 3 run
[2883.8621]   API 1000 run
[2883.8850]   API 1001 run
[2883.9551]   API 1002 run
[2884.0310]   API 7 run
[2884.6731]   API 22 run
[2884.7051]   API 1000 run
[2884.7161]   API 1001 run
[2887.9661]   API 3000 run
[2891.1250]   PRESENT END 2
[3010.7590]   PRESENT START 1
[3019.8000]   SOCKET END 0
[3019.8010]   API 1002 run
[3019.8020]   CYCLE End 1
[3019.8259]   API 3 run
[3019.9529]   API 1000 run
[3019.9680]   API 1001 run
[3020.0610]   API 1002 run
[3020.1589]   API 7 run
[3020.6680]   API 22 run
[3020.7061]   API 1000 run
[3020.7180]   API 1001 run
[3020.9961]   API 3000 run
[3024.8081]   PRESENT END 2
[3146.5349]   PRESENT START 1
[3155.6960]   SOCKET END 0
[3155.6960]   API 1002 run
[3155.6970]   CYCLE End 1
[3155.7180]   API 3 run
[3155.7910]   API 1000 run
[3155.8030]   API 1001 run
[3155.9070]   API 1002 run
[3155.9951]   API 7 run
[3156.3940]   API 22 run
[3156.4299]   API 1000 run
[3156.4431]   API 1001 run
[3156.6230]   API 3000 run
[3160.3479]   PRESENT END 2
[3282.8999]   PRESENT START 1
[3292.7161]   SOCKET END 0
[3292.7161]   API 1002 run
[3292.7170]   CYCLE End 1
[3292.7351]   API 3 run
[3292.7910]   API 1000 run
[3292.8010]   API 1001 run
[3292.9031]   API 1002 run
[3292.9360]   API 3000 run
[3292.9910]   API 7 run
[3293.8110]   API 22 run
[3293.9341]   API 1000 run
[3293.9670]   API 1001 run
[3296.6440]   PRESENT END 2
[3419.8301]   PRESENT START 1
[3428.9919]   SOCKET END 0
[3428.9919]   API 1002 run
[3428.9929]   CYCLE End 1
[3429.0090]   API 3 run
[3429.0549]   API 1000 run
[3429.0659]   API 1001 run
[3429.1499]   API 1002 run
[3429.2500]   API 7 run
[3429.5581]   API 22 run
[3429.5901]   API 1000 run
[3429.6021]   API 1001 run
[3429.8320]   API 3000 run
[3433.6560]   PRESENT END 2
[3555.2400]   PRESENT START 1
[3564.3081]   SOCKET END 0
[3564.3081]   API 1002 run
[3564.3091]   CYCLE End 1
[3564.3250]   API 3 run
[3564.3750]   API 1000 run
[3564.3860]   API 1001 run
[3564.4719]   API 1002 run
[3564.5591]   API 7 run
[3564.8821]   API 22 run
[3564.9150]   API 1000 run
[3564.9270]   API 1001 run
[3565.2839]   API 3000 run
[3569.2581]   PRESENT END 2
[3690.6890]   PRESENT START 1
[3699.7620]   SOCKET END 0
[3699.7620]   API 1002 run
[3699.7629]   CYCLE End 1
[3699.7781]   API 3 run
[3699.8340]   API 1000 run
[3699.8459]   API 1001 run
[3699.9299]   API 1002 run
[3700.0161]   API 7 run
[3700.3230]   API 22 run
[3700.3540]   API 1000 run
[3700.3660]   API 1001 run
[3700.7639]   API 3000 run
[3704.5171]   PRESENT END 2
[3826.9160]   PRESENT START 1
[3835.9441]   SOCKET END 0
[3835.9451]   API 1002 run
[3835.9451]   CYCLE End 1
[3835.9641]   API 3 run
[3836.0259]   API 1000 run
[3836.0381]   API 1001 run
[3836.1250]   API 1002 run
[3836.2129]   API 7 run
[3836.5471]   API 22 run
[3836.5801]   API 1000 run
[3836.5920]   API 1001 run
[3837.0620]   API 3000 run
[3841.0359]   PRESENT END 2
[3962.7129]   PRESENT START 1
[3971.9021]   SOCKET END 0
[3971.9031]   API 1002 run
[3971.9031]   CYCLE End 1
[3971.9231]   API 3 run
[3971.9961]   API 1000 run
[3972.0081]   API 1001 run
[3972.0959]   API 1002 run
[3972.1870]   API 7 run
[3972.8979]   API 3000 run
[3973.7991]   API 22 run
[3973.9109]   API 1000 run
[3973.9260]   API 1001 run
[3976.5371]   PRESENT END 2
[4099.8560]   PRESENT START 1
[4107.8828]   SOCKET END 0
[4107.8838]   API 1002 run
[4107.8848]   CYCLE End 1
[4107.9360]   API 3 run
[4108.0020]   API 1000 run
[4108.0142]   API 1001 run
[4108.0991]   API 1002 run
[4108.1870]   API 7 run
[4108.5498]   API 22 run
[4108.5840]   API 1000 run
[4108.5962]   API 1001 run
[4109.8682]   API 3000 run
[4115.7778]   PRESENT END 2
[4234.4810]   PRESENT START 1
[4241.9238]   SOCKET END 0
[4241.9238]   API 1002 run
[4241.9248]   CYCLE End 1
[4241.9429]   API 3 run
[4242.0049]   API 1000 run
[4242.0161]   API 1001 run
[4242.1001]   API 1002 run
[4242.1851]   API 7 run
[4242.5410]   API 22 run
[4242.5752]   API 1000 run
[4242.5869]   API 1001 run
[4244.7461]   API 3000 run
[4248.0068]   PRESENT END 2
[4369.4639]   PRESENT START 1
[4376.7720]   SOCKET END 0
[4376.7729]   API 1002 run
[4376.7739]   CYCLE End 1
[4376.8032]   API 3 run
[4376.8711]   API 1000 run
[4376.8818]   API 1001 run
[4376.9678]   API 1002 run
[4377.0508]   API 7 run
[4377.4160]   API 22 run
[4377.4512]   API 1000 run
[4377.4629]   API 1001 run
[4379.4229]   API 3000 run
[4383.0039]   PRESENT END 2
[4504.0469]   PRESENT START 1
[4511.0532]   SOCKET END 0
[4511.0532]   API 1002 run
[4511.0552]   CYCLE End 1
[4511.0898]   API 3 run
[4511.2012]   API 1000 run
[4511.2261]   API 1001 run
[4511.3198]   API 1002 run
[4511.4028]   API 7 run
[4511.7681]   API 22 run
[4511.8179]   API 1000 run
[4511.8311]   API 1001 run
[4513.9810]   API 3000 run
[4517.1089]   PRESENT END 2
[4638.2842]   PRESENT START 1
[4646.0220]   SOCKET END 0
[4646.0229]   API 1002 run
[4646.0239]   CYCLE End 1
[4646.0459]   API 3 run
[4646.1240]   API 1000 run
[4646.1372]   API 1001 run
[4646.2192]   API 1002 run
[4646.3042]   API 7 run
[4646.6890]   API 22 run
[4646.7251]   API 1000 run
[4646.7358]   API 1001 run
[4648.2412]   API 3000 run
[4651.2861]   PRESENT END 2
[4773.8379]   PRESENT START 1
[4780.9380]   SOCKET END 0
[4780.9390]   API 1002 run
[4780.9399]   CYCLE End 1
[4780.9619]   API 3 run
[4781.0430]   API 1000 run
[4781.0552]   API 1001 run
[4781.1401]   API 1002 run
[4781.2251]   API 7 run
[4781.6230]   API 22 run
[4781.6592]   API 1000 run
[4781.6709]   API 1001 run
[4783.8740]   API 3000 run
[4787.9878]   PRESENT END 2
[4907.9990]   PRESENT START 1
[4915.2798]   SOCKET END 0
[4915.2808]   API 1002 run
[4915.2822]   CYCLE End 1
[4915.3071]   API 3 run
[4915.4141]   API 1000 run
[4915.4282]   API 1001 run
[4915.5059]   API 1002 run
[4915.5811]   API 7 run
[4916.0430]   API 22 run
[4916.0820]   API 1000 run
[4916.0942]   API 1001 run
[4918.1118]   API 3000 run
[4921.1621]   PRESENT END 2
[5042.3882]   PRESENT START 1
[5049.4019]   SOCKET END 0
[5049.4019]   API 1002 run
[5049.4028]   CYCLE End 1
[5049.4189]   API 3 run
[5049.4712]   API 1000 run
[5049.4819]   API 1001 run
[5049.5508]   API 1002 run
[5049.6240]   API 7 run
[5049.9839]   API 22 run
[5050.0288]   API 1000 run
[5050.0410]   API 1001 run
[5052.3662]   API 3000 run
[5055.3818]   PRESENT END 2
[5177.0859]   PRESENT START 1
[5186.7939]   SOCKET END 0
[5186.7939]   API 1002 run
[5186.7949]   CYCLE End 1
[5186.8169]   API 3 run
[5186.8901]   API 1000 run
[5186.9019]   API 1001 run
[5186.9849]   API 1002 run
[5187.0620]   API 7 run
[5187.2461]   API 3000 run
[5188.0981]   API 22 run
[5188.1309]   API 1000 run
[5188.1431]   API 1001 run
[5190.9722]   PRESENT END 2
[5313.9331]   PRESENT START 1
[5322.8950]   SOCKET END 0
[5322.8950]   API 1002 run
[5322.8950]   CYCLE End 1
[5322.9141]   API 3 run
[5322.9819]   API 1000 run
[5322.9932]   API 1001 run
[5323.0610]   API 1002 run
[5323.1348]   API 7 run
[5323.4932]   API 22 run
[5323.5239]   API 1000 run
[5323.5352]   API 1001 run
[5323.9541]   API 3000 run
[5327.6089]   PRESENT END 2
[5449.5488]   PRESENT START 1
[5458.3418]   SOCKET END 0
[5458.3418]   API 1002 run
[5458.3418]   CYCLE End 1
[5458.3608]   API 3 run
[5458.4121]   API 1000 run
[5458.4229]   API 1001 run
[5458.4888]   API 1002 run
[5458.5649]   API 7 run
[5458.9268]   API 22 run
[5458.9722]   API 1000 run
[5458.9839]   API 1001 run
[5459.6519]   API 3000 run
[5463.2749]   PRESENT END 2
[5585.4971]   PRESENT START 1
[5594.5630]   SOCKET END 0
[5594.5630]   API 1002 run
[5594.5630]   CYCLE End 1
[5594.5801]   API 3 run
[5594.6328]   API 1000 run
[5594.6440]   API 1001 run
[5594.7090]   API 1002 run
[5594.8018]   API 7 run
[5595.1709]   API 22 run
[5595.2129]   API 1000 run
[5595.2251]   API 1001 run
[5595.4902]   API 3000 run
[5599.4922]   PRESENT END 2
[5721.4771]   PRESENT START 1
[5731.0918]   SOCKET END 0
[5731.0918]   API 1002 run
[5731.0918]   CYCLE End 1
[5731.1089]   API 3 run
[5731.1680]   API 1000 run
[5731.1782]   API 1001 run
[5731.2422]   API 1002 run
[5731.3179]   API 7 run
[5731.5430]   API 3000 run
[5733.0952]   API 22 run
[5733.1250]   API 1000 run
[5733.1372]   API 1001 run
[5735.8408]   PRESENT END 2
[5858.8359]   PRESENT START 1
[5867.8521]   SOCKET END 0
[5867.8530]   API 1002 run
[5867.8530]   CYCLE End 1
[5867.8701]   API 3 run
[5867.9219]   API 1000 run
[5867.9331]   API 1001 run
[5867.9990]   API 1002 run
[5868.0752]   API 7 run
[5868.4268]   API 22 run
[5868.4580]   API 1000 run
[5868.4692]   API 1001 run
[5868.9209]   API 3000 run
[5872.6460]   PRESENT END 2
[5994.8862]   PRESENT START 1
[6003.7480]   SOCKET END 0
[6003.7490]   API 1002 run
[6003.7500]   CYCLE End 1
[6003.7720]   API 3 run
[6003.8599]   API 1000 run
[6003.8730]   API 1001 run
[6003.9468]   API 1002 run
[6004.0278]   API 7 run
[6004.4170]   API 22 run
[6004.4502]   API 1000 run
[6004.4619]   API 1001 run
[6004.9590]   API 3000 run
[6008.4771]   PRESENT END 2
[6131.1382]   PRESENT START 1
[6140.1641]   SOCKET END 0
[6140.1641]   API 1002 run
[6140.1660]   CYCLE End 1
[6140.1860]   API 3 run
[6140.2529]   API 1000 run
[6140.2642]   API 1001 run
[6140.3340]   API 1002 run
[6140.4219]   API 7 run
[6140.8071]   API 22 run
[6140.8540]   API 1000 run
[6140.8662]   API 1001 run
[6141.1631]   API 3000 run
[6144.8530]   PRESENT END 2
[6267.5142]   PRESENT START 1
[6277.4370]   SOCKET END 0
[6277.4370]   API 1002 run
[6277.4390]   CYCLE End 1
[6277.4619]   API 3 run
[6277.5278]   API 1000 run
[6277.5410]   API 1001 run
[6277.6089]   API 1002 run
[6277.6108]   API 3000 run
[6277.7031]   API 7 run
[6278.6982]   API 22 run
[6278.7461]   API 1000 run
[6278.7578]   API 1001 run
[6281.3940]   PRESENT END 2
[6405.1948]   PRESENT START 1
[6414.3999]   SOCKET END 0
[6414.4009]   API 1002 run
[6414.4009]   CYCLE End 1
[6414.4229]   API 3 run
[6414.4868]   API 1000 run
[6414.4990]   API 1001 run
[6414.5669]   API 1002 run
[6414.6499]   API 7 run
[6415.0439]   API 22 run
[6415.0781]   API 1000 run
[6415.0898]   API 1001 run
[6415.3042]   API 3000 run
[6419.0859]   PRESENT END 2
[6541.4951]   PRESENT START 1
[6550.4639]   SOCKET END 0
[6550.4639]   API 1002 run
[6550.4648]   CYCLE End 1
[6550.4849]   API 3 run
[6550.5488]   API 1000 run
[6550.5620]   API 1001 run
[6550.6289]   API 1002 run
[6550.7251]   API 7 run
[6551.1040]   API 22 run
[6551.1382]   API 1000 run
[6551.1489]   API 1001 run
[6551.5112]   API 3000 run
[6555.0029]   PRESENT END 2
[6677.6538]   PRESENT START 1
[6686.7910]   SOCKET END 0
[6686.7920]   API 1002 run
[6686.7930]   CYCLE End 1
[6686.8159]   API 3 run
[6686.8921]   API 1000 run
[6686.9048]   API 1001 run
[6686.9868]   API 1002 run
[6687.0688]   API 7 run
[6687.4609]   API 22 run
[6687.5078]   API 1000 run
[6687.5190]   API 1001 run
[6687.7261]   API 3000 run
[6691.3652]   PRESENT END 2
[6814.3208]   PRESENT START 1
[6823.9658]   SOCKET END 0
[6823.9658]   API 1002 run
[6823.9668]   CYCLE End 1
[6823.9932]   API 3 run
[6824.0591]   API 1000 run
[6824.0708]   API 1001 run
[6824.1460]   API 1002 run
[6824.2271]   API 7 run
[6824.3130]   API 3000 run
[6825.1611]   API 22 run
[6825.1929]   API 1000 run
[6825.2051]   API 1001 run
[6828.1128]   PRESENT END 2
[6951.5010]   PRESENT START 1
[6960.8691]   SOCKET END 0
[6960.8701]   API 1002 run
[6960.8711]   CYCLE End 1
[6960.8950]   API 3 run
[6960.9961]   API 1000 run
[6961.0112]   API 1001 run
[6961.1050]   API 1002 run
[6961.1968]   API 7 run
[6961.5610]   API 3000 run
[6962.3198]   API 22 run
[6962.3579]   API 1000 run
[6962.3730]   API 1001 run
[6965.6089]   PRESENT END 2
[7088.4438]   PRESENT START 1
[7095.5688]   SOCKET END 0
[7095.5688]   API 1002 run
[7095.5708]   CYCLE End 1
[7095.6021]   API 3 run
[7095.7480]   API 1000 run
[7095.7769]   API 1001 run
[7095.8882]   API 1002 run
[7095.9780]   API 7 run
[7096.3599]   API 22 run
[7096.3940]   API 1000 run
[7096.4058]   API 1001 run
[7098.4268]   API 3000 run
[7103.4868]   PRESENT END 2
[7223.0420]   PRESENT START 1
[7233.1709]   API 3000 run
[7235.0239]   SOCKET END 0
[7235.0249]   API 1002 run
[7235.0259]   CYCLE End 1
[7235.0449]   API 3 run
[7235.1030]   API 1000 run
[7235.1162]   API 1001 run
[7235.2021]   API 1002 run
[7235.2959]   API 7 run
[7236.4038]   API 22 run
[7236.4512]   API 1000 run
[7236.4639]   API 1001 run
[7238.3271]   PRESENT END 2
[7362.9268]   PRESENT START 1
[7371.8979]   SOCKET END 0
[7371.8979]   API 1002 run
[7371.8989]   CYCLE End 1
[7371.9150]   API 3 run
[7371.9619]   API 1000 run
[7371.9741]   API 1001 run
[7372.0552]   API 1002 run
[7372.1499]   API 7 run
[7372.4751]   API 22 run
[7372.5068]   API 1000 run
[7372.5190]   API 1001 run
[7372.9678]   API 3000 run
[7377.1230]   PRESENT END 2
[7499.4102]   PRESENT START 1
[7509.0498]   SOCKET END 0
[7509.0498]   API 1002 run
[7509.0508]   CYCLE End 1
[7509.0649]   API 3 run
[7509.1118]   API 1000 run
[7509.1240]   API 1001 run
[7509.2070]   API 1002 run
[7509.2939]   API 7 run
[7509.4141]   API 3000 run
[7510.6040]   API 22 run
[7510.6372]   API 1000 run
[7510.6528]   API 1001 run
[7513.4380]   PRESENT END 2
[7636.8760]   PRESENT START 1
[7646.3838]   SOCKET END 0
[7646.3838]   API 1002 run
[7646.3848]   CYCLE End 1
[7646.3999]   API 3 run
[7646.4458]   API 1000 run
[7646.4580]   API 1001 run
[7646.5410]   API 1002 run
[7646.6401]   API 7 run
[7646.9780]   API 3000 run
[7647.9878]   API 22 run
[7648.0210]   API 1000 run
[7648.0342]   API 1001 run
[7650.8521]   PRESENT END 2
[7773.8970]   PRESENT START 1
[7779.9258]   SOCKET END 0
[7779.9268]   API 1002 run
[7779.9282]   CYCLE End 1
[7779.9600]   API 3 run
[7780.0630]   API 1000 run
[7780.1079]   API 1001 run
[7780.2368]   API 1002 run
[7780.3281]   API 7 run
[7780.7720]   API 22 run
[7780.8159]   API 1000 run
[7780.8281]   API 1001 run
[7783.9980]   API 3000 run
[7789.1079]   PRESENT END 2
[7907.6611]   PRESENT START 1
[7915.9028]   SOCKET END 0
[7915.9028]   API 1002 run
[7915.9028]   CYCLE End 1
[7915.9199]   API 3 run
[7915.9849]   API 1000 run
[7915.9961]   API 1001 run
[7916.0830]   API 1002 run
[7916.1782]   API 7 run
[7916.8081]   API 22 run
[7916.8418]   API 1000 run
[7916.8540]   API 1001 run
[7917.7139]   API 3000 run
[7921.6011]   PRESENT END 2
[8043.8579]   PRESENT START 1
[8050.6938]   SOCKET END 0
[8050.6948]   API 1002 run
[8050.6948]   CYCLE End 1
[8050.7129]   API 3 run
[8050.7632]   API 1000 run
[8050.7739]   API 1001 run
[8050.8569]   API 1002 run
[8050.9521]   API 7 run
[8051.6748]   API 22 run
[8051.7471]   API 1000 run
[8051.7759]   API 1001 run
[8053.8052]   API 3000 run
[8056.6899]   PRESENT END 2
[8179.3281]   PRESENT START 1
[8185.2402]   SOCKET END 0
[8185.2402]   API 1002 run
[8185.2412]   CYCLE End 1
[8185.2739]   API 3 run
[8185.3789]   API 1000 run
[8185.3911]   API 1001 run
[8185.4771]   API 1002 run
[8185.5659]   API 7 run
[8186.1592]   API 22 run
[8186.1919]   API 1000 run
[8186.2051]   API 1001 run
[8189.6211]   API 3000 run
[8192.7158]   PRESENT END 2
[8312.8330]   PRESENT START 1
[8318.7861]   SOCKET END 0
[8318.7871]   API 1002 run
[8318.7871]   CYCLE End 1
[8318.8037]   API 3 run
[8318.8691]   API 1000 run
[8318.8799]   API 1001 run
[8318.9746]   API 1002 run
[8319.0645]   API 7 run
[8319.6660]   API 22 run
[8319.7002]   API 1000 run
[8319.7119]   API 1001 run
[8322.9102]   API 3000 run
[8326.5605]   PRESENT END 2
[8447.1143]   PRESENT START 1
[8453.0674]   SOCKET END 0
[8453.0684]   API 1002 run
[8453.0693]   CYCLE End 1
[8453.0859]   API 3 run
[8453.1582]   API 1000 run
[8453.1699]   API 1001 run
[8453.2588]   API 1002 run
[8453.3438]   API 7 run
[8453.9678]   API 22 run
[8454.0039]   API 1000 run
[8454.0146]   API 1001 run
[8457.1123]   API 3000 run
[8460.1436]   PRESENT END 2
[8581.4639]   PRESENT START 1
[8588.0713]   SOCKET END 0
[8588.0713]   API 1002 run
[8588.0723]   CYCLE End 1
[8588.0879]   API 3 run
[8588.1494]   API 1000 run
[8588.1611]   API 1001 run
[8588.2461]   API 1002 run
[8588.3350]   API 7 run
[8591.5010]   API 22 run
[8591.5703]   API 1000 run
[8591.5986]   API 1001 run
[8591.6123]   API 3000 run
[8595.1035]   PRESENT END 2
[8718.1338]   PRESENT START 1
[8725.1934]   SOCKET END 0
[8725.1943]   API 1002 run
[8725.1943]   CYCLE End 1
[8725.2119]   API 3 run
[8725.2666]   API 1000 run
[8725.2783]   API 1001 run
[8725.3623]   API 1002 run
[8725.4521]   API 7 run
[8726.0889]   API 22 run
[8726.1553]   API 1000 run
[8726.1846]   API 1001 run
[8728.2930]   API 3000 run
[8731.6279]   PRESENT END 2
[8853.1104]   PRESENT START 1
[8860.1943]   SOCKET END 0
[8860.1943]   API 1002 run
[8860.1953]   CYCLE End 1
[8860.2148]   API 3 run
[8860.2734]   API 1000 run
[8860.2842]   API 1001 run
[8860.3730]   API 1002 run
[8860.4658]   API 7 run
[8860.8262]   API 22 run
[8860.8594]   API 1000 run
[8860.8711]   API 1001 run
[8863.3018]   API 3000 run
[8866.8799]   PRESENT END 2
[8988.4668]   PRESENT START 1
[8994.3457]   SOCKET END 0
[8994.3457]   API 1002 run
[8994.3467]   CYCLE End 1
[8994.3652]   API 3 run
[8994.4404]   API 1000 run
[8994.4541]   API 1001 run
[8994.5439]   API 1002 run
[8994.6514]   API 7 run
[8995.3418]   API 22 run
[8995.4111]   API 1000 run
[8995.4414]   API 1001 run
[8998.4785]   API 3000 run
[9001.3789]   PRESENT END 2
[9122.3945]   PRESENT START 1
[9129.5312]   SOCKET END 0
[9129.5322]   API 1002 run
[9129.5332]   CYCLE End 1
[9129.5645]   API 3 run
[9129.7080]   API 1000 run
[9129.7197]   API 1001 run
[9129.8096]   API 1002 run
[9129.8975]   API 7 run
[9130.4092]   API 22 run
[9130.4414]   API 1000 run
[9130.4531]   API 1001 run
[9132.4854]   API 3000 run
[9135.4395]   PRESENT END 2
[9257.4619]   PRESENT START 1
[9265.5264]   SOCKET END 0
[9265.5273]   API 1002 run
[9265.5283]   CYCLE End 1
[9265.5439]   API 3 run
[9265.6074]   API 1000 run
[9265.6191]   API 1001 run
[9265.7051]   API 1002 run
[9265.7910]   API 7 run
[9266.4316]   API 22 run
[9266.4658]   API 1000 run
[9266.4775]   API 1001 run
[9267.5488]   API 3000 run
[9270.9951]   PRESENT END 2
[9393.4072]   PRESENT START 1
[9401.3203]   SOCKET END 0
[9401.3213]   API 1002 run
[9401.3213]   CYCLE End 1
[9401.3359]   API 3 run
[9401.3926]   API 1000 run
[9401.4043]   API 1001 run
[9401.4941]   API 1002 run
[9401.5957]   API 7 run
[9402.2031]   API 22 run
[9402.2363]   API 1000 run
[9402.2480]   API 1001 run
[9403.4434]   API 3000 run
[9406.9707]   PRESENT END 2
[9529.2979]   PRESENT START 1
[9539.4258]   API 3000 run
[9542.0088]   SOCKET END 0
[9542.0088]   API 1002 run
[9542.0098]   CYCLE End 1
[9542.0420]   API 3 run
[9542.1416]   API 1000 run
[9542.1699]   API 1001 run
[9542.3203]   API 1002 run
[9542.4004]   API 7 run
[9543.0527]   API 22 run
[9543.0879]   API 1000 run
[9543.1006]   API 1001 run
[9544.7109]   PRESENT END 2
[9669.6787]   PRESENT START 1
[9677.7725]   SOCKET END 0
[9677.7725]   API 1002 run
[9677.7725]   CYCLE End 1
[9677.7881]   API 3 run
[9677.8418]   API 1000 run
[9677.8535]   API 1001 run
[9677.9395]   API 1002 run
[9678.0312]   API 7 run
[9678.7090]   API 22 run
[9678.7441]   API 1000 run
[9678.7559]   API 1001 run
[9679.7520]   API 3000 run
[9683.3066]   PRESENT END 2
[9805.2998]   PRESENT START 1
[9814.2617]   SOCKET END 0
[9814.2627]   API 1002 run
[9814.2627]   CYCLE End 1
[9814.2812]   API 3 run
[9814.3320]   API 1000 run
[9814.3428]   API 1001 run
[9814.4316]   API 1002 run
[9814.5244]   API 7 run
[9814.8740]   API 22 run
[9814.9062]   API 1000 run
[9814.9180]   API 1001 run
[9815.3076]   API 3000 run
[9818.9248]   PRESENT END 2
[9941.8398]   PRESENT START 1
[9949.8848]   SOCKET END 0
[9949.8848]   API 1002 run
[9949.8857]   CYCLE End 1
[9949.9033]   API 3 run
[9949.9531]   API 1000 run
[9949.9639]   API 1001 run
[9950.0488]   API 1002 run
[9950.1387]   API 7 run
[9950.8096]   API 22 run
[9950.8428]   API 1000 run
[9950.8555]   API 1001 run
[9951.9541]   API 3000 run
[9955.4648]   PRESENT END 2
[10077.7715]   PRESENT START 1
[10085.7539]   SOCKET END 0
[10085.7539]   API 1002 run
[10085.7549]   CYCLE End 1
[10085.7695]   API 3 run
[10085.8145]   API 1000 run
[10085.8252]   API 1001 run
[10085.9082]   API 1002 run
[10085.9951]   API 7 run
[10086.6133]   API 22 run
[10086.6572]   API 1000 run
[10086.6689]   API 1001 run
[10087.8916]   API 3000 run
[10091.2334]   PRESENT END 2
[10213.7842]   PRESENT START 1
[10221.9482]   SOCKET END 0
[10221.9482]   API 1002 run
[10221.9492]   CYCLE End 1
[10221.9639]   API 3 run
[10222.0078]   API 1000 run
[10222.0186]   API 1001 run
[10222.1016]   API 1002 run
[10222.1943]   API 7 run
[10222.8174]   API 22 run
[10222.8506]   API 1000 run
[10222.8643]   API 1001 run
[10223.9502]   API 3000 run
[10227.4854]   PRESENT END 2
[10349.3721]   PRESENT START 1
[10357.5068]   SOCKET END 0
[10357.5068]   API 1002 run
[10357.5078]   CYCLE End 1
[10357.5244]   API 3 run
[10357.5781]   API 1000 run
[10357.5889]   API 1001 run
[10357.6758]   API 1002 run
[10357.7656]   API 7 run
[10358.3799]   API 22 run
[10358.4121]   API 1000 run
[10358.4238]   API 1001 run
[10360.5098]   API 3000 run
[10363.5166]   PRESENT END 2
[10485.4062]   PRESENT START 1
[10493.4004]   SOCKET END 0
[10493.4014]   API 1002 run
[10493.4014]   CYCLE End 1
[10493.4180]   API 3 run
[10493.4717]   API 1000 run
[10493.4834]   API 1001 run
[10493.5889]   API 1002 run
[10493.6816]   API 7 run
[10494.2637]   API 22 run
[10494.2969]   API 1000 run
[10494.3086]   API 1001 run
[10496.7070]   API 3000 run
[10499.7012]   PRESENT END 2
[10622.0537]   PRESENT START 1
[10627.9463]   SOCKET END 0
[10627.9473]   API 1002 run
[10627.9482]   CYCLE End 1
[10627.9805]   API 3 run
[10628.0781]   API 1000 run
[10628.1074]   API 1001 run
[10628.2363]   API 1002 run
[10628.3223]   API 7 run
[10628.8066]   API 22 run
[10628.8486]   API 1000 run
[10628.8613]   API 1001 run
[10633.2207]   API 3000 run
[10637.4258]   PRESENT END 2
[10756.4717]   PRESENT START 1
[10762.3291]   SOCKET END 0
[10762.3291]   API 1002 run
[10762.3301]   CYCLE End 1
[10762.3467]   API 3 run
[10762.4004]   API 1000 run
[10762.4111]   API 1001 run
[10762.4951]   API 1002 run
[10762.5977]   API 7 run
[10763.2002]   API 22 run
[10763.2334]   API 1000 run
[10763.2451]   API 1001 run
[10767.7412]   API 3000 run
[10773.2764]   PRESENT END 2
[10890.1963]   PRESENT START 1
[10897.1582]   SOCKET END 0
[10897.1592]   API 1002 run
[10897.1592]   CYCLE End 1
[10897.1758]   API 3 run
[10897.2363]   API 1000 run
[10897.2480]   API 1001 run
[10897.3770]   API 1002 run
[10897.4551]   API 7 run
[10897.7988]   API 22 run
[10897.8301]   API 1000 run
[10897.8418]   API 1001 run
[10901.1816]   API 3000 run
[10904.1846]   PRESENT END 2
[11025.3916]   PRESENT START 1
[11032.5518]   SOCKET END 0
[11032.5527]   API 1002 run
[11032.5537]   CYCLE End 1
[11032.5850]   API 3 run
[11032.6748]   API 1000 run
[11032.7031]   API 1001 run
[11032.8271]   API 1002 run
[11032.9141]   API 7 run
[11033.4619]   API 22 run
[11033.4932]   API 1000 run
[11033.5186]   API 1001 run
[11036.8047]   API 3000 run
[11039.6338]   PRESENT END 2
[11158.7773]   PRESENT START 1
[11165.4307]   SOCKET END 0
[11165.4307]   API 1002 run
[11165.4316]   CYCLE End 1
[11165.4541]   API 3 run
[11165.5557]   API 1000 run
[11165.5713]   API 1001 run
[11165.6504]   API 1002 run
[11165.7344]   API 7 run
[11166.4053]   API 22 run
[11166.4492]   API 1000 run
[11166.4609]   API 1001 run
[11169.8301]   API 3000 run
[11175.0752]   PRESENT END 2
[11294.3623]   PRESENT START 1
[11300.4365]   SOCKET END 0
[11300.4365]   API 1002 run
[11300.4385]   CYCLE End 1
[11300.4590]   API 3 run
[11300.5762]   API 1000 run
[11300.5898]   API 1001 run
[11300.6641]   API 1002 run
[11300.7422]   API 7 run
[11301.2627]   API 22 run
[11301.2959]   API 1000 run
[11301.3076]   API 1001 run
[11305.9004]   API 3000 run
[11311.8418]   PRESENT END 2
[11429.7236]   PRESENT START 1
[11435.8057]   SOCKET END 0
[11435.8066]   API 1002 run
[11435.8076]   CYCLE End 1
[11435.8311]   API 3 run
[11435.9365]   API 1000 run
[11435.9521]   API 1001 run
[11436.0215]   API 1002 run
[11436.1006]   API 7 run
[11436.6699]   API 22 run
[11436.7041]   API 1000 run
[11436.7168]   API 1001 run
[11441.4980]   API 3000 run
[11444.9199]   PRESENT END 2
[11564.4219]   PRESENT START 1
[11572.3799]   SOCKET END 0
[11572.3799]   API 1002 run
[11572.3809]   CYCLE End 1
[11572.4072]   API 3 run
[11572.5195]   API 1000 run
[11572.5342]   API 1001 run
[11572.6250]   API 1002 run
[11572.7285]   API 7 run
[11573.2500]   API 22 run
[11573.2939]   API 1000 run
[11573.3135]   API 1001 run
[11575.8965]   API 3000 run
[11579.5703]   PRESENT END 2
[11700.5986]   PRESENT START 1
[11708.5303]   SOCKET END 0
[11708.5312]   API 1002 run
[11708.5312]   CYCLE End 1
[11708.5527]   API 3 run
[11708.6504]   API 1000 run
[11708.6650]   API 1001 run
[11708.7344]   API 1002 run
[11708.8164]   API 7 run
[11709.4111]   API 22 run
[11709.4639]   API 1000 run
[11709.4980]   API 1001 run
[11712.3008]   API 3000 run
[11715.9365]   PRESENT END 2
[11836.5664]   PRESENT START 1
[11844.4346]   SOCKET END 0
[11844.4355]   API 1002 run
[11844.4365]   CYCLE End 1
[11844.4600]   API 3 run
[11844.5684]   API 1000 run
[11844.5850]   API 1001 run
[11844.6572]   API 1002 run
[11844.7373]   API 7 run
[11845.3262]   API 22 run
[11845.3682]   API 1000 run
[11845.3867]   API 1001 run
[11848.2930]   API 3000 run
[11851.8779]   PRESENT END 2
[11972.7549]   PRESENT START 1
[11984.6377]   API 3000 run
[11987.5156]   SOCKET END 0
[11987.5156]   API 1002 run
[11987.5166]   CYCLE End 1
[11987.5400]   API 3 run
[11987.6484]   API 1000 run
[11987.6631]   API 1001 run
[11987.7383]   API 1002 run
[11987.8320]   API 7 run
[11988.1221]   PRESENT END 2
[11991.4385]   API 22 run
[11991.4902]   API 1000 run
[11991.5049]   API 1001 run
[12117.8984]   PRESENT START 1
[12125.7871]   SOCKET END 0
[12125.7881]   API 1002 run
[12125.7891]   CYCLE End 1
[12125.8135]   API 3 run
[12125.9180]   API 1000 run
[12125.9316]   API 1001 run
[12126.0273]   API 1002 run
[12126.1416]   API 7 run
[12126.7031]   API 22 run
[12126.7549]   API 1000 run
[12126.7744]   API 1001 run
[12129.6904]   API 3000 run
[12133.3652]   PRESENT END 2
[12254.1172]   PRESENT START 1
[12261.9199]   SOCKET END 0
[12261.9209]   API 1002 run
[12261.9219]   CYCLE End 1
[12261.9463]   API 3 run
[12262.0479]   API 1000 run
[12262.0635]   API 1001 run
[12262.1318]   API 1002 run
[12262.2119]   API 7 run
[12262.7979]   API 22 run
[12262.8574]   API 1000 run
[12262.8750]   API 1001 run
[12265.8086]   API 3000 run
[12269.3018]   PRESENT END 2
[12389.5781]   PRESENT START 1
[12397.5400]   SOCKET END 0
[12397.5400]   API 1002 run
[12397.5410]   CYCLE End 1
[12397.5635]   API 3 run
[12397.6650]   API 1000 run
[12397.6807]   API 1001 run
[12397.7500]   API 1002 run
[12397.8340]   API 7 run
[12398.3965]   API 22 run
[12398.4404]   API 1000 run
[12398.4717]   API 1001 run
[12401.2285]   API 3000 run
[12405.0381]   PRESENT END 2
[12525.3398]   PRESENT START 1
[12533.0186]   SOCKET END 0
[12533.0186]   API 1002 run
[12533.0195]   CYCLE End 1
[12533.0430]   API 3 run
[12533.1416]   API 1000 run
[12533.1562]   API 1001 run
[12533.2246]   API 1002 run
[12533.3047]   API 7 run
[12533.8984]   API 22 run
[12533.9424]   API 1000 run
[12533.9600]   API 1001 run
[12536.9062]   API 3000 run
[12540.6426]   PRESENT END 2
[12661.4736]   PRESENT START 1
[12669.3838]   SOCKET END 0
[12669.3838]   API 1002 run
[12669.3857]   CYCLE End 1
[12669.4082]   API 3 run
[12669.5137]   API 1000 run
[12669.5293]   API 1001 run
[12669.5996]   API 1002 run
[12669.6846]   API 7 run
[12670.2539]   API 22 run
[12670.2949]   API 1000 run
[12670.3135]   API 1001 run
[12673.2520]   API 3000 run
[12676.9229]   PRESENT END 2
[12798.0283]   PRESENT START 1
[12805.8906]   SOCKET END 0
[12805.8916]   API 1002 run
[12805.8926]   CYCLE End 1
[12805.9170]   API 3 run
[12806.0234]   API 1000 run
[12806.0371]   API 1001 run
[12806.1084]   API 1002 run
[12806.2012]   API 7 run
[12806.7803]   API 22 run
[12806.8223]   API 1000 run
[12806.8389]   API 1001 run
[12809.7803]   API 3000 run
[12813.1748]   PRESENT END 2
[12934.9092]   PRESENT START 1
[12944.1777]   SOCKET END 0
[12944.1777]   API 1002 run
[12944.1797]   CYCLE End 1
[12944.2061]   API 3 run
[12944.3154]   API 1000 run
[12944.3291]   API 1001 run
[12944.4004]   API 1002 run
[12944.4980]   API 7 run
[12945.3047]   API 22 run
[12945.3369]   API 1000 run
[12945.3496]   API 1001 run
[12946.6484]   API 3000 run
[12950.2764]   PRESENT END 2
[13071.8594]   PRESENT START 1
[13080.6826]   SOCKET END 0
[13080.6836]   API 1002 run
[13080.6846]   CYCLE End 1
[13080.7100]   API 3 run
[13080.8174]   API 1000 run
[13080.8350]   API 1001 run
[13080.9199]   API 1002 run
[13081.0371]   API 7 run
[13082.1387]   API 22 run
[13082.1748]   API 1000 run
[13082.1895]   API 1001 run
[13083.6348]   API 3000 run
[13087.4443]   PRESENT END 2
[13209.1543]   PRESENT START 1
[13218.1348]   SOCKET END 0
[13218.1348]   API 1002 run
[13218.1357]   CYCLE End 1
[13218.1621]   API 3 run
[13218.2744]   API 1000 run
[13218.2881]   API 1001 run
[13218.3652]   API 1002 run
[13218.4668]   API 7 run
[13219.3896]   API 22 run
[13219.4385]   API 1000 run
[13219.4512]   API 1001 run
[13220.9141]   API 3000 run
[13224.7549]   PRESENT END 2
[13346.3164]   PRESENT START 1
[13354.9746]   SOCKET END 0
[13354.9746]   API 1002 run
[13354.9756]   CYCLE End 1
[13355.0010]   API 3 run
[13355.1094]   API 1000 run
[13355.1270]   API 1001 run
[13355.2119]   API 1002 run
[13355.3184]   API 7 run
[13356.6719]   API 22 run
[13356.7080]   API 1000 run
[13356.7197]   API 1001 run
[13357.0986]   API 3000 run
[13360.7607]   PRESENT END 2
[13484.0322]   PRESENT START 1
[13493.3809]   SOCKET END 0
[13493.3809]   API 1002 run
[13493.3818]   CYCLE End 1
[13493.4160]   API 3 run
[13493.5283]   API 1000 run
[13493.5420]   API 1001 run
[13493.6133]   API 1002 run
[13493.6953]   API 7 run
[13494.4580]   API 22 run
[13494.4912]   API 1000 run
[13494.5029]   API 1001 run
[13494.7666]   API 3000 run
[13498.2900]   PRESENT END 2
[13621.2822]   PRESENT START 1
[13630.2686]   SOCKET END 0
[13630.2686]   API 1002 run
[13630.2715]   CYCLE End 1
[13630.2969]   API 3 run
[13630.4258]   API 1000 run
[13630.4463]   API 1001 run
[13630.5342]   API 1002 run
[13630.6465]   API 7 run
[13631.9902]   API 3000 run
[13634.0742]   API 22 run
[13634.1143]   API 1000 run
[13634.1279]   API 1001 run
[13637.5840]   PRESENT END 2
[13760.5098]   PRESENT START 1
[13769.7637]   SOCKET END 0
[13769.7637]   API 1002 run
[13769.7646]   CYCLE End 1
[13769.7979]   API 3 run
[13769.9082]   API 1000 run
[13769.9229]   API 1001 run
[13769.9961]   API 1002 run
[13770.0791]   API 7 run
[13770.9131]   API 22 run
[13770.9609]   API 1000 run
[13770.9746]   API 1001 run
[13771.4873]   API 3000 run
[13775.1807]   PRESENT END 2
[13897.4189]   PRESENT START 1
[13906.4648]   SOCKET END 0
[13906.4648]   API 1002 run
[13906.4658]   CYCLE End 1
[13906.4932]   API 3 run
[13906.6162]   API 1000 run
[13906.6357]   API 1001 run
[13906.7363]   API 1002 run
[13906.8525]   API 7 run
[13907.8809]   API 22 run
[13907.9160]   API 1000 run
[13907.9287]   API 1001 run
[13908.0918]   API 3000 run
[13911.7773]   PRESENT END 2
[14034.8037]   PRESENT START 1
[14043.7637]   SOCKET END 0
[14043.7637]   API 1002 run
[14043.7646]   CYCLE End 1
[14043.7920]   API 3 run
[14043.9062]   API 1000 run
[14043.9238]   API 1001 run
[14044.0234]   API 1002 run
[14044.1221]   API 7 run
[14045.2598]   API 22 run
[14045.2949]   API 1000 run
[14045.3076]   API 1001 run
[14045.5479]   API 3000 run
[14048.9199]   PRESENT END 2
[14172.9189]   PRESENT START 1
[14181.6934]   SOCKET END 0
[14181.6934]   API 1002 run
[14181.6943]   CYCLE End 1
[14181.7197]   API 3 run
[14181.8379]   API 1000 run
[14181.8584]   API 1001 run
[14181.9453]   API 1002 run
[14182.0508]   API 7 run
[14183.4014]   API 22 run
[14183.4404]   API 1000 run
[14183.4531]   API 1001 run
[14183.6279]   API 3000 run
[14187.3428]   PRESENT END 2
[14311.0850]   PRESENT START 1
[14322.0811]   API 3000 run
[14322.4570]   SOCKET END 0
[14322.4570]   API 1002 run
[14322.4580]   CYCLE End 1
[14322.4814]   API 3 run
[14322.5811]   API 1000 run
[14322.5938]   API 1001 run
[14322.6602]   API 1002 run
[14322.7402]   API 7 run
[14323.1621]   API 22 run
[14323.1963]   API 1000 run
[14323.2090]   API 1001 run
[14325.7178]   PRESENT END 2
[14450.5088]   PRESENT START 1
[14460.1533]   SOCKET END 0
[14460.1533]   API 1002 run
[14460.1543]   CYCLE End 1
[14460.1768]   API 3 run
[14460.2773]   API 1000 run
[14460.2910]   API 1001 run
[14460.3721]   API 1002 run
[14460.4521]   API 7 run
[14460.9385]   API 22 run
[14460.9707]   API 1000 run
[14460.9834]   API 1001 run
[14461.2188]   API 3000 run
[14464.8145]   PRESENT END 2
[14587.6074]   PRESENT START 1
[14596.7754]   SOCKET END 0
[14596.7754]   API 1002 run
[14596.7764]   CYCLE End 1
[14596.8027]   API 3 run
[14596.9219]   API 1000 run
[14596.9355]   API 1001 run
[14597.0059]   API 1002 run
[14597.0869]   API 7 run
[14597.9023]   API 22 run
[14597.9463]   API 1000 run
[14597.9590]   API 1001 run
[14598.2627]   API 3000 run
[14601.7402]   PRESENT END 2
[14724.3945]   PRESENT START 1
[14733.0186]   SOCKET END 0
[14733.0186]   API 1002 run
[14733.0215]   CYCLE End 1
[14733.0459]   API 3 run
[14733.1592]   API 1000 run
[14733.1777]   API 1001 run
[14733.2646]   API 1002 run
[14733.3779]   API 7 run
[14734.5615]   API 22 run
[14734.5967]   API 1000 run
[14734.6123]   API 1001 run
[14735.0596]   API 3000 run
[14738.7041]   PRESENT END 2
[14861.4297]   PRESENT START 1
[14870.1963]   SOCKET END 0
[14870.1963]   API 1002 run
[14870.1973]   CYCLE End 1
[14870.2217]   API 3 run
[14870.3320]   API 1000 run
[14870.3604]   API 1001 run
[14870.4443]   API 1002 run
[14870.5410]   API 7 run
[14871.7393]   API 22 run
[14871.7754]   API 1000 run
[14871.7881]   API 1001 run
[14872.3594]   API 3000 run
[14876.0293]   PRESENT END 2
[14995.7334]   PRESENT START 1
[15004.9092]   SOCKET END 0
[15004.9092]   API 1002 run
[15004.9102]   CYCLE End 1
[15004.9912]   API 3 run
[15005.0928]   API 1000 run
[15005.1084]   API 1001 run
[15005.1748]   API 1002 run
[15005.2676]   API 7 run
[15006.0869]   API 22 run
[15006.1201]   API 1000 run
[15006.1328]   API 1001 run
[15006.7041]   API 3000 run
[15018.3496]   PRESENT END 2
[15134.3896]   PRESENT START 1
[15145.9238]   API 3000 run
[15147.1123]   SOCKET END 0
[15147.1133]   API 1002 run
[15147.1152]   CYCLE End 1
[15147.1396]   API 3 run
[15147.2393]   API 1000 run
[15147.2529]   API 1001 run
[15147.3301]   API 1002 run
[15147.4170]   API 7 run
[15147.8291]   API 22 run
[15147.8750]   API 1000 run
[15147.8867]   API 1001 run
[15149.9385]   PRESENT END 2
[15275.2344]   PRESENT START 1
[15284.3047]   SOCKET END 0
[15284.3057]   API 1002 run
[15284.3066]   CYCLE End 1
[15284.3398]   API 3 run
[15284.4619]   API 1000 run
[15284.4756]   API 1001 run
[15284.5488]   API 1002 run
[15284.6348]   API 7 run
[15285.5596]   API 22 run
[15285.5928]   API 1000 run
[15285.6064]   API 1001 run
[15286.7480]   API 3000 run
[15290.5518]   PRESENT END 2
[15412.5469]   PRESENT START 1
[15421.3672]   SOCKET END 0
[15421.3672]   API 1002 run
[15421.3682]   CYCLE End 1
[15421.3926]   API 3 run
[15421.5127]   API 1000 run
[15421.5342]   API 1001 run
[15421.6250]   API 1002 run
[15421.7256]   API 7 run
[15422.9346]   API 22 run
[15422.9863]   API 1000 run
[15422.9990]   API 1001 run
[15424.2979]   API 3000 run
[15427.8027]   PRESENT END 2
[15549.8066]   PRESENT START 1
[15558.6846]   SOCKET END 0
[15558.6855]   API 1002 run
[15558.6865]   CYCLE End 1
[15558.7119]   API 3 run
[15558.8311]   API 1000 run
[15558.8506]   API 1001 run
[15558.9688]   API 1002 run
[15559.0605]   API 7 run
[15560.0850]   API 22 run
[15560.1201]   API 1000 run
[15560.1338]   API 1001 run
[15561.5879]   API 3000 run
[15565.3398]   PRESENT END 2
[15687.4453]   PRESENT START 1
[15696.3408]   SOCKET END 0
[15696.3418]   API 1002 run
[15696.3428]   CYCLE End 1
[15696.3662]   API 3 run
[15696.4824]   API 1000 run
[15696.5020]   API 1001 run
[15696.5908]   API 1002 run
[15696.6924]   API 7 run
[15697.8525]   API 22 run
[15697.9004]   API 1000 run
[15697.9141]   API 1001 run
[15699.1641]   API 3000 run
[15702.8525]   PRESENT END 2
[15825.7559]   PRESENT START 1
[15834.7188]   SOCKET END 0
[15834.7197]   API 1002 run
[15834.7207]   CYCLE End 1
[15834.7451]   API 3 run
[15834.8613]   API 1000 run
[15834.8799]   API 1001 run
[15834.9893]   API 1002 run
[15835.0762]   API 7 run
[15837.5020]   API 3000 run
[15838.3613]   API 22 run
[15838.4033]   API 1000 run
[15838.4180]   API 1001 run
[15842.0342]   PRESENT END 2
[15965.6182]   PRESENT START 1
[15974.9229]   SOCKET END 0
[15974.9229]   API 1002 run
[15974.9238]   CYCLE End 1
[15974.9688]   API 3 run
[15975.0781]   API 1000 run
[15975.0928]   API 1001 run
[15975.1660]   API 1002 run
[15975.2441]   API 7 run
[15975.8799]   API 22 run
[15975.9141]   API 1000 run
[15975.9277]   API 1001 run
[15977.3975]   API 3000 run
[15981.1152]   PRESENT END 2
[16103.2324]   PRESENT START 1
[16110.4805]   SOCKET END 0
[16110.4805]   API 1002 run
[16110.4814]   CYCLE End 1
[16110.5020]   API 3 run
[16110.5996]   API 1000 run
[16110.6152]   API 1001 run
[16110.6973]   API 1002 run
[16110.7754]   API 7 run
[16111.2051]   API 22 run
[16111.2393]   API 1000 run
[16111.2529]   API 1001 run
[16114.7773]   API 3000 run
[16120.6104]   PRESENT END 2
[16238.1270]   PRESENT START 1
[16247.1494]   SOCKET END 0
[16247.1504]   API 1002 run
[16247.1514]   CYCLE End 1
[16247.1758]   API 3 run
[16247.3076]   API 1000 run
[16247.3291]   API 1001 run
[16247.4219]   API 1002 run
[16247.5312]   API 7 run
[16248.6279]   API 22 run
[16248.6738]   API 1000 run
[16248.6865]   API 1001 run
[16249.7754]   API 3000 run
[16253.5869]   PRESENT END 2
[16375.8193]   PRESENT START 1
[16386.4395]   SOCKET END 0
[16386.4395]   API 1002 run
[16386.4414]   CYCLE End 1
[16386.4648]   API 3 run
[16386.5684]   API 1000 run
[16386.5820]   API 1001 run
[16386.6543]   API 1002 run
[16386.7383]   API 7 run
[16387.1738]   API 22 run
[16387.2090]   API 1000 run
[16387.2227]   API 1001 run
[16387.5957]   API 3000 run
[16391.3672]   PRESENT END 2
[16514.2520]   PRESENT START 1
[16523.1445]   SOCKET END 0
[16523.1465]   API 1002 run
[16523.1465]   CYCLE End 1
[16523.1719]   API 3 run
[16523.2930]   API 1000 run
[16523.3105]   API 1001 run
[16523.3965]   API 1002 run
[16523.5020]   API 7 run
[16524.5527]   API 22 run
[16524.5879]   API 1000 run
[16524.5996]   API 1001 run
[16525.0098]   API 3000 run
[16528.6562]   PRESENT END 2
[16652.4336]   PRESENT START 1
[16661.4707]   SOCKET END 0
[16661.4727]   API 1002 run
[16661.4727]   CYCLE End 1
[16661.4961]   API 3 run
[16661.5996]   API 1000 run
[16661.6211]   API 1001 run
[16661.7188]   API 1002 run
[16661.8164]   API 7 run
[16662.7695]   API 22 run
[16662.8047]   API 1000 run
[16662.8164]   API 1001 run
[16664.1816]   API 3000 run
[16668.0215]   PRESENT END 2
[16790.3203]   PRESENT START 1
[16799.9805]   SOCKET END 0
[16799.9805]   API 1002 run
[16799.9805]   CYCLE End 1
[16800.0039]   API 3 run
[16800.1035]   API 1000 run
[16800.1191]   API 1001 run
[16800.1914]   API 1002 run
[16800.2871]   API 7 run
[16800.7168]   API 22 run
[16800.7598]   API 1000 run
[16800.7715]   API 1001 run
[16801.0273]   API 3000 run
[16804.7266]   PRESENT END 2
[16927.8398]   PRESENT START 1
[16935.6074]   SOCKET END 0
[16935.6074]   API 1002 run
[16935.6074]   CYCLE End 1
[16935.6328]   API 3 run
[16935.7363]   API 1000 run
[16935.7480]   API 1001 run
[16935.8203]   API 1002 run
[16935.8965]   API 7 run
[16936.3320]   API 22 run
[16936.3633]   API 1000 run
[16936.3789]   API 1001 run
[16938.6328]   API 3000 run
[16942.4551]   PRESENT END 2
[17063.4395]   PRESENT START 1
[17070.6504]   SOCKET END 0
[17070.6523]   API 1002 run
[17070.6523]   CYCLE End 1
[17070.6738]   API 3 run
[17070.7754]   API 1000 run
[17070.7930]   API 1001 run
[17070.8613]   API 1002 run
[17070.9395]   API 7 run
[17071.3848]   API 22 run
[17071.4180]   API 1000 run
[17071.4316]   API 1001 run
[17074.4219]   API 3000 run
[17078.3164]   PRESENT END 2
[17199.1562]   PRESENT START 1
[17207.7949]   SOCKET END 0
[17207.7949]   API 1002 run
[17207.7969]   CYCLE End 1
[17207.8203]   API 3 run
[17208.6641]   API 1000 run
[17208.6836]   API 1001 run
[17208.7871]   API 1002 run
[17208.8887]   API 7 run
[17210.1836]   API 22 run
[17210.2207]   API 1000 run
[17210.2461]   API 1001 run
[17210.7520]   API 3000 run
[17214.6992]   PRESENT END 2
[17338.4180]   PRESENT START 1
[17347.8086]   SOCKET END 0
[17347.8086]   API 1002 run
[17347.8125]   CYCLE End 1
[17347.8359]   API 3 run
[17347.9395]   API 1000 run
[17347.9551]   API 1001 run
[17348.0273]   API 1002 run
[17348.1074]   API 7 run
[17348.6660]   API 22 run
[17348.6992]   API 1000 run
[17348.7246]   API 1001 run
[17350.1914]   API 3000 run
[17354.1484]   PRESENT END 2
[17476.4453]   PRESENT START 1
[17485.5605]   SOCKET END 0
[17485.5605]   API 1002 run
[17485.5605]   CYCLE End 1
[17485.5859]   API 3 run
[17485.7031]   API 1000 run
[17485.7285]   API 1001 run
[17485.8047]   API 1002 run
[17485.8887]   API 7 run
[17486.8613]   API 22 run
[17486.8984]   API 1000 run
[17486.9121]   API 1001 run
[17488.1445]   API 3000 run
[17492.0098]   PRESENT END 2
[17614.0527]   PRESENT START 1
[17623.1875]   SOCKET END 0
[17623.1875]   API 1002 run
[17623.1875]   CYCLE End 1
[17623.2246]   API 3 run
[17623.3438]   API 1000 run
[17623.3633]   API 1001 run
[17623.4395]   API 1002 run
[17623.5195]   API 7 run
[17624.4844]   API 22 run
[17624.5195]   API 1000 run
[17624.5332]   API 1001 run
[17626.0645]   API 3000 run
[17629.6797]   PRESENT END 2
[17751.5312]   PRESENT START 1
[17757.5020]   SOCKET END 0
[17757.5039]   API 1002 run
[17757.5039]   CYCLE End 1
[17757.5254]   API 3 run
[17757.6289]   API 1000 run
[17757.6445]   API 1001 run
[17757.7148]   API 1002 run
[17757.7871]   API 7 run
[17758.3398]   API 22 run
[17758.3730]   API 1000 run
[17758.3887]   API 1001 run
[17763.3086]   API 3000 run
[17767.0039]   PRESENT END 2
[17886.0137]   PRESENT START 1
[17892.2207]   SOCKET END 0
[17892.2207]   API 1002 run
[17892.2207]   CYCLE End 1
[17892.2441]   API 3 run
[17892.3457]   API 1000 run
[17892.3594]   API 1001 run
[17892.4336]   API 1002 run
[17892.5078]   API 7 run
[17893.0762]   API 22 run
[17893.1074]   API 1000 run
[17893.1191]   API 1001 run
[17897.8926]   API 3000 run
[17905.6152]   PRESENT END 2
[18021.2129]   PRESENT START 1
[18029.0449]   SOCKET END 0
[18029.0449]   API 1002 run
[18029.0449]   CYCLE End 1
[18029.0684]   API 3 run
[18029.1816]   API 1000 run
[18029.1953]   API 1001 run
[18029.2754]   API 1002 run
[18029.3555]   API 7 run
[18029.9277]   API 22 run
[18029.9727]   API 1000 run
[18029.9883]   API 1001 run
[18032.9141]   API 3000 run
[18036.5527]   PRESENT END 2
[18157.4648]   PRESENT START 1
[18165.3242]   SOCKET END 0
[18165.3242]   API 1002 run
[18165.3242]   CYCLE End 1
[18165.3477]   API 3 run
[18165.4473]   API 1000 run
[18165.4629]   API 1001 run
[18165.5293]   API 1002 run
[18165.6074]   API 7 run
[18166.1797]   API 22 run
[18166.2402]   API 1000 run
[18166.2578]   API 1001 run
[18169.2754]   API 3000 run
[18172.7598]   PRESENT END 2
[18293.8887]   PRESENT START 1
[18301.9062]   SOCKET END 0
[18301.9082]   API 1002 run
[18301.9082]   CYCLE End 1
[18301.9297]   API 3 run
[18302.0312]   API 1000 run
[18302.0469]   API 1001 run
[18302.1289]   API 1002 run
[18302.2480]   API 7 run
[18302.7891]   API 22 run
[18302.8359]   API 1000 run
[18302.8516]   API 1001 run
[18305.7129]   API 3000 run
[18309.0547]   PRESENT END 2
[18430.6191]   PRESENT START 1
[18438.5449]   SOCKET END 0
[18438.5449]   API 1002 run
[18438.5449]   CYCLE End 1
[18438.5684]   API 3 run
[18438.6699]   API 1000 run
[18438.6836]   API 1001 run
[18438.7539]   API 1002 run
[18438.8379]   API 7 run
[18439.4297]   API 22 run
[18439.4766]   API 1000 run
[18439.4922]   API 1001 run
[18442.4824]   API 3000 run
[18446.0117]   PRESENT END 2
[18567.3789]   PRESENT START 1
[18573.3398]   SOCKET END 0
[18573.3398]   API 1002 run
[18573.3398]   CYCLE End 1
[18573.3633]   API 3 run
[18573.4688]   API 1000 run
[18573.4922]   API 1001 run
[18573.5625]   API 1002 run
[18573.6367]   API 7 run
[18574.2051]   API 22 run
[18574.2402]   API 1000 run
[18574.2520]   API 1001 run
[18579.0840]   API 3000 run
[18585.1484]   PRESENT END 2
[18702.3984]   PRESENT START 1
[18709.2969]   SOCKET END 0
[18709.2988]   API 1002 run
[18709.3008]   CYCLE End 1
[18709.3203]   API 3 run
[18709.4199]   API 1000 run
[18709.4355]   API 1001 run
[18709.5078]   API 1002 run
[18709.5859]   API 7 run
[18710.0020]   API 22 run
[18710.0352]   API 1000 run
[18710.0488]   API 1001 run
[18714.3008]   API 3000 run
[18722.0547]   PRESENT END 2
[18837.1152]   PRESENT START 1
[18845.1992]   SOCKET END 0
[18845.2012]   API 1002 run
[18845.2031]   CYCLE End 1
[18845.2266]   API 3 run
[18845.3281]   API 1000 run
[18845.3438]   API 1001 run
[18845.4141]   API 1002 run
[18845.4922]   API 7 run
[18846.0918]   API 22 run
[18846.1367]   API 1000 run
[18846.1562]   API 1001 run
[18848.6270]   API 3000 run
[18852.3281]   PRESENT END 2
[18973.7520]   PRESENT START 1
[18981.4922]   SOCKET END 0
[18981.4922]   API 1002 run
[18981.4922]   CYCLE End 1
[18981.5137]   API 3 run
[18981.6113]   API 1000 run
[18981.6289]   API 1001 run
[18981.6953]   API 1002 run
[18981.7715]   API 7 run
[18982.3730]   API 22 run
[18982.4160]   API 1000 run
[18982.4355]   API 1001 run
[18985.4512]   API 3000 run
[18989.1445]   PRESENT END 2
[19110.4688]   PRESENT START 1
[19116.3457]   SOCKET END 0
[19116.3477]   API 1002 run
[19116.3477]   CYCLE End 1
[19116.3691]   API 3 run
[19116.4707]   API 1000 run
[19116.4883]   API 1001 run
[19116.5527]   API 1002 run
[19116.6289]   API 7 run
[19117.2656]   API 22 run
[19117.3125]   API 1000 run
[19117.3242]   API 1001 run
[19122.2246]   API 3000 run
[19126.3516]   PRESENT END 2
[19245.8125]   PRESENT START 1
[19253.7168]   SOCKET END 0
[19253.7168]   API 1002 run
[19253.7168]   CYCLE End 1
[19253.7402]   API 3 run
[19253.8398]   API 1000 run
[19253.8555]   API 1001 run
[19253.9277]   API 1002 run
[19254.0312]   API 7 run
[19254.5742]   API 22 run
[19254.6172]   API 1000 run
[19254.6367]   API 1001 run
[19257.5449]   API 3000 run
[19261.1074]   PRESENT END 2
[19381.9043]   PRESENT START 1
[19387.8672]   SOCKET END 0
[19387.8672]   API 1002 run
[19387.8691]   CYCLE End 1
[19387.8926]   API 3 run
[19388.0000]   API 1000 run
[19388.0137]   API 1001 run
[19388.0840]   API 1002 run
[19388.1777]   API 7 run
[19388.7754]   API 22 run
[19388.8086]   API 1000 run
[19388.8203]   API 1001 run
[19393.8125]   API 3000 run
[19397.6680]   PRESENT END 2
[19516.7070]   PRESENT START 1
[19522.7754]   SOCKET END 0
[19522.7754]   API 1002 run
[19522.7773]   CYCLE End 1
[19522.8008]   API 3 run
[19522.9004]   API 1000 run
[19522.9160]   API 1001 run
[19523.0000]   API 1002 run
[19523.0781]   API 7 run
[19523.6230]   API 22 run
[19523.6562]   API 1000 run
[19523.6699]   API 1001 run
[19528.4336]   API 3000 run
[19533.9746]   PRESENT END 2
[19652.5312]   PRESENT START 1
[19660.4922]   SOCKET END 0
[19660.4922]   API 1002 run
[19660.4941]   CYCLE End 1
[19660.5156]   API 3 run
[19660.6152]   API 1000 run
[19660.6328]   API 1001 run
[19660.7031]   API 1002 run
[19660.7832]   API 7 run
[19661.4160]   API 22 run
[19661.4746]   API 1000 run
[19661.4922]   API 1001 run
[19664.3242]   API 3000 run
[19667.8086]   PRESENT END 2
[19789.1914]   PRESENT START 1
[19798.4922]   SOCKET END 0
[19798.4922]   API 1002 run
[19798.4941]   CYCLE End 1
[19798.5156]   API 3 run
[19798.6230]   API 1000 run
[19798.6387]   API 1001 run
[19798.7070]   API 1002 run
[19798.7891]   API 7 run
[19799.6074]   API 22 run
[19799.6445]   API 1000 run
[19799.6562]   API 1001 run
[19800.0547]   API 3000 run
[19803.6934]   PRESENT END 2
[19926.5762]   PRESENT START 1
[19934.4727]   SOCKET END 0
[19934.4727]   API 1002 run
[19934.4727]   CYCLE End 1
[19934.4961]   API 3 run
[19934.5957]   API 1000 run
[19934.6094]   API 1001 run
[19934.6777]   API 1002 run
[19934.7637]   API 7 run
[19935.3711]   API 22 run
[19935.4160]   API 1000 run
[19935.4336]   API 1001 run
[19937.3184]   API 3000 run
[19941.0762]   PRESENT END 2
[20062.4844]   PRESENT START 1
[20070.4473]   SOCKET END 0
[20070.4473]   API 1002 run
[20070.4492]   CYCLE End 1
[20070.4727]   API 3 run
[20070.5762]   API 1000 run
[20070.5918]   API 1001 run
[20070.6797]   API 1002 run
[20071.6836]   API 7 run
[20072.6719]   API 22 run
[20072.7109]   API 1000 run
[20072.7246]   API 1001 run
[20073.2227]   API 3000 run
[20076.8047]   PRESENT END 2
[20200.2871]   PRESENT START 1
[20206.3027]   SOCKET END 0
[20206.3027]   API 1002 run
[20206.3047]   CYCLE End 1
[20206.3438]   API 3 run
[20206.4453]   API 1000 run
[20206.4609]   API 1001 run
[20206.5312]   API 1002 run
[20206.6074]   API 7 run
[20207.2109]   API 22 run
[20207.2598]   API 1000 run
[20207.2715]   API 1001 run
[20211.0449]   API 3000 run
[20214.8398]   PRESENT END 2
[20335.8086]   PRESENT START 1
[20341.7852]   SOCKET END 0
[20341.7852]   API 1002 run
[20341.7871]   CYCLE End 1
[20346.7422]   API 3000 run
[20350.4004]   PRESENT END 2
