[469.5620]   API 1000 run
[469.5880]   API 1001 run
[469.8130]   API 1002 run
[470.6200]   API 1000 run
[470.6310]   API 1001 run
[470.7090]   API 1002 run
[511.7780]   API 7 run
[512.5820]   API 1000 run
[521.3410]   API 1001 run
[526.5320]   API 1002 run
[606.5780]   API 1000 run
[606.5980]   API 1001 run
[606.6860]   API 1002 run
[616.4720]   API 7 run
[616.6580]   API 1000 run
[617.7320]   API 1001 run
[620.9360]   API 1002 run
[654.3330]   API 1000 run
[654.3430]   API 1001 run
[654.4530]   API 1002 run
[655.8770]   API 7 run
[656.0520]   API 1000 run
[656.0660]   API 1001 run
[656.1490]   API 1002 run
[660.2200]   API 1000 run
[660.2300]   API 1001 run
[660.3040]   API 1002 run
[661.3810]   API 7 run
[661.6100]   API 1000 run
[661.6200]   API 1001 run
[661.6960]   API 1002 run
[664.8960]   API 1000 run
[664.9060]   API 1001 run
[664.9800]   API 1002 run
[665.8910]   API 7 run
[666.0440]   API 1000 run
[666.0610]   API 1001 run
[666.1390]   API 1002 run
[669.3950]   API 1000 run
[669.4050]   API 1001 run
[669.4780]   API 1002 run
[670.3720]   API 7 run
[670.5170]   API 1000 run
[670.5280]   API 1001 run
[670.6050]   API 1002 run
[674.4580]   API 1000 run
[674.4690]   API 1001 run
[674.5510]   API 1002 run
[677.1850]   API 7 run
[677.5310]   API 7 run
[677.8690]   API 7 run
[679.9930]   API 7 run
[680.8270]   API 1000 run
[680.8400]   API 1001 run
[680.9640]   API 1002 run
[685.1660]   API 1000 run
[685.1760]   API 1001 run
[685.2540]   API 1002 run
[685.5320]   API 1000 run
[685.5420]   API 1001 run
[685.6110]   API 1002 run
[685.8580]   API 1000 run
[685.8680]   API 1001 run
[685.9370]   API 1002 run
[686.2030]   API 1000 run
[686.2130]   API 1001 run
[686.2810]   API 1002 run
[686.5240]   API 1000 run
[686.5330]   API 1001 run
[686.6000]   API 1002 run
[686.8410]   API 1000 run
[686.8510]   API 1001 run
[686.9200]   API 1002 run
[687.1870]   API 1000 run
[687.1960]   API 1001 run
[687.2640]   API 1002 run
[687.5090]   API 1000 run
[687.5180]   API 1001 run
[687.6290]   API 1002 run
[687.8860]   API 1000 run
[687.8950]   API 1001 run
[687.9640]   API 1002 run
[688.2310]   API 1000 run
[688.2410]   API 1001 run
[688.3080]   API 1002 run
[688.5580]   API 1000 run
[688.5670]   API 1001 run
[688.6370]   API 1002 run
[688.8830]   API 1000 run
[688.8920]   API 1001 run
[688.9590]   API 1002 run
[689.2200]   API 1000 run
[689.2300]   API 1001 run
[689.3070]   API 1002 run
[689.5690]   API 1000 run
[689.5780]   API 1001 run
[689.6450]   API 1002 run
[689.8890]   API 1000 run
[689.8990]   API 1001 run
[689.9670]   API 1002 run
[690.2250]   API 1000 run
[690.2350]   API 1001 run
[690.3460]   API 1002 run
[690.6020]   API 1000 run
[690.6110]   API 1001 run
[690.6790]   API 1002 run
[690.9190]   API 1000 run
[690.9290]   API 1001 run
[690.9960]   API 1002 run
[691.2540]   API 1000 run
[691.2640]   API 1001 run
[691.3320]   API 1002 run
[691.5680]   API 1000 run
[691.5770]   API 1001 run
[691.6480]   API 1002 run
[691.9020]   API 1000 run
[691.9120]   API 1001 run
[692.0060]   API 1002 run
[692.4760]   API 1000 run
[692.4850]   API 1001 run
[692.5870]   API 1002 run
[692.8280]   API 1000 run
[692.8370]   API 1001 run
[692.9050]   API 1002 run
[693.1650]   API 1000 run
[693.1750]   API 1001 run
[693.2430]   API 1002 run
[693.4830]   API 1000 run
[693.4920]   API 1001 run
[693.5590]   API 1002 run
[693.7970]   API 1000 run
[693.8070]   API 1001 run
[693.8760]   API 1002 run
[694.1290]   API 1000 run
[694.1380]   API 1001 run
[694.2130]   API 1002 run
[694.4600]   API 1000 run
[694.4690]   API 1001 run
[694.5700]   API 1002 run
[694.8080]   API 1000 run
[694.8170]   API 1001 run
[694.8840]   API 1002 run
[695.1390]   API 1000 run
[695.1490]   API 1001 run
[695.2190]   API 1002 run
[695.4610]   API 1000 run
[695.4710]   API 1001 run
[695.5390]   API 1002 run
[695.7980]   API 1000 run
[695.8070]   API 1001 run
[695.8780]   API 1002 run
[696.1500]   API 1000 run
[696.1600]   API 1001 run
[696.2300]   API 1002 run
[696.4690]   API 1000 run
[696.4790]   API 1001 run
[696.5820]   API 1002 run
[696.8180]   API 1000 run
[696.8270]   API 1001 run
[696.9280]   API 1002 run
[697.1850]   API 1000 run
[697.1940]   API 1001 run
[697.2610]   API 1002 run
[697.5020]   API 1000 run
[697.5110]   API 1001 run
[697.5780]   API 1002 run
[697.8230]   API 1000 run
[697.8320]   API 1001 run
[697.9000]   API 1002 run
[698.1570]   API 1000 run
[698.1660]   API 1001 run
[698.2340]   API 1002 run
[698.4800]   API 1000 run
[698.4900]   API 1001 run
[698.5900]   API 1002 run
[698.8430]   API 1000 run
[698.8520]   API 1001 run
[698.9540]   API 1002 run
[699.2190]   API 1000 run
[699.2280]   API 1001 run
[699.3230]   API 1002 run
[699.7740]   API 1000 run
[699.7830]   API 1001 run
[699.8530]   API 1002 run
[700.1130]   API 1000 run
[700.1220]   API 1001 run
[700.1910]   API 1002 run
[700.4330]   API 1000 run
[700.4420]   API 1001 run
[700.5450]   API 1002 run
[700.7820]   API 1000 run
[700.7920]   API 1001 run
[700.8940]   API 1002 run
[701.1470]   API 1000 run
[701.1560]   API 1001 run
[701.2490]   API 1002 run
[701.6810]   API 1000 run
[701.6910]   API 1001 run
[701.7870]   API 1002 run
[702.2500]   API 1000 run
[702.2590]   API 1001 run
[702.3530]   API 1002 run
[702.7850]   API 1000 run
[702.7950]   API 1001 run
[702.8630]   API 1002 run
[703.1180]   API 1000 run
[703.1280]   API 1001 run
[703.1980]   API 1002 run
[703.4390]   API 1000 run
[703.4480]   API 1001 run
[703.5160]   API 1002 run
[703.7850]   API 1000 run
[703.7940]   API 1001 run
[703.8960]   API 1002 run
[704.3770]   API 1000 run
[704.3860]   API 1001 run
[704.4540]   API 1002 run
[704.6930]   API 1000 run
[704.7030]   API 1001 run
[704.7700]   API 1002 run
[705.0250]   API 1000 run
[705.0350]   API 1001 run
[705.1380]   API 1002 run
[705.3900]   API 1000 run
[705.4000]   API 1001 run
[705.5010]   API 1002 run
[705.7470]   API 1000 run
[705.7570]   API 1001 run
[705.8570]   API 1002 run
[706.1170]   API 1000 run
[706.1260]   API 1001 run
[706.2250]   API 1002 run
[706.6540]   API 1000 run
[706.6640]   API 1001 run
[706.7650]   API 1002 run
[707.0040]   API 1000 run
[707.0140]   API 1001 run
[707.1140]   API 1002 run
[707.3560]   API 1000 run
[707.3650]   API 1001 run
[707.4670]   API 1002 run
[707.7110]   API 1000 run
[707.7280]   API 1001 run
[707.7990]   API 1002 run
[708.0660]   API 1000 run
[708.0750]   API 1001 run
[708.1440]   API 1002 run
[708.3740]   API 1000 run
[708.3840]   API 1001 run
[708.4500]   API 1002 run
[708.6730]   API 1000 run
[708.6820]   API 1001 run
[708.7870]   API 1002 run
[709.0120]   API 1000 run
[709.0210]   API 1001 run
[709.1250]   API 1002 run
[709.3510]   API 1000 run
[709.3610]   API 1001 run
[709.4630]   API 1002 run
[709.6910]   API 1000 run
[709.7000]   API 1001 run
[709.7940]   API 1002 run
[710.2180]   API 1000 run
[710.2270]   API 1001 run
[710.3210]   API 1002 run
[710.7100]   API 1000 run
[710.7190]   API 1001 run
[710.8220]   API 1002 run
[711.0620]   API 1000 run
[711.0710]   API 1001 run
[711.1400]   API 1002 run
[711.3620]   API 1000 run
[711.3720]   API 1001 run
[711.4750]   API 1002 run
[711.7050]   API 1000 run
[711.7150]   API 1001 run
[711.7950]   API 1002 run
[712.0380]   API 1000 run
[712.0470]   API 1001 run
[712.1200]   API 1002 run
[712.3580]   API 1000 run
[712.3690]   API 1001 run
[712.4320]   API 1002 run
[712.6500]   API 1000 run
[712.6590]   API 1001 run
[712.7620]   API 1002 run
[712.9860]   API 1000 run
[712.9960]   API 1001 run
[713.0770]   API 1002 run
[713.3130]   API 1000 run
[713.3230]   API 1001 run
[713.3990]   API 1002 run
[713.6220]   API 1000 run
[713.6320]   API 1001 run
[713.6980]   API 1002 run
[713.9200]   API 1000 run
[713.9290]   API 1001 run
[713.9980]   API 1002 run
[714.2420]   API 1000 run
[714.2510]   API 1001 run
[714.3190]   API 1002 run
[714.5420]   API 1000 run
[714.5510]   API 1001 run
[714.6190]   API 1002 run
[714.8460]   API 1000 run
[714.8560]   API 1001 run
[714.9230]   API 1002 run
[715.1810]   API 1000 run
[715.1910]   API 1001 run
[715.2570]   API 1002 run
[715.4800]   API 1000 run
[715.4890]   API 1001 run
[715.5900]   API 1002 run
[715.8220]   API 1000 run
[715.8320]   API 1001 run
[715.9350]   API 1002 run
[716.1770]   API 1000 run
[716.1870]   API 1001 run
[716.2860]   API 1002 run
[716.6720]   API 1000 run
[716.6810]   API 1001 run
[716.7860]   API 1002 run
[717.8040]   API 1000 run
[717.8140]   API 1001 run
[717.8940]   API 1002 run
[718.1380]   API 1000 run
[718.1480]   API 1001 run
[718.2450]   API 1002 run
[718.6520]   API 1000 run
[718.6620]   API 1001 run
[718.7630]   API 1002 run
[718.9850]   API 1000 run
[718.9950]   API 1001 run
[719.0830]   API 1002 run
[719.3110]   API 1000 run
[719.3200]   API 1001 run
[719.3890]   API 1002 run
[719.6180]   API 1000 run
[719.6270]   API 1001 run
[719.6950]   API 1002 run
[719.9340]   API 1000 run
[719.9440]   API 1001 run
[720.0300]   API 1002 run
[720.2580]   API 1000 run
[720.2670]   API 1001 run
[720.3360]   API 1002 run
[720.5570]   API 1000 run
[720.5660]   API 1001 run
[720.6330]   API 1002 run
[720.8570]   API 1000 run
[720.8660]   API 1001 run
[720.9350]   API 1002 run
[721.1840]   API 1000 run
[721.1930]   API 1001 run
[721.2620]   API 1002 run
[721.4870]   API 1000 run
[721.4970]   API 1001 run
[721.5650]   API 1002 run
[721.7900]   API 1000 run
[721.7990]   API 1001 run
[721.8670]   API 1002 run
[722.1060]   API 1000 run
[722.1150]   API 1001 run
[722.2300]   API 1002 run
[722.4540]   API 1000 run
[722.4640]   API 1001 run
[722.5310]   API 1002 run
[722.7700]   API 1000 run
[722.7790]   API 1001 run
[722.8710]   API 1002 run
[723.2970]   API 1000 run
[723.3060]   API 1001 run
[723.4090]   API 1002 run
[723.6320]   API 1000 run
[723.6420]   API 1001 run
[723.7540]   API 1002 run
[723.9790]   API 1000 run
[723.9880]   API 1001 run
[724.1080]   API 1002 run
[724.3390]   API 1000 run
[724.3480]   API 1001 run
[724.4510]   API 1002 run
[724.6800]   API 1000 run
[724.6890]   API 1001 run
[724.7820]   API 1002 run
[725.2060]   API 1000 run
[725.2160]   API 1001 run
[725.2970]   API 1002 run
[725.5210]   API 1000 run
[725.5310]   API 1001 run
[725.5990]   API 1002 run
[725.8210]   API 1000 run
[725.8310]   API 1001 run
[725.9000]   API 1002 run
[726.1380]   API 1000 run
[726.1470]   API 1001 run
[726.2150]   API 1002 run
[726.4390]   API 1000 run
[726.4540]   API 1001 run
[726.5220]   API 1002 run
[726.7470]   API 1000 run
[726.7560]   API 1001 run
[726.8590]   API 1002 run
[727.0990]   API 1000 run
[727.1080]   API 1001 run
[727.1770]   API 1002 run
[727.4090]   API 1000 run
[727.4190]   API 1001 run
[727.4880]   API 1002 run
[727.7090]   API 1000 run
[727.7180]   API 1001 run
[727.8010]   API 1002 run
[728.0490]   API 1000 run
[728.0580]   API 1001 run
[728.1260]   API 1002 run
[728.3680]   API 1000 run
[728.3770]   API 1001 run
[728.4470]   API 1002 run
[728.6690]   API 1000 run
[728.6780]   API 1001 run
[728.7480]   API 1002 run
[728.9690]   API 1000 run
[728.9780]   API 1001 run
[729.0630]   API 1002 run
[729.3390]   API 1000 run
[729.3480]   API 1001 run
[729.4150]   API 1002 run
[729.6380]   API 1000 run
[729.6470]   API 1001 run
[729.7140]   API 1002 run
[729.9430]   API 1000 run
[729.9520]   API 1001 run
[730.0350]   API 1002 run
[730.2640]   API 1000 run
[730.2740]   API 1001 run
[730.3430]   API 1002 run
[730.5680]   API 1000 run
[730.5770]   API 1001 run
[730.6440]   API 1002 run
[730.8740]   API 1000 run
[730.8840]   API 1001 run
[730.9540]   API 1002 run
[731.2400]   API 1000 run
[731.2500]   API 1001 run
[731.3160]   API 1002 run
[731.5530]   API 1000 run
[731.5620]   API 1001 run
[731.6470]   API 1002 run
[731.8990]   API 1000 run
[731.9090]   API 1001 run
[731.9800]   API 1002 run
[732.2230]   API 1000 run
[732.2320]   API 1001 run
[732.3000]   API 1002 run
[732.5250]   API 1000 run
[732.5340]   API 1001 run
[732.6470]   API 1002 run
[732.8660]   API 1000 run
[732.8760]   API 1001 run
[732.9780]   API 1002 run
[733.2300]   API 1000 run
[733.2390]   API 1001 run
[733.3360]   API 1002 run
[733.7250]   API 1000 run
[733.7340]   API 1001 run
[733.8280]   API 1002 run
[734.2500]   API 1000 run
[734.2600]   API 1001 run
[734.3610]   API 1002 run
[734.5850]   API 1000 run
[734.5940]   API 1001 run
[734.6940]   API 1002 run
[734.9150]   API 1000 run
[734.9250]   API 1001 run
[735.0410]   API 1002 run
[735.2720]   API 1000 run
[735.2820]   API 1001 run
[735.3500]   API 1002 run
[735.5720]   API 1000 run
[735.5810]   API 1001 run
[735.6820]   API 1002 run
[735.9190]   API 1000 run
[735.9280]   API 1001 run
[735.9970]   API 1002 run
[736.2500]   API 1000 run
[736.2600]   API 1001 run
[736.3300]   API 1002 run
[736.5520]   API 1000 run
[736.5620]   API 1001 run
[736.6290]   API 1002 run
[736.8510]   API 1000 run
[736.8660]   API 1001 run
[736.9330]   API 1002 run
[737.1740]   API 1000 run
[737.1830]   API 1001 run
[737.2510]   API 1002 run
[737.4760]   API 1000 run
[737.4850]   API 1001 run
[737.5910]   API 1002 run
[737.8130]   API 1000 run
[737.8260]   API 1001 run
[737.9250]   API 1002 run
[738.1660]   API 1000 run
[738.1750]   API 1001 run
[738.2430]   API 1002 run
[738.4650]   API 1000 run
[738.4750]   API 1001 run
[738.5770]   API 1002 run
[738.8060]   API 1000 run
[738.8160]   API 1001 run
[738.9160]   API 1002 run
[739.1590]   API 1000 run
[739.1680]   API 1001 run
[739.2370]   API 1002 run
[739.4610]   API 1000 run
[739.4700]   API 1001 run
[739.5700]   API 1002 run
[739.8020]   API 1000 run
[739.8120]   API 1001 run
[739.9160]   API 1002 run
[740.1580]   API 1000 run
[740.1670]   API 1001 run
[740.2650]   API 1002 run
[740.6730]   API 1000 run
[740.6820]   API 1001 run
[740.7790]   API 1002 run
[741.2010]   API 1000 run
[741.2100]   API 1001 run
[741.3020]   API 1002 run
[741.6890]   API 1000 run
[741.6980]   API 1001 run
[741.7900]   API 1002 run
[742.2150]   API 1000 run
[742.2250]   API 1001 run
[742.3190]   API 1002 run
[742.7060]   API 1000 run
[742.7160]   API 1001 run
[742.8180]   API 1002 run
[743.0630]   API 1000 run
[743.0720]   API 1001 run
[743.1690]   API 1002 run
[743.5600]   API 1000 run
[743.5690]   API 1001 run
[743.6730]   API 1002 run
[743.9130]   API 1000 run
[743.9220]   API 1001 run
[744.0450]   API 1002 run
[744.2730]   API 1000 run
[744.2830]   API 1001 run
[744.3500]   API 1002 run
[744.5730]   API 1000 run
[744.5820]   API 1001 run
[744.6760]   API 1002 run
[745.0930]   API 1000 run
[745.1030]   API 1001 run
[745.1810]   API 1002 run
[745.4030]   API 1000 run
[745.4120]   API 1001 run
[745.4800]   API 1002 run
[745.7000]   API 1000 run
[745.7090]   API 1001 run
[745.7760]   API 1002 run
[746.0200]   API 1000 run
[746.0290]   API 1001 run
[746.0980]   API 1002 run
[746.3260]   API 1000 run
[746.3360]   API 1001 run
[746.4030]   API 1002 run
[746.6320]   API 1000 run
[746.6410]   API 1001 run
[746.7100]   API 1002 run
[746.9340]   API 1000 run
[746.9430]   API 1001 run
[747.0250]   API 1002 run
[747.2510]   API 1000 run
[747.2600]   API 1001 run
[747.3280]   API 1002 run
[747.5510]   API 1000 run
[747.5600]   API 1001 run
[747.6280]   API 1002 run
[747.9130]   API 1000 run
[747.9230]   API 1001 run
[747.9910]   API 1002 run
[748.2340]   API 1000 run
[748.2430]   API 1001 run
[748.3170]   API 1002 run
[748.5410]   API 1000 run
[748.5510]   API 1001 run
[748.6190]   API 1002 run
[748.8390]   API 1000 run
[748.8480]   API 1001 run
[748.9410]   API 1002 run
[749.3640]   API 1000 run
[749.3730]   API 1001 run
[749.4760]   API 1002 run
[749.6980]   API 1000 run
[749.7070]   API 1001 run
[749.8100]   API 1002 run
[750.0470]   API 1000 run
[750.0560]   API 1001 run
[750.1560]   API 1002 run
[750.3940]   API 1000 run
[750.4040]   API 1001 run
[750.5050]   API 1002 run
[750.7270]   API 1000 run
[750.7370]   API 1001 run
[750.8370]   API 1002 run
[751.0760]   API 1000 run
[751.0850]   API 1001 run
[751.1530]   API 1002 run
[751.3770]   API 1000 run
[751.3870]   API 1001 run
[751.4890]   API 1002 run
[751.7160]   API 1000 run
[751.7350]   API 1001 run
[751.8290]   API 1002 run
[752.0820]   API 1000 run
[752.0920]   API 1001 run
[752.1620]   API 1002 run
[752.3850]   API 1000 run
[752.3940]   API 1001 run
[752.4610]   API 1002 run
[752.6820]   API 1000 run
[752.6910]   API 1001 run
[752.7580]   API 1002 run
[752.9810]   API 1000 run
[752.9900]   API 1001 run
[753.0740]   API 1002 run
[753.3010]   API 1000 run
[753.3100]   API 1001 run
[753.3800]   API 1002 run
[753.6130]   API 1000 run
[753.6220]   API 1001 run
[753.6890]   API 1002 run
[753.9110]   API 1000 run
[753.9200]   API 1001 run
[753.9880]   API 1002 run
[754.2290]   API 1000 run
[754.2390]   API 1001 run
[754.3230]   API 1002 run
[754.5690]   API 1000 run
[754.5780]   API 1001 run
[754.6460]   API 1002 run
[754.8670]   API 1000 run
[754.8770]   API 1001 run
[754.9440]   API 1002 run
[755.1880]   API 1000 run
[755.1970]   API 1001 run
[755.2670]   API 1002 run
[755.5380]   API 1000 run
[755.5470]   API 1001 run
[755.6140]   API 1002 run
[755.8470]   API 1000 run
[755.8560]   API 1001 run
[755.9260]   API 1002 run
[756.1680]   API 1000 run
[756.1770]   API 1001 run
[756.2450]   API 1002 run
[756.4670]   API 1000 run
[756.4760]   API 1001 run
[756.5790]   API 1002 run
[756.8060]   API 1000 run
[756.8160]   API 1001 run
[756.9170]   API 1002 run
[757.1580]   API 1000 run
[757.1670]   API 1001 run
[757.2350]   API 1002 run
[757.4580]   API 1000 run
[757.4680]   API 1001 run
[757.5350]   API 1002 run
[757.7570]   API 1000 run
[757.7660]   API 1001 run
[757.8340]   API 1002 run
[758.0710]   API 1000 run
[758.0800]   API 1001 run
[758.1490]   API 1002 run
[758.3730]   API 1000 run
[758.3830]   API 1001 run
[758.5040]   API 1002 run
[758.7260]   API 1000 run
[758.7350]   API 1001 run
[758.8380]   API 1002 run
[759.0750]   API 1000 run
[759.0850]   API 1001 run
[759.1540]   API 1002 run
[759.3770]   API 1000 run
[759.3860]   API 1001 run
[759.4550]   API 1002 run
[759.6750]   API 1000 run
[759.6850]   API 1001 run
[759.7650]   API 1002 run
[759.9940]   API 1000 run
[760.0030]   API 1001 run
[760.1160]   API 1002 run
[760.3510]   API 1000 run
[760.3600]   API 1001 run
[760.4260]   API 1002 run
[760.6720]   API 1000 run
[760.6820]   API 1001 run
[760.7500]   API 1002 run
[760.9700]   API 1000 run
[760.9790]   API 1001 run
[761.0610]   API 1002 run
[761.2850]   API 1000 run
[761.2940]   API 1001 run
[761.3980]   API 1002 run
[761.6180]   API 1000 run
[761.6270]   API 1001 run
[761.7340]   API 1002 run
[761.9610]   API 1000 run
[761.9710]   API 1001 run
[762.0530]   API 1002 run
[762.2820]   API 1000 run
[762.2910]   API 1001 run
[762.3930]   API 1002 run
[762.6140]   API 1000 run
[762.6240]   API 1001 run
[762.7290]   API 1002 run
[763.1320]   API 1000 run
[763.1410]   API 1001 run
[763.2380]   API 1002 run
[763.6310]   API 1000 run
[763.6410]   API 1001 run
[763.7540]   API 1002 run
[763.9880]   API 1000 run
[763.9970]   API 1001 run
[764.0820]   API 1002 run
[764.3090]   API 1000 run
[764.3180]   API 1001 run
[764.4140]   API 1002 run
[764.7990]   API 1000 run
[764.8080]   API 1001 run
[764.9030]   API 1002 run
[765.3290]   API 1000 run
[765.3380]   API 1001 run
[765.4070]   API 1002 run
[765.6280]   API 1000 run
[765.6370]   API 1001 run
[765.7040]   API 1002 run
[765.9330]   API 1000 run
[765.9420]   API 1001 run
[766.0580]   API 1002 run
[766.2850]   API 1000 run
[766.2940]   API 1001 run
[766.3620]   API 1002 run
[766.5860]   API 1000 run
[766.5960]   API 1001 run
[766.6950]   API 1002 run
[766.9170]   API 1000 run
[766.9270]   API 1001 run
[766.9950]   API 1002 run
[767.2340]   API 1000 run
[767.2440]   API 1001 run
[767.3390]   API 1002 run
[767.7470]   API 1000 run
[767.7560]   API 1001 run
[767.8370]   API 1002 run
[768.0820]   API 1000 run
[768.0910]   API 1001 run
[768.1610]   API 1002 run
[768.3860]   API 1000 run
[768.3960]   API 1001 run
[768.4640]   API 1002 run
[768.6850]   API 1000 run
[768.6940]   API 1001 run
[768.7620]   API 1002 run
[768.9830]   API 1000 run
[768.9930]   API 1001 run
[769.0740]   API 1002 run
[769.3030]   API 1000 run
[769.3130]   API 1001 run
[769.4120]   API 1002 run
[769.6370]   API 1000 run
[769.6470]   API 1001 run
[769.7160]   API 1002 run
[769.9380]   API 1000 run
[769.9470]   API 1001 run
[770.0280]   API 1002 run
[770.2570]   API 1000 run
[770.2660]   API 1001 run
[770.3330]   API 1002 run
[770.5540]   API 1000 run
[770.5640]   API 1001 run
[770.6330]   API 1002 run
[770.8540]   API 1000 run
[770.8630]   API 1001 run
[770.9290]   API 1002 run
[771.1760]   API 1000 run
[771.1850]   API 1001 run
[771.2550]   API 1002 run
[771.4790]   API 1000 run
[771.4890]   API 1001 run
[771.5570]   API 1002 run
[771.7930]   API 1000 run
[771.8030]   API 1001 run
[771.8730]   API 1002 run
[772.1140]   API 1000 run
[772.1230]   API 1001 run
[772.1930]   API 1002 run
[772.4190]   API 1000 run
[772.4280]   API 1001 run
[772.4980]   API 1002 run
[772.7270]   API 1000 run
[772.7360]   API 1001 run
[772.8040]   API 1002 run
[773.0440]   API 1000 run
[773.0530]   API 1001 run
[773.1220]   API 1002 run
[773.3480]   API 1000 run
[773.3570]   API 1001 run
[773.4670]   API 1002 run
[773.6890]   API 1000 run
[773.6990]   API 1001 run
[773.8030]   API 1002 run
[774.0420]   API 1000 run
[774.0510]   API 1001 run
[774.1360]   API 1002 run
[774.3640]   API 1000 run
[774.3740]   API 1001 run
[774.4430]   API 1002 run
[774.6680]   API 1000 run
[774.6770]   API 1001 run
[774.7440]   API 1002 run
[774.9800]   API 1000 run
[774.9890]   API 1001 run
[775.0740]   API 1002 run
[775.3500]   API 1000 run
[775.3600]   API 1001 run
[775.4270]   API 1002 run
[775.6490]   API 1000 run
[775.6580]   API 1001 run
[775.7420]   API 1002 run
[775.9770]   API 1000 run
[775.9870]   API 1001 run
[776.0740]   API 1002 run
[776.3020]   API 1000 run
[776.3110]   API 1001 run
[776.3800]   API 1002 run
[776.6040]   API 1000 run
[776.6130]   API 1001 run
[776.6810]   API 1002 run
[776.9020]   API 1000 run
[776.9110]   API 1001 run
[776.9790]   API 1002 run
[777.2200]   API 1000 run
[777.2290]   API 1001 run
[777.2970]   API 1002 run
[777.5250]   API 1000 run
[777.5340]   API 1001 run
[777.6420]   API 1002 run
[777.8650]   API 1000 run
[777.8740]   API 1001 run
[777.9690]   API 1002 run
[778.3960]   API 1000 run
[778.4060]   API 1001 run
[778.5070]   API 1002 run
[778.7310]   API 1000 run
[778.7400]   API 1001 run
[778.8070]   API 1002 run
[779.0440]   API 1000 run
[779.0540]   API 1001 run
[779.1220]   API 1002 run
[779.3480]   API 1000 run
[779.3580]   API 1001 run
[779.4640]   API 1002 run
[779.6870]   API 1000 run
[779.6960]   API 1001 run
[779.8120]   API 1002 run
[780.0560]   API 1000 run
[780.0660]   API 1001 run
[780.1690]   API 1002 run
[780.3990]   API 1000 run
[780.4090]   API 1001 run
[780.5020]   API 1002 run
[780.7270]   API 1000 run
[780.7360]   API 1001 run
[780.8300]   API 1002 run
[781.2590]   API 1000 run
[781.2680]   API 1001 run
[781.3410]   API 1002 run
[781.5710]   API 1000 run
[781.5800]   API 1001 run
[781.6470]   API 1002 run
[781.8690]   API 1000 run
[781.8780]   API 1001 run
[781.9720]   API 1002 run
[782.3940]   API 1000 run
[782.4030]   API 1001 run
[782.4730]   API 1002 run
[782.6970]   API 1000 run
[782.7070]   API 1001 run
[782.7750]   API 1002 run
[782.9980]   API 1000 run
[783.0230]   API 1001 run
[783.0910]   API 1002 run
[783.3250]   API 1000 run
[783.3340]   API 1001 run
[783.4020]   API 1002 run
[783.6240]   API 1000 run
[783.6330]   API 1001 run
[783.7500]   API 1002 run
[783.9800]   API 1000 run
[783.9900]   API 1001 run
[784.1050]   API 1002 run
[784.3350]   API 1000 run
[784.3440]   API 1001 run
[784.4120]   API 1002 run
[784.6350]   API 1000 run
[784.6440]   API 1001 run
[784.7120]   API 1002 run
[784.9490]   API 1000 run
[784.9580]   API 1001 run
[785.0410]   API 1002 run
[785.2690]   API 1000 run
[785.2790]   API 1001 run
[785.3480]   API 1002 run
[785.5690]   API 1000 run
[785.5790]   API 1001 run
[785.6470]   API 1002 run
[785.8690]   API 1000 run
[785.8780]   API 1001 run
[785.9450]   API 1002 run
[786.1870]   API 1000 run
[786.1960]   API 1001 run
[786.2650]   API 1002 run
[786.4950]   API 1000 run
[786.5040]   API 1001 run
[786.5710]   API 1002 run
[786.7920]   API 1000 run
[786.8020]   API 1001 run
[786.9010]   API 1002 run
[787.1420]   API 1000 run
[787.1510]   API 1001 run
[787.2460]   API 1002 run
[787.6350]   API 1000 run
[787.6450]   API 1001 run
[787.7540]   API 1002 run
[787.9810]   API 1000 run
[787.9900]   API 1001 run
[788.1030]   API 1002 run
[788.3360]   API 1000 run
[788.3450]   API 1001 run
[788.4460]   API 1002 run
[788.6750]   API 1000 run
[788.6840]   API 1001 run
[788.7790]   API 1002 run
[789.2050]   API 1000 run
[789.2140]   API 1001 run
[789.3160]   API 1002 run
[789.5500]   API 1000 run
[789.5590]   API 1001 run
[789.6600]   API 1002 run
[789.8810]   API 1000 run
[789.8900]   API 1001 run
[789.9880]   API 1002 run
[790.2330]   API 1000 run
[790.2430]   API 1001 run
[790.3420]   API 1002 run
[790.7320]   API 1000 run
[790.7410]   API 1001 run
[790.8420]   API 1002 run
[791.0830]   API 1000 run
[791.0920]   API 1001 run
[791.1910]   API 1002 run
[791.5790]   API 1000 run
[791.5880]   API 1001 run
[791.6910]   API 1002 run
[791.9250]   API 1000 run
[791.9340]   API 1001 run
[792.0450]   API 1002 run
[792.4420]   API 1000 run
[792.4520]   API 1001 run
[792.5530]   API 1002 run
[792.7820]   API 1000 run
[792.7920]   API 1001 run
[792.8860]   API 1002 run
[793.3130]   API 1000 run
[793.3230]   API 1001 run
[793.4090]   API 1002 run
[793.6290]   API 1000 run
[793.6380]   API 1001 run
[793.7060]   API 1002 run
[793.9290]   API 1000 run
[793.9380]   API 1001 run
[794.0210]   API 1002 run
[794.2490]   API 1000 run
[794.2590]   API 1001 run
[794.3270]   API 1002 run
[794.5660]   API 1000 run
[794.5760]   API 1001 run
[794.6460]   API 1002 run
[794.8690]   API 1000 run
[794.8780]   API 1001 run
[794.9720]   API 1002 run
[795.3970]   API 1000 run
[795.4070]   API 1001 run
[795.4840]   API 1002 run
[795.7060]   API 1000 run
[795.7150]   API 1001 run
[795.7930]   API 1002 run
[796.0350]   API 1000 run
[796.0440]   API 1001 run
[796.1150]   API 1002 run
[796.3460]   API 1000 run
[796.3550]   API 1001 run
[796.4240]   API 1002 run
[796.6460]   API 1000 run
[796.6560]   API 1001 run
[796.7230]   API 1002 run
[796.9470]   API 1000 run
[796.9560]   API 1001 run
[797.0380]   API 1002 run
[797.2660]   API 1000 run
[797.2750]   API 1001 run
[797.3430]   API 1002 run
[797.5670]   API 1000 run
[797.5760]   API 1001 run
[797.6460]   API 1002 run
[797.8780]   API 1000 run
[797.8870]   API 1001 run
[797.9560]   API 1002 run
[798.1970]   API 1000 run
[798.2070]   API 1001 run
[798.2770]   API 1002 run
[798.5000]   API 1000 run
[798.5090]   API 1001 run
[798.5840]   API 1002 run
[798.8200]   API 1000 run
[798.8290]   API 1001 run
[798.9230]   API 1002 run
[799.3540]   API 1000 run
[799.3640]   API 1001 run
[799.4660]   API 1002 run
[799.6960]   API 1000 run
[799.7050]   API 1001 run
[799.8210]   API 1002 run
[800.2480]   API 1000 run
[800.2580]   API 1001 run
[800.3560]   API 1002 run
[800.7440]   API 1000 run
[800.7540]   API 1001 run
[800.8480]   API 1002 run
[801.2730]   API 1000 run
[801.2830]   API 1001 run
[801.3850]   API 1002 run
[801.6090]   API 1000 run
[801.6190]   API 1001 run
[801.7210]   API 1002 run
[801.9530]   API 1000 run
[801.9680]   API 1001 run
[802.0820]   API 1002 run
[802.3100]   API 1000 run
[802.3200]   API 1001 run
[802.3870]   API 1002 run
[802.6100]   API 1000 run
[802.6190]   API 1001 run
[802.6990]   API 1002 run
[802.9200]   API 1000 run
[802.9290]   API 1001 run
[803.0370]   API 1002 run
[803.4380]   API 1000 run
[803.4470]   API 1001 run
[803.5480]   API 1002 run
[803.7820]   API 1000 run
[803.7910]   API 1001 run
[803.8700]   API 1002 run
[804.1190]   API 1000 run
[804.1280]   API 1001 run
[804.2280]   API 1002 run
[804.6240]   API 1000 run
[804.6340]   API 1001 run
[804.7350]   API 1002 run
[804.9570]   API 1000 run
[804.9670]   API 1001 run
[805.0520]   API 1002 run
[805.2810]   API 1000 run
[805.2900]   API 1001 run
[805.3580]   API 1002 run
[805.5790]   API 1000 run
[805.5890]   API 1001 run
[805.6900]   API 1002 run
[805.9190]   API 1000 run
[805.9290]   API 1001 run
[806.0450]   API 1002 run
[806.2740]   API 1000 run
[806.2830]   API 1001 run
[806.3500]   API 1002 run
[806.5720]   API 1000 run
[806.5810]   API 1001 run
[806.6850]   API 1002 run
[806.9080]   API 1000 run
[806.9180]   API 1001 run
[807.0360]   API 1002 run
[807.2630]   API 1000 run
[807.2720]   API 1001 run
[807.3390]   API 1002 run
[807.5710]   API 1000 run
[807.5800]   API 1001 run
[807.6470]   API 1002 run
[807.8830]   API 1000 run
[807.8930]   API 1001 run
[807.9610]   API 1002 run
[808.2140]   API 1000 run
[808.2230]   API 1001 run
[808.2920]   API 1002 run
[808.5130]   API 1000 run
[808.5230]   API 1001 run
[808.6240]   API 1002 run
[808.8460]   API 1000 run
[808.8550]   API 1001 run
[808.9570]   API 1002 run
[809.2070]   API 1000 run
[809.2160]   API 1001 run
[809.2860]   API 1002 run
[809.5080]   API 1000 run
[809.5170]   API 1001 run
[809.6180]   API 1002 run
[809.8420]   API 1000 run
[809.8510]   API 1001 run
[809.9530]   API 1002 run
[810.1930]   API 1000 run
[810.2030]   API 1001 run
[810.2990]   API 1002 run
[810.6850]   API 1000 run
[810.6950]   API 1001 run
[810.7880]   API 1002 run
[811.2220]   API 1000 run
[811.2310]   API 1001 run
[811.3260]   API 1002 run
[811.7160]   API 1000 run
[811.7340]   API 1001 run
[811.8270]   API 1002 run
[812.0690]   API 1000 run
[812.0790]   API 1001 run
[812.1480]   API 1002 run
[812.3720]   API 1000 run
[812.3820]   API 1001 run
[812.4500]   API 1002 run
[812.6720]   API 1000 run
[812.6810]   API 1001 run
[812.7480]   API 1002 run
[813.2670]   API 1000 run
[813.2840]   API 1001 run
[813.3520]   API 1002 run
[813.5950]   API 1000 run
[813.6050]   API 1001 run
[813.6690]   API 1002 run
[813.8860]   API 1000 run
[813.8950]   API 1001 run
[813.9560]   API 1002 run
[814.1970]   API 1000 run
[814.2060]   API 1001 run
[814.2760]   API 1002 run
[814.4990]   API 1000 run
[814.5090]   API 1001 run
[814.6150]   API 1002 run
[814.8380]   API 1000 run
[814.8470]   API 1001 run
[814.9530]   API 1002 run
[815.2060]   API 1000 run
[815.2150]   API 1001 run
[815.2840]   API 1002 run
[815.5120]   API 1000 run
[815.5210]   API 1001 run
[815.6240]   API 1002 run
[815.8580]   API 1000 run
[815.8670]   API 1001 run
[815.9700]   API 1002 run
[816.2160]   API 1000 run
[816.2260]   API 1001 run
[816.3210]   API 1002 run
[816.7120]   API 1000 run
[816.7210]   API 1001 run
[816.8220]   API 1002 run
[817.0690]   API 1000 run
[817.0780]   API 1001 run
[817.1480]   API 1002 run
[817.3720]   API 1000 run
[817.3810]   API 1001 run
[817.4510]   API 1002 run
[817.6890]   API 1000 run
[817.6980]   API 1001 run
[817.7680]   API 1002 run
[817.9920]   API 1000 run
[818.0160]   API 1001 run
[818.1270]   API 1002 run
[818.3560]   API 1000 run
[818.3650]   API 1001 run
[818.4330]   API 1002 run
[818.6630]   API 1000 run
[818.6720]   API 1001 run
[818.7750]   API 1002 run
[818.9980]   API 1000 run
[819.0200]   API 1001 run
[819.1140]   API 1002 run
[819.3420]   API 1000 run
[819.3520]   API 1001 run
[819.4190]   API 1002 run
[819.6400]   API 1000 run
[819.6500]   API 1001 run
[819.7620]   API 1002 run
[819.9910]   API 1000 run
[820.0000]   API 1001 run
[820.1130]   API 1002 run
[820.3490]   API 1000 run
[820.3580]   API 1001 run
[820.4250]   API 1002 run
[820.6470]   API 1000 run
[820.6560]   API 1001 run
[820.7250]   API 1002 run
[820.9470]   API 1000 run
[820.9560]   API 1001 run
[821.0380]   API 1002 run
[821.2670]   API 1000 run
[821.2760]   API 1001 run
[821.3880]   API 1002 run
[821.6130]   API 1000 run
[821.6220]   API 1001 run
[821.7240]   API 1002 run
[821.9600]   API 1000 run
[821.9690]   API 1001 run
[822.1100]   API 1002 run
[822.5050]   API 1000 run
[822.5140]   API 1001 run
[822.6160]   API 1002 run
[822.8390]   API 1000 run
[822.8480]   API 1001 run
[822.9500]   API 1002 run
[823.1900]   API 1000 run
[823.2000]   API 1001 run
[823.2700]   API 1002 run
[823.4940]   API 1000 run
[823.5030]   API 1001 run
[823.6060]   API 1002 run
[823.8390]   API 1000 run
[823.8540]   API 1001 run
[823.9250]   API 1002 run
[824.1630]   API 1000 run
[824.1750]   API 1001 run
[824.2740]   API 1002 run
[824.6650]   API 1000 run
[824.6740]   API 1001 run
[824.7820]   API 1002 run
[825.0190]   API 1000 run
[825.0280]   API 1001 run
[825.0960]   API 1002 run
[825.3210]   API 1000 run
[825.3310]   API 1001 run
[825.4330]   API 1002 run
[825.6550]   API 1000 run
[825.6640]   API 1001 run
[825.7660]   API 1002 run
[825.9950]   API 1000 run
[826.0040]   API 1001 run
[826.1090]   API 1002 run
[826.3370]   API 1000 run
[826.3460]   API 1001 run
[826.4140]   API 1002 run
[826.6440]   API 1000 run
[826.6530]   API 1001 run
[826.7580]   API 1002 run
[826.9830]   API 1000 run
[826.9920]   API 1001 run
[827.1170]   API 1002 run
[827.5090]   API 1000 run
[827.5190]   API 1001 run
[827.6200]   API 1002 run
[827.8730]   API 1000 run
[827.8830]   API 1001 run
[827.9620]   API 1002 run
[828.2050]   API 1000 run
[828.2150]   API 1001 run
[828.2830]   API 1002 run
[828.5070]   API 1000 run
[828.5160]   API 1001 run
[828.5830]   API 1002 run
[828.8040]   API 1000 run
[828.8130]   API 1001 run
[828.8810]   API 1002 run
[829.1230]   API 1000 run
[829.1330]   API 1001 run
[829.2030]   API 1002 run
[829.4830]   API 1000 run
[829.4930]   API 1001 run
[829.5620]   API 1002 run
[829.7830]   API 1000 run
[829.7930]   API 1001 run
[829.8710]   API 1002 run
[830.1280]   API 1000 run
[830.1370]   API 1001 run
[830.2060]   API 1002 run
[830.4290]   API 1000 run
[830.4380]   API 1001 run
[830.5050]   API 1002 run
[830.7270]   API 1000 run
[830.7360]   API 1001 run
[830.8040]   API 1002 run
[831.0560]   API 1000 run
[831.0650]   API 1001 run
[831.1380]   API 1002 run
[831.3630]   API 1000 run
[831.3730]   API 1001 run
[831.4440]   API 1002 run
[831.6670]   API 1000 run
[831.6760]   API 1001 run
[831.7530]   API 1002 run
[831.9810]   API 1000 run
[831.9900]   API 1001 run
[832.0750]   API 1002 run
[832.3030]   API 1000 run
[832.3120]   API 1001 run
[832.3800]   API 1002 run
[832.6090]   API 1000 run
[832.6190]   API 1001 run
[832.7210]   API 1002 run
[832.9440]   API 1000 run
[832.9530]   API 1001 run
[833.0680]   API 1002 run
[833.2960]   API 1000 run
[833.3050]   API 1001 run
[833.3740]   API 1002 run
[833.5980]   API 1000 run
[833.6080]   API 1001 run
[833.7080]   API 1002 run
[833.9300]   API 1000 run
[833.9390]   API 1001 run
[834.0210]   API 1002 run
[834.2500]   API 1000 run
[834.2640]   API 1001 run
[834.3600]   API 1002 run
[834.7500]   API 1000 run
[834.7590]   API 1001 run
[834.8650]   API 1002 run
[835.1040]   API 1000 run
[835.1130]   API 1001 run
[835.2100]   API 1002 run
[835.6120]   API 1000 run
[835.6210]   API 1001 run
[835.7280]   API 1002 run
[835.9540]   API 1000 run
[835.9630]   API 1001 run
[836.0920]   API 1002 run
[836.4860]   API 1000 run
[836.4950]   API 1001 run
[836.5900]   API 1002 run
[836.9850]   API 1000 run
[836.9940]   API 1001 run
[837.1090]   API 1002 run
[837.3340]   API 1000 run
[837.3430]   API 1001 run
[837.4100]   API 1002 run
[837.6310]   API 1000 run
[837.6400]   API 1001 run
[837.7330]   API 1002 run
[838.1450]   API 1000 run
[838.1540]   API 1001 run
[838.2500]   API 1002 run
[838.6410]   API 1000 run
[838.6510]   API 1001 run
[838.7530]   API 1002 run
[838.9830]   API 1000 run
[838.9920]   API 1001 run
[839.1040]   API 1002 run
[839.3310]   API 1000 run
[839.3400]   API 1001 run
[839.4090]   API 1002 run
[839.6320]   API 1000 run
[839.6410]   API 1001 run
[839.7090]   API 1002 run
[839.9420]   API 1000 run
[839.9520]   API 1001 run
[840.0360]   API 1002 run
[840.2650]   API 1000 run
[840.2750]   API 1001 run
[840.3500]   API 1002 run
[840.5790]   API 1000 run
[840.5880]   API 1001 run
[840.6820]   API 1002 run
[841.0890]   API 1000 run
[841.0980]   API 1001 run
[841.1940]   API 1002 run
[841.5860]   API 1000 run
[841.5950]   API 1001 run
[841.7020]   API 1002 run
[841.9250]   API 1000 run
[841.9340]   API 1001 run
[842.0150]   API 1002 run
[842.2400]   API 1000 run
[842.2490]   API 1001 run
[842.3430]   API 1002 run
[842.7360]   API 1000 run
[842.7450]   API 1001 run
[842.8460]   API 1002 run
[843.0820]   API 1000 run
[843.0920]   API 1001 run
[843.1940]   API 1002 run
[843.4170]   API 1000 run
[843.4270]   API 1001 run
[843.5280]   API 1002 run
[843.7600]   API 1000 run
[843.7700]   API 1001 run
[843.8780]   API 1002 run
[844.1230]   API 1000 run
[844.1330]   API 1001 run
[844.2030]   API 1002 run
[844.4350]   API 1000 run
[844.4440]   API 1001 run
[844.5100]   API 1002 run
[844.7340]   API 1000 run
[844.7430]   API 1001 run
[844.8120]   API 1002 run
[845.0640]   API 1000 run
[845.0730]   API 1001 run
[845.1440]   API 1002 run
[845.3710]   API 1000 run
[845.3800]   API 1001 run
[845.4470]   API 1002 run
[845.6700]   API 1000 run
[845.6790]   API 1001 run
[845.7810]   API 1002 run
[846.0050]   API 1000 run
[846.0210]   API 1001 run
[846.1170]   API 1002 run
[846.3450]   API 1000 run
[846.3550]   API 1001 run
[846.4220]   API 1002 run
[846.6460]   API 1000 run
[846.6550]   API 1001 run
[846.7500]   API 1002 run
[847.1740]   API 1000 run
[847.1830]   API 1001 run
[847.2790]   API 1002 run
[847.6710]   API 1000 run
[847.6810]   API 1001 run
[847.8030]   API 1002 run
[848.2350]   API 1000 run
[848.2450]   API 1001 run
[848.3380]   API 1002 run
[848.7340]   API 1000 run
[848.7440]   API 1001 run
[848.8480]   API 1002 run
[849.0870]   API 1000 run
[849.0960]   API 1001 run
[849.1970]   API 1002 run
[849.4220]   API 1000 run
[849.4310]   API 1001 run
[849.5010]   API 1002 run
[849.7250]   API 1000 run
[849.7350]   API 1001 run
[849.8370]   API 1002 run
[850.0840]   API 1000 run
[850.0930]   API 1001 run
[850.1970]   API 1002 run
[850.4260]   API 1000 run
[850.4360]   API 1001 run
[850.5080]   API 1002 run
[850.7290]   API 1000 run
[850.7390]   API 1001 run
[850.8330]   API 1002 run
[851.2630]   API 1000 run
[851.2730]   API 1001 run
[851.3750]   API 1002 run
[851.6000]   API 1000 run
[851.6090]   API 1001 run
[851.7040]   API 1002 run
[852.1360]   API 1000 run
[852.1460]   API 1001 run
[852.2450]   API 1002 run
[852.6460]   API 1000 run
[852.6560]   API 1001 run
[852.7570]   API 1002 run
[852.9780]   API 1000 run
[852.9890]   API 1001 run
[853.2930]   API 1002 run
[853.5330]   API 1000 run
[853.5430]   API 1001 run
[853.6100]   API 1002 run
[853.8330]   API 1000 run
[853.8430]   API 1001 run
[853.9440]   API 1002 run
[854.1880]   API 1000 run
[854.1970]   API 1001 run
[854.2650]   API 1002 run
[854.4950]   API 1000 run
[854.5050]   API 1001 run
[854.5760]   API 1002 run
[854.8010]   API 1000 run
[854.8100]   API 1001 run
[854.8760]   API 1002 run
[855.1200]   API 1000 run
[855.1300]   API 1001 run
[855.2010]   API 1002 run
[855.4260]   API 1000 run
[855.4350]   API 1001 run
[855.5030]   API 1002 run
[855.7360]   API 1000 run
[855.7450]   API 1001 run
[855.8180]   API 1002 run
[856.0710]   API 1000 run
[856.0800]   API 1001 run
[856.1490]   API 1002 run
[856.3750]   API 1000 run
[856.3840]   API 1001 run
[856.4520]   API 1002 run
[856.6760]   API 1000 run
[856.6850]   API 1001 run
[856.7530]   API 1002 run
[856.9770]   API 1000 run
[856.9860]   API 1001 run
[857.0680]   API 1002 run
[857.2970]   API 1000 run
[857.3060]   API 1001 run
[857.3730]   API 1002 run
[857.6120]   API 1000 run
[857.6220]   API 1001 run
[857.7160]   API 1002 run
[857.9780]   API 1000 run
[857.9880]   API 1001 run
[858.1190]   API 1002 run
[944.4470]   API 1000 run
[944.5140]   API 1001 run
[944.7340]   API 1002 run
[1104.8540]   API 1000 run
[1104.8669]   API 1001 run
[1104.9561]   API 1002 run
[1106.0341]   API 7 run
[1106.5140]   API 1000 run
[1106.5310]   API 1001 run
[1106.6260]   API 1002 run
[1111.4340]   API 1000 run
[1111.4440]   API 1001 run
[1111.5200]   API 1002 run
[1111.7200]   API 1000 run
[1111.7380]   API 1001 run
[1111.8090]   API 1002 run
[1113.9070]   API 1000 run
[1113.9189]   API 1001 run
[1114.0710]   API 1002 run
[1172.1240]   API 1000 run
[1172.1340]   API 1001 run
[1172.2130]   API 1002 run
[1172.5710]   API 1000 run
[1172.5811]   API 1001 run
[1172.6550]   API 1002 run
[1173.1121]   API 7 run
[1173.7190]   API 1000 run
[1173.7310]   API 1001 run
[1173.8120]   API 1002 run
[1177.4480]   API 1000 run
[1177.4580]   API 1001 run
[1177.5370]   API 1002 run
[1183.2050]   API 1000 run
[1183.2159]   API 1001 run
[1183.3101]   API 1002 run
[1191.4230]   API 1000 run
[1191.4420]   API 1001 run
[1191.5210]   API 1002 run
[1196.6580]   API 1000 run
[1196.6780]   API 1001 run
[1196.7920]   API 1002 run
[2568.5720]   API 1000 run
[2568.5850]   API 1001 run
[2568.6809]   API 1002 run
[2572.1250]   API 3 run
[2572.3159]   API 1000 run
[2572.3291]   API 1001 run
[2572.4150]   API 1002 run
[2572.5601]   API 7 run
[2573.4351]   API 22 run
[2573.6050]   API 1000 run
[2573.6189]   API 1001 run
[2741.4041]   PRESENT START 1
[2744.7729]   SOCKET END 0
[2744.7729]   API 1002 run
[2744.7739]   CYCLE End 1
[2744.7920]   API 3 run
[2744.8430]   API 1000 run
[2744.8540]   API 1001 run
[2744.9441]   API 1002 run
[2745.0330]   API 7 run
[2746.2090]   API 3000 run
[2746.2141]   API 22 run
[2746.2720]   API 1000 run
[2746.2830]   API 1001 run
[2749.4990]   PRESENT END 2
[2911.6221]   PRESENT START 1
[2914.0850]   SOCKET END 0
[2914.0850]   API 1002 run
[2914.0859]   CYCLE End 1
[2914.1060]   API 3 run
[2914.1731]   API 1000 run
[2914.1851]   API 1001 run
[2914.2729]   API 1002 run
[2914.3530]   API 7 run
[2914.9380]   API 22 run
[2914.9839]   API 1000 run
[2914.9971]   API 1001 run
[2916.0249]   API 3000 run
[2917.3291]   PRESENT END 2
[3081.7729]   PRESENT START 1
[3084.2161]   SOCKET END 0
[3084.2161]   API 1002 run
[3084.2170]   CYCLE End 1
[3084.2390]   API 3 run
[3084.3040]   API 1000 run
[3084.3159]   API 1001 run
[3084.4031]   API 1002 run
[3084.4819]   API 7 run
[3085.0801]   API 22 run
[3085.1160]   API 1000 run
[3085.1279]   API 1001 run
[3086.1509]   API 3000 run
[3087.5430]   PRESENT END 2
[3251.0969]   PRESENT START 1
[3253.7439]   SOCKET END 0
[3253.7439]   API 1002 run
[3253.7451]   CYCLE End 1
[3253.7661]   API 3 run
[3253.8479]   API 1000 run
[3253.8601]   API 1001 run
[3253.9590]   API 1002 run
[3254.0381]   API 7 run
[3254.7141]   API 22 run
[3254.7480]   API 1000 run
[3254.7600]   API 1001 run
[3255.4939]   API 3000 run
[3257.2180]   PRESENT END 2
[3422.2141]   PRESENT START 1
[3424.6750]   SOCKET END 0
[3424.6760]   API 1002 run
[3424.6770]   CYCLE End 1
[3424.6970]   API 3 run
[3424.7629]   API 1000 run
[3424.7749]   API 1001 run
[3424.8569]   API 1002 run
[3424.9580]   API 7 run
[3425.6130]   API 22 run
[3425.6479]   API 1000 run
[3425.6609]   API 1001 run
[3426.4900]   API 3000 run
[3428.2400]   PRESENT END 2
[3592.6650]   PRESENT START 1
[3595.2280]   SOCKET END 0
[3595.2280]   API 1002 run
[3595.2290]   CYCLE End 1
[3595.2490]   API 3 run
[3595.3149]   API 1000 run
[3595.3279]   API 1001 run
[3595.4131]   API 1002 run
[3595.5039]   API 7 run
[3596.1980]   API 22 run
[3596.2461]   API 1000 run
[3596.2590]   API 1001 run
[3596.9570]   API 3000 run
[3598.2771]   PRESENT END 2
[3764.2180]   PRESENT START 1
[3767.7451]   SOCKET END 0
[3767.7451]   API 1002 run
[3767.7451]   CYCLE End 1
[3767.7610]   API 3 run
[3767.8169]   API 1000 run
[3767.8279]   API 1001 run
[3767.9241]   API 1002 run
[3768.0061]   API 7 run
[3768.3550]   API 22 run
[3768.3850]   API 1000 run
[3768.3970]   API 1001 run
[3768.5591]   API 3000 run
[3769.7981]   PRESENT END 2
[3935.5190]   PRESENT START 1
[3937.9409]   SOCKET END 0
[3937.9409]   API 1002 run
[3937.9419]   CYCLE End 1
[3937.9570]   API 3 run
[3938.0120]   API 1000 run
[3938.0220]   API 1001 run
[3938.1030]   API 1002 run
[3938.1799]   API 7 run
[3938.7830]   API 22 run
[3938.8130]   API 1000 run
[3938.8250]   API 1001 run
[3939.8359]   API 3000 run
[3941.3040]   PRESENT END 2
[4107.1050]   PRESENT START 1
[4109.8130]   SOCKET END 0
[4109.8130]   API 1002 run
[4109.8140]   CYCLE End 1
[4109.8369]   API 3 run
[4109.9551]   API 1000 run
[4109.9692]   API 1001 run
[4110.0581]   API 1002 run
[4110.1450]   API 7 run
[4110.7349]   API 22 run
[4110.7700]   API 1000 run
[4110.7832]   API 1001 run
[4111.3960]   API 3000 run
[4112.5508]   PRESENT END 2
[4278.8408]   PRESENT START 1
[4281.3491]   SOCKET END 0
[4281.3501]   API 1002 run
[4281.3511]   CYCLE End 1
[4281.3740]   API 3 run
[4281.4790]   API 1000 run
[4281.4932]   API 1001 run
[4281.5791]   API 1002 run
[4281.6548]   API 7 run
[4282.2979]   API 22 run
[4282.3428]   API 1000 run
[4282.3560]   API 1001 run
[4283.1909]   API 3000 run
[4284.3408]   PRESENT END 2
[4448.5020]   PRESENT START 1
[4450.9902]   SOCKET END 0
[4450.9902]   API 1002 run
[4450.9912]   CYCLE End 1
[4451.0098]   API 3 run
[4451.0718]   API 1000 run
[4451.0830]   API 1001 run
[4451.1621]   API 1002 run
[4451.2378]   API 7 run
[4451.9839]   API 22 run
[4452.0210]   API 1000 run
[4452.0342]   API 1001 run
[4452.7510]   API 3000 run
[4454.2681]   PRESENT END 2
[4618.1631]   PRESENT START 1
[4621.5610]   SOCKET END 0
[4621.5610]   API 1002 run
[4621.5620]   CYCLE End 1
[4621.5811]   API 3 run
[4621.6538]   API 1000 run
[4621.6650]   API 1001 run
[4621.7441]   API 1002 run
[4621.8198]   API 7 run
[4622.2891]   API 3000 run
[4622.8730]   API 22 run
[4622.9072]   API 1000 run
[4622.9209]   API 1001 run
[4623.8828]   PRESENT END 2
[4791.6172]   PRESENT START 1
[4794.9160]   SOCKET END 0
[4794.9160]   API 1002 run
[4794.9170]   CYCLE End 1
[4794.9399]   API 3 run
[4795.0229]   API 1000 run
[4795.0371]   API 1001 run
[4795.1182]   API 1002 run
[4795.2021]   API 7 run
[4795.7729]   API 3000 run
[4796.4072]   API 22 run
[4796.4409]   API 1000 run
[4796.4541]   API 1001 run
[4797.3828]   PRESENT END 2
[4964.2710]   PRESENT START 1
[4967.6011]   SOCKET END 0
[4967.6021]   API 1002 run
[4967.6021]   CYCLE End 1
[4967.6250]   API 3 run
[4967.7451]   API 1000 run
[4967.7642]   API 1001 run
[4967.8618]   API 1002 run
[4967.9399]   API 7 run
[4968.3521]   API 22 run
[4968.3872]   API 1000 run
[4968.4092]   API 1001 run
[4968.5518]   API 3000 run
[4970.7769]   PRESENT END 2
[5136.4839]   PRESENT START 1
[5139.8672]   SOCKET END 0
[5139.8672]   API 1002 run
[5139.8682]   CYCLE End 1
[5139.8901]   API 3 run
[5139.9712]   API 1000 run
[5139.9839]   API 1001 run
[5140.0640]   API 1002 run
[5140.1470]   API 7 run
[5140.7441]   API 3000 run
[5141.1768]   API 22 run
[5141.2100]   API 1000 run
[5141.2231]   API 1001 run
[5142.1230]   PRESENT END 2
[5309.0210]   PRESENT START 1
[5312.3462]   SOCKET END 0
[5312.3472]   API 1002 run
[5312.3472]   CYCLE End 1
[5312.3652]   API 3 run
[5312.4292]   API 1000 run
[5312.4399]   API 1001 run
[5312.5200]   API 1002 run
[5312.5981]   API 7 run
[5313.2642]   API 3000 run
[5313.7070]   API 22 run
[5313.7412]   API 1000 run
[5313.7539]   API 1001 run
[5314.6729]   PRESENT END 2
[5482.7192]   PRESENT START 1
[5486.8149]   SOCKET END 0
[5486.8149]   API 1002 run
[5486.8159]   CYCLE End 1
[5486.8379]   API 3 run
[5486.9199]   API 1000 run
[5486.9341]   API 1001 run
[5486.9648]   API 3000 run
[5487.0288]   API 1002 run
[5487.1162]   API 7 run
[5487.5322]   API 22 run
[5487.5659]   API 1000 run
[5487.5820]   API 1001 run
[5488.4932]   PRESENT END 2
[5655.2949]   PRESENT START 1
[5658.5869]   SOCKET END 0
[5658.5879]   API 1002 run
[5658.5889]   CYCLE End 1
[5658.6089]   API 3 run
[5658.6929]   API 1000 run
[5658.7061]   API 1001 run
[5658.7900]   API 1002 run
[5659.5430]   API 7 run
[5659.5850]   API 3000 run
[5660.1929]   API 22 run
[5660.2290]   API 1000 run
[5660.2422]   API 1001 run
[5661.2222]   PRESENT END 2
[5828.9751]   PRESENT START 1
[5832.3418]   SOCKET END 0
[5832.3428]   API 1002 run
[5832.3442]   CYCLE End 1
[5832.3682]   API 3 run
[5832.4790]   API 1000 run
[5832.4932]   API 1001 run
[5832.5820]   API 1002 run
[5832.6621]   API 7 run
[5833.2021]   API 3000 run
[5833.7480]   API 22 run
[5833.7832]   API 1000 run
[5833.8120]   API 1001 run
[5834.7778]   PRESENT END 2
[6002.0610]   PRESENT START 1
[6005.3120]   SOCKET END 0
[6005.3130]   API 1002 run
[6005.3140]   CYCLE End 1
[6005.3359]   API 3 run
[6005.4370]   API 1000 run
[6005.4512]   API 1001 run
[6005.5371]   API 1002 run
[6005.6172]   API 7 run
[6006.2490]   API 3000 run
[6006.7549]   API 22 run
[6006.8042]   API 1000 run
[6006.8179]   API 1001 run
[6007.7329]   PRESENT END 2
[6177.3501]   PRESENT START 1
[6180.5791]   SOCKET END 0
[6180.5791]   API 1002 run
[6180.5801]   CYCLE End 1
[6180.6021]   API 3 run
[6180.6919]   API 1000 run
[6180.7061]   API 1001 run
[6180.8062]   API 1002 run
[6180.8882]   API 7 run
[6181.6279]   API 3000 run
[6181.9292]   API 22 run
[6181.9648]   API 1000 run
[6181.9790]   API 1001 run
[6182.9282]   PRESENT END 2
[6350.4248]   PRESENT START 1
[6353.6948]   SOCKET END 0
[6353.6948]   API 1002 run
[6353.6958]   CYCLE End 1
[6353.7148]   API 3 run
[6353.7969]   API 1000 run
[6353.8091]   API 1001 run
[6353.8940]   API 1002 run
[6353.9712]   API 7 run
[6354.7412]   API 3000 run
[6355.1411]   API 22 run
[6355.1738]   API 1000 run
[6355.1870]   API 1001 run
[6356.2031]   PRESENT END 2
[6524.4839]   PRESENT START 1
[6528.7979]   API 3000 run
[6529.3540]   SOCKET END 0
[6529.3540]   API 1002 run
[6529.3560]   CYCLE End 1
[6529.3779]   API 3 run
[6529.4771]   API 1000 run
[6529.5020]   API 1001 run
[6529.5918]   API 1002 run
[6529.6792]   API 7 run
[6530.4668]   API 22 run
[6530.5039]   API 1000 run
[6530.5171]   API 1001 run
[6530.7681]   PRESENT END 2
[6698.1050]   PRESENT START 1
[6700.4390]   SOCKET END 0
[6700.4399]   API 1002 run
[6700.4409]   CYCLE End 1
[6700.4629]   API 3 run
[6700.5479]   API 1000 run
[6700.5620]   API 1001 run
[6700.6519]   API 1002 run
[6700.7388]   API 7 run
[6701.2871]   API 22 run
[6701.3232]   API 1000 run
[6701.3359]   API 1001 run
[6702.2559]   API 3000 run
[6703.9551]   PRESENT END 2
[6868.1270]   PRESENT START 1
[6870.4502]   SOCKET END 0
[6870.4512]   API 1002 run
[6870.4521]   CYCLE End 1
[6870.4712]   API 3 run
[6870.5352]   API 1000 run
[6870.5469]   API 1001 run
[6870.6338]   API 1002 run
[6870.7192]   API 7 run
[6871.2539]   API 22 run
[6871.2891]   API 1000 run
[6871.3008]   API 1001 run
[6872.0850]   API 3000 run
[6873.8940]   PRESENT END 2
[7041.2461]   PRESENT START 1
[7043.5161]   SOCKET END 0
[7043.5161]   API 1002 run
[7043.5161]   CYCLE End 1
[7043.5332]   API 3 run
[7043.5879]   API 1000 run
[7043.5991]   API 1001 run
[7043.6841]   API 1002 run
[7043.7988]   API 7 run
[7044.2710]   API 22 run
[7044.3052]   API 1000 run
[7044.3169]   API 1001 run
[7045.2788]   API 3000 run
[7046.9639]   PRESENT END 2
[7213.0430]   PRESENT START 1
[7215.2920]   SOCKET END 0
[7215.2920]   API 1002 run
[7215.2930]   CYCLE End 1
[7215.3120]   API 3 run
[7215.3730]   API 1000 run
[7215.3848]   API 1001 run
[7215.4712]   API 1002 run
[7215.5562]   API 7 run
[7216.0830]   API 22 run
[7216.1270]   API 1000 run
[7216.1392]   API 1001 run
[7216.9971]   API 3000 run
[7218.7778]   PRESENT END 2
[7387.0610]   PRESENT START 1
[7389.3979]   SOCKET END 0
[7389.3979]   API 1002 run
[7389.3989]   CYCLE End 1
[7389.4209]   API 3 run
[7389.5210]   API 1000 run
[7389.5342]   API 1001 run
[7389.6250]   API 1002 run
[7389.7119]   API 7 run
[7390.2671]   API 22 run
[7390.3062]   API 1000 run
[7390.3188]   API 1001 run
[7391.2651]   API 3000 run
[7393.0400]   PRESENT END 2
[7558.0762]   PRESENT START 1
[7561.3848]   SOCKET END 0
[7561.3848]   API 1002 run
[7561.3862]   CYCLE End 1
[7561.4058]   API 3 run
[7561.4800]   API 1000 run
[7561.4922]   API 1001 run
[7561.5781]   API 1002 run
[7561.6641]   API 7 run
[7562.0698]   API 22 run
[7562.1040]   API 1000 run
[7562.1172]   API 1001 run
[7562.1992]   API 3000 run
[7563.7549]   PRESENT END 2
[7729.7139]   PRESENT START 1
[7732.0190]   SOCKET END 0
[7732.0190]   API 1002 run
[7732.0200]   CYCLE End 1
[7732.0391]   API 3 run
[7732.1001]   API 1000 run
[7732.1118]   API 1001 run
[7732.1992]   API 1002 run
[7732.2842]   API 7 run
[7732.8130]   API 22 run
[7732.8462]   API 1000 run
[7732.8579]   API 1001 run
[7733.8052]   API 3000 run
[7735.4150]   PRESENT END 2
[7901.4619]   PRESENT START 1
[7903.7119]   SOCKET END 0
[7903.7129]   API 1002 run
[7903.7129]   CYCLE End 1
[7903.7412]   API 3 run
[7903.7969]   API 1000 run
[7903.8091]   API 1001 run
[7903.8999]   API 1002 run
[7903.9858]   API 7 run
[7904.4370]   API 22 run
[7904.4780]   API 1000 run
[7904.4902]   API 1001 run
[7905.5142]   API 3000 run
[7907.1099]   PRESENT END 2
[8072.1260]   PRESENT START 1
[8074.4121]   SOCKET END 0
[8074.4121]   API 1002 run
[8074.4121]   CYCLE End 1
[8074.4302]   API 3 run
[8074.4961]   API 1000 run
[8074.5078]   API 1001 run
[8074.6011]   API 1002 run
[8074.6968]   API 7 run
[8075.2119]   API 22 run
[8075.2441]   API 1000 run
[8075.2568]   API 1001 run
[8076.1221]   API 3000 run
[8077.9111]   PRESENT END 2
[8242.2900]   PRESENT START 1
[8244.6104]   SOCKET END 0
[8244.6104]   API 1002 run
[8244.6113]   CYCLE End 1
[8244.6328]   API 3 run
[8244.7500]   API 1000 run
[8244.7637]   API 1001 run
[8244.8594]   API 1002 run
[8244.9463]   API 7 run
[8245.3857]   API 22 run
[8245.4238]   API 1000 run
[8245.4365]   API 1001 run
[8246.5596]   API 3000 run
[8247.9961]   PRESENT END 2
[8413.5449]   PRESENT START 1
[8415.8613]   SOCKET END 0
[8415.8613]   API 1002 run
[8415.8613]   CYCLE End 1
[8415.8799]   API 3 run
[8415.9561]   API 1000 run
[8415.9678]   API 1001 run
[8416.0576]   API 1002 run
[8416.1436]   API 7 run
[8416.6191]   API 22 run
[8416.6562]   API 1000 run
[8416.6680]   API 1001 run
[8417.8408]   API 3000 run
[8419.3643]   PRESENT END 2
[8584.6494]   PRESENT START 1
[8587.9365]   SOCKET END 0
[8587.9365]   API 1002 run
[8587.9385]   CYCLE End 1
[8587.9561]   API 3 run
[8588.0234]   API 1000 run
[8588.0352]   API 1001 run
[8588.1240]   API 1002 run
[8588.2100]   API 7 run
[8588.8574]   API 3000 run
[8589.1123]   API 22 run
[8589.1436]   API 1000 run
[8589.1572]   API 1001 run
[8590.4346]   PRESENT END 2
[8759.2266]   PRESENT START 1
[8761.4902]   SOCKET END 0
[8761.4912]   API 1002 run
[8761.4912]   CYCLE End 1
[8761.5098]   API 3 run
[8761.5693]   API 1000 run
[8761.5811]   API 1001 run
[8761.6807]   API 1002 run
[8761.7676]   API 7 run
[8762.2607]   API 22 run
[8762.2930]   API 1000 run
[8762.3057]   API 1001 run
[8763.4131]   API 3000 run
[8764.9102]   PRESENT END 2
[8931.4189]   PRESENT START 1
[8933.7041]   SOCKET END 0
[8933.7041]   API 1002 run
[8933.7041]   CYCLE End 1
[8933.7207]   API 3 run
[8933.7764]   API 1000 run
[8933.7871]   API 1001 run
[8933.8721]   API 1002 run
[8933.9570]   API 7 run
[8934.5117]   API 22 run
[8934.5439]   API 1000 run
[8934.5557]   API 1001 run
[8935.5264]   API 3000 run
[8937.2129]   PRESENT END 2
[9100.1855]   PRESENT START 1
[9102.4648]   SOCKET END 0
[9102.4648]   API 1002 run
[9102.4658]   CYCLE End 1
[9102.4893]   API 3 run
[9102.5947]   API 1000 run
[9102.6104]   API 1001 run
[9102.7168]   API 1002 run
[9102.8027]   API 7 run
[9103.2441]   API 22 run
[9103.2812]   API 1000 run
[9103.2939]   API 1001 run
[9104.5244]   API 3000 run
[9106.0684]   PRESENT END 2
[9271.5312]   PRESENT START 1
[9273.8564]   SOCKET END 0
[9273.8564]   API 1002 run
[9273.8574]   CYCLE End 1
[9273.8770]   API 3 run
[9273.9697]   API 1000 run
[9273.9854]   API 1001 run
[9274.0762]   API 1002 run
[9274.1631]   API 7 run
[9274.6240]   API 22 run
[9274.6855]   API 1000 run
[9274.6992]   API 1001 run
[9275.7666]   API 3000 run
[9277.3486]   PRESENT END 2
[9443.0850]   PRESENT START 1
[9445.3613]   SOCKET END 0
[9445.3613]   API 1002 run
[9445.3623]   CYCLE End 1
[9445.3770]   API 3 run
[9445.4326]   API 1000 run
[9445.4434]   API 1001 run
[9445.5273]   API 1002 run
[9445.6133]   API 7 run
[9446.1396]   API 22 run
[9446.1748]   API 1000 run
[9446.1865]   API 1001 run
[9447.1064]   API 3000 run
[9448.8525]   PRESENT END 2
[9613.7812]   PRESENT START 1
[9616.9492]   SOCKET END 0
[9616.9502]   API 1002 run
[9616.9502]   CYCLE End 1
[9616.9688]   API 3 run
[9617.0420]   API 1000 run
[9617.0537]   API 1001 run
[9617.1436]   API 1002 run
[9617.2314]   API 7 run
[9617.9717]   API 3000 run
[9618.2412]   API 22 run
[9618.2734]   API 1000 run
[9618.2861]   API 1001 run
[9619.5459]   PRESENT END 2
[9787.2383]   PRESENT START 1
[9789.5254]   SOCKET END 0
[9789.5254]   API 1002 run
[9789.5264]   CYCLE End 1
[9789.5469]   API 3 run
[9789.6562]   API 1000 run
[9789.6699]   API 1001 run
[9789.7617]   API 1002 run
[9789.8467]   API 7 run
[9790.2871]   API 22 run
[9790.3213]   API 1000 run
[9790.3340]   API 1001 run
[9791.5908]   API 3000 run
[9793.1553]   PRESENT END 2
[9959.5029]   PRESENT START 1
[9961.7891]   SOCKET END 0
[9961.7891]   API 1002 run
[9961.7900]   CYCLE End 1
[9961.8105]   API 3 run
[9961.9121]   API 1000 run
[9961.9258]   API 1001 run
[9962.0273]   API 1002 run
[9962.1123]   API 7 run
[9962.5684]   API 22 run
[9962.6299]   API 1000 run
[9962.6465]   API 1001 run
[9963.8643]   API 3000 run
[9965.3467]   PRESENT END 2
[10132.1992]   PRESENT START 1
[10134.5303]   SOCKET END 0
[10134.5303]   API 1002 run
[10134.5312]   CYCLE End 1
[10134.5488]   API 3 run
[10134.6250]   API 1000 run
[10134.6367]   API 1001 run
[10134.7266]   API 1002 run
[10134.8135]   API 7 run
[10135.3242]   API 22 run
[10135.3584]   API 1000 run
[10135.3701]   API 1001 run
[10136.3984]   API 3000 run
[10138.0557]   PRESENT END 2
[10303.1611]   PRESENT START 1
[10305.4434]   SOCKET END 0
[10305.4443]   API 1002 run
[10305.4443]   CYCLE End 1
[10305.4609]   API 3 run
[10305.5088]   API 1000 run
[10305.5215]   API 1001 run
[10305.6211]   API 1002 run
[10305.7080]   API 7 run
[10306.2305]   API 22 run
[10306.2617]   API 1000 run
[10306.2744]   API 1001 run
[10307.1084]   API 3000 run
[10308.8867]   PRESENT END 2
[10473.3633]   PRESENT START 1
[10475.6592]   SOCKET END 0
[10475.6592]   API 1002 run
[10475.6592]   CYCLE End 1
[10475.6777]   API 3 run
[10475.7539]   API 1000 run
[10475.7656]   API 1001 run
[10475.8613]   API 1002 run
[10475.9443]   API 7 run
[10476.4424]   API 22 run
[10476.4746]   API 1000 run
[10476.4873]   API 1001 run
[10477.6338]   API 3000 run
[10479.3174]   PRESENT END 2
[10644.6270]   PRESENT START 1
[10647.8984]   SOCKET END 0
[10647.8984]   API 1002 run
[10647.8994]   CYCLE End 1
[10647.9189]   API 3 run
[10647.9951]   API 1000 run
[10648.0078]   API 1001 run
[10648.0947]   API 1002 run
[10648.1836]   API 7 run
[10648.9111]   API 3000 run
[10649.2998]   API 22 run
[10649.3438]   API 1000 run
[10649.3564]   API 1001 run
[10650.7422]   PRESENT END 2
[10817.7959]   PRESENT START 1
[10820.1631]   SOCKET END 0
[10820.1641]   API 1002 run
[10820.1650]   CYCLE End 1
[10820.1855]   API 3 run
[10820.2656]   API 1000 run
[10820.2783]   API 1001 run
[10820.3672]   API 1002 run
[10820.4570]   API 7 run
[10821.0244]   API 22 run
[10821.0586]   API 1000 run
[10821.0713]   API 1001 run
[10822.1377]   API 3000 run
[10823.7773]   PRESENT END 2
[10988.3447]   PRESENT START 1
[10990.6562]   SOCKET END 0
[10990.6572]   API 1002 run
[10990.6572]   CYCLE End 1
[10990.6738]   API 3 run
[10990.7314]   API 1000 run
[10990.7432]   API 1001 run
[10990.8291]   API 1002 run
[10990.9150]   API 7 run
[10991.4180]   API 22 run
[10991.4521]   API 1000 run
[10991.4639]   API 1001 run
[10992.4863]   API 3000 run
[10994.0703]   PRESENT END 2
[11159.2334]   PRESENT START 1
[11161.4473]   SOCKET END 0
[11161.4473]   API 1002 run
[11161.4482]   CYCLE End 1
[11161.4629]   API 3 run
[11161.5146]   API 1000 run
[11161.5273]   API 1001 run
[11161.6309]   API 1002 run
[11161.7139]   API 7 run
[11162.2041]   API 22 run
[11162.2354]   API 1000 run
[11162.2471]   API 1001 run
[11163.2666]   API 3000 run
[11164.8525]   PRESENT END 2
[11329.5537]   PRESENT START 1
[11331.8203]   SOCKET END 0
[11331.8203]   API 1002 run
[11331.8203]   CYCLE End 1
[11331.8359]   API 3 run
[11331.8906]   API 1000 run
[11331.9023]   API 1001 run
[11331.9902]   API 1002 run
[11332.0732]   API 7 run
[11332.5615]   API 22 run
[11332.5986]   API 1000 run
[11332.6113]   API 1001 run
[11333.7012]   API 3000 run
[11335.2598]   PRESENT END 2
[11501.8770]   PRESENT START 1
[11504.3252]   SOCKET END 0
[11504.3252]   API 1002 run
[11504.3262]   CYCLE End 1
[11504.3486]   API 3 run
[11504.4531]   API 1000 run
[11504.4668]   API 1001 run
[11504.5742]   API 1002 run
[11504.6611]   API 7 run
[11505.3906]   API 22 run
[11505.4297]   API 1000 run
[11505.4434]   API 1001 run
[11506.2529]   API 3000 run
[11507.9111]   PRESENT END 2
[11672.8418]   PRESENT START 1
[11676.2822]   SOCKET END 0
[11676.2822]   API 1002 run
[11676.2832]   CYCLE End 1
[11676.3047]   API 3 run
[11676.3857]   API 1000 run
[11676.4004]   API 1001 run
[11676.4873]   API 1002 run
[11676.5830]   API 7 run
[11676.9873]   API 22 run
[11677.0244]   API 1000 run
[11677.0371]   API 1001 run
[11677.0996]   API 3000 run
[11678.3066]   PRESENT END 2
[11845.6416]   PRESENT START 1
[11848.0908]   SOCKET END 0
[11848.0908]   API 1002 run
[11848.0918]   CYCLE End 1
[11848.1123]   API 3 run
[11848.1855]   API 1000 run
[11848.1982]   API 1001 run
[11848.2861]   API 1002 run
[11848.3633]   API 7 run
[11849.0449]   API 22 run
[11849.0811]   API 1000 run
[11849.0938]   API 1001 run
[11849.9219]   API 3000 run
[11851.2686]   PRESENT END 2
[12017.3301]   PRESENT START 1
[12020.7881]   SOCKET END 0
[12020.7891]   API 1002 run
[12020.7891]   CYCLE End 1
[12020.8096]   API 3 run
[12020.8809]   API 1000 run
[12020.8926]   API 1001 run
[12020.9775]   API 1002 run
[12021.0586]   API 7 run
[12021.6426]   API 3000 run
[12022.0918]   API 22 run
[12022.1270]   API 1000 run
[12022.1396]   API 1001 run
[12023.0898]   PRESENT END 2
[12189.9727]   PRESENT START 1
[12192.3252]   SOCKET END 0
[12192.3262]   API 1002 run
[12192.3271]   CYCLE End 1
[12192.3467]   API 3 run
[12192.4180]   API 1000 run
[12192.4414]   API 1001 run
[12192.5400]   API 1002 run
[12192.6201]   API 7 run
[12193.2861]   API 22 run
[12193.3232]   API 1000 run
[12193.3350]   API 1001 run
[12194.2021]   API 3000 run
[12195.5303]   PRESENT END 2
[12361.2539]   PRESENT START 1
[12363.6426]   SOCKET END 0
[12363.6436]   API 1002 run
[12363.6445]   CYCLE End 1
[12363.6670]   API 3 run
[12363.7871]   API 1000 run
[12363.8008]   API 1001 run
[12363.8916]   API 1002 run
[12363.9707]   API 7 run
[12364.5977]   API 22 run
[12364.6377]   API 1000 run
[12364.6523]   API 1001 run
[12365.6250]   API 3000 run
[12366.7168]   PRESENT END 2
[12533.4492]   PRESENT START 1
[12535.8457]   SOCKET END 0
[12535.8467]   API 1002 run
[12535.8477]   CYCLE End 1
[12535.8691]   API 3 run
[12535.9658]   API 1000 run
[12535.9805]   API 1001 run
[12536.0703]   API 1002 run
[12536.1484]   API 7 run
[12536.7979]   API 22 run
[12536.8359]   API 1000 run
[12536.8486]   API 1001 run
[12537.7812]   API 3000 run
[12539.0801]   PRESENT END 2
[12706.7168]   PRESENT START 1
[12710.0869]   SOCKET END 0
[12710.0869]   API 1002 run
[12710.0879]   CYCLE End 1
[12710.1094]   API 3 run
[12710.1943]   API 1000 run
[12710.2090]   API 1001 run
[12710.2969]   API 1002 run
[12710.3770]   API 7 run
[12711.0186]   API 3000 run
[12711.3779]   API 22 run
[12711.4121]   API 1000 run
[12711.4248]   API 1001 run
[12712.3672]   PRESENT END 2
[12880.4619]   PRESENT START 1
[12882.7939]   SOCKET END 0
[12882.7939]   API 1002 run
[12882.7949]   CYCLE End 1
[12882.8174]   API 3 run
[12882.9004]   API 1000 run
[12882.9131]   API 1001 run
[12883.0010]   API 1002 run
[12883.0801]   API 7 run
[12883.7812]   API 22 run
[12883.8301]   API 1000 run
[12883.8428]   API 1001 run
[12884.7959]   API 3000 run
[12886.0898]   PRESENT END 2
[13052.7607]   PRESENT START 1
[13055.1396]   SOCKET END 0
[13055.1396]   API 1002 run
[13055.1406]   CYCLE End 1
[13055.1621]   API 3 run
[13055.2441]   API 1000 run
[13055.2568]   API 1001 run
[13055.3428]   API 1002 run
[13055.4209]   API 7 run
[13056.1621]   API 22 run
[13056.1992]   API 1000 run
[13056.2119]   API 1001 run
[13057.0410]   API 3000 run
[13058.4580]   PRESENT END 2
[13224.0996]   PRESENT START 1
[13226.5645]   SOCKET END 0
[13226.5645]   API 1002 run
[13226.5664]   CYCLE End 1
[13226.5889]   API 3 run
[13226.6953]   API 1000 run
[13226.7090]   API 1001 run
[13226.7988]   API 1002 run
[13226.8857]   API 7 run
[13227.4971]   API 22 run
[13227.5361]   API 1000 run
[13227.5488]   API 1001 run
[13228.4336]   API 3000 run
[13229.8682]   PRESENT END 2
[13395.2949]   PRESENT START 1
[13397.7637]   SOCKET END 0
[13397.7637]   API 1002 run
[13397.7646]   CYCLE End 1
[13397.7881]   API 3 run
[13397.8730]   API 1000 run
[13397.8857]   API 1001 run
[13397.9736]   API 1002 run
[13398.0537]   API 7 run
[13398.7373]   API 22 run
[13398.7754]   API 1000 run
[13398.7891]   API 1001 run
[13399.7559]   API 3000 run
[13400.9268]   PRESENT END 2
[13566.5635]   PRESENT START 1
[13569.0068]   SOCKET END 0
[13569.0068]   API 1002 run
[13569.0078]   CYCLE End 1
[13569.0303]   API 3 run
[13569.1143]   API 1000 run
[13569.1279]   API 1001 run
[13569.2158]   API 1002 run
[13569.2949]   API 7 run
[13569.9766]   API 22 run
[13570.0234]   API 1000 run
[13570.0361]   API 1001 run
[13570.8848]   API 3000 run
[13572.2393]   PRESENT END 2
[13739.3027]   PRESENT START 1
[13742.6729]   SOCKET END 0
[13742.6729]   API 1002 run
[13742.6748]   CYCLE End 1
[13742.6992]   API 3 run
[13742.7832]   API 1000 run
[13742.7969]   API 1001 run
[13742.8818]   API 1002 run
[13742.9619]   API 7 run
[13743.6396]   API 3000 run
[13744.0342]   API 22 run
[13744.0703]   API 1000 run
[13744.0820]   API 1001 run
[13745.0195]   PRESENT END 2
[13910.9658]   PRESENT START 1
[13913.3574]   SOCKET END 0
[13913.3574]   API 1002 run
[13913.3584]   CYCLE End 1
[13913.3799]   API 3 run
[13913.4756]   API 1000 run
[13913.4902]   API 1001 run
[13913.5771]   API 1002 run
[13913.6572]   API 7 run
[13914.2900]   API 22 run
[13914.3252]   API 1000 run
[13914.3379]   API 1001 run
[13915.2402]   API 3000 run
[13916.8105]   PRESENT END 2
[14084.1338]   PRESENT START 1
[14086.5352]   SOCKET END 0
[14086.5352]   API 1002 run
[14086.5361]   CYCLE End 1
[14086.5586]   API 3 run
[14086.6631]   API 1000 run
[14086.6768]   API 1001 run
[14086.7676]   API 1002 run
[14086.8477]   API 7 run
[14087.4092]   API 22 run
[14087.4619]   API 1000 run
[14087.4766]   API 1001 run
[14088.3613]   API 3000 run
[14089.8848]   PRESENT END 2
[14255.2412]   PRESENT START 1
[14257.6279]   SOCKET END 0
[14257.6279]   API 1002 run
[14257.6289]   CYCLE End 1
[14257.6514]   API 3 run
[14257.7422]   API 1000 run
[14257.7549]   API 1001 run
[14257.8438]   API 1002 run
[14257.9219]   API 7 run
[14258.5605]   API 22 run
[14258.6182]   API 1000 run
[14258.6309]   API 1001 run
[14259.5732]   API 3000 run
[14260.8770]   PRESENT END 2
[14426.0410]   PRESENT START 1
[14428.4316]   SOCKET END 0
[14428.4326]   API 1002 run
[14428.4326]   CYCLE End 1
[14428.4521]   API 3 run
[14428.5361]   API 1000 run
[14428.5479]   API 1001 run
[14428.6357]   API 1002 run
[14428.7158]   API 7 run
[14429.2822]   API 22 run
[14429.3174]   API 1000 run
[14429.3301]   API 1001 run
[14430.2373]   API 3000 run
[14431.6309]   PRESENT END 2
[14597.9287]   PRESENT START 1
[14600.2764]   SOCKET END 0
[14600.2764]   API 1002 run
[14600.2773]   CYCLE End 1
[14600.2988]   API 3 run
[14600.3916]   API 1000 run
[14600.4189]   API 1001 run
[14600.5098]   API 1002 run
[14600.5889]   API 7 run
[14601.1533]   API 22 run
[14601.1904]   API 1000 run
[14601.2021]   API 1001 run
[14601.9434]   API 3000 run
[14603.5293]   PRESENT END 2
[14768.6445]   PRESENT START 1
[14772.6758]   API 3000 run
[14772.9014]   SOCKET END 0
[14772.9023]   API 1002 run
[14772.9033]   CYCLE End 1
[14772.9248]   API 3 run
[14773.0176]   API 1000 run
[14773.0322]   API 1001 run
[14773.1211]   API 1002 run
[14773.2070]   API 7 run
[14774.4346]   API 22 run
[14774.4746]   API 1000 run
[14774.4883]   API 1001 run
[14774.5391]   PRESENT END 2
[14944.8193]   PRESENT START 1
[14947.2246]   SOCKET END 0
[14947.2246]   API 1002 run
[14947.2256]   CYCLE End 1
[14947.2471]   API 3 run
[14947.3418]   API 1000 run
[14947.3564]   API 1001 run
[14947.4463]   API 1002 run
[14947.5293]   API 7 run
[14948.1514]   API 22 run
[14948.1963]   API 1000 run
[14948.2080]   API 1001 run
[14948.9160]   API 3000 run
[14950.5361]   PRESENT END 2
[15118.3311]   PRESENT START 1
[15120.6709]   SOCKET END 0
[15120.6709]   API 1002 run
[15120.6719]   CYCLE End 1
[15120.6943]   API 3 run
[15120.7783]   API 1000 run
[15120.7900]   API 1001 run
[15120.8604]   API 1002 run
[15120.9404]   API 7 run
[15121.5352]   API 22 run
[15121.5723]   API 1000 run
[15121.5840]   API 1001 run
[15122.4580]   API 3000 run
[15123.9463]   PRESENT END 2
[15290.8232]   PRESENT START 1
[15293.1035]   SOCKET END 0
[15293.1035]   API 1002 run
[15293.1055]   CYCLE End 1
[15293.1260]   API 3 run
[15293.2070]   API 1000 run
[15293.2188]   API 1001 run
[15293.2910]   API 1002 run
[15293.3672]   API 7 run
[15293.9590]   API 22 run
[15293.9941]   API 1000 run
[15294.0059]   API 1001 run
[15295.1201]   API 3000 run
[15296.3623]   PRESENT END 2
[15463.3818]   PRESENT START 1
[15465.6797]   SOCKET END 0
[15465.6797]   API 1002 run
[15465.6807]   CYCLE End 1
[15465.7031]   API 3 run
[15465.7881]   API 1000 run
[15465.8008]   API 1001 run
[15465.8711]   API 1002 run
[15465.9492]   API 7 run
[15466.5430]   API 22 run
[15466.5791]   API 1000 run
[15466.5928]   API 1001 run
[15467.7344]   API 3000 run
[15468.9346]   PRESENT END 2
[15634.9180]   PRESENT START 1
[15637.2793]   SOCKET END 0
[15637.2793]   API 1002 run
[15637.2803]   CYCLE End 1
[15637.3008]   API 3 run
[15637.4062]   API 1000 run
[15637.4209]   API 1001 run
[15637.4971]   API 1002 run
[15637.5811]   API 7 run
[15638.1357]   API 22 run
[15638.1846]   API 1000 run
[15638.1992]   API 1001 run
[15639.2715]   API 3000 run
[15640.5830]   PRESENT END 2
[15806.3213]   PRESENT START 1
[15809.7109]   SOCKET END 0
[15809.7119]   API 1002 run
[15809.7129]   CYCLE End 1
[15809.7383]   API 3 run
[15809.8477]   API 1000 run
[15809.8643]   API 1001 run
[15809.9443]   API 1002 run
[15810.0361]   API 7 run
[15810.5918]   API 22 run
[15810.6582]   API 1000 run
[15810.6729]   API 3000 run
[15810.6758]   API 1001 run
[15811.7432]   PRESENT END 2
[15978.7725]   PRESENT START 1
[15981.2988]   SOCKET END 0
[15981.2988]   API 1002 run
[15981.2998]   CYCLE End 1
[15981.3242]   API 3 run
[15981.4150]   API 1000 run
[15981.4268]   API 1001 run
[15981.5176]   API 1002 run
[15981.6025]   API 7 run
[15982.1562]   API 22 run
[15982.1914]   API 1000 run
[15982.2031]   API 1001 run
[15983.0449]   API 3000 run
[15984.5615]   PRESENT END 2
[16151.8994]   PRESENT START 1
[16154.3447]   SOCKET END 0
[16154.3447]   API 1002 run
[16154.3457]   CYCLE End 1
[16154.3662]   API 3 run
[16154.4434]   API 1000 run
[16154.4541]   API 1001 run
[16154.5430]   API 1002 run
[16154.6240]   API 7 run
[16155.2617]   API 22 run
[16155.2969]   API 1000 run
[16155.3096]   API 1001 run
[16156.1924]   API 3000 run
[16157.9463]   PRESENT END 2
[16322.6963]   PRESENT START 1
[16325.1738]   SOCKET END 0
[16325.1738]   API 1002 run
[16325.1748]   CYCLE End 1
[16325.1963]   API 3 run
[16325.2725]   API 1000 run
[16325.2842]   API 1001 run
[16325.3848]   API 1002 run
[16325.4629]   API 7 run
[16326.1318]   API 22 run
[16326.1777]   API 1000 run
[16326.1914]   API 1001 run
[16326.9814]   API 3000 run
[16328.5732]   PRESENT END 2
[16495.8359]   PRESENT START 1
[16498.2812]   SOCKET END 0
[16498.2832]   API 1002 run
[16498.2832]   CYCLE End 1
[16498.3047]   API 3 run
[16498.4004]   API 1000 run
[16498.4160]   API 1001 run
[16498.5059]   API 1002 run
[16498.5918]   API 7 run
[16499.1133]   API 22 run
[16499.1484]   API 1000 run
[16499.1621]   API 1001 run
[16500.2461]   API 3000 run
[16501.4355]   PRESENT END 2
[16667.6797]   PRESENT START 1
[16670.1211]   SOCKET END 0
[16670.1211]   API 1002 run
[16670.1211]   CYCLE End 1
[16670.1445]   API 3 run
[16670.2266]   API 1000 run
[16670.2383]   API 1001 run
[16670.3398]   API 1002 run
[16670.4199]   API 7 run
[16671.0312]   API 22 run
[16671.0664]   API 1000 run
[16671.0781]   API 1001 run
[16672.0078]   API 3000 run
[16673.3848]   PRESENT END 2
[16839.8125]   PRESENT START 1
[16843.1582]   SOCKET END 0
[16843.1582]   API 1002 run
[16843.1602]   CYCLE End 1
[16843.1816]   API 3 run
[16843.2676]   API 1000 run
[16843.2793]   API 1001 run
[16843.3809]   API 1002 run
[16843.4609]   API 7 run
[16844.1074]   API 3000 run
[16844.6191]   API 22 run
[16844.6523]   API 1000 run
[16844.6660]   API 1001 run
[16845.5996]   PRESENT END 2
[17013.2324]   PRESENT START 1
[17015.6445]   SOCKET END 0
[17015.6445]   API 1002 run
[17015.6445]   CYCLE End 1
[17015.6641]   API 3 run
[17015.7520]   API 1000 run
[17015.7637]   API 1001 run
[17015.8535]   API 1002 run
[17015.9316]   API 7 run
[17016.5371]   API 22 run
[17016.5762]   API 1000 run
[17016.5879]   API 1001 run
[17017.5645]   API 3000 run
[17018.8926]   PRESENT END 2
[17186.1523]   PRESENT START 1
[17188.5723]   SOCKET END 0
[17188.5723]   API 1002 run
[17188.5742]   CYCLE End 1
[17188.5957]   API 3 run
[17188.6719]   API 1000 run
[17188.6855]   API 1001 run
[17188.7715]   API 1002 run
[17188.8496]   API 7 run
[17189.4551]   API 22 run
[17189.4922]   API 1000 run
[17189.5039]   API 1001 run
[17190.3438]   API 3000 run
[17192.0938]   PRESENT END 2
[17358.3164]   PRESENT START 1
[17360.8164]   SOCKET END 0
[17360.8164]   API 1002 run
[17360.8164]   CYCLE End 1
[17360.8359]   API 3 run
[17360.9160]   API 1000 run
[17360.9277]   API 1001 run
[17361.0195]   API 1002 run
[17361.1016]   API 7 run
[17361.7715]   API 22 run
[17361.8086]   API 1000 run
[17361.8203]   API 1001 run
[17362.7031]   API 3000 run
[17364.0605]   PRESENT END 2
[17528.9258]   PRESENT START 1
[17531.4043]   SOCKET END 0
[17531.4043]   API 1002 run
[17531.4043]   CYCLE End 1
[17531.4277]   API 3 run
[17531.5254]   API 1000 run
[17531.5391]   API 1001 run
[17531.6328]   API 1002 run
[17531.7129]   API 7 run
[17532.2598]   API 22 run
[17532.3125]   API 1000 run
[17532.3262]   API 1001 run
[17533.3086]   API 3000 run
[17534.5801]   PRESENT END 2
[17701.1777]   PRESENT START 1
[17703.5684]   SOCKET END 0
[17703.5684]   API 1002 run
[17703.5684]   CYCLE End 1
[17703.5898]   API 3 run
[17703.6621]   API 1000 run
[17703.6738]   API 1001 run
[17703.7754]   API 1002 run
[17703.8535]   API 7 run
[17704.4609]   API 22 run
[17704.4961]   API 1000 run
[17704.5078]   API 1001 run
[17705.3398]   API 3000 run
[17706.7480]   PRESENT END 2
[17873.0488]   PRESENT START 1
[17877.2285]   SOCKET END 0
[17877.2285]   API 1002 run
[17877.2285]   CYCLE End 1
[17877.2500]   API 3 run
[17877.2930]   API 3000 run
[17877.3574]   API 1000 run
[17877.3711]   API 1001 run
[17877.4551]   API 1002 run
[17877.5352]   API 7 run
[17878.6465]   API 22 run
[17878.6836]   API 1000 run
[17878.6953]   API 1001 run
[17878.7285]   PRESENT END 2
[18046.6406]   PRESENT START 1
[18049.1465]   SOCKET END 0
[18049.1465]   API 1002 run
[18049.1484]   CYCLE End 1
[18049.1680]   API 3 run
[18049.2441]   API 1000 run
[18049.2676]   API 1001 run
[18049.3555]   API 1002 run
[18049.4336]   API 7 run
[18050.1328]   API 22 run
[18050.1680]   API 1000 run
[18050.1797]   API 1001 run
[18050.9648]   API 3000 run
[18052.4512]   PRESENT END 2
[18218.4355]   PRESENT START 1
[18220.9043]   SOCKET END 0
[18220.9043]   API 1002 run
[18220.9043]   CYCLE End 1
[18220.9258]   API 3 run
[18221.0078]   API 1000 run
[18221.0215]   API 1001 run
[18221.1074]   API 1002 run
[18221.1875]   API 7 run
[18221.8320]   API 22 run
[18221.8672]   API 1000 run
[18221.8828]   API 1001 run
[18222.8242]   API 3000 run
[18224.0957]   PRESENT END 2
[18390.8535]   PRESENT START 1
[18393.2754]   SOCKET END 0
[18393.2754]   API 1002 run
[18393.2773]   CYCLE End 1
[18393.3008]   API 3 run
[18393.3770]   API 1000 run
[18393.3887]   API 1001 run
[18393.4844]   API 1002 run
[18393.5645]   API 7 run
[18394.1719]   API 22 run
[18394.2070]   API 1000 run
[18394.2207]   API 1001 run
[18395.2031]   API 3000 run
[18396.6191]   PRESENT END 2
[18562.0156]   PRESENT START 1
[18564.4844]   SOCKET END 0
[18564.4844]   API 1002 run
[18564.4883]   CYCLE End 1
[18564.5098]   API 3 run
[18564.6113]   API 1000 run
[18564.6230]   API 1001 run
[18564.7246]   API 1002 run
[18564.7969]   API 7 run
[18565.4082]   API 22 run
[18565.4453]   API 1000 run
[18565.4609]   API 1001 run
[18566.2754]   API 3000 run
[18567.8887]   PRESENT END 2
[18733.9570]   PRESENT START 1
[18736.3965]   SOCKET END 0
[18736.3965]   API 1002 run
[18736.3984]   CYCLE End 1
[18736.4199]   API 3 run
[18736.4961]   API 1000 run
[18736.5078]   API 1001 run
[18736.6035]   API 1002 run
[18736.6816]   API 7 run
[18737.2715]   API 22 run
[18737.3105]   API 1000 run
[18737.3242]   API 1001 run
[18738.1230]   API 3000 run
[18739.6094]   PRESENT END 2
[18905.0645]   PRESENT START 1
[18908.5723]   SOCKET END 0
[18908.5723]   API 1002 run
[18908.5742]   CYCLE End 1
[18908.5957]   API 3 run
[18908.7012]   API 1000 run
[18908.7168]   API 1001 run
[18908.7969]   API 1002 run
[18908.8633]   API 7 run
[18909.3125]   API 3000 run
[18909.9258]   API 22 run
[18909.9961]   API 1000 run
[18910.0273]   API 1001 run
[18910.8477]   PRESENT END 2
[19078.0000]   PRESENT START 1
[19080.4551]   SOCKET END 0
[19080.4551]   API 1002 run
[19080.4551]   CYCLE End 1
[19080.4727]   API 3 run
[19080.5195]   API 1000 run
[19080.5312]   API 1001 run
[19080.5996]   API 1002 run
[19080.6680]   API 7 run
[19081.3223]   API 22 run
[19081.3535]   API 1000 run
[19081.3652]   API 1001 run
[19082.3398]   API 3000 run
[19083.7129]   PRESENT END 2
[19249.7598]   PRESENT START 1
[19252.2207]   SOCKET END 0
[19252.2207]   API 1002 run
[19252.2207]   CYCLE End 1
[19252.2324]   API 3 run
[19252.2715]   API 1000 run
[19252.2832]   API 1001 run
[19252.3535]   API 1002 run
[19252.4199]   API 7 run
[19253.1074]   API 22 run
[19253.1445]   API 1000 run
[19253.1562]   API 1001 run
[19254.0078]   API 3000 run
[19255.4844]   PRESENT END 2
[19421.4199]   PRESENT START 1
[19423.8633]   SOCKET END 0
[19423.8633]   API 1002 run
[19423.8633]   CYCLE End 1
[19423.8770]   API 3 run
[19423.9160]   API 1000 run
[19423.9238]   API 1001 run
[19423.9922]   API 1002 run
[19424.0566]   API 7 run
[19424.8945]   API 22 run
[19424.9551]   API 1000 run
[19424.9863]   API 1001 run
[19425.6797]   API 3000 run
[19427.3184]   PRESENT END 2
[19594.7344]   PRESENT START 1
[19597.1230]   SOCKET END 0
[19597.1230]   API 1002 run
[19597.1230]   CYCLE End 1
[19597.1367]   API 3 run
[19597.1738]   API 1000 run
[19597.1836]   API 1001 run
[19597.2637]   API 1002 run
[19597.3320]   API 7 run
[19598.0273]   API 22 run
[19598.0566]   API 1000 run
[19598.0684]   API 1001 run
[19599.0234]   API 3000 run
[19600.4727]   PRESENT END 2
[19766.5801]   PRESENT START 1
[19768.9766]   SOCKET END 0
[19768.9785]   API 1002 run
[19768.9785]   CYCLE End 1
[19769.0234]   API 3 run
[19769.0625]   API 1000 run
[19769.0723]   API 1001 run
[19769.1406]   API 1002 run
[19769.2246]   API 7 run
[19770.0039]   API 22 run
[19770.0312]   API 1000 run
[19770.0449]   API 1001 run
[19770.9375]   API 3000 run
[19772.0391]   PRESENT END 2
[19937.7695]   PRESENT START 1
[19941.1113]   SOCKET END 0
[19941.1113]   API 1002 run
[19941.1113]   CYCLE End 1
[19941.1309]   API 3 run
[19941.1719]   API 1000 run
[19941.1914]   API 1001 run
[19941.2637]   API 1002 run
[19941.3320]   API 7 run
[19941.6113]   API 22 run
[19941.6484]   API 1000 run
[19941.6602]   API 1001 run
[19942.1055]   API 3000 run
[19943.2461]   PRESENT END 2
[20111.0957]   PRESENT START 1
[20113.5195]   SOCKET END 0
[20113.5195]   API 1002 run
[20113.5195]   CYCLE End 1
[20113.5312]   API 3 run
[20113.5723]   API 1000 run
[20113.5840]   API 1001 run
[20113.6523]   API 1002 run
[20113.7168]   API 7 run
[20114.3516]   API 22 run
[20114.3809]   API 1000 run
[20114.3926]   API 1001 run
[20115.0488]   API 3000 run
[20116.7188]   PRESENT END 2
[20285.1152]   PRESENT START 1
[20287.5156]   SOCKET END 0
[20287.5156]   API 1002 run
[20287.5156]   CYCLE End 1
[20287.5273]   API 3 run
[20287.5645]   API 1000 run
[20287.5742]   API 1001 run
[20287.6387]   API 1002 run
[20287.7031]   API 7 run
[20288.5078]   API 22 run
[20288.5723]   API 1000 run
[20288.5996]   API 1001 run
[20289.0430]   API 3000 run
[20290.9551]   PRESENT END 2
[20457.3496]   PRESENT START 1
[20459.8184]   SOCKET END 0
[20459.8203]   API 1002 run
[20459.8203]   CYCLE End 1
[20459.8320]   API 3 run
[20459.8672]   API 1000 run
[20459.8809]   API 1001 run
[20459.9434]   API 1002 run
[20460.0117]   API 7 run
[20460.8223]   API 22 run
[20460.8848]   API 1000 run
[20460.9121]   API 1001 run
[20461.4102]   API 3000 run
[20463.2930]   PRESENT END 2
[20630.0039]   PRESENT START 1
[20632.5234]   SOCKET END 0
[20632.5234]   API 1002 run
[20632.5234]   CYCLE End 1
[20632.5469]   API 3 run
[20632.6465]   API 1000 run
[20632.6602]   API 1001 run
[20632.7363]   API 1002 run
[20632.8164]   API 7 run
[20633.3398]   API 22 run
[20633.3848]   API 1000 run
[20633.3965]   API 1001 run
[20634.3672]   API 3000 run
[20635.4766]   PRESENT END 2
[20802.5586]   PRESENT START 1
[20805.0488]   SOCKET END 0
[20805.0488]   API 1002 run
[20805.0488]   CYCLE End 1
[20805.0645]   API 3 run
[20805.1113]   API 1000 run
[20805.1211]   API 1001 run
[20805.2070]   API 1002 run
[20805.2773]   API 7 run
[20806.1113]   API 22 run
[20806.2109]   API 1000 run
[20806.2402]   API 1001 run
[20806.8496]   API 3000 run
[20808.3320]   PRESENT END 2
[20975.1602]   PRESENT START 1
[20978.7871]   SOCKET END 0
[20978.7871]   API 1002 run
[20978.7871]   CYCLE End 1
[20978.8008]   API 3 run
[20978.8398]   API 1000 run
[20978.8496]   API 1001 run
[20978.9160]   API 1002 run
[20978.9844]   API 7 run
[20979.3477]   API 3000 run
[20979.9160]   API 22 run
[20979.9473]   API 1000 run
[20979.9609]   API 1001 run
[20980.8555]   PRESENT END 2
[21148.5742]   PRESENT START 1
[21150.9668]   SOCKET END 0
[21150.9668]   API 1002 run
[21150.9668]   CYCLE End 1
[21150.9805]   API 3 run
[21151.0156]   API 1000 run
[21151.0254]   API 1001 run
[21151.0918]   API 1002 run
[21151.1797]   API 7 run
[21151.8906]   API 22 run
[21151.9512]   API 1000 run
[21151.9824]   API 1001 run
[21152.8848]   API 3000 run
[21154.2988]   PRESENT END 2
[21319.4238]   PRESENT START 1
[21321.7852]   SOCKET END 0
[21321.7852]   API 1002 run
[21321.7852]   CYCLE End 1
[21321.8008]   API 3 run
[21321.8359]   API 1000 run
[21321.8477]   API 1001 run
[21321.9160]   API 1002 run
[21321.9844]   API 7 run
[21322.7402]   API 22 run
[21322.8184]   API 1000 run
[21322.8477]   API 1001 run
[21323.7070]   API 3000 run
[21325.1387]   PRESENT END 2
[21491.2871]   PRESENT START 1
[21495.4766]   SOCKET END 0
[21495.4766]   API 1002 run
[21495.4785]   CYCLE End 1
[21495.4961]   API 3 run
[21495.5586]   API 1000 run
[21495.5703]   API 1001 run
[21495.6445]   API 1002 run
[21495.6484]   API 3000 run
[21495.7363]   API 7 run
[21496.0879]   API 22 run
[21496.1367]   API 1000 run
[21496.1484]   API 1001 run
[21497.1562]   PRESENT END 2
[21663.4277]   PRESENT START 1
[21665.8672]   SOCKET END 0
[21665.8672]   API 1002 run
[21665.8672]   CYCLE End 1
[21665.8848]   API 3 run
[21665.9277]   API 1000 run
[21665.9395]   API 1001 run
[21666.0078]   API 1002 run
[21666.0801]   API 7 run
[21666.8125]   API 22 run
[21666.8770]   API 1000 run
[21666.9043]   API 1001 run
[21667.7754]   API 3000 run
[21669.0996]   PRESENT END 2
[21837.9082]   PRESENT START 1
[21840.3418]   SOCKET END 0
[21840.3418]   API 1002 run
[21840.3418]   CYCLE End 1
[21840.3555]   API 3 run
[21840.3926]   API 1000 run
[21840.4023]   API 1001 run
[21840.4707]   API 1002 run
[21840.5352]   API 7 run
[21841.2441]   API 22 run
[21841.2715]   API 1000 run
[21841.2832]   API 1001 run
[21842.1953]   API 3000 run
[21843.5742]   PRESENT END 2
[22009.8848]   PRESENT START 1
[22013.2344]   SOCKET END 0
[22013.2344]   API 1002 run
[22013.2344]   CYCLE End 1
[22013.2461]   API 3 run
[22013.2812]   API 1000 run
[22013.2930]   API 1001 run
[22013.3594]   API 1002 run
[22013.4277]   API 7 run
[22014.2168]   API 3000 run
[22014.6953]   API 22 run
[22014.7695]   API 1000 run
[22014.8008]   API 1001 run
[22015.6133]   PRESENT END 2
[22181.8516]   PRESENT START 1
[22184.3242]   SOCKET END 0
[22184.3242]   API 1002 run
[22184.3242]   CYCLE End 1
[22184.3359]   API 3 run
[22184.3789]   API 1000 run
[22184.3887]   API 1001 run
[22184.4688]   API 1002 run
[22184.5352]   API 7 run
[22185.2031]   API 22 run
[22185.2324]   API 1000 run
[22185.2441]   API 1001 run
[22186.1992]   API 3000 run
[22187.7832]   PRESENT END 2
[22353.6445]   PRESENT START 1
[22356.0430]   SOCKET END 0
[22356.0430]   API 1002 run
[22356.0430]   CYCLE End 1
[22356.0566]   API 3 run
[22356.1035]   API 1000 run
[22356.1113]   API 1001 run
[22356.1855]   API 1002 run
[22356.2559]   API 7 run
[22356.9551]   API 22 run
[22357.0156]   API 1000 run
[22357.0488]   API 1001 run
[22357.9844]   API 3000 run
[22359.3906]   PRESENT END 2
[22526.5254]   PRESENT START 1
[22528.8848]   SOCKET END 0
[22528.8848]   API 1002 run
[22528.8848]   CYCLE End 1
[22528.8965]   API 3 run
[22528.9375]   API 1000 run
[22528.9473]   API 1001 run
[22529.0195]   API 1002 run
[22529.1055]   API 7 run
[22529.7930]   API 22 run
[22529.8555]   API 1000 run
[22529.8848]   API 1001 run
[22530.8359]   API 3000 run
[22532.1406]   PRESENT END 2
[22698.6465]   PRESENT START 1
[22701.0312]   SOCKET END 0
[22701.0312]   API 1002 run
[22701.0312]   CYCLE End 1
[22701.0449]   API 3 run
[22701.0918]   API 1000 run
[22701.0996]   API 1001 run
[22701.1719]   API 1002 run
[22701.2402]   API 7 run
[22701.8848]   API 22 run
[22701.9121]   API 1000 run
[22701.9316]   API 1001 run
[22702.8984]   API 3000 run
[22704.3008]   PRESENT END 2
[22869.5195]   PRESENT START 1
[22871.8711]   SOCKET END 0
[22871.8711]   API 1002 run
[22871.8711]   CYCLE End 1
[22871.9004]   API 3 run
[22871.9355]   API 1000 run
[22871.9473]   API 1001 run
[22872.0137]   API 1002 run
[22872.0977]   API 7 run
[22872.7070]   API 22 run
[22872.7363]   API 1000 run
[22872.7480]   API 1001 run
[22873.8398]   API 3000 run
[22875.2578]   PRESENT END 2
[23041.5918]   PRESENT START 1
[23044.9492]   SOCKET END 0
[23044.9492]   API 1002 run
[23044.9492]   CYCLE End 1
[23044.9746]   API 3 run
[23045.0195]   API 1000 run
[23045.0312]   API 1001 run
[23045.1094]   API 1002 run
[23045.1758]   API 7 run
[23045.4473]   API 22 run
[23045.4746]   API 1000 run
[23045.4863]   API 1001 run
[23045.9121]   API 3000 run
[23047.4082]   PRESENT END 2
[23216.4629]   PRESENT START 1
[23218.8594]   SOCKET END 0
[23218.8594]   API 1002 run
[23218.8594]   CYCLE End 1
[23218.8711]   API 3 run
[23218.9121]   API 1000 run
[23218.9238]   API 1001 run
[23218.9902]   API 1002 run
[23219.0742]   API 7 run
[23219.8926]   API 22 run
[23219.9551]   API 1000 run
[23219.9863]   API 1001 run
[23220.8164]   API 3000 run
[23222.2715]   PRESENT END 2
[23388.8809]   PRESENT START 1
[23391.2637]   SOCKET END 0
[23391.2637]   API 1002 run
[23391.2637]   CYCLE End 1
[23391.2754]   API 3 run
[23391.3145]   API 1000 run
[23391.3242]   API 1001 run
[23391.3926]   API 1002 run
[23391.4551]   API 7 run
[23392.2480]   API 22 run
[23392.3145]   API 1000 run
[23392.3438]   API 1001 run
[23393.1992]   API 3000 run
[23394.6035]   PRESENT END 2
[23560.4180]   PRESENT START 1
[23562.8184]   SOCKET END 0
[23562.8203]   API 1002 run
[23562.8203]   CYCLE End 1
[23562.8301]   API 3 run
[23562.8770]   API 1000 run
[23562.8887]   API 1001 run
[23562.9551]   API 1002 run
[23563.0352]   API 7 run
[23563.8457]   API 22 run
[23563.9102]   API 1000 run
[23563.9395]   API 1001 run
[23564.7031]   API 3000 run
[23566.0605]   PRESENT END 2
[23733.8711]   PRESENT START 1
[23736.2246]   SOCKET END 0
[23736.2266]   API 1002 run
[23736.2266]   CYCLE End 1
[23736.2383]   API 3 run
[23736.2754]   API 1000 run
[23736.2852]   API 1001 run
[23736.3516]   API 1002 run
[23736.4180]   API 7 run
[23737.0684]   API 22 run
[23737.0957]   API 1000 run
[23737.1074]   API 1001 run
[23738.2168]   API 3000 run
[23739.5449]   PRESENT END 2
[23906.6602]   PRESENT START 1
[23909.0117]   SOCKET END 0
[23909.0117]   API 1002 run
[23909.0117]   CYCLE End 1
[23909.0234]   API 3 run
[23909.0586]   API 1000 run
[23909.0684]   API 1001 run
[23909.1367]   API 1002 run
[23909.2031]   API 7 run
[23909.9473]   API 22 run
[23910.0078]   API 1000 run
[23910.0723]   API 1001 run
[23910.9902]   API 3000 run
[23912.5156]   PRESENT END 2
[24079.7324]   PRESENT START 1
[24082.9883]   SOCKET END 0
[24082.9883]   API 1002 run
[24082.9902]   CYCLE End 1
[24083.0117]   API 3 run
[24083.0488]   API 1000 run
[24083.0586]   API 1001 run
[24083.1230]   API 1002 run
[24083.1914]   API 7 run
[24083.4473]   API 22 run
[24083.4766]   API 1000 run
[24083.4863]   API 1001 run
[24084.0645]   API 3000 run
[24085.2227]   PRESENT END 2
[24251.8965]   PRESENT START 1
[24254.2266]   SOCKET END 0
[24254.2266]   API 1002 run
[24254.2266]   CYCLE End 1
[24254.2383]   API 3 run
[24254.2754]   API 1000 run
[24254.2930]   API 1001 run
[24254.3594]   API 1002 run
[24254.4258]   API 7 run
[24255.1973]   API 22 run
[24255.2598]   API 1000 run
[24255.2871]   API 1001 run
[24256.1699]   API 3000 run
[24257.3711]   PRESENT END 2
[24424.2129]   PRESENT START 1
[24426.5879]   SOCKET END 0
[24426.5879]   API 1002 run
[24426.5879]   CYCLE End 1
[24426.5996]   API 3 run
[24426.6367]   API 1000 run
[24426.6445]   API 1001 run
[24426.7129]   API 1002 run
[24426.7754]   API 7 run
[24427.6055]   API 22 run
[24427.6875]   API 1000 run
[24427.7168]   API 1001 run
[24428.4941]   API 3000 run
[24429.8359]   PRESENT END 2
[24596.3477]   PRESENT START 1
[24598.7012]   SOCKET END 0
[24598.7012]   API 1002 run
[24598.7012]   CYCLE End 1
[24598.7148]   API 3 run
[24598.7500]   API 1000 run
[24598.7598]   API 1001 run
[24598.8281]   API 1002 run
[24598.8965]   API 7 run
[24599.7031]   API 22 run
[24599.7930]   API 1000 run
[24599.8203]   API 1001 run
[24600.6445]   API 3000 run
[24602.1113]   PRESENT END 2
[24768.5273]   PRESENT START 1
[24770.7285]   SOCKET END 0
[24770.7285]   API 1002 run
[24770.7305]   CYCLE End 1
[24770.7520]   API 3 run
[24770.8477]   API 1000 run
[24770.8594]   API 1001 run
[24770.9551]   API 1002 run
[24771.0527]   API 7 run
[24771.6270]   API 22 run
[24771.6641]   API 1000 run
[24771.6758]   API 1001 run
[24772.7656]   API 3000 run
[24774.3496]   PRESENT END 2
[24940.7129]   PRESENT START 1
[24942.9062]   SOCKET END 0
[24942.9062]   API 1002 run
[24942.9062]   CYCLE End 1
[24942.9238]   API 3 run
[24943.0039]   API 1000 run
[24943.0156]   API 1001 run
[24943.1113]   API 1002 run
[24943.1934]   API 7 run
[24943.8086]   API 22 run
[24943.8516]   API 1000 run
[24943.8633]   API 1001 run
[24944.8398]   API 3000 run
[24946.4980]   PRESENT END 2
[25112.6387]   PRESENT START 1
[25116.0273]   SOCKET END 0
[25116.0273]   API 1002 run
[25116.0273]   CYCLE End 1
[25116.0449]   API 3 run
[25116.1035]   API 1000 run
[25116.1152]   API 1001 run
[25116.2031]   API 1002 run
[25116.2871]   API 7 run
[25116.6816]   API 3000 run
[25117.0801]   API 22 run
[25117.1113]   API 1000 run
[25117.1230]   API 1001 run
[25118.3672]   PRESENT END 2
[25286.9004]   PRESENT START 1
[25289.0566]   SOCKET END 0
[25289.0566]   API 1002 run
[25289.0566]   CYCLE End 1
[25289.0742]   API 3 run
[25289.1426]   API 1000 run
[25289.1543]   API 1001 run
[25289.2441]   API 1002 run
[25289.3262]   API 7 run
[25289.8594]   API 22 run
[25289.8926]   API 1000 run
[25289.9043]   API 1001 run
[25291.0762]   API 3000 run
[25292.5645]   PRESENT END 2
[25460.1836]   PRESENT START 1
[25462.5039]   SOCKET END 0
[25462.5039]   API 1002 run
[25462.5039]   CYCLE End 1
[25462.5215]   API 3 run
[25462.5918]   API 1000 run
[25462.6035]   API 1001 run
[25462.6953]   API 1002 run
[25462.7773]   API 7 run
[25463.3164]   API 22 run
[25463.8867]   API 1000 run
[25463.9023]   API 1001 run
[25464.3438]   API 3000 run
[25466.7695]   PRESENT END 2
[25633.1191]   PRESENT START 1
[25635.3164]   SOCKET END 0
[25635.3164]   API 1002 run
[25635.3184]   CYCLE End 1
[25635.3398]   API 3 run
[25635.4434]   API 1000 run
[25635.4551]   API 1001 run
[25635.5469]   API 1002 run
[25635.6328]   API 7 run
[25636.1758]   API 22 run
[25636.2246]   API 1000 run
[25636.2363]   API 1001 run
[25637.2363]   API 3000 run
[25638.8809]   PRESENT END 2
[25807.9121]   PRESENT START 1
[25810.2598]   SOCKET END 0
[25810.2598]   API 1002 run
[25810.2598]   CYCLE End 1
[25810.2793]   API 3 run
[25810.3516]   API 1000 run
[25810.3633]   API 1001 run
[25810.4551]   API 1002 run
[25810.5391]   API 7 run
[25811.1523]   API 22 run
[25811.1855]   API 1000 run
[25811.1973]   API 1001 run
[25812.0039]   API 3000 run
[25813.9512]   PRESENT END 2
[25979.6191]   PRESENT START 1
[25981.8203]   SOCKET END 0
[25981.8203]   API 1002 run
[25981.8203]   CYCLE End 1
[25981.8359]   API 3 run
[25981.8926]   API 1000 run
[25981.9043]   API 1001 run
[25982.0078]   API 1002 run
[25982.0938]   API 7 run
[25982.6426]   API 22 run
[25982.6738]   API 1000 run
[25982.6855]   API 1001 run
[25983.6426]   API 3000 run
[25984.8828]   PRESENT END 2
[26151.6074]   PRESENT START 1
[26154.7715]   SOCKET END 0
[26154.7715]   API 1002 run
[26154.7715]   CYCLE End 1
[26154.7871]   API 3 run
[26154.8438]   API 1000 run
[26154.8555]   API 1001 run
[26154.9609]   API 1002 run
[26155.0527]   API 7 run
[26155.6602]   API 3000 run
[26155.9902]   API 22 run
[26156.0195]   API 1000 run
[26156.0312]   API 1001 run
[26157.3477]   PRESENT END 2
[26325.0000]   PRESENT START 1
[26327.2559]   SOCKET END 0
[26327.2559]   API 1002 run
[26327.2578]   CYCLE End 1
[26327.2715]   API 3 run
[26327.3242]   API 1000 run
[26327.3340]   API 1001 run
[26327.4199]   API 1002 run
[26327.5039]   API 7 run
[26328.0723]   API 22 run
[26328.1113]   API 1000 run
[26328.1270]   API 1001 run
[26329.0527]   API 3000 run
[26330.6680]   PRESENT END 2
[26499.2754]   PRESENT START 1
[26501.5137]   SOCKET END 0
[26501.5137]   API 1002 run
[26501.5156]   CYCLE End 1
[26501.5273]   API 3 run
[26501.5820]   API 1000 run
[26501.5918]   API 1001 run
[26501.6816]   API 1002 run
[26501.7676]   API 7 run
[26502.2734]   API 22 run
[26502.3066]   API 1000 run
[26502.3203]   API 1001 run
[26503.4004]   API 3000 run
[26504.9434]   PRESENT END 2
[26672.0605]   PRESENT START 1
[26674.3320]   SOCKET END 0
[26674.3320]   API 1002 run
[26674.3320]   CYCLE End 1
[26674.3457]   API 3 run
[26674.3984]   API 1000 run
[26674.4082]   API 1001 run
[26674.4980]   API 1002 run
[26674.5801]   API 7 run
[26675.1191]   API 22 run
[26675.1523]   API 1000 run
[26675.1641]   API 1001 run
[26675.9512]   API 3000 run
[26677.7637]   PRESENT END 2
[26844.2070]   PRESENT START 1
[26846.4727]   SOCKET END 0
[26846.4727]   API 1002 run
[26846.4727]   CYCLE End 1
[26846.4883]   API 3 run
[26846.5391]   API 1000 run
[26846.5527]   API 1001 run
[26846.6387]   API 1002 run
[26846.7227]   API 7 run
[26847.2461]   API 22 run
[26847.2793]   API 1000 run
[26847.2930]   API 1001 run
[26848.2793]   API 3000 run
[26849.8359]   PRESENT END 2
[27017.2246]   PRESENT START 1
[27019.4609]   SOCKET END 0
[27019.4609]   API 1002 run
[27019.4609]   CYCLE End 1
[27019.4941]   API 3 run
[27019.5449]   API 1000 run
[27019.5566]   API 1001 run
[27019.6445]   API 1002 run
[27019.7344]   API 7 run
[27020.2598]   API 22 run
[27020.3027]   API 1000 run
[27020.3164]   API 1001 run
[27021.2598]   API 3000 run
[27022.8516]   PRESENT END 2
[27188.5820]   PRESENT START 1
[27192.0273]   SOCKET END 0
[27192.0293]   API 1002 run
[27192.0293]   CYCLE End 1
[27192.6426]   API 3000 run
[27195.0977]   PRESENT END 2
